-- The C compiler identification is GNU 9.2.0
-- The CXX compiler identification is GNU 9.2.0
-- Detecting C compiler ABI info
-- Detecting C compiler ABI info - done
-- Check for working C compiler: /home/nuc01/zephyr_microros_pingpong/firmware/zephyr-sdk/arm-zephyr-eabi/bin/arm-zephyr-eabi-gcc - skipped
-- Detecting C compile features
-- Detecting C compile features - done
-- Detecting CXX compiler ABI info
-- Detecting CXX compiler ABI info - done
-- Check for working CXX compiler: /home/nuc01/zephyr_microros_pingpong/firmware/zephyr-sdk/arm-zephyr-eabi/bin/arm-zephyr-eabi-g++ - skipped
-- Detecting CXX compile features
-- Detecting CXX compile features - done
-- Found ament_cmake_ros: 0.9.1 (/home/nuc01/zephyr_microros_pingpong/firmware/dev_ws/install/ament_cmake_ros/share/ament_cmake_ros/cmake)
-- Found PythonInterp: /usr/bin/python3 (found suitable version "3.8.5", minimum required is "3") 
-- Using PYTHON_EXECUTABLE: /usr/bin/python3
-- Configuring done
-- Generating done
-- Build files have been written to: /home/nuc01/zephyr_microros_pingpong/firmware/mcu_ws/build/tracetools
Dependee "/home/nuc01/zephyr_microros_pingpong/firmware/mcu_ws/build/tracetools/CMakeFiles/tracetools.dir/DependInfo.cmake" is newer than depender "/home/nuc01/zephyr_microros_pingpong/firmware/mcu_ws/build/tracetools/CMakeFiles/tracetools.dir/depend.internal".
Dependee "/home/nuc01/zephyr_microros_pingpong/firmware/mcu_ws/build/tracetools/CMakeFiles/CMakeDirectoryInformation.cmake" is newer than depender "/home/nuc01/zephyr_microros_pingpong/firmware/mcu_ws/build/tracetools/CMakeFiles/tracetools.dir/depend.internal".
[35m[1mScanning dependencies of target tracetools[0m
[ 33%] [32mBuilding C object CMakeFiles/tracetools.dir/src/tracetools.c.obj[0m
[ 66%] [32mBuilding CXX object CMakeFiles/tracetools.dir/src/utils.cpp.obj[0m
[100%] [32m[1mLinking CXX static library libtracetools.a[0m
/home/nuc01/zephyr_microros_pingpong/firmware/zephyr-sdk/arm-zephyr-eabi/bin/arm-zephyr-eabi-ar qc libtracetools.a CMakeFiles/tracetools.dir/src/tracetools.c.obj CMakeFiles/tracetools.dir/src/utils.cpp.obj
/home/nuc01/zephyr_microros_pingpong/firmware/zephyr-sdk/arm-zephyr-eabi/bin/arm-zephyr-eabi-ranlib libtracetools.a
[100%] Built target tracetools
-- Install configuration: "Debug"
-- Up-to-date: /home/nuc01/zephyr_microros_pingpong/firmware/mcu_ws/install/include
-- Installing: /home/nuc01/zephyr_microros_pingpong/firmware/mcu_ws/install/include/tracetools
-- Installing: /home/nuc01/zephyr_microros_pingpong/firmware/mcu_ws/install/include/tracetools/config.h
-- Installing: /home/nuc01/zephyr_microros_pingpong/firmware/mcu_ws/install/include/tracetools/utils.hpp
-- Installing: /home/nuc01/zephyr_microros_pingpong/firmware/mcu_ws/install/include/tracetools/tracetools.h
-- Installing: /home/nuc01/zephyr_microros_pingpong/firmware/mcu_ws/install/include/tracetools/visibility_control.hpp
-- Installing: /home/nuc01/zephyr_microros_pingpong/firmware/mcu_ws/install/lib/libtracetools.a
-- Installing: /home/nuc01/zephyr_microros_pingpong/firmware/mcu_ws/install/share/ament_index/resource_index/package_run_dependencies/tracetools
-- Installing: /home/nuc01/zephyr_microros_pingpong/firmware/mcu_ws/install/share/ament_index/resource_index/parent_prefix_path/tracetools
-- Installing: /home/nuc01/zephyr_microros_pingpong/firmware/mcu_ws/install/share/tracetools/environment/ament_prefix_path.sh
-- Installing: /home/nuc01/zephyr_microros_pingpong/firmware/mcu_ws/install/share/tracetools/environment/ament_prefix_path.dsv
-- Installing: /home/nuc01/zephyr_microros_pingpong/firmware/mcu_ws/install/share/tracetools/environment/path.sh
-- Installing: /home/nuc01/zephyr_microros_pingpong/firmware/mcu_ws/install/share/tracetools/environment/path.dsv
-- Installing: /home/nuc01/zephyr_microros_pingpong/firmware/mcu_ws/install/share/tracetools/local_setup.bash
-- Installing: /home/nuc01/zephyr_microros_pingpong/firmware/mcu_ws/install/share/tracetools/local_setup.sh
-- Installing: /home/nuc01/zephyr_microros_pingpong/firmware/mcu_ws/install/share/tracetools/local_setup.zsh
-- Installing: /home/nuc01/zephyr_microros_pingpong/firmware/mcu_ws/install/share/tracetools/local_setup.dsv
-- Installing: /home/nuc01/zephyr_microros_pingpong/firmware/mcu_ws/install/share/tracetools/package.dsv
-- Installing: /home/nuc01/zephyr_microros_pingpong/firmware/mcu_ws/install/share/ament_index/resource_index/packages/tracetools
-- Installing: /home/nuc01/zephyr_microros_pingpong/firmware/mcu_ws/install/share/tracetools/cmake/ament_cmake_export_include_directories-extras.cmake
-- Installing: /home/nuc01/zephyr_microros_pingpong/firmware/mcu_ws/install/share/tracetools/cmake/tracetoolsConfig.cmake
-- Installing: /home/nuc01/zephyr_microros_pingpong/firmware/mcu_ws/install/share/tracetools/cmake/tracetoolsConfig-version.cmake
-- Installing: /home/nuc01/zephyr_microros_pingpong/firmware/mcu_ws/install/share/tracetools/package.xml
