CMake Warning at /home/marlar/movelt_success/firmware/mcu_ws/install/share/rcutils/cmake/ament_cmake_export_libraries-extras.cmake:116 (message):
  Package 'rcutils' exports library 'dl' which couldn't be found
Call Stack (most recent call first):
  /home/marlar/movelt_success/firmware/mcu_ws/install/share/rcutils/cmake/rcutilsConfig.cmake:41 (include)
  /home/marlar/movelt_success/firmware/mcu_ws/install/share/rosidl_runtime_c/cmake/ament_cmake_export_dependencies-extras.cmake:21 (find_package)
  /home/marlar/movelt_success/firmware/mcu_ws/install/share/rosidl_runtime_c/cmake/rosidl_runtime_cConfig.cmake:41 (include)
  /home/marlar/movelt_success/firmware/mcu_ws/install/share/lifecycle_msgs/cmake/ament_cmake_export_dependencies-extras.cmake:21 (find_package)
  /home/marlar/movelt_success/firmware/mcu_ws/install/share/lifecycle_msgs/cmake/lifecycle_msgsConfig.cmake:41 (include)
  CMakeLists.txt:7 (find_package)


CMake Warning:
  Manually-specified variables were not used by the project:

    THIRDPARTY


[01m[K/home/marlar/movelt_success/firmware/mcu_ws/uros/rcl/rcl_lifecycle/src/rcl_lifecycle.c:[m[K In function '[01m[Krcl_lifecycle_state_machine_fini[m[K':
[01m[K/home/marlar/movelt_success/firmware/mcu_ws/uros/rcl/rcl_lifecycle/src/rcl_lifecycle.c:262:24:[m[K [01;35m[Kwarning: [m[Kunused variable '[01m[Kerror_string[m[K' [[01;35m[K-Wunused-variable[m[K]
  262 |     rcl_error_string_t [01;35m[Kerror_string[m[K = rcl_get_error_string();
      |                        [01;35m[K^~~~~~~~~~~~[m[K
[01m[K/home/marlar/movelt_success/firmware/mcu_ws/uros/rcl/rcl_lifecycle/src/rcl_lifecycle.c:272:24:[m[K [01;35m[Kwarning: [m[Kunused variable '[01m[Kerror_string[m[K' [[01;35m[K-Wunused-variable[m[K]
  272 |     rcl_error_string_t [01;35m[Kerror_string[m[K = rcl_get_error_string();
      |                        [01;35m[K^~~~~~~~~~~~[m[K
[01m[K/home/marlar/movelt_success/firmware/mcu_ws/uros/rcl/rcl_lifecycle/src/rcl_lifecycle.c:[m[K In function '[01m[K_trigger_transition[m[K':
[01m[K/home/marlar/movelt_success/firmware/mcu_ws/uros/rcl/rcl_lifecycle/src/rcl_lifecycle.c:365:26:[m[K [01;35m[Kwarning: [m[Kunused variable '[01m[Kerror_string[m[K' [[01;35m[K-Wunused-variable[m[K]
  365 |       rcl_error_string_t [01;35m[Kerror_string[m[K = rcl_get_error_string();
      |                          [01;35m[K^~~~~~~~~~~~[m[K
