-- The C compiler identification is GNU 9.2.0
-- The CXX compiler identification is GNU 9.2.0
-- Detecting C compiler ABI info
-- Detecting C compiler ABI info - done
-- Check for working C compiler: /home/nuc01/zephyr_microros_pingpong/firmware/zephyr-sdk/arm-zephyr-eabi/bin/arm-zephyr-eabi-gcc - skipped
-- Detecting C compile features
-- Detecting C compile features - done
-- Detecting CXX compiler ABI info
-- Detecting CXX compiler ABI info - done
-- Check for working CXX compiler: /home/nuc01/zephyr_microros_pingpong/firmware/zephyr-sdk/arm-zephyr-eabi/bin/arm-zephyr-eabi-g++ - skipped
-- Detecting CXX compile features
-- Detecting CXX compile features - done
-- Found ament_cmake: 0.9.8 (/home/nuc01/zephyr_microros_pingpong/firmware/dev_ws/install/ament_cmake/share/ament_cmake/cmake)
-- Found PythonInterp: /usr/bin/python3 (found suitable version "3.8.5", minimum required is "3") 
-- Using PYTHON_EXECUTABLE: /usr/bin/python3
-- Found rosidl_default_generators: 1.0.0 (/home/nuc01/zephyr_microros_pingpong/firmware/mcu_ws/install/share/rosidl_default_generators/cmake)
-- Using single rosidl_typesupport_c: rosidl_typesupport_microxrcedds_c
-- Found rosidl_adapter: 1.2.0 (/home/nuc01/zephyr_microros_pingpong/firmware/mcu_ws/install/share/rosidl_adapter/cmake)
CMake Warning at /home/nuc01/zephyr_microros_pingpong/firmware/mcu_ws/install/share/rcutils/cmake/ament_cmake_export_libraries-extras.cmake:116 (message):
  Package 'rcutils' exports library 'dl' which couldn't be found
Call Stack (most recent call first):
  /home/nuc01/zephyr_microros_pingpong/firmware/mcu_ws/install/share/rcutils/cmake/rcutilsConfig.cmake:41 (include)
  /home/nuc01/zephyr_microros_pingpong/firmware/mcu_ws/install/share/rmw/cmake/ament_cmake_export_dependencies-extras.cmake:21 (find_package)
  /home/nuc01/zephyr_microros_pingpong/firmware/mcu_ws/install/share/rmw/cmake/rmwConfig.cmake:41 (include)
  /home/nuc01/zephyr_microros_pingpong/firmware/mcu_ws/install/share/rosidl_typesupport_microxrcedds_c/cmake/ament_cmake_export_dependencies-extras.cmake:21 (find_package)
  /home/nuc01/zephyr_microros_pingpong/firmware/mcu_ws/install/share/rosidl_typesupport_microxrcedds_c/cmake/rosidl_typesupport_microxrcedds_cConfig.cmake:41 (include)
  /home/nuc01/zephyr_microros_pingpong/firmware/mcu_ws/install/share/rosidl_typesupport_c/cmake/rosidl_typesupport_c-extras.cmake:13 (find_package)
  /home/nuc01/zephyr_microros_pingpong/firmware/mcu_ws/install/share/rosidl_typesupport_c/cmake/rosidl_typesupport_cConfig.cmake:41 (include)
  /home/nuc01/zephyr_microros_pingpong/firmware/mcu_ws/install/share/rosidl_default_generators/cmake/rosidl_default_generators-extras.cmake:21 (find_package)
  /home/nuc01/zephyr_microros_pingpong/firmware/mcu_ws/install/share/rosidl_default_generators/cmake/rosidl_default_generatorsConfig.cmake:41 (include)
  CMakeLists.txt:14 (find_package)


-- Found builtin_interfaces: 1.0.0 (/home/nuc01/zephyr_microros_pingpong/firmware/mcu_ws/install/share/builtin_interfaces/cmake)
-- Found PythonInterp: /usr/bin/python3 (found version "3.8.5") 
-- Found ament_cmake_ros: 0.9.1 (/home/nuc01/zephyr_microros_pingpong/firmware/dev_ws/install/ament_cmake_ros/share/ament_cmake_ros/cmake)
-- Using single rosidl_typesupport_c: rosidl_typesupport_microxrcedds_c
-- Configuring done
-- Generating done
CMake Warning:
  Manually-specified variables were not used by the project:

    THIRDPARTY


-- Build files have been written to: /home/nuc01/zephyr_microros_pingpong/firmware/mcu_ws/build/rcl_interfaces
[  1%] [34m[1mGenerating C code for ROS interfaces[0m
Dependee "/home/nuc01/zephyr_microros_pingpong/firmware/mcu_ws/build/rcl_interfaces/CMakeFiles/rcl_interfaces__rosidl_generator_c.dir/DependInfo.cmake" is newer than depender "/home/nuc01/zephyr_microros_pingpong/firmware/mcu_ws/build/rcl_interfaces/CMakeFiles/rcl_interfaces__rosidl_generator_c.dir/depend.internal".
Dependee "/home/nuc01/zephyr_microros_pingpong/firmware/mcu_ws/build/rcl_interfaces/CMakeFiles/CMakeDirectoryInformation.cmake" is newer than depender "/home/nuc01/zephyr_microros_pingpong/firmware/mcu_ws/build/rcl_interfaces/CMakeFiles/rcl_interfaces__rosidl_generator_c.dir/depend.internal".
[35m[1mScanning dependencies of target rcl_interfaces__rosidl_generator_c[0m
[  3%] [32mBuilding C object CMakeFiles/rcl_interfaces__rosidl_generator_c.dir/rosidl_generator_c/rcl_interfaces/msg/detail/integer_range__functions.c.obj[0m
[  5%] [32mBuilding C object CMakeFiles/rcl_interfaces__rosidl_generator_c.dir/rosidl_generator_c/rcl_interfaces/msg/detail/list_parameters_result__functions.c.obj[0m
[  7%] [32mBuilding C object CMakeFiles/rcl_interfaces__rosidl_generator_c.dir/rosidl_generator_c/rcl_interfaces/msg/detail/floating_point_range__functions.c.obj[0m
[  8%] [32mBuilding C object CMakeFiles/rcl_interfaces__rosidl_generator_c.dir/rosidl_generator_c/rcl_interfaces/msg/detail/log__functions.c.obj[0m
[ 10%] [32mBuilding C object CMakeFiles/rcl_interfaces__rosidl_generator_c.dir/rosidl_generator_c/rcl_interfaces/msg/detail/parameter_descriptor__functions.c.obj[0m
[ 12%] [32mBuilding C object CMakeFiles/rcl_interfaces__rosidl_generator_c.dir/rosidl_generator_c/rcl_interfaces/msg/detail/parameter_event_descriptors__functions.c.obj[0m
[ 14%] [32mBuilding C object CMakeFiles/rcl_interfaces__rosidl_generator_c.dir/rosidl_generator_c/rcl_interfaces/msg/detail/parameter_event__functions.c.obj[0m
[ 15%] [32mBuilding C object CMakeFiles/rcl_interfaces__rosidl_generator_c.dir/rosidl_generator_c/rcl_interfaces/msg/detail/parameter__functions.c.obj[0m
[ 17%] [32mBuilding C object CMakeFiles/rcl_interfaces__rosidl_generator_c.dir/rosidl_generator_c/rcl_interfaces/msg/detail/parameter_type__functions.c.obj[0m
[ 19%] [32mBuilding C object CMakeFiles/rcl_interfaces__rosidl_generator_c.dir/rosidl_generator_c/rcl_interfaces/msg/detail/parameter_value__functions.c.obj[0m
[ 21%] [32mBuilding C object CMakeFiles/rcl_interfaces__rosidl_generator_c.dir/rosidl_generator_c/rcl_interfaces/msg/detail/set_parameters_result__functions.c.obj[0m
[ 22%] [32mBuilding C object CMakeFiles/rcl_interfaces__rosidl_generator_c.dir/rosidl_generator_c/rcl_interfaces/srv/detail/describe_parameters__functions.c.obj[0m
[ 24%] [32mBuilding C object CMakeFiles/rcl_interfaces__rosidl_generator_c.dir/rosidl_generator_c/rcl_interfaces/srv/detail/get_parameters__functions.c.obj[0m
[ 26%] [32mBuilding C object CMakeFiles/rcl_interfaces__rosidl_generator_c.dir/rosidl_generator_c/rcl_interfaces/srv/detail/list_parameters__functions.c.obj[0m
[ 28%] [32mBuilding C object CMakeFiles/rcl_interfaces__rosidl_generator_c.dir/rosidl_generator_c/rcl_interfaces/srv/detail/get_parameter_types__functions.c.obj[0m
[ 29%] [32mBuilding C object CMakeFiles/rcl_interfaces__rosidl_generator_c.dir/rosidl_generator_c/rcl_interfaces/srv/detail/set_parameters_atomically__functions.c.obj[0m
[ 31%] [32mBuilding C object CMakeFiles/rcl_interfaces__rosidl_generator_c.dir/rosidl_generator_c/rcl_interfaces/srv/detail/set_parameters__functions.c.obj[0m
[ 33%] [32m[1mLinking CXX static library librcl_interfaces__rosidl_generator_c.a[0m
/home/nuc01/zephyr_microros_pingpong/firmware/zephyr-sdk/arm-zephyr-eabi/bin/arm-zephyr-eabi-ar qc librcl_interfaces__rosidl_generator_c.a CMakeFiles/rcl_interfaces__rosidl_generator_c.dir/rosidl_generator_c/rcl_interfaces/msg/detail/floating_point_range__functions.c.obj CMakeFiles/rcl_interfaces__rosidl_generator_c.dir/rosidl_generator_c/rcl_interfaces/msg/detail/integer_range__functions.c.obj CMakeFiles/rcl_interfaces__rosidl_generator_c.dir/rosidl_generator_c/rcl_interfaces/msg/detail/list_parameters_result__functions.c.obj CMakeFiles/rcl_interfaces__rosidl_generator_c.dir/rosidl_generator_c/rcl_interfaces/msg/detail/log__functions.c.obj CMakeFiles/rcl_interfaces__rosidl_generator_c.dir/rosidl_generator_c/rcl_interfaces/msg/detail/parameter_descriptor__functions.c.obj CMakeFiles/rcl_interfaces__rosidl_generator_c.dir/rosidl_generator_c/rcl_interfaces/msg/detail/parameter_event_descriptors__functions.c.obj CMakeFiles/rcl_interfaces__rosidl_generator_c.dir/rosidl_generator_c/rcl_interfaces/msg/detail/parameter_event__functions.c.obj CMakeFiles/rcl_interfaces__rosidl_generator_c.dir/rosidl_generator_c/rcl_interfaces/msg/detail/parameter__functions.c.obj CMakeFiles/rcl_interfaces__rosidl_generator_c.dir/rosidl_generator_c/rcl_interfaces/msg/detail/parameter_type__functions.c.obj CMakeFiles/rcl_interfaces__rosidl_generator_c.dir/rosidl_generator_c/rcl_interfaces/msg/detail/parameter_value__functions.c.obj CMakeFiles/rcl_interfaces__rosidl_generator_c.dir/rosidl_generator_c/rcl_interfaces/msg/detail/set_parameters_result__functions.c.obj CMakeFiles/rcl_interfaces__rosidl_generator_c.dir/rosidl_generator_c/rcl_interfaces/srv/detail/describe_parameters__functions.c.obj CMakeFiles/rcl_interfaces__rosidl_generator_c.dir/rosidl_generator_c/rcl_interfaces/srv/detail/get_parameters__functions.c.obj CMakeFiles/rcl_interfaces__rosidl_generator_c.dir/rosidl_generator_c/rcl_interfaces/srv/detail/get_parameter_types__functions.c.obj CMakeFiles/rcl_interfaces__rosidl_generator_c.dir/rosidl_generator_c/rcl_interfaces/srv/detail/list_parameters__functions.c.obj CMakeFiles/rcl_interfaces__rosidl_generator_c.dir/rosidl_generator_c/rcl_interfaces/srv/detail/set_parameters_atomically__functions.c.obj CMakeFiles/rcl_interfaces__rosidl_generator_c.dir/rosidl_generator_c/rcl_interfaces/srv/detail/set_parameters__functions.c.obj
/home/nuc01/zephyr_microros_pingpong/firmware/zephyr-sdk/arm-zephyr-eabi/bin/arm-zephyr-eabi-ranlib librcl_interfaces__rosidl_generator_c.a
[ 33%] Built target rcl_interfaces__rosidl_generator_c
[ 35%] [34m[1mGenerating C type support for eProsima Micro XRCE-DDS[0m
Dependee "/home/nuc01/zephyr_microros_pingpong/firmware/mcu_ws/build/rcl_interfaces/CMakeFiles/rcl_interfaces__rosidl_typesupport_microxrcedds_c.dir/DependInfo.cmake" is newer than depender "/home/nuc01/zephyr_microros_pingpong/firmware/mcu_ws/build/rcl_interfaces/CMakeFiles/rcl_interfaces__rosidl_typesupport_microxrcedds_c.dir/depend.internal".
Dependee "/home/nuc01/zephyr_microros_pingpong/firmware/mcu_ws/build/rcl_interfaces/CMakeFiles/CMakeDirectoryInformation.cmake" is newer than depender "/home/nuc01/zephyr_microros_pingpong/firmware/mcu_ws/build/rcl_interfaces/CMakeFiles/rcl_interfaces__rosidl_typesupport_microxrcedds_c.dir/depend.internal".
[35m[1mScanning dependencies of target rcl_interfaces__rosidl_typesupport_microxrcedds_c[0m
[ 36%] [32mBuilding C object CMakeFiles/rcl_interfaces__rosidl_typesupport_microxrcedds_c.dir/rosidl_typesupport_microxrcedds_c/rcl_interfaces/msg/detail/microxrcedds/floating_point_range__type_support_c.c.obj[0m
[ 38%] [32mBuilding C object CMakeFiles/rcl_interfaces__rosidl_typesupport_microxrcedds_c.dir/rosidl_typesupport_microxrcedds_c/rcl_interfaces/msg/detail/microxrcedds/log__type_support_c.c.obj[0m
[ 40%] [32mBuilding C object CMakeFiles/rcl_interfaces__rosidl_typesupport_microxrcedds_c.dir/rosidl_typesupport_microxrcedds_c/rcl_interfaces/msg/detail/microxrcedds/integer_range__type_support_c.c.obj[0m
[ 42%] [32mBuilding C object CMakeFiles/rcl_interfaces__rosidl_typesupport_microxrcedds_c.dir/rosidl_typesupport_microxrcedds_c/rcl_interfaces/msg/detail/microxrcedds/list_parameters_result__type_support_c.c.obj[0m
In file included from [01m[K/home/nuc01/zephyr_microros_pingpong/firmware/mcu_ws/build/rcl_interfaces/rosidl_typesupport_microxrcedds_c/rcl_interfaces/msg/detail/floating_point_range__rosidl_typesupport_microxrcedds_c.h:10[m[K,
                 from [01m[K/home/nuc01/zephyr_microros_pingpong/firmware/mcu_ws/build/rcl_interfaces/rosidl_typesupport_microxrcedds_c/rcl_interfaces/msg/detail/microxrcedds/floating_point_range__type_support_c.c:4[m[K:
[01m[K/home/nuc01/zephyr_microros_pingpong/firmware/zephyrproject/zephyr/lib/libc/newlib/include/stdint.h:28:2:[m[K [01;35m[Kwarning: [m[K#include_next is a GCC extension
   28 | #[01;35m[Kinclude_next[m[K <stdint.h>
      |  [01;35m[K^~~~~~~~~~~~[m[K
In file included from [01m[K/home/nuc01/zephyr_microros_pingpong/firmware/mcu_ws/build/rcl_interfaces/rosidl_typesupport_microxrcedds_c/rcl_interfaces/msg/detail/log__rosidl_typesupport_microxrcedds_c.h:10[m[K,
                 from [01m[K/home/nuc01/zephyr_microros_pingpong/firmware/mcu_ws/build/rcl_interfaces/rosidl_typesupport_microxrcedds_c/rcl_interfaces/msg/detail/microxrcedds/log__type_support_c.c:4[m[K:
[01m[K/home/nuc01/zephyr_microros_pingpong/firmware/zephyrproject/zephyr/lib/libc/newlib/include/stdint.h:28:2:[m[K [01;35m[Kwarning: [m[K#include_next is a GCC extension
   28 | #[01;35m[Kinclude_next[m[K <stdint.h>
      |  [01;35m[K^~~~~~~~~~~~[m[K
In file included from [01m[K/home/nuc01/zephyr_microros_pingpong/firmware/mcu_ws/build/rcl_interfaces/rosidl_typesupport_microxrcedds_c/rcl_interfaces/msg/detail/list_parameters_result__rosidl_typesupport_microxrcedds_c.h:10[m[K,
                 from [01m[K/home/nuc01/zephyr_microros_pingpong/firmware/mcu_ws/build/rcl_interfaces/rosidl_typesupport_microxrcedds_c/rcl_interfaces/msg/detail/microxrcedds/list_parameters_result__type_support_c.c:4[m[K:
[01m[K/home/nuc01/zephyr_microros_pingpong/firmware/zephyrproject/zephyr/lib/libc/newlib/include/stdint.h:28:2:[m[K [01;35m[Kwarning: [m[K#include_next is a GCC extension
   28 | #[01;35m[Kinclude_next[m[K <stdint.h>
      |  [01;35m[K^~~~~~~~~~~~[m[K
In file included from [01m[K/home/nuc01/zephyr_microros_pingpong/firmware/mcu_ws/build/rcl_interfaces/rosidl_typesupport_microxrcedds_c/rcl_interfaces/msg/detail/integer_range__rosidl_typesupport_microxrcedds_c.h:10[m[K,
                 from [01m[K/home/nuc01/zephyr_microros_pingpong/firmware/mcu_ws/build/rcl_interfaces/rosidl_typesupport_microxrcedds_c/rcl_interfaces/msg/detail/microxrcedds/integer_range__type_support_c.c:4[m[K:
[01m[K/home/nuc01/zephyr_microros_pingpong/firmware/zephyrproject/zephyr/lib/libc/newlib/include/stdint.h:28:2:[m[K [01;35m[Kwarning: [m[K#include_next is a GCC extension
   28 | #[01;35m[Kinclude_next[m[K <stdint.h>
      |  [01;35m[K^~~~~~~~~~~~[m[K
[ 43%] [32mBuilding C object CMakeFiles/rcl_interfaces__rosidl_typesupport_microxrcedds_c.dir/rosidl_typesupport_microxrcedds_c/rcl_interfaces/msg/detail/microxrcedds/parameter_descriptor__type_support_c.c.obj[0m
[ 45%] [32mBuilding C object CMakeFiles/rcl_interfaces__rosidl_typesupport_microxrcedds_c.dir/rosidl_typesupport_microxrcedds_c/rcl_interfaces/msg/detail/microxrcedds/parameter_event_descriptors__type_support_c.c.obj[0m
In file included from [01m[K/home/nuc01/zephyr_microros_pingpong/firmware/mcu_ws/build/rcl_interfaces/rosidl_typesupport_microxrcedds_c/rcl_interfaces/msg/detail/parameter_descriptor__rosidl_typesupport_microxrcedds_c.h:10[m[K,
                 from [01m[K/home/nuc01/zephyr_microros_pingpong/firmware/mcu_ws/build/rcl_interfaces/rosidl_typesupport_microxrcedds_c/rcl_interfaces/msg/detail/microxrcedds/parameter_descriptor__type_support_c.c:4[m[K:
[01m[K/home/nuc01/zephyr_microros_pingpong/firmware/zephyrproject/zephyr/lib/libc/newlib/include/stdint.h:28:2:[m[K [01;35m[Kwarning: [m[K#include_next is a GCC extension
   28 | #[01;35m[Kinclude_next[m[K <stdint.h>
      |  [01;35m[K^~~~~~~~~~~~[m[K
[ 47%] [32mBuilding C object CMakeFiles/rcl_interfaces__rosidl_typesupport_microxrcedds_c.dir/rosidl_typesupport_microxrcedds_c/rcl_interfaces/msg/detail/microxrcedds/parameter_event__type_support_c.c.obj[0m
In file included from [01m[K/home/nuc01/zephyr_microros_pingpong/firmware/mcu_ws/build/rcl_interfaces/rosidl_typesupport_microxrcedds_c/rcl_interfaces/msg/detail/parameter_event_descriptors__rosidl_typesupport_microxrcedds_c.h:10[m[K,
                 from [01m[K/home/nuc01/zephyr_microros_pingpong/firmware/mcu_ws/build/rcl_interfaces/rosidl_typesupport_microxrcedds_c/rcl_interfaces/msg/detail/microxrcedds/parameter_event_descriptors__type_support_c.c:4[m[K:
[01m[K/home/nuc01/zephyr_microros_pingpong/firmware/zephyrproject/zephyr/lib/libc/newlib/include/stdint.h:28:2:[m[K [01;35m[Kwarning: [m[K#include_next is a GCC extension
   28 | #[01;35m[Kinclude_next[m[K <stdint.h>
      |  [01;35m[K^~~~~~~~~~~~[m[K
[ 49%] [32mBuilding C object CMakeFiles/rcl_interfaces__rosidl_typesupport_microxrcedds_c.dir/rosidl_typesupport_microxrcedds_c/rcl_interfaces/msg/detail/microxrcedds/parameter__type_support_c.c.obj[0m
In file included from [01m[K/home/nuc01/zephyr_microros_pingpong/firmware/mcu_ws/build/rcl_interfaces/rosidl_typesupport_microxrcedds_c/rcl_interfaces/msg/detail/parameter_event__rosidl_typesupport_microxrcedds_c.h:10[m[K,
                 from [01m[K/home/nuc01/zephyr_microros_pingpong/firmware/mcu_ws/build/rcl_interfaces/rosidl_typesupport_microxrcedds_c/rcl_interfaces/msg/detail/microxrcedds/parameter_event__type_support_c.c:4[m[K:
[01m[K/home/nuc01/zephyr_microros_pingpong/firmware/zephyrproject/zephyr/lib/libc/newlib/include/stdint.h:28:2:[m[K [01;35m[Kwarning: [m[K#include_next is a GCC extension
   28 | #[01;35m[Kinclude_next[m[K <stdint.h>
      |  [01;35m[K^~~~~~~~~~~~[m[K
In file included from [01m[K/home/nuc01/zephyr_microros_pingpong/firmware/mcu_ws/build/rcl_interfaces/rosidl_typesupport_microxrcedds_c/rcl_interfaces/msg/detail/parameter__rosidl_typesupport_microxrcedds_c.h:10[m[K,
                 from [01m[K/home/nuc01/zephyr_microros_pingpong/firmware/mcu_ws/build/rcl_interfaces/rosidl_typesupport_microxrcedds_c/rcl_interfaces/msg/detail/microxrcedds/parameter__type_support_c.c:4[m[K:
[01m[K/home/nuc01/zephyr_microros_pingpong/firmware/zephyrproject/zephyr/lib/libc/newlib/include/stdint.h:28:2:[m[K [01;35m[Kwarning: [m[K#include_next is a GCC extension
   28 | #[01;35m[Kinclude_next[m[K <stdint.h>
      |  [01;35m[K^~~~~~~~~~~~[m[K
[ 50%] [32mBuilding C object CMakeFiles/rcl_interfaces__rosidl_typesupport_microxrcedds_c.dir/rosidl_typesupport_microxrcedds_c/rcl_interfaces/msg/detail/microxrcedds/parameter_type__type_support_c.c.obj[0m
In file included from [01m[K/home/nuc01/zephyr_microros_pingpong/firmware/mcu_ws/build/rcl_interfaces/rosidl_typesupport_microxrcedds_c/rcl_interfaces/msg/detail/parameter_type__rosidl_typesupport_microxrcedds_c.h:10[m[K,
                 from [01m[K/home/nuc01/zephyr_microros_pingpong/firmware/mcu_ws/build/rcl_interfaces/rosidl_typesupport_microxrcedds_c/rcl_interfaces/msg/detail/microxrcedds/parameter_type__type_support_c.c:4[m[K:
[01m[K/home/nuc01/zephyr_microros_pingpong/firmware/zephyrproject/zephyr/lib/libc/newlib/include/stdint.h:28:2:[m[K [01;35m[Kwarning: [m[K#include_next is a GCC extension
   28 | #[01;35m[Kinclude_next[m[K <stdint.h>
      |  [01;35m[K^~~~~~~~~~~~[m[K
[ 52%] [32mBuilding C object CMakeFiles/rcl_interfaces__rosidl_typesupport_microxrcedds_c.dir/rosidl_typesupport_microxrcedds_c/rcl_interfaces/msg/detail/microxrcedds/parameter_value__type_support_c.c.obj[0m
[ 54%] [32mBuilding C object CMakeFiles/rcl_interfaces__rosidl_typesupport_microxrcedds_c.dir/rosidl_typesupport_microxrcedds_c/rcl_interfaces/msg/detail/microxrcedds/set_parameters_result__type_support_c.c.obj[0m
In file included from [01m[K/home/nuc01/zephyr_microros_pingpong/firmware/mcu_ws/build/rcl_interfaces/rosidl_typesupport_microxrcedds_c/rcl_interfaces/msg/detail/parameter_value__rosidl_typesupport_microxrcedds_c.h:10[m[K,
                 from [01m[K/home/nuc01/zephyr_microros_pingpong/firmware/mcu_ws/build/rcl_interfaces/rosidl_typesupport_microxrcedds_c/rcl_interfaces/msg/detail/microxrcedds/parameter_value__type_support_c.c:4[m[K:
[01m[K/home/nuc01/zephyr_microros_pingpong/firmware/zephyrproject/zephyr/lib/libc/newlib/include/stdint.h:28:2:[m[K [01;35m[Kwarning: [m[K#include_next is a GCC extension
   28 | #[01;35m[Kinclude_next[m[K <stdint.h>
      |  [01;35m[K^~~~~~~~~~~~[m[K
In file included from [01m[K/home/nuc01/zephyr_microros_pingpong/firmware/mcu_ws/build/rcl_interfaces/rosidl_typesupport_microxrcedds_c/rcl_interfaces/msg/detail/set_parameters_result__rosidl_typesupport_microxrcedds_c.h:10[m[K,
                 from [01m[K/home/nuc01/zephyr_microros_pingpong/firmware/mcu_ws/build/rcl_interfaces/rosidl_typesupport_microxrcedds_c/rcl_interfaces/msg/detail/microxrcedds/set_parameters_result__type_support_c.c:4[m[K:
[01m[K/home/nuc01/zephyr_microros_pingpong/firmware/zephyrproject/zephyr/lib/libc/newlib/include/stdint.h:28:2:[m[K [01;35m[Kwarning: [m[K#include_next is a GCC extension
   28 | #[01;35m[Kinclude_next[m[K <stdint.h>
      |  [01;35m[K^~~~~~~~~~~~[m[K
[ 56%] [32mBuilding C object CMakeFiles/rcl_interfaces__rosidl_typesupport_microxrcedds_c.dir/rosidl_typesupport_microxrcedds_c/rcl_interfaces/srv/detail/microxrcedds/describe_parameters__type_support_c.c.obj[0m
[ 57%] [32mBuilding C object CMakeFiles/rcl_interfaces__rosidl_typesupport_microxrcedds_c.dir/rosidl_typesupport_microxrcedds_c/rcl_interfaces/srv/detail/microxrcedds/get_parameters__type_support_c.c.obj[0m
In file included from [01m[K/home/nuc01/zephyr_microros_pingpong/firmware/mcu_ws/build/rcl_interfaces/rosidl_typesupport_microxrcedds_c/rcl_interfaces/srv/detail/describe_parameters__rosidl_typesupport_microxrcedds_c.h:10[m[K,
                 from [01m[K/home/nuc01/zephyr_microros_pingpong/firmware/mcu_ws/build/rcl_interfaces/rosidl_typesupport_microxrcedds_c/rcl_interfaces/srv/detail/microxrcedds/describe_parameters__type_support_c.c:4[m[K:
[01m[K/home/nuc01/zephyr_microros_pingpong/firmware/zephyrproject/zephyr/lib/libc/newlib/include/stdint.h:28:2:[m[K [01;35m[Kwarning: [m[K#include_next is a GCC extension
   28 | #[01;35m[Kinclude_next[m[K <stdint.h>
      |  [01;35m[K^~~~~~~~~~~~[m[K
[ 59%] [32mBuilding C object CMakeFiles/rcl_interfaces__rosidl_typesupport_microxrcedds_c.dir/rosidl_typesupport_microxrcedds_c/rcl_interfaces/srv/detail/microxrcedds/get_parameter_types__type_support_c.c.obj[0m
In file included from [01m[K/home/nuc01/zephyr_microros_pingpong/firmware/mcu_ws/build/rcl_interfaces/rosidl_typesupport_microxrcedds_c/rcl_interfaces/srv/detail/get_parameters__rosidl_typesupport_microxrcedds_c.h:10[m[K,
                 from [01m[K/home/nuc01/zephyr_microros_pingpong/firmware/mcu_ws/build/rcl_interfaces/rosidl_typesupport_microxrcedds_c/rcl_interfaces/srv/detail/microxrcedds/get_parameters__type_support_c.c:4[m[K:
[01m[K/home/nuc01/zephyr_microros_pingpong/firmware/zephyrproject/zephyr/lib/libc/newlib/include/stdint.h:28:2:[m[K [01;35m[Kwarning: [m[K#include_next is a GCC extension
   28 | #[01;35m[Kinclude_next[m[K <stdint.h>
      |  [01;35m[K^~~~~~~~~~~~[m[K
In file included from [01m[K/home/nuc01/zephyr_microros_pingpong/firmware/mcu_ws/build/rcl_interfaces/rosidl_typesupport_microxrcedds_c/rcl_interfaces/srv/detail/get_parameter_types__rosidl_typesupport_microxrcedds_c.h:10[m[K,
                 from [01m[K/home/nuc01/zephyr_microros_pingpong/firmware/mcu_ws/build/rcl_interfaces/rosidl_typesupport_microxrcedds_c/rcl_interfaces/srv/detail/microxrcedds/get_parameter_types__type_support_c.c:4[m[K:
[01m[K/home/nuc01/zephyr_microros_pingpong/firmware/zephyrproject/zephyr/lib/libc/newlib/include/stdint.h:28:2:[m[K [01;35m[Kwarning: [m[K#include_next is a GCC extension
   28 | #[01;35m[Kinclude_next[m[K <stdint.h>
      |  [01;35m[K^~~~~~~~~~~~[m[K
[ 61%] [32mBuilding C object CMakeFiles/rcl_interfaces__rosidl_typesupport_microxrcedds_c.dir/rosidl_typesupport_microxrcedds_c/rcl_interfaces/srv/detail/microxrcedds/list_parameters__type_support_c.c.obj[0m
In file included from [01m[K/home/nuc01/zephyr_microros_pingpong/firmware/mcu_ws/build/rcl_interfaces/rosidl_typesupport_microxrcedds_c/rcl_interfaces/srv/detail/list_parameters__rosidl_typesupport_microxrcedds_c.h:10[m[K,
                 from [01m[K/home/nuc01/zephyr_microros_pingpong/firmware/mcu_ws/build/rcl_interfaces/rosidl_typesupport_microxrcedds_c/rcl_interfaces/srv/detail/microxrcedds/list_parameters__type_support_c.c:4[m[K:
[01m[K/home/nuc01/zephyr_microros_pingpong/firmware/zephyrproject/zephyr/lib/libc/newlib/include/stdint.h:28:2:[m[K [01;35m[Kwarning: [m[K#include_next is a GCC extension
   28 | #[01;35m[Kinclude_next[m[K <stdint.h>
      |  [01;35m[K^~~~~~~~~~~~[m[K
[ 63%] [32mBuilding C object CMakeFiles/rcl_interfaces__rosidl_typesupport_microxrcedds_c.dir/rosidl_typesupport_microxrcedds_c/rcl_interfaces/srv/detail/microxrcedds/set_parameters_atomically__type_support_c.c.obj[0m
In file included from [01m[K/home/nuc01/zephyr_microros_pingpong/firmware/mcu_ws/build/rcl_interfaces/rosidl_typesupport_microxrcedds_c/rcl_interfaces/srv/detail/set_parameters_atomically__rosidl_typesupport_microxrcedds_c.h:10[m[K,
                 from [01m[K/home/nuc01/zephyr_microros_pingpong/firmware/mcu_ws/build/rcl_interfaces/rosidl_typesupport_microxrcedds_c/rcl_interfaces/srv/detail/microxrcedds/set_parameters_atomically__type_support_c.c:4[m[K:
[01m[K/home/nuc01/zephyr_microros_pingpong/firmware/zephyrproject/zephyr/lib/libc/newlib/include/stdint.h:28:2:[m[K [01;35m[Kwarning: [m[K#include_next is a GCC extension
   28 | #[01;35m[Kinclude_next[m[K <stdint.h>
      |  [01;35m[K^~~~~~~~~~~~[m[K
[ 64%] [32mBuilding C object CMakeFiles/rcl_interfaces__rosidl_typesupport_microxrcedds_c.dir/rosidl_typesupport_microxrcedds_c/rcl_interfaces/srv/detail/microxrcedds/set_parameters__type_support_c.c.obj[0m
In file included from [01m[K/home/nuc01/zephyr_microros_pingpong/firmware/mcu_ws/build/rcl_interfaces/rosidl_typesupport_microxrcedds_c/rcl_interfaces/srv/detail/set_parameters__rosidl_typesupport_microxrcedds_c.h:10[m[K,
                 from [01m[K/home/nuc01/zephyr_microros_pingpong/firmware/mcu_ws/build/rcl_interfaces/rosidl_typesupport_microxrcedds_c/rcl_interfaces/srv/detail/microxrcedds/set_parameters__type_support_c.c:4[m[K:
[01m[K/home/nuc01/zephyr_microros_pingpong/firmware/zephyrproject/zephyr/lib/libc/newlib/include/stdint.h:28:2:[m[K [01;35m[Kwarning: [m[K#include_next is a GCC extension
   28 | #[01;35m[Kinclude_next[m[K <stdint.h>
      |  [01;35m[K^~~~~~~~~~~~[m[K
[ 66%] [32m[1mLinking CXX static library librcl_interfaces__rosidl_typesupport_microxrcedds_c.a[0m
/home/nuc01/zephyr_microros_pingpong/firmware/zephyr-sdk/arm-zephyr-eabi/bin/arm-zephyr-eabi-ar qc librcl_interfaces__rosidl_typesupport_microxrcedds_c.a CMakeFiles/rcl_interfaces__rosidl_typesupport_microxrcedds_c.dir/rosidl_typesupport_microxrcedds_c/rcl_interfaces/msg/detail/microxrcedds/floating_point_range__type_support_c.c.obj CMakeFiles/rcl_interfaces__rosidl_typesupport_microxrcedds_c.dir/rosidl_typesupport_microxrcedds_c/rcl_interfaces/msg/detail/microxrcedds/integer_range__type_support_c.c.obj CMakeFiles/rcl_interfaces__rosidl_typesupport_microxrcedds_c.dir/rosidl_typesupport_microxrcedds_c/rcl_interfaces/msg/detail/microxrcedds/list_parameters_result__type_support_c.c.obj CMakeFiles/rcl_interfaces__rosidl_typesupport_microxrcedds_c.dir/rosidl_typesupport_microxrcedds_c/rcl_interfaces/msg/detail/microxrcedds/log__type_support_c.c.obj CMakeFiles/rcl_interfaces__rosidl_typesupport_microxrcedds_c.dir/rosidl_typesupport_microxrcedds_c/rcl_interfaces/msg/detail/microxrcedds/parameter_descriptor__type_support_c.c.obj CMakeFiles/rcl_interfaces__rosidl_typesupport_microxrcedds_c.dir/rosidl_typesupport_microxrcedds_c/rcl_interfaces/msg/detail/microxrcedds/parameter_event_descriptors__type_support_c.c.obj CMakeFiles/rcl_interfaces__rosidl_typesupport_microxrcedds_c.dir/rosidl_typesupport_microxrcedds_c/rcl_interfaces/msg/detail/microxrcedds/parameter_event__type_support_c.c.obj CMakeFiles/rcl_interfaces__rosidl_typesupport_microxrcedds_c.dir/rosidl_typesupport_microxrcedds_c/rcl_interfaces/msg/detail/microxrcedds/parameter__type_support_c.c.obj CMakeFiles/rcl_interfaces__rosidl_typesupport_microxrcedds_c.dir/rosidl_typesupport_microxrcedds_c/rcl_interfaces/msg/detail/microxrcedds/parameter_type__type_support_c.c.obj CMakeFiles/rcl_interfaces__rosidl_typesupport_microxrcedds_c.dir/rosidl_typesupport_microxrcedds_c/rcl_interfaces/msg/detail/microxrcedds/parameter_value__type_support_c.c.obj CMakeFiles/rcl_interfaces__rosidl_typesupport_microxrcedds_c.dir/rosidl_typesupport_microxrcedds_c/rcl_interfaces/msg/detail/microxrcedds/set_parameters_result__type_support_c.c.obj CMakeFiles/rcl_interfaces__rosidl_typesupport_microxrcedds_c.dir/rosidl_typesupport_microxrcedds_c/rcl_interfaces/srv/detail/microxrcedds/describe_parameters__type_support_c.c.obj CMakeFiles/rcl_interfaces__rosidl_typesupport_microxrcedds_c.dir/rosidl_typesupport_microxrcedds_c/rcl_interfaces/srv/detail/microxrcedds/get_parameters__type_support_c.c.obj CMakeFiles/rcl_interfaces__rosidl_typesupport_microxrcedds_c.dir/rosidl_typesupport_microxrcedds_c/rcl_interfaces/srv/detail/microxrcedds/get_parameter_types__type_support_c.c.obj CMakeFiles/rcl_interfaces__rosidl_typesupport_microxrcedds_c.dir/rosidl_typesupport_microxrcedds_c/rcl_interfaces/srv/detail/microxrcedds/list_parameters__type_support_c.c.obj CMakeFiles/rcl_interfaces__rosidl_typesupport_microxrcedds_c.dir/rosidl_typesupport_microxrcedds_c/rcl_interfaces/srv/detail/microxrcedds/set_parameters_atomically__type_support_c.c.obj CMakeFiles/rcl_interfaces__rosidl_typesupport_microxrcedds_c.dir/rosidl_typesupport_microxrcedds_c/rcl_interfaces/srv/detail/microxrcedds/set_parameters__type_support_c.c.obj
/home/nuc01/zephyr_microros_pingpong/firmware/zephyr-sdk/arm-zephyr-eabi/bin/arm-zephyr-eabi-ranlib librcl_interfaces__rosidl_typesupport_microxrcedds_c.a
[ 66%] Built target rcl_interfaces__rosidl_typesupport_microxrcedds_c
[ 68%] [34m[1mGenerating C type support dispatch for ROS interfaces[0m
Dependee "/home/nuc01/zephyr_microros_pingpong/firmware/mcu_ws/build/rcl_interfaces/CMakeFiles/rcl_interfaces__rosidl_typesupport_c.dir/DependInfo.cmake" is newer than depender "/home/nuc01/zephyr_microros_pingpong/firmware/mcu_ws/build/rcl_interfaces/CMakeFiles/rcl_interfaces__rosidl_typesupport_c.dir/depend.internal".
Dependee "/home/nuc01/zephyr_microros_pingpong/firmware/mcu_ws/build/rcl_interfaces/CMakeFiles/CMakeDirectoryInformation.cmake" is newer than depender "/home/nuc01/zephyr_microros_pingpong/firmware/mcu_ws/build/rcl_interfaces/CMakeFiles/rcl_interfaces__rosidl_typesupport_c.dir/depend.internal".
[35m[1mScanning dependencies of target rcl_interfaces__rosidl_typesupport_c[0m
[ 70%] [32mBuilding CXX object CMakeFiles/rcl_interfaces__rosidl_typesupport_c.dir/rosidl_typesupport_c/rcl_interfaces/msg/floating_point_range__type_support.cpp.obj[0m
[ 71%] [32mBuilding CXX object CMakeFiles/rcl_interfaces__rosidl_typesupport_c.dir/rosidl_typesupport_c/rcl_interfaces/msg/list_parameters_result__type_support.cpp.obj[0m
[ 73%] [32mBuilding CXX object CMakeFiles/rcl_interfaces__rosidl_typesupport_c.dir/rosidl_typesupport_c/rcl_interfaces/msg/integer_range__type_support.cpp.obj[0m
[ 75%] [32mBuilding CXX object CMakeFiles/rcl_interfaces__rosidl_typesupport_c.dir/rosidl_typesupport_c/rcl_interfaces/msg/log__type_support.cpp.obj[0m
[ 77%] [32mBuilding CXX object CMakeFiles/rcl_interfaces__rosidl_typesupport_c.dir/rosidl_typesupport_c/rcl_interfaces/msg/parameter_event_descriptors__type_support.cpp.obj[0m
[ 78%] [32mBuilding CXX object CMakeFiles/rcl_interfaces__rosidl_typesupport_c.dir/rosidl_typesupport_c/rcl_interfaces/msg/parameter_descriptor__type_support.cpp.obj[0m
[ 80%] [32mBuilding CXX object CMakeFiles/rcl_interfaces__rosidl_typesupport_c.dir/rosidl_typesupport_c/rcl_interfaces/msg/parameter_event__type_support.cpp.obj[0m
[ 82%] [32mBuilding CXX object CMakeFiles/rcl_interfaces__rosidl_typesupport_c.dir/rosidl_typesupport_c/rcl_interfaces/msg/parameter__type_support.cpp.obj[0m
[ 84%] [32mBuilding CXX object CMakeFiles/rcl_interfaces__rosidl_typesupport_c.dir/rosidl_typesupport_c/rcl_interfaces/msg/parameter_type__type_support.cpp.obj[0m
[ 85%] [32mBuilding CXX object CMakeFiles/rcl_interfaces__rosidl_typesupport_c.dir/rosidl_typesupport_c/rcl_interfaces/msg/parameter_value__type_support.cpp.obj[0m
[ 87%] [32mBuilding CXX object CMakeFiles/rcl_interfaces__rosidl_typesupport_c.dir/rosidl_typesupport_c/rcl_interfaces/msg/set_parameters_result__type_support.cpp.obj[0m
[ 89%] [32mBuilding CXX object CMakeFiles/rcl_interfaces__rosidl_typesupport_c.dir/rosidl_typesupport_c/rcl_interfaces/srv/describe_parameters__type_support.cpp.obj[0m
[ 91%] [32mBuilding CXX object CMakeFiles/rcl_interfaces__rosidl_typesupport_c.dir/rosidl_typesupport_c/rcl_interfaces/srv/get_parameters__type_support.cpp.obj[0m
[ 92%] [32mBuilding CXX object CMakeFiles/rcl_interfaces__rosidl_typesupport_c.dir/rosidl_typesupport_c/rcl_interfaces/srv/get_parameter_types__type_support.cpp.obj[0m
[ 94%] [32mBuilding CXX object CMakeFiles/rcl_interfaces__rosidl_typesupport_c.dir/rosidl_typesupport_c/rcl_interfaces/srv/set_parameters_atomically__type_support.cpp.obj[0m
[ 96%] [32mBuilding CXX object CMakeFiles/rcl_interfaces__rosidl_typesupport_c.dir/rosidl_typesupport_c/rcl_interfaces/srv/list_parameters__type_support.cpp.obj[0m
[ 98%] [32mBuilding CXX object CMakeFiles/rcl_interfaces__rosidl_typesupport_c.dir/rosidl_typesupport_c/rcl_interfaces/srv/set_parameters__type_support.cpp.obj[0m
[100%] [32m[1mLinking CXX static library librcl_interfaces__rosidl_typesupport_c.a[0m
/home/nuc01/zephyr_microros_pingpong/firmware/zephyr-sdk/arm-zephyr-eabi/bin/arm-zephyr-eabi-ar qc librcl_interfaces__rosidl_typesupport_c.a CMakeFiles/rcl_interfaces__rosidl_typesupport_c.dir/rosidl_typesupport_c/rcl_interfaces/msg/floating_point_range__type_support.cpp.obj CMakeFiles/rcl_interfaces__rosidl_typesupport_c.dir/rosidl_typesupport_c/rcl_interfaces/msg/integer_range__type_support.cpp.obj CMakeFiles/rcl_interfaces__rosidl_typesupport_c.dir/rosidl_typesupport_c/rcl_interfaces/msg/list_parameters_result__type_support.cpp.obj CMakeFiles/rcl_interfaces__rosidl_typesupport_c.dir/rosidl_typesupport_c/rcl_interfaces/msg/log__type_support.cpp.obj CMakeFiles/rcl_interfaces__rosidl_typesupport_c.dir/rosidl_typesupport_c/rcl_interfaces/msg/parameter_descriptor__type_support.cpp.obj CMakeFiles/rcl_interfaces__rosidl_typesupport_c.dir/rosidl_typesupport_c/rcl_interfaces/msg/parameter_event_descriptors__type_support.cpp.obj CMakeFiles/rcl_interfaces__rosidl_typesupport_c.dir/rosidl_typesupport_c/rcl_interfaces/msg/parameter_event__type_support.cpp.obj CMakeFiles/rcl_interfaces__rosidl_typesupport_c.dir/rosidl_typesupport_c/rcl_interfaces/msg/parameter__type_support.cpp.obj CMakeFiles/rcl_interfaces__rosidl_typesupport_c.dir/rosidl_typesupport_c/rcl_interfaces/msg/parameter_type__type_support.cpp.obj CMakeFiles/rcl_interfaces__rosidl_typesupport_c.dir/rosidl_typesupport_c/rcl_interfaces/msg/parameter_value__type_support.cpp.obj CMakeFiles/rcl_interfaces__rosidl_typesupport_c.dir/rosidl_typesupport_c/rcl_interfaces/msg/set_parameters_result__type_support.cpp.obj CMakeFiles/rcl_interfaces__rosidl_typesupport_c.dir/rosidl_typesupport_c/rcl_interfaces/srv/describe_parameters__type_support.cpp.obj CMakeFiles/rcl_interfaces__rosidl_typesupport_c.dir/rosidl_typesupport_c/rcl_interfaces/srv/get_parameters__type_support.cpp.obj CMakeFiles/rcl_interfaces__rosidl_typesupport_c.dir/rosidl_typesupport_c/rcl_interfaces/srv/get_parameter_types__type_support.cpp.obj CMakeFiles/rcl_interfaces__rosidl_typesupport_c.dir/rosidl_typesupport_c/rcl_interfaces/srv/list_parameters__type_support.cpp.obj CMakeFiles/rcl_interfaces__rosidl_typesupport_c.dir/rosidl_typesupport_c/rcl_interfaces/srv/set_parameters_atomically__type_support.cpp.obj CMakeFiles/rcl_interfaces__rosidl_typesupport_c.dir/rosidl_typesupport_c/rcl_interfaces/srv/set_parameters__type_support.cpp.obj
/home/nuc01/zephyr_microros_pingpong/firmware/zephyr-sdk/arm-zephyr-eabi/bin/arm-zephyr-eabi-ranlib librcl_interfaces__rosidl_typesupport_c.a
[100%] Built target rcl_interfaces__rosidl_typesupport_c
Dependee "/home/nuc01/zephyr_microros_pingpong/firmware/mcu_ws/build/rcl_interfaces/CMakeFiles/rcl_interfaces.dir/DependInfo.cmake" is newer than depender "/home/nuc01/zephyr_microros_pingpong/firmware/mcu_ws/build/rcl_interfaces/CMakeFiles/rcl_interfaces.dir/depend.internal".
Dependee "/home/nuc01/zephyr_microros_pingpong/firmware/mcu_ws/build/rcl_interfaces/CMakeFiles/CMakeDirectoryInformation.cmake" is newer than depender "/home/nuc01/zephyr_microros_pingpong/firmware/mcu_ws/build/rcl_interfaces/CMakeFiles/rcl_interfaces.dir/depend.internal".
[35m[1mScanning dependencies of target rcl_interfaces[0m
[100%] Built target rcl_interfaces
-- Install configuration: "Debug"
-- Installing: /home/nuc01/zephyr_microros_pingpong/firmware/mcu_ws/install/share/ament_index/resource_index/rosidl_interfaces/rcl_interfaces
-- Installing: /home/nuc01/zephyr_microros_pingpong/firmware/mcu_ws/install/include/rcl_interfaces
-- Installing: /home/nuc01/zephyr_microros_pingpong/firmware/mcu_ws/install/include/rcl_interfaces/msg
-- Installing: /home/nuc01/zephyr_microros_pingpong/firmware/mcu_ws/install/include/rcl_interfaces/msg/parameter_event_descriptors.h
-- Installing: /home/nuc01/zephyr_microros_pingpong/firmware/mcu_ws/install/include/rcl_interfaces/msg/floating_point_range.h
-- Installing: /home/nuc01/zephyr_microros_pingpong/firmware/mcu_ws/install/include/rcl_interfaces/msg/parameter_value.h
-- Installing: /home/nuc01/zephyr_microros_pingpong/firmware/mcu_ws/install/include/rcl_interfaces/msg/list_parameters_result.h
-- Installing: /home/nuc01/zephyr_microros_pingpong/firmware/mcu_ws/install/include/rcl_interfaces/msg/integer_range.h
-- Installing: /home/nuc01/zephyr_microros_pingpong/firmware/mcu_ws/install/include/rcl_interfaces/msg/parameter.h
-- Installing: /home/nuc01/zephyr_microros_pingpong/firmware/mcu_ws/install/include/rcl_interfaces/msg/parameter_type.h
-- Installing: /home/nuc01/zephyr_microros_pingpong/firmware/mcu_ws/install/include/rcl_interfaces/msg/set_parameters_result.h
-- Installing: /home/nuc01/zephyr_microros_pingpong/firmware/mcu_ws/install/include/rcl_interfaces/msg/log.h
-- Installing: /home/nuc01/zephyr_microros_pingpong/firmware/mcu_ws/install/include/rcl_interfaces/msg/parameter_descriptor.h
-- Installing: /home/nuc01/zephyr_microros_pingpong/firmware/mcu_ws/install/include/rcl_interfaces/msg/detail
-- Installing: /home/nuc01/zephyr_microros_pingpong/firmware/mcu_ws/install/include/rcl_interfaces/msg/detail/parameter__functions.c
-- Installing: /home/nuc01/zephyr_microros_pingpong/firmware/mcu_ws/install/include/rcl_interfaces/msg/detail/parameter_event_descriptors__functions.c
-- Installing: /home/nuc01/zephyr_microros_pingpong/firmware/mcu_ws/install/include/rcl_interfaces/msg/detail/parameter__struct.h
-- Installing: /home/nuc01/zephyr_microros_pingpong/firmware/mcu_ws/install/include/rcl_interfaces/msg/detail/parameter_value__type_support.h
-- Installing: /home/nuc01/zephyr_microros_pingpong/firmware/mcu_ws/install/include/rcl_interfaces/msg/detail/parameter_type__type_support.h
-- Installing: /home/nuc01/zephyr_microros_pingpong/firmware/mcu_ws/install/include/rcl_interfaces/msg/detail/parameter_event__struct.h
-- Installing: /home/nuc01/zephyr_microros_pingpong/firmware/mcu_ws/install/include/rcl_interfaces/msg/detail/parameter_event_descriptors__functions.h
-- Installing: /home/nuc01/zephyr_microros_pingpong/firmware/mcu_ws/install/include/rcl_interfaces/msg/detail/parameter_value__functions.c
-- Installing: /home/nuc01/zephyr_microros_pingpong/firmware/mcu_ws/install/include/rcl_interfaces/msg/detail/parameter_value__functions.h
-- Installing: /home/nuc01/zephyr_microros_pingpong/firmware/mcu_ws/install/include/rcl_interfaces/msg/detail/parameter_value__struct.h
-- Installing: /home/nuc01/zephyr_microros_pingpong/firmware/mcu_ws/install/include/rcl_interfaces/msg/detail/floating_point_range__functions.h
-- Installing: /home/nuc01/zephyr_microros_pingpong/firmware/mcu_ws/install/include/rcl_interfaces/msg/detail/parameter_event__type_support.h
-- Installing: /home/nuc01/zephyr_microros_pingpong/firmware/mcu_ws/install/include/rcl_interfaces/msg/detail/parameter_descriptor__functions.h
-- Installing: /home/nuc01/zephyr_microros_pingpong/firmware/mcu_ws/install/include/rcl_interfaces/msg/detail/integer_range__type_support.h
-- Installing: /home/nuc01/zephyr_microros_pingpong/firmware/mcu_ws/install/include/rcl_interfaces/msg/detail/parameter_event__functions.h
-- Installing: /home/nuc01/zephyr_microros_pingpong/firmware/mcu_ws/install/include/rcl_interfaces/msg/detail/parameter_descriptor__type_support.h
-- Installing: /home/nuc01/zephyr_microros_pingpong/firmware/mcu_ws/install/include/rcl_interfaces/msg/detail/parameter_event__functions.c
-- Installing: /home/nuc01/zephyr_microros_pingpong/firmware/mcu_ws/install/include/rcl_interfaces/msg/detail/integer_range__functions.h
-- Installing: /home/nuc01/zephyr_microros_pingpong/firmware/mcu_ws/install/include/rcl_interfaces/msg/detail/integer_range__struct.h
-- Installing: /home/nuc01/zephyr_microros_pingpong/firmware/mcu_ws/install/include/rcl_interfaces/msg/detail/parameter_event_descriptors__type_support.h
-- Installing: /home/nuc01/zephyr_microros_pingpong/firmware/mcu_ws/install/include/rcl_interfaces/msg/detail/set_parameters_result__functions.c
-- Installing: /home/nuc01/zephyr_microros_pingpong/firmware/mcu_ws/install/include/rcl_interfaces/msg/detail/log__functions.c
-- Installing: /home/nuc01/zephyr_microros_pingpong/firmware/mcu_ws/install/include/rcl_interfaces/msg/detail/parameter_type__functions.h
-- Installing: /home/nuc01/zephyr_microros_pingpong/firmware/mcu_ws/install/include/rcl_interfaces/msg/detail/set_parameters_result__functions.h
-- Installing: /home/nuc01/zephyr_microros_pingpong/firmware/mcu_ws/install/include/rcl_interfaces/msg/detail/parameter_descriptor__functions.c
-- Installing: /home/nuc01/zephyr_microros_pingpong/firmware/mcu_ws/install/include/rcl_interfaces/msg/detail/floating_point_range__type_support.h
-- Installing: /home/nuc01/zephyr_microros_pingpong/firmware/mcu_ws/install/include/rcl_interfaces/msg/detail/set_parameters_result__type_support.h
-- Installing: /home/nuc01/zephyr_microros_pingpong/firmware/mcu_ws/install/include/rcl_interfaces/msg/detail/parameter_descriptor__struct.h
-- Installing: /home/nuc01/zephyr_microros_pingpong/firmware/mcu_ws/install/include/rcl_interfaces/msg/detail/parameter__functions.h
-- Installing: /home/nuc01/zephyr_microros_pingpong/firmware/mcu_ws/install/include/rcl_interfaces/msg/detail/set_parameters_result__struct.h
-- Installing: /home/nuc01/zephyr_microros_pingpong/firmware/mcu_ws/install/include/rcl_interfaces/msg/detail/log__type_support.h
-- Installing: /home/nuc01/zephyr_microros_pingpong/firmware/mcu_ws/install/include/rcl_interfaces/msg/detail/log__functions.h
-- Installing: /home/nuc01/zephyr_microros_pingpong/firmware/mcu_ws/install/include/rcl_interfaces/msg/detail/log__struct.h
-- Installing: /home/nuc01/zephyr_microros_pingpong/firmware/mcu_ws/install/include/rcl_interfaces/msg/detail/integer_range__functions.c
-- Installing: /home/nuc01/zephyr_microros_pingpong/firmware/mcu_ws/install/include/rcl_interfaces/msg/detail/floating_point_range__struct.h
-- Installing: /home/nuc01/zephyr_microros_pingpong/firmware/mcu_ws/install/include/rcl_interfaces/msg/detail/parameter__type_support.h
-- Installing: /home/nuc01/zephyr_microros_pingpong/firmware/mcu_ws/install/include/rcl_interfaces/msg/detail/parameter_type__functions.c
-- Installing: /home/nuc01/zephyr_microros_pingpong/firmware/mcu_ws/install/include/rcl_interfaces/msg/detail/parameter_type__struct.h
-- Installing: /home/nuc01/zephyr_microros_pingpong/firmware/mcu_ws/install/include/rcl_interfaces/msg/detail/floating_point_range__functions.c
-- Installing: /home/nuc01/zephyr_microros_pingpong/firmware/mcu_ws/install/include/rcl_interfaces/msg/detail/list_parameters_result__struct.h
-- Installing: /home/nuc01/zephyr_microros_pingpong/firmware/mcu_ws/install/include/rcl_interfaces/msg/detail/list_parameters_result__functions.h
-- Installing: /home/nuc01/zephyr_microros_pingpong/firmware/mcu_ws/install/include/rcl_interfaces/msg/detail/list_parameters_result__functions.c
-- Installing: /home/nuc01/zephyr_microros_pingpong/firmware/mcu_ws/install/include/rcl_interfaces/msg/detail/list_parameters_result__type_support.h
-- Installing: /home/nuc01/zephyr_microros_pingpong/firmware/mcu_ws/install/include/rcl_interfaces/msg/detail/parameter_event_descriptors__struct.h
-- Installing: /home/nuc01/zephyr_microros_pingpong/firmware/mcu_ws/install/include/rcl_interfaces/msg/parameter_event.h
-- Installing: /home/nuc01/zephyr_microros_pingpong/firmware/mcu_ws/install/include/rcl_interfaces/msg/rosidl_generator_c__visibility_control.h
-- Installing: /home/nuc01/zephyr_microros_pingpong/firmware/mcu_ws/install/include/rcl_interfaces/srv
-- Installing: /home/nuc01/zephyr_microros_pingpong/firmware/mcu_ws/install/include/rcl_interfaces/srv/get_parameter_types.h
-- Installing: /home/nuc01/zephyr_microros_pingpong/firmware/mcu_ws/install/include/rcl_interfaces/srv/describe_parameters.h
-- Installing: /home/nuc01/zephyr_microros_pingpong/firmware/mcu_ws/install/include/rcl_interfaces/srv/get_parameters.h
-- Installing: /home/nuc01/zephyr_microros_pingpong/firmware/mcu_ws/install/include/rcl_interfaces/srv/set_parameters.h
-- Installing: /home/nuc01/zephyr_microros_pingpong/firmware/mcu_ws/install/include/rcl_interfaces/srv/detail
-- Installing: /home/nuc01/zephyr_microros_pingpong/firmware/mcu_ws/install/include/rcl_interfaces/srv/detail/get_parameter_types__functions.c
-- Installing: /home/nuc01/zephyr_microros_pingpong/firmware/mcu_ws/install/include/rcl_interfaces/srv/detail/describe_parameters__functions.h
-- Installing: /home/nuc01/zephyr_microros_pingpong/firmware/mcu_ws/install/include/rcl_interfaces/srv/detail/get_parameters__type_support.h
-- Installing: /home/nuc01/zephyr_microros_pingpong/firmware/mcu_ws/install/include/rcl_interfaces/srv/detail/get_parameter_types__struct.h
-- Installing: /home/nuc01/zephyr_microros_pingpong/firmware/mcu_ws/install/include/rcl_interfaces/srv/detail/get_parameters__functions.c
-- Installing: /home/nuc01/zephyr_microros_pingpong/firmware/mcu_ws/install/include/rcl_interfaces/srv/detail/get_parameters__struct.h
-- Installing: /home/nuc01/zephyr_microros_pingpong/firmware/mcu_ws/install/include/rcl_interfaces/srv/detail/set_parameters_atomically__type_support.h
-- Installing: /home/nuc01/zephyr_microros_pingpong/firmware/mcu_ws/install/include/rcl_interfaces/srv/detail/set_parameters_atomically__struct.h
-- Installing: /home/nuc01/zephyr_microros_pingpong/firmware/mcu_ws/install/include/rcl_interfaces/srv/detail/set_parameters__functions.c
-- Installing: /home/nuc01/zephyr_microros_pingpong/firmware/mcu_ws/install/include/rcl_interfaces/srv/detail/describe_parameters__struct.h
-- Installing: /home/nuc01/zephyr_microros_pingpong/firmware/mcu_ws/install/include/rcl_interfaces/srv/detail/set_parameters__struct.h
-- Installing: /home/nuc01/zephyr_microros_pingpong/firmware/mcu_ws/install/include/rcl_interfaces/srv/detail/describe_parameters__functions.c
-- Installing: /home/nuc01/zephyr_microros_pingpong/firmware/mcu_ws/install/include/rcl_interfaces/srv/detail/get_parameter_types__functions.h
-- Installing: /home/nuc01/zephyr_microros_pingpong/firmware/mcu_ws/install/include/rcl_interfaces/srv/detail/describe_parameters__type_support.h
-- Installing: /home/nuc01/zephyr_microros_pingpong/firmware/mcu_ws/install/include/rcl_interfaces/srv/detail/set_parameters__functions.h
-- Installing: /home/nuc01/zephyr_microros_pingpong/firmware/mcu_ws/install/include/rcl_interfaces/srv/detail/get_parameters__functions.h
-- Installing: /home/nuc01/zephyr_microros_pingpong/firmware/mcu_ws/install/include/rcl_interfaces/srv/detail/list_parameters__type_support.h
-- Installing: /home/nuc01/zephyr_microros_pingpong/firmware/mcu_ws/install/include/rcl_interfaces/srv/detail/set_parameters_atomically__functions.c
-- Installing: /home/nuc01/zephyr_microros_pingpong/firmware/mcu_ws/install/include/rcl_interfaces/srv/detail/get_parameter_types__type_support.h
-- Installing: /home/nuc01/zephyr_microros_pingpong/firmware/mcu_ws/install/include/rcl_interfaces/srv/detail/list_parameters__functions.h
-- Installing: /home/nuc01/zephyr_microros_pingpong/firmware/mcu_ws/install/include/rcl_interfaces/srv/detail/list_parameters__functions.c
-- Installing: /home/nuc01/zephyr_microros_pingpong/firmware/mcu_ws/install/include/rcl_interfaces/srv/detail/set_parameters__type_support.h
-- Installing: /home/nuc01/zephyr_microros_pingpong/firmware/mcu_ws/install/include/rcl_interfaces/srv/detail/list_parameters__struct.h
-- Installing: /home/nuc01/zephyr_microros_pingpong/firmware/mcu_ws/install/include/rcl_interfaces/srv/detail/set_parameters_atomically__functions.h
-- Installing: /home/nuc01/zephyr_microros_pingpong/firmware/mcu_ws/install/include/rcl_interfaces/srv/set_parameters_atomically.h
-- Installing: /home/nuc01/zephyr_microros_pingpong/firmware/mcu_ws/install/include/rcl_interfaces/srv/list_parameters.h
-- Installing: /home/nuc01/zephyr_microros_pingpong/firmware/mcu_ws/install/share/rcl_interfaces/environment/library_path.sh
-- Installing: /home/nuc01/zephyr_microros_pingpong/firmware/mcu_ws/install/share/rcl_interfaces/environment/library_path.dsv
-- Installing: /home/nuc01/zephyr_microros_pingpong/firmware/mcu_ws/install/lib/librcl_interfaces__rosidl_generator_c.a
-- Up-to-date: /home/nuc01/zephyr_microros_pingpong/firmware/mcu_ws/install/include/rcl_interfaces
-- Up-to-date: /home/nuc01/zephyr_microros_pingpong/firmware/mcu_ws/install/include/rcl_interfaces/msg
-- Installing: /home/nuc01/zephyr_microros_pingpong/firmware/mcu_ws/install/include/rcl_interfaces/msg/rosidl_typesupport_microxrcedds_c__visibility_control.h
-- Up-to-date: /home/nuc01/zephyr_microros_pingpong/firmware/mcu_ws/install/include/rcl_interfaces/msg/detail
-- Installing: /home/nuc01/zephyr_microros_pingpong/firmware/mcu_ws/install/include/rcl_interfaces/msg/detail/parameter_value__rosidl_typesupport_microxrcedds_c.h
-- Installing: /home/nuc01/zephyr_microros_pingpong/firmware/mcu_ws/install/include/rcl_interfaces/msg/detail/parameter__rosidl_typesupport_microxrcedds_c.h
-- Installing: /home/nuc01/zephyr_microros_pingpong/firmware/mcu_ws/install/include/rcl_interfaces/msg/detail/parameter_descriptor__rosidl_typesupport_microxrcedds_c.h
-- Installing: /home/nuc01/zephyr_microros_pingpong/firmware/mcu_ws/install/include/rcl_interfaces/msg/detail/parameter_event_descriptors__rosidl_typesupport_microxrcedds_c.h
-- Installing: /home/nuc01/zephyr_microros_pingpong/firmware/mcu_ws/install/include/rcl_interfaces/msg/detail/integer_range__rosidl_typesupport_microxrcedds_c.h
-- Installing: /home/nuc01/zephyr_microros_pingpong/firmware/mcu_ws/install/include/rcl_interfaces/msg/detail/list_parameters_result__rosidl_typesupport_microxrcedds_c.h
-- Installing: /home/nuc01/zephyr_microros_pingpong/firmware/mcu_ws/install/include/rcl_interfaces/msg/detail/set_parameters_result__rosidl_typesupport_microxrcedds_c.h
-- Installing: /home/nuc01/zephyr_microros_pingpong/firmware/mcu_ws/install/include/rcl_interfaces/msg/detail/floating_point_range__rosidl_typesupport_microxrcedds_c.h
-- Installing: /home/nuc01/zephyr_microros_pingpong/firmware/mcu_ws/install/include/rcl_interfaces/msg/detail/microxrcedds
-- Installing: /home/nuc01/zephyr_microros_pingpong/firmware/mcu_ws/install/include/rcl_interfaces/msg/detail/parameter_event__rosidl_typesupport_microxrcedds_c.h
-- Installing: /home/nuc01/zephyr_microros_pingpong/firmware/mcu_ws/install/include/rcl_interfaces/msg/detail/parameter_type__rosidl_typesupport_microxrcedds_c.h
-- Installing: /home/nuc01/zephyr_microros_pingpong/firmware/mcu_ws/install/include/rcl_interfaces/msg/detail/log__rosidl_typesupport_microxrcedds_c.h
-- Up-to-date: /home/nuc01/zephyr_microros_pingpong/firmware/mcu_ws/install/include/rcl_interfaces/srv
-- Up-to-date: /home/nuc01/zephyr_microros_pingpong/firmware/mcu_ws/install/include/rcl_interfaces/srv/detail
-- Installing: /home/nuc01/zephyr_microros_pingpong/firmware/mcu_ws/install/include/rcl_interfaces/srv/detail/get_parameter_types__rosidl_typesupport_microxrcedds_c.h
-- Installing: /home/nuc01/zephyr_microros_pingpong/firmware/mcu_ws/install/include/rcl_interfaces/srv/detail/set_parameters__rosidl_typesupport_microxrcedds_c.h
-- Installing: /home/nuc01/zephyr_microros_pingpong/firmware/mcu_ws/install/include/rcl_interfaces/srv/detail/set_parameters_atomically__rosidl_typesupport_microxrcedds_c.h
-- Installing: /home/nuc01/zephyr_microros_pingpong/firmware/mcu_ws/install/include/rcl_interfaces/srv/detail/describe_parameters__rosidl_typesupport_microxrcedds_c.h
-- Installing: /home/nuc01/zephyr_microros_pingpong/firmware/mcu_ws/install/include/rcl_interfaces/srv/detail/get_parameters__rosidl_typesupport_microxrcedds_c.h
-- Installing: /home/nuc01/zephyr_microros_pingpong/firmware/mcu_ws/install/include/rcl_interfaces/srv/detail/microxrcedds
-- Installing: /home/nuc01/zephyr_microros_pingpong/firmware/mcu_ws/install/include/rcl_interfaces/srv/detail/list_parameters__rosidl_typesupport_microxrcedds_c.h
-- Installing: /home/nuc01/zephyr_microros_pingpong/firmware/mcu_ws/install/lib/librcl_interfaces__rosidl_typesupport_microxrcedds_c.a
-- Installing: /home/nuc01/zephyr_microros_pingpong/firmware/mcu_ws/install/lib/librcl_interfaces__rosidl_typesupport_c.a
-- Up-to-date: /home/nuc01/zephyr_microros_pingpong/firmware/mcu_ws/install/lib/librcl_interfaces__rosidl_typesupport_microxrcedds_c.a
-- Installing: /home/nuc01/zephyr_microros_pingpong/firmware/mcu_ws/install/share/rcl_interfaces/msg/FloatingPointRange.idl
-- Installing: /home/nuc01/zephyr_microros_pingpong/firmware/mcu_ws/install/share/rcl_interfaces/msg/IntegerRange.idl
-- Installing: /home/nuc01/zephyr_microros_pingpong/firmware/mcu_ws/install/share/rcl_interfaces/msg/ListParametersResult.idl
-- Installing: /home/nuc01/zephyr_microros_pingpong/firmware/mcu_ws/install/share/rcl_interfaces/msg/Log.idl
-- Installing: /home/nuc01/zephyr_microros_pingpong/firmware/mcu_ws/install/share/rcl_interfaces/msg/ParameterDescriptor.idl
-- Installing: /home/nuc01/zephyr_microros_pingpong/firmware/mcu_ws/install/share/rcl_interfaces/msg/ParameterEventDescriptors.idl
-- Installing: /home/nuc01/zephyr_microros_pingpong/firmware/mcu_ws/install/share/rcl_interfaces/msg/ParameterEvent.idl
-- Installing: /home/nuc01/zephyr_microros_pingpong/firmware/mcu_ws/install/share/rcl_interfaces/msg/Parameter.idl
-- Installing: /home/nuc01/zephyr_microros_pingpong/firmware/mcu_ws/install/share/rcl_interfaces/msg/ParameterType.idl
-- Installing: /home/nuc01/zephyr_microros_pingpong/firmware/mcu_ws/install/share/rcl_interfaces/msg/ParameterValue.idl
-- Installing: /home/nuc01/zephyr_microros_pingpong/firmware/mcu_ws/install/share/rcl_interfaces/msg/SetParametersResult.idl
-- Installing: /home/nuc01/zephyr_microros_pingpong/firmware/mcu_ws/install/share/rcl_interfaces/srv/DescribeParameters.idl
-- Installing: /home/nuc01/zephyr_microros_pingpong/firmware/mcu_ws/install/share/rcl_interfaces/srv/GetParameters.idl
-- Installing: /home/nuc01/zephyr_microros_pingpong/firmware/mcu_ws/install/share/rcl_interfaces/srv/GetParameterTypes.idl
-- Installing: /home/nuc01/zephyr_microros_pingpong/firmware/mcu_ws/install/share/rcl_interfaces/srv/ListParameters.idl
-- Installing: /home/nuc01/zephyr_microros_pingpong/firmware/mcu_ws/install/share/rcl_interfaces/srv/SetParametersAtomically.idl
-- Installing: /home/nuc01/zephyr_microros_pingpong/firmware/mcu_ws/install/share/rcl_interfaces/srv/SetParameters.idl
-- Installing: /home/nuc01/zephyr_microros_pingpong/firmware/mcu_ws/install/share/rcl_interfaces/msg/FloatingPointRange.msg
-- Installing: /home/nuc01/zephyr_microros_pingpong/firmware/mcu_ws/install/share/rcl_interfaces/msg/IntegerRange.msg
-- Installing: /home/nuc01/zephyr_microros_pingpong/firmware/mcu_ws/install/share/rcl_interfaces/msg/ListParametersResult.msg
-- Installing: /home/nuc01/zephyr_microros_pingpong/firmware/mcu_ws/install/share/rcl_interfaces/msg/Log.msg
-- Installing: /home/nuc01/zephyr_microros_pingpong/firmware/mcu_ws/install/share/rcl_interfaces/msg/ParameterDescriptor.msg
-- Installing: /home/nuc01/zephyr_microros_pingpong/firmware/mcu_ws/install/share/rcl_interfaces/msg/ParameterEventDescriptors.msg
-- Installing: /home/nuc01/zephyr_microros_pingpong/firmware/mcu_ws/install/share/rcl_interfaces/msg/ParameterEvent.msg
-- Installing: /home/nuc01/zephyr_microros_pingpong/firmware/mcu_ws/install/share/rcl_interfaces/msg/Parameter.msg
-- Installing: /home/nuc01/zephyr_microros_pingpong/firmware/mcu_ws/install/share/rcl_interfaces/msg/ParameterType.msg
-- Installing: /home/nuc01/zephyr_microros_pingpong/firmware/mcu_ws/install/share/rcl_interfaces/msg/ParameterValue.msg
-- Installing: /home/nuc01/zephyr_microros_pingpong/firmware/mcu_ws/install/share/rcl_interfaces/msg/SetParametersResult.msg
-- Installing: /home/nuc01/zephyr_microros_pingpong/firmware/mcu_ws/install/share/rcl_interfaces/srv/DescribeParameters.srv
-- Installing: /home/nuc01/zephyr_microros_pingpong/firmware/mcu_ws/install/share/rcl_interfaces/srv/DescribeParameters_Request.msg
-- Installing: /home/nuc01/zephyr_microros_pingpong/firmware/mcu_ws/install/share/rcl_interfaces/srv/DescribeParameters_Response.msg
-- Installing: /home/nuc01/zephyr_microros_pingpong/firmware/mcu_ws/install/share/rcl_interfaces/srv/GetParameters.srv
-- Installing: /home/nuc01/zephyr_microros_pingpong/firmware/mcu_ws/install/share/rcl_interfaces/srv/GetParameters_Request.msg
-- Installing: /home/nuc01/zephyr_microros_pingpong/firmware/mcu_ws/install/share/rcl_interfaces/srv/GetParameters_Response.msg
-- Installing: /home/nuc01/zephyr_microros_pingpong/firmware/mcu_ws/install/share/rcl_interfaces/srv/GetParameterTypes.srv
-- Installing: /home/nuc01/zephyr_microros_pingpong/firmware/mcu_ws/install/share/rcl_interfaces/srv/GetParameterTypes_Request.msg
-- Installing: /home/nuc01/zephyr_microros_pingpong/firmware/mcu_ws/install/share/rcl_interfaces/srv/GetParameterTypes_Response.msg
-- Installing: /home/nuc01/zephyr_microros_pingpong/firmware/mcu_ws/install/share/rcl_interfaces/srv/ListParameters.srv
-- Installing: /home/nuc01/zephyr_microros_pingpong/firmware/mcu_ws/install/share/rcl_interfaces/srv/ListParameters_Request.msg
-- Installing: /home/nuc01/zephyr_microros_pingpong/firmware/mcu_ws/install/share/rcl_interfaces/srv/ListParameters_Response.msg
-- Installing: /home/nuc01/zephyr_microros_pingpong/firmware/mcu_ws/install/share/rcl_interfaces/srv/SetParametersAtomically.srv
-- Installing: /home/nuc01/zephyr_microros_pingpong/firmware/mcu_ws/install/share/rcl_interfaces/srv/SetParametersAtomically_Request.msg
-- Installing: /home/nuc01/zephyr_microros_pingpong/firmware/mcu_ws/install/share/rcl_interfaces/srv/SetParametersAtomically_Response.msg
-- Installing: /home/nuc01/zephyr_microros_pingpong/firmware/mcu_ws/install/share/rcl_interfaces/srv/SetParameters.srv
-- Installing: /home/nuc01/zephyr_microros_pingpong/firmware/mcu_ws/install/share/rcl_interfaces/srv/SetParameters_Request.msg
-- Installing: /home/nuc01/zephyr_microros_pingpong/firmware/mcu_ws/install/share/rcl_interfaces/srv/SetParameters_Response.msg
-- Installing: /home/nuc01/zephyr_microros_pingpong/firmware/mcu_ws/install/share/rcl_interfaces/mapping_rules.yaml
-- Installing: /home/nuc01/zephyr_microros_pingpong/firmware/mcu_ws/install/share/ament_index/resource_index/package_run_dependencies/rcl_interfaces
-- Installing: /home/nuc01/zephyr_microros_pingpong/firmware/mcu_ws/install/share/ament_index/resource_index/parent_prefix_path/rcl_interfaces
-- Installing: /home/nuc01/zephyr_microros_pingpong/firmware/mcu_ws/install/share/rcl_interfaces/environment/ament_prefix_path.sh
-- Installing: /home/nuc01/zephyr_microros_pingpong/firmware/mcu_ws/install/share/rcl_interfaces/environment/ament_prefix_path.dsv
-- Installing: /home/nuc01/zephyr_microros_pingpong/firmware/mcu_ws/install/share/rcl_interfaces/environment/path.sh
-- Installing: /home/nuc01/zephyr_microros_pingpong/firmware/mcu_ws/install/share/rcl_interfaces/environment/path.dsv
-- Installing: /home/nuc01/zephyr_microros_pingpong/firmware/mcu_ws/install/share/rcl_interfaces/local_setup.bash
-- Installing: /home/nuc01/zephyr_microros_pingpong/firmware/mcu_ws/install/share/rcl_interfaces/local_setup.sh
-- Installing: /home/nuc01/zephyr_microros_pingpong/firmware/mcu_ws/install/share/rcl_interfaces/local_setup.zsh
-- Installing: /home/nuc01/zephyr_microros_pingpong/firmware/mcu_ws/install/share/rcl_interfaces/local_setup.dsv
-- Installing: /home/nuc01/zephyr_microros_pingpong/firmware/mcu_ws/install/share/rcl_interfaces/package.dsv
-- Installing: /home/nuc01/zephyr_microros_pingpong/firmware/mcu_ws/install/share/ament_index/resource_index/packages/rcl_interfaces
-- Installing: /home/nuc01/zephyr_microros_pingpong/firmware/mcu_ws/install/share/rcl_interfaces/cmake/rcl_interfaces__rosidl_generator_cExport.cmake
-- Installing: /home/nuc01/zephyr_microros_pingpong/firmware/mcu_ws/install/share/rcl_interfaces/cmake/rcl_interfaces__rosidl_generator_cExport-debug.cmake
-- Installing: /home/nuc01/zephyr_microros_pingpong/firmware/mcu_ws/install/share/rcl_interfaces/cmake/rcl_interfaces__rosidl_typesupport_cExport.cmake
-- Installing: /home/nuc01/zephyr_microros_pingpong/firmware/mcu_ws/install/share/rcl_interfaces/cmake/rcl_interfaces__rosidl_typesupport_cExport-debug.cmake
-- Installing: /home/nuc01/zephyr_microros_pingpong/firmware/mcu_ws/install/share/rcl_interfaces/cmake/rosidl_cmake-extras.cmake
-- Installing: /home/nuc01/zephyr_microros_pingpong/firmware/mcu_ws/install/share/rcl_interfaces/cmake/ament_cmake_export_dependencies-extras.cmake
-- Installing: /home/nuc01/zephyr_microros_pingpong/firmware/mcu_ws/install/share/rcl_interfaces/cmake/ament_cmake_export_libraries-extras.cmake
-- Installing: /home/nuc01/zephyr_microros_pingpong/firmware/mcu_ws/install/share/rcl_interfaces/cmake/ament_cmake_export_targets-extras.cmake
-- Installing: /home/nuc01/zephyr_microros_pingpong/firmware/mcu_ws/install/share/rcl_interfaces/cmake/ament_cmake_export_include_directories-extras.cmake
-- Installing: /home/nuc01/zephyr_microros_pingpong/firmware/mcu_ws/install/share/rcl_interfaces/cmake/rosidl_cmake_export_typesupport_libraries-extras.cmake
-- Installing: /home/nuc01/zephyr_microros_pingpong/firmware/mcu_ws/install/share/rcl_interfaces/cmake/rcl_interfacesConfig.cmake
-- Installing: /home/nuc01/zephyr_microros_pingpong/firmware/mcu_ws/install/share/rcl_interfaces/cmake/rcl_interfacesConfig-version.cmake
-- Installing: /home/nuc01/zephyr_microros_pingpong/firmware/mcu_ws/install/share/rcl_interfaces/package.xml
