-- The C compiler identification is GNU 9.2.0
-- The CXX compiler identification is GNU 9.2.0
-- Detecting C compiler ABI info
-- Detecting C compiler ABI info - done
-- Check for working C compiler: /home/marlar/movelt_success/firmware/zephyr-sdk/arm-zephyr-eabi/bin/arm-zephyr-eabi-gcc - skipped
-- Detecting C compile features
-- Detecting C compile features - done
-- Detecting CXX compiler ABI info
-- Detecting CXX compiler ABI info - done
-- Check for working CXX compiler: /home/marlar/movelt_success/firmware/zephyr-sdk/arm-zephyr-eabi/bin/arm-zephyr-eabi-g++ - skipped
-- Detecting CXX compile features
-- Detecting CXX compile features - done
-- Found ament_cmake_ros: 0.9.1 (/home/marlar/movelt_success/firmware/dev_ws/install/ament_cmake_ros/share/ament_cmake_ros/cmake)
-- Found PythonInterp: /usr/bin/python3 (found suitable version "3.8.5", minimum required is "3") 
-- Using PYTHON_EXECUTABLE: /usr/bin/python3
-- Found rcutils: 1.1.2 (/home/marlar/movelt_success/firmware/mcu_ws/install/share/rcutils/cmake)
CMake Warning at /home/marlar/movelt_success/firmware/mcu_ws/install/share/rcutils/cmake/ament_cmake_export_libraries-extras.cmake:116 (message):
  Package 'rcutils' exports library 'dl' which couldn't be found
Call Stack (most recent call first):
  /home/marlar/movelt_success/firmware/mcu_ws/install/share/rcutils/cmake/rcutilsConfig.cmake:41 (include)
  CMakeLists.txt:21 (find_package)


-- Found rosidl_runtime_c: 1.2.0 (/home/marlar/movelt_success/firmware/mcu_ws/install/share/rosidl_runtime_c/cmake)
-- Configuring done
-- Generating done
CMake Warning:
  Manually-specified variables were not used by the project:

    THIRDPARTY


-- Build files have been written to: /home/marlar/movelt_success/firmware/mcu_ws/build/rosidl_typesupport_c
[ 20%] [32mBuilding C object CMakeFiles/rosidl_typesupport_c.dir/src/identifier.c.obj[0m
[ 40%] [32mBuilding CXX object CMakeFiles/rosidl_typesupport_c.dir/src/service_type_support_dispatch.cpp.obj[0m
[ 60%] [32mBuilding CXX object CMakeFiles/rosidl_typesupport_c.dir/src/type_support_dispatch.cpp.obj[0m
[ 80%] [32mBuilding CXX object CMakeFiles/rosidl_typesupport_c.dir/src/message_type_support_dispatch.cpp.obj[0m
[100%] [32m[1mLinking CXX static library librosidl_typesupport_c.a[0m
/home/marlar/movelt_success/firmware/zephyr-sdk/arm-zephyr-eabi/bin/arm-zephyr-eabi-ar qc librosidl_typesupport_c.a CMakeFiles/rosidl_typesupport_c.dir/src/identifier.c.obj CMakeFiles/rosidl_typesupport_c.dir/src/message_type_support_dispatch.cpp.obj CMakeFiles/rosidl_typesupport_c.dir/src/service_type_support_dispatch.cpp.obj CMakeFiles/rosidl_typesupport_c.dir/src/type_support_dispatch.cpp.obj
/home/marlar/movelt_success/firmware/zephyr-sdk/arm-zephyr-eabi/bin/arm-zephyr-eabi-ranlib librosidl_typesupport_c.a
[100%] Built target rosidl_typesupport_c
-- Install configuration: "Debug"
-- Installing: /home/marlar/movelt_success/firmware/mcu_ws/install/share/rosidl_typesupport_c/environment/pythonpath.sh
-- Installing: /home/marlar/movelt_success/firmware/mcu_ws/install/share/rosidl_typesupport_c/environment/pythonpath.dsv
-- Installing: /home/marlar/movelt_success/firmware/mcu_ws/install/lib/python3.8/site-packages/rosidl_typesupport_c
-- Installing: /home/marlar/movelt_success/firmware/mcu_ws/install/lib/python3.8/site-packages/rosidl_typesupport_c/__init__.py
Listing '/home/marlar/movelt_success/firmware/mcu_ws/install/lib/python3.8/site-packages/rosidl_typesupport_c'...
Compiling '/home/marlar/movelt_success/firmware/mcu_ws/install/lib/python3.8/site-packages/rosidl_typesupport_c/__init__.py'...
-- Installing: /home/marlar/movelt_success/firmware/mcu_ws/install/share/rosidl_typesupport_c/environment/library_path.sh
-- Installing: /home/marlar/movelt_success/firmware/mcu_ws/install/share/rosidl_typesupport_c/environment/library_path.dsv
-- Installing: /home/marlar/movelt_success/firmware/mcu_ws/install/share/ament_index/resource_index/rosidl_runtime_packages/rosidl_typesupport_c
-- Installing: /home/marlar/movelt_success/firmware/mcu_ws/install/share/ament_index/resource_index/package_run_dependencies/rosidl_typesupport_c
-- Installing: /home/marlar/movelt_success/firmware/mcu_ws/install/share/ament_index/resource_index/parent_prefix_path/rosidl_typesupport_c
-- Installing: /home/marlar/movelt_success/firmware/mcu_ws/install/share/rosidl_typesupport_c/environment/ament_prefix_path.sh
-- Installing: /home/marlar/movelt_success/firmware/mcu_ws/install/share/rosidl_typesupport_c/environment/ament_prefix_path.dsv
-- Installing: /home/marlar/movelt_success/firmware/mcu_ws/install/share/rosidl_typesupport_c/environment/path.sh
-- Installing: /home/marlar/movelt_success/firmware/mcu_ws/install/share/rosidl_typesupport_c/environment/path.dsv
-- Installing: /home/marlar/movelt_success/firmware/mcu_ws/install/share/rosidl_typesupport_c/local_setup.bash
-- Installing: /home/marlar/movelt_success/firmware/mcu_ws/install/share/rosidl_typesupport_c/local_setup.sh
-- Installing: /home/marlar/movelt_success/firmware/mcu_ws/install/share/rosidl_typesupport_c/local_setup.zsh
-- Installing: /home/marlar/movelt_success/firmware/mcu_ws/install/share/rosidl_typesupport_c/local_setup.dsv
-- Installing: /home/marlar/movelt_success/firmware/mcu_ws/install/share/rosidl_typesupport_c/package.dsv
-- Installing: /home/marlar/movelt_success/firmware/mcu_ws/install/share/ament_index/resource_index/packages/rosidl_typesupport_c
-- Installing: /home/marlar/movelt_success/firmware/mcu_ws/install/share/rosidl_typesupport_c/cmake/rosidl_typesupport_cExport.cmake
-- Installing: /home/marlar/movelt_success/firmware/mcu_ws/install/share/rosidl_typesupport_c/cmake/rosidl_typesupport_cExport-debug.cmake
-- Installing: /home/marlar/movelt_success/firmware/mcu_ws/install/share/rosidl_typesupport_c/cmake/rosidl_typesupport_c-extras.cmake
-- Installing: /home/marlar/movelt_success/firmware/mcu_ws/install/share/rosidl_typesupport_c/cmake/ament_cmake_export_dependencies-extras.cmake
-- Installing: /home/marlar/movelt_success/firmware/mcu_ws/install/share/rosidl_typesupport_c/cmake/ament_cmake_export_include_directories-extras.cmake
-- Installing: /home/marlar/movelt_success/firmware/mcu_ws/install/share/rosidl_typesupport_c/cmake/ament_cmake_export_libraries-extras.cmake
-- Installing: /home/marlar/movelt_success/firmware/mcu_ws/install/share/rosidl_typesupport_c/cmake/ament_cmake_export_targets-extras.cmake
-- Installing: /home/marlar/movelt_success/firmware/mcu_ws/install/share/rosidl_typesupport_c/cmake/rosidl_typesupport_cConfig.cmake
-- Installing: /home/marlar/movelt_success/firmware/mcu_ws/install/share/rosidl_typesupport_c/cmake/rosidl_typesupport_cConfig-version.cmake
-- Installing: /home/marlar/movelt_success/firmware/mcu_ws/install/share/rosidl_typesupport_c/package.xml
-- Installing: /home/marlar/movelt_success/firmware/mcu_ws/install/lib/rosidl_typesupport_c/rosidl_typesupport_c
-- Up-to-date: /home/marlar/movelt_success/firmware/mcu_ws/install/share/rosidl_typesupport_c/cmake
-- Installing: /home/marlar/movelt_success/firmware/mcu_ws/install/share/rosidl_typesupport_c/cmake/rosidl_typesupport_c_generate_interfaces.cmake
-- Installing: /home/marlar/movelt_success/firmware/mcu_ws/install/share/rosidl_typesupport_c/cmake/get_used_typesupports.cmake
-- Installing: /home/marlar/movelt_success/firmware/mcu_ws/install/share/rosidl_typesupport_c/resource
-- Installing: /home/marlar/movelt_success/firmware/mcu_ws/install/share/rosidl_typesupport_c/resource/rosidl_typesupport_c__visibility_control.h.in
-- Installing: /home/marlar/movelt_success/firmware/mcu_ws/install/share/rosidl_typesupport_c/resource/msg__type_support.cpp.em
-- Installing: /home/marlar/movelt_success/firmware/mcu_ws/install/share/rosidl_typesupport_c/resource/idl__type_support.cpp.em
-- Installing: /home/marlar/movelt_success/firmware/mcu_ws/install/share/rosidl_typesupport_c/resource/action__type_support.c.em
-- Installing: /home/marlar/movelt_success/firmware/mcu_ws/install/share/rosidl_typesupport_c/resource/srv__type_support.cpp.em
-- Up-to-date: /home/marlar/movelt_success/firmware/mcu_ws/install/include
-- Installing: /home/marlar/movelt_success/firmware/mcu_ws/install/include/rosidl_typesupport_c
-- Installing: /home/marlar/movelt_success/firmware/mcu_ws/install/include/rosidl_typesupport_c/visibility_control.h
-- Installing: /home/marlar/movelt_success/firmware/mcu_ws/install/include/rosidl_typesupport_c/identifier.h
-- Installing: /home/marlar/movelt_success/firmware/mcu_ws/install/include/rosidl_typesupport_c/message_type_support_dispatch.h
-- Installing: /home/marlar/movelt_success/firmware/mcu_ws/install/include/rosidl_typesupport_c/service_type_support_dispatch.h
-- Installing: /home/marlar/movelt_success/firmware/mcu_ws/install/include/rosidl_typesupport_c/type_support_map.h
-- Installing: /home/marlar/movelt_success/firmware/mcu_ws/install/lib/librosidl_typesupport_c.a
