-- Found ament_cmake: 0.9.8 (/home/marlar/movelt_success/firmware/dev_ws/install/ament_cmake/share/ament_cmake/cmake)
-- Found PythonInterp: /usr/bin/python3 (found suitable version "3.8.5", minimum required is "3") 
-- Using PYTHON_EXECUTABLE: /usr/bin/python3
-- Configuring done
-- Generating done
-- Build files have been written to: /home/marlar/movelt_success/firmware/mcu_ws/build/rosidl_parser
-- Install configuration: "Debug"
-- Installing: /home/marlar/movelt_success/firmware/mcu_ws/install/share/rosidl_parser/environment/pythonpath.sh
-- Installing: /home/marlar/movelt_success/firmware/mcu_ws/install/share/rosidl_parser/environment/pythonpath.dsv
-- Installing: /home/marlar/movelt_success/firmware/mcu_ws/install/lib/python3.8/site-packages/rosidl_parser
-- Installing: /home/marlar/movelt_success/firmware/mcu_ws/install/lib/python3.8/site-packages/rosidl_parser/__init__.py
-- Installing: /home/marlar/movelt_success/firmware/mcu_ws/install/lib/python3.8/site-packages/rosidl_parser/grammar.lark
-- Installing: /home/marlar/movelt_success/firmware/mcu_ws/install/lib/python3.8/site-packages/rosidl_parser/definition.py
-- Installing: /home/marlar/movelt_success/firmware/mcu_ws/install/lib/python3.8/site-packages/rosidl_parser/parser.py
Listing '/home/marlar/movelt_success/firmware/mcu_ws/install/lib/python3.8/site-packages/rosidl_parser'...
Compiling '/home/marlar/movelt_success/firmware/mcu_ws/install/lib/python3.8/site-packages/rosidl_parser/__init__.py'...
Compiling '/home/marlar/movelt_success/firmware/mcu_ws/install/lib/python3.8/site-packages/rosidl_parser/definition.py'...
Compiling '/home/marlar/movelt_success/firmware/mcu_ws/install/lib/python3.8/site-packages/rosidl_parser/parser.py'...
-- Installing: /home/marlar/movelt_success/firmware/mcu_ws/install/share/ament_index/resource_index/package_run_dependencies/rosidl_parser
-- Installing: /home/marlar/movelt_success/firmware/mcu_ws/install/share/ament_index/resource_index/parent_prefix_path/rosidl_parser
-- Installing: /home/marlar/movelt_success/firmware/mcu_ws/install/share/rosidl_parser/environment/ament_prefix_path.sh
-- Installing: /home/marlar/movelt_success/firmware/mcu_ws/install/share/rosidl_parser/environment/ament_prefix_path.dsv
-- Installing: /home/marlar/movelt_success/firmware/mcu_ws/install/share/rosidl_parser/environment/path.sh
-- Installing: /home/marlar/movelt_success/firmware/mcu_ws/install/share/rosidl_parser/environment/path.dsv
-- Installing: /home/marlar/movelt_success/firmware/mcu_ws/install/share/rosidl_parser/local_setup.bash
-- Installing: /home/marlar/movelt_success/firmware/mcu_ws/install/share/rosidl_parser/local_setup.sh
-- Installing: /home/marlar/movelt_success/firmware/mcu_ws/install/share/rosidl_parser/local_setup.zsh
-- Installing: /home/marlar/movelt_success/firmware/mcu_ws/install/share/rosidl_parser/local_setup.dsv
-- Installing: /home/marlar/movelt_success/firmware/mcu_ws/install/share/rosidl_parser/package.dsv
-- Installing: /home/marlar/movelt_success/firmware/mcu_ws/install/share/ament_index/resource_index/packages/rosidl_parser
-- Installing: /home/marlar/movelt_success/firmware/mcu_ws/install/share/rosidl_parser/cmake/rosidl_parserConfig.cmake
-- Installing: /home/marlar/movelt_success/firmware/mcu_ws/install/share/rosidl_parser/cmake/rosidl_parserConfig-version.cmake
-- Installing: /home/marlar/movelt_success/firmware/mcu_ws/install/share/rosidl_parser/package.xml
-- Installing: /home/marlar/movelt_success/firmware/mcu_ws/install/lib/rosidl_parser/idl2png
