-- The C compiler identification is GNU 9.2.0
-- Detecting C compiler ABI info
-- Detecting C compiler ABI info - done
-- Check for working C compiler: /home/marlar/movelt_success/firmware/zephyr-sdk/arm-zephyr-eabi/bin/arm-zephyr-eabi-gcc - skipped
-- Detecting C compile features
-- Detecting C compile features - done
-- The CXX compiler identification is GNU 9.2.0
-- Detecting CXX compiler ABI info
-- Detecting CXX compiler ABI info - done
-- Check for working CXX compiler: /home/marlar/movelt_success/firmware/zephyr-sdk/arm-zephyr-eabi/bin/arm-zephyr-eabi-g++ - skipped
-- Detecting CXX compile features
-- Detecting CXX compile features - done
-- Configuring done
-- Generating done
-- Build files have been written to: /home/marlar/movelt_success/firmware/mcu_ws/build/microcdr
[ 12%] [34m[1mCreating directories for 'ucdr'[0m
[ 25%] [34m[1mSkipping download step (SOURCE_DIR given) for 'ucdr'[0m
[ 37%] [34m[1mGenerating ucdr-prefix/src/ucdr-stamp/ucdr-update[0m
[ 50%] [34m[1mSkipping patch step (no custom command) for 'ucdr'[0m
[ 62%] [34m[1mPerforming configure step for 'ucdr'[0m
loading initial cache file /home/marlar/movelt_success/firmware/mcu_ws/build/microcdr/ucdr-prefix/tmp/ucdr-cache-Debug.cmake
Re-run cmake no build system arguments
-- Configuring done
-- Generating done
-- Build files have been written to: /home/marlar/movelt_success/firmware/mcu_ws/build/microcdr
[ 75%] [34m[1mPerforming build step for 'ucdr'[0m
[ 50%] [32mBuilding C object CMakeFiles/microcdr.dir/src/c/types/basic.c.obj[0m
[ 50%] [32mBuilding C object CMakeFiles/microcdr.dir/src/c/types/array.c.obj[0m
[ 66%] [32mBuilding C object CMakeFiles/microcdr.dir/src/c/common.c.obj[0m
[ 66%] [32mBuilding C object CMakeFiles/microcdr.dir/src/c/types/string.c.obj[0m
[ 83%] [32mBuilding C object CMakeFiles/microcdr.dir/src/c/types/sequence.c.obj[0m
[100%] [32m[1mLinking C static library libmicrocdr.a[0m
/home/marlar/movelt_success/firmware/zephyr-sdk/arm-zephyr-eabi/bin/arm-zephyr-eabi-ar qc libmicrocdr.a CMakeFiles/microcdr.dir/src/c/common.c.obj CMakeFiles/microcdr.dir/src/c/types/basic.c.obj CMakeFiles/microcdr.dir/src/c/types/string.c.obj CMakeFiles/microcdr.dir/src/c/types/array.c.obj CMakeFiles/microcdr.dir/src/c/types/sequence.c.obj
/home/marlar/movelt_success/firmware/zephyr-sdk/arm-zephyr-eabi/bin/arm-zephyr-eabi-ranlib libmicrocdr.a
[100%] Built target microcdr
[34m[1mNo install step for 'ucdr'[0m
[34m[1mCompleted 'ucdr'[0m
Built target ucdr
-- Install configuration: "Debug"
-- Installing: /home/marlar/movelt_success/firmware/mcu_ws/install/lib/libmicrocdr.a
-- Installing: /home/marlar/movelt_success/firmware/mcu_ws/install/include/ucdr
-- Installing: /home/marlar/movelt_success/firmware/mcu_ws/install/include/ucdr/microcdr.h
-- Installing: /home/marlar/movelt_success/firmware/mcu_ws/install/include/ucdr/visibility.h
-- Installing: /home/marlar/movelt_success/firmware/mcu_ws/install/include/ucdr/config.h
-- Installing: /home/marlar/movelt_success/firmware/mcu_ws/install/share/microcdr/cmake/microcdrTargets.cmake
-- Installing: /home/marlar/movelt_success/firmware/mcu_ws/install/share/microcdr/cmake/microcdrTargets-debug.cmake
-- Installing: /home/marlar/movelt_success/firmware/mcu_ws/install/share/microcdr/cmake/microcdrConfig.cmake
-- Installing: /home/marlar/movelt_success/firmware/mcu_ws/install/share/microcdr/cmake/microcdrConfigVersion.cmake
