-- The C compiler identification is GNU 9.2.0
-- The CXX compiler identification is GNU 9.2.0
-- Detecting C compiler ABI info
-- Detecting C compiler ABI info - done
-- Check for working C compiler: /home/marlar/movelt_success/firmware/zephyr-sdk/arm-zephyr-eabi/bin/arm-zephyr-eabi-gcc - skipped
-- Detecting C compile features
-- Detecting C compile features - done
-- Detecting CXX compiler ABI info
-- Detecting CXX compiler ABI info - done
-- Check for working CXX compiler: /home/marlar/movelt_success/firmware/zephyr-sdk/arm-zephyr-eabi/bin/arm-zephyr-eabi-g++ - skipped
-- Detecting CXX compile features
-- Detecting CXX compile features - done
-- Found PythonInterp: /usr/bin/python3 (found suitable version "3.8.5", minimum required is "3") 
-- Using PYTHON_EXECUTABLE: /usr/bin/python3
-- Configuring done
-- Generating done
-- Build files have been written to: /home/marlar/movelt_success/firmware/mcu_ws/build/tinydir_vendor
[ 12%] [34m[1mCreating directories for 'tinydir-1.2.4'[0m
[ 25%] [34m[1mPerforming download step (download, verify and extract) for 'tinydir-1.2.4'[0m
-- Downloading...
   dst='/home/marlar/movelt_success/firmware/mcu_ws/build/tinydir_vendor/tinydir-1.2.4/src/1.2.4.tar.gz'
   timeout='none'
   inactivity timeout='none'
-- Using src='https://github.com/cxong/tinydir/archive/1.2.4.tar.gz'
-- [download 100% complete]
-- [download 9% complete]
-- [download 15% complete]
-- [download 26% complete]
-- [download 31% complete]
-- [download 37% complete]
-- [download 48% complete]
-- [download 54% complete]
-- [download 59% complete]
-- [download 67% complete]
-- [download 72% complete]
-- [download 89% complete]
-- [download 94% complete]
-- [download 100% complete]
-- verifying file...
       file='/home/marlar/movelt_success/firmware/mcu_ws/build/tinydir_vendor/tinydir-1.2.4/src/1.2.4.tar.gz'
-- Downloading... done
-- extracting...
     src='/home/marlar/movelt_success/firmware/mcu_ws/build/tinydir_vendor/tinydir-1.2.4/src/1.2.4.tar.gz'
     dst='/home/marlar/movelt_success/firmware/mcu_ws/build/tinydir_vendor/tinydir-1.2.4/src/tinydir-1.2.4'
-- extracting... [tar xfz]
-- extracting... [analysis]
-- extracting... [rename]
-- extracting... [clean up]
-- extracting... done
[ 37%] [34m[1mGenerating tinydir-1.2.4/src/tinydir-1.2.4-stamp/tinydir-1.2.4-update[0m
[ 50%] [34m[1mPerforming patch step (custom command) for 'tinydir-1.2.4'[0m
[ 62%] [34m[1mPerforming configure step for 'tinydir-1.2.4'[0m
Re-run cmake no build system arguments
-- The C compiler identification is GNU 9.2.0
-- The CXX compiler identification is GNU 9.2.0
-- Detecting C compiler ABI info
-- Detecting C compiler ABI info - done
-- Check for working C compiler: /home/marlar/movelt_success/firmware/zephyr-sdk/arm-zephyr-eabi/bin/arm-zephyr-eabi-gcc - skipped
-- Detecting C compile features
-- Detecting C compile features - done
-- Detecting CXX compiler ABI info
-- Detecting CXX compiler ABI info - done
-- Check for working CXX compiler: /home/marlar/movelt_success/firmware/zephyr-sdk/arm-zephyr-eabi/bin/arm-zephyr-eabi-g++ - skipped
-- Detecting CXX compile features
-- Detecting CXX compile features - done
-- Configuring done
-- Generating done
-- Build files have been written to: /home/marlar/movelt_success/firmware/mcu_ws/build/tinydir_vendor/tinydir-1.2.4/src/tinydir-1.2.4
[ 75%] [34m[1mPerforming build step for 'tinydir-1.2.4'[0m
[ 87%] [34m[1mPerforming install step for 'tinydir-1.2.4'[0m
[36mInstall the project...[0m
-- Install configuration: ""
-- Installing: /home/marlar/movelt_success/firmware/mcu_ws/build/tinydir_vendor/tinydir_vendor_install/include/tinydir/tinydir.h
[100%] [34m[1mCompleted 'tinydir-1.2.4'[0m
[100%] Built target tinydir-1.2.4
-- Install configuration: "Debug"
-- Up-to-date: /home/marlar/movelt_success/firmware/mcu_ws/install
-- Up-to-date: /home/marlar/movelt_success/firmware/mcu_ws/install/include
-- Installing: /home/marlar/movelt_success/firmware/mcu_ws/install/include/tinydir
-- Installing: /home/marlar/movelt_success/firmware/mcu_ws/install/include/tinydir/tinydir.h
-- Installing: /home/marlar/movelt_success/firmware/mcu_ws/install/share/tinydir_vendor/package.xml
-- Installing: /home/marlar/movelt_success/firmware/mcu_ws/install/share/tinydir_vendor/cmake/tinydir_vendorConfig.cmake
-- Installing: /home/marlar/movelt_success/firmware/mcu_ws/install/share/tinydir_vendor/cmake/tinydir_vendorConfig-version.cmake
