CMake Warning at /home/marlar/movelt_success/firmware/mcu_ws/install/share/rcutils/cmake/ament_cmake_export_libraries-extras.cmake:116 (message):
  Package 'rcutils' exports library 'dl' which couldn't be found
Call Stack (most recent call first):
  /home/marlar/movelt_success/firmware/mcu_ws/install/share/rcutils/cmake/rcutilsConfig.cmake:41 (include)
  CMakeLists.txt:27 (find_package)


CMake Warning at CMakeLists.txt:186 (find_package):
  By not providing "Findrosidl_typesupport_microxrcedds_cpp.cmake" in
  CMAKE_MODULE_PATH this project has asked CMake to find a package
  configuration file provided by "rosidl_typesupport_microxrcedds_cpp", but
  CMake did not find one.

  Could not find a package configuration file provided by
  "rosidl_typesupport_microxrcedds_cpp" with any of the following names:

    rosidl_typesupport_microxrcedds_cppConfig.cmake
    rosidl_typesupport_microxrcedds_cpp-config.cmake

  Add the installation prefix of "rosidl_typesupport_microxrcedds_cpp" to
  CMAKE_PREFIX_PATH or set "rosidl_typesupport_microxrcedds_cpp_DIR" to a
  directory containing one of the above files.  If
  "rosidl_typesupport_microxrcedds_cpp" provides a separate development
  package or SDK, be sure it has been installed.


CMake Warning:
  Manually-specified variables were not used by the project:

    THIRDPARTY


In file included from [01m[K/home/marlar/movelt_success/firmware/mcu_ws/uros/rmw_microxrcedds/rmw_microxrcedds_c/src/rmw_get_gid_for_publisher.c:15[m[K:
[01m[K/home/marlar/movelt_success/firmware/mcu_ws/uros/rmw_microxrcedds/rmw_microxrcedds_c/src/types.h:239:33:[m[K [01;35m[Kwarning: [m[KISO C forbids zero-size array '[01m[Kcustom_subscriptions[m[K' [[01;35m[K-Wpedantic[m[K]
  239 | extern rmw_uxrce_subscription_t [01;35m[Kcustom_subscriptions[m[K[RMW_UXRCE_MAX_SUBSCRIPTIONS];
      |                                 [01;35m[K^~~~~~~~~~~~~~~~~~~~[m[K
In file included from [01m[K/home/marlar/movelt_success/firmware/mcu_ws/uros/rmw_microxrcedds/rmw_microxrcedds_c/src/rmw_count.c:22[m[K:
[01m[K/home/marlar/movelt_success/firmware/mcu_ws/uros/rmw_microxrcedds/rmw_microxrcedds_c/src/./types.h:239:33:[m[K [01;35m[Kwarning: [m[KISO C forbids zero-size array '[01m[Kcustom_subscriptions[m[K' [[01;35m[K-Wpedantic[m[K]
  239 | extern rmw_uxrce_subscription_t [01;35m[Kcustom_subscriptions[m[K[RMW_UXRCE_MAX_SUBSCRIPTIONS];
      |                                 [01;35m[K^~~~~~~~~~~~~~~~~~~~[m[K
[01m[K/home/marlar/movelt_success/firmware/mcu_ws/uros/rmw_microxrcedds/rmw_microxrcedds_c/src/types.h:242:28:[m[K [01;35m[Kwarning: [m[KISO C forbids zero-size array '[01m[Kcustom_services[m[K' [[01;35m[K-Wpedantic[m[K]
  242 | extern rmw_uxrce_service_t [01;35m[Kcustom_services[m[K[RMW_UXRCE_MAX_SERVICES];
      |                            [01;35m[K^~~~~~~~~~~~~~~[m[K
[01m[K/home/marlar/movelt_success/firmware/mcu_ws/uros/rmw_microxrcedds/rmw_microxrcedds_c/src/./types.h:242:28:[m[K [01;35m[Kwarning: [m[KISO C forbids zero-size array '[01m[Kcustom_services[m[K' [[01;35m[K-Wpedantic[m[K]
  242 | extern rmw_uxrce_service_t [01;35m[Kcustom_services[m[K[RMW_UXRCE_MAX_SERVICES];
      |                            [01;35m[K^~~~~~~~~~~~~~~[m[K
[01m[K/home/marlar/movelt_success/firmware/mcu_ws/uros/rmw_microxrcedds/rmw_microxrcedds_c/src/types.h:245:28:[m[K [01;35m[Kwarning: [m[KISO C forbids zero-size array '[01m[Kcustom_clients[m[K' [[01;35m[K-Wpedantic[m[K]
  245 | extern rmw_uxrce_client_t  [01;35m[Kcustom_clients[m[K[RMW_UXRCE_MAX_CLIENTS];
      |                            [01;35m[K^~~~~~~~~~~~~~[m[K
[01m[K/home/marlar/movelt_success/firmware/mcu_ws/uros/rmw_microxrcedds/rmw_microxrcedds_c/src/./types.h:245:28:[m[K [01;35m[Kwarning: [m[KISO C forbids zero-size array '[01m[Kcustom_clients[m[K' [[01;35m[K-Wpedantic[m[K]
  245 | extern rmw_uxrce_client_t  [01;35m[Kcustom_clients[m[K[RMW_UXRCE_MAX_CLIENTS];
      |                            [01;35m[K^~~~~~~~~~~~~~[m[K
In file included from [01m[K/home/marlar/movelt_success/firmware/mcu_ws/uros/rmw_microxrcedds/rmw_microxrcedds_c/src/utils.h:20[m[K,
                 from [01m[K/home/marlar/movelt_success/firmware/mcu_ws/uros/rmw_microxrcedds/rmw_microxrcedds_c/src/rmw_client.c:15[m[K:
[01m[K/home/marlar/movelt_success/firmware/mcu_ws/uros/rmw_microxrcedds/rmw_microxrcedds_c/src/./types.h:239:33:[m[K [01;35m[Kwarning: [m[KISO C forbids zero-size array '[01m[Kcustom_subscriptions[m[K' [[01;35m[K-Wpedantic[m[K]
  239 | extern rmw_uxrce_subscription_t [01;35m[Kcustom_subscriptions[m[K[RMW_UXRCE_MAX_SUBSCRIPTIONS];
      |                                 [01;35m[K^~~~~~~~~~~~~~~~~~~~[m[K
[01m[K/home/marlar/movelt_success/firmware/mcu_ws/uros/rmw_microxrcedds/rmw_microxrcedds_c/src/./types.h:242:28:[m[K [01;35m[Kwarning: [m[KISO C forbids zero-size array '[01m[Kcustom_services[m[K' [[01;35m[K-Wpedantic[m[K]
  242 | extern rmw_uxrce_service_t [01;35m[Kcustom_services[m[K[RMW_UXRCE_MAX_SERVICES];
      |                            [01;35m[K^~~~~~~~~~~~~~~[m[K
[01m[K/home/marlar/movelt_success/firmware/mcu_ws/uros/rmw_microxrcedds/rmw_microxrcedds_c/src/./types.h:245:28:[m[K [01;35m[Kwarning: [m[KISO C forbids zero-size array '[01m[Kcustom_clients[m[K' [[01;35m[K-Wpedantic[m[K]
  245 | extern rmw_uxrce_client_t  [01;35m[Kcustom_clients[m[K[RMW_UXRCE_MAX_CLIENTS];
      |                            [01;35m[K^~~~~~~~~~~~~~[m[K
In file included from [01m[K/home/marlar/movelt_success/firmware/mcu_ws/uros/rmw_microxrcedds/rmw_microxrcedds_c/src/utils.h:20[m[K,
                 from [01m[K/home/marlar/movelt_success/firmware/mcu_ws/uros/rmw_microxrcedds/rmw_microxrcedds_c/src/rmw_get_implementation_identifier.c:16[m[K:
[01m[K/home/marlar/movelt_success/firmware/mcu_ws/uros/rmw_microxrcedds/rmw_microxrcedds_c/src/./types.h:239:33:[m[K [01;35m[Kwarning: [m[KISO C forbids zero-size array '[01m[Kcustom_subscriptions[m[K' [[01;35m[K-Wpedantic[m[K]
  239 | extern rmw_uxrce_subscription_t [01;35m[Kcustom_subscriptions[m[K[RMW_UXRCE_MAX_SUBSCRIPTIONS];
      |                                 [01;35m[K^~~~~~~~~~~~~~~~~~~~[m[K
[01m[K/home/marlar/movelt_success/firmware/mcu_ws/uros/rmw_microxrcedds/rmw_microxrcedds_c/src/./types.h:242:28:[m[K [01;35m[Kwarning: [m[KISO C forbids zero-size array '[01m[Kcustom_services[m[K' [[01;35m[K-Wpedantic[m[K]
  242 | extern rmw_uxrce_service_t [01;35m[Kcustom_services[m[K[RMW_UXRCE_MAX_SERVICES];
      |                            [01;35m[K^~~~~~~~~~~~~~~[m[K
[01m[K/home/marlar/movelt_success/firmware/mcu_ws/uros/rmw_microxrcedds/rmw_microxrcedds_c/src/./types.h:245:28:[m[K [01;35m[Kwarning: [m[KISO C forbids zero-size array '[01m[Kcustom_clients[m[K' [[01;35m[K-Wpedantic[m[K]
  245 | extern rmw_uxrce_client_t  [01;35m[Kcustom_clients[m[K[RMW_UXRCE_MAX_CLIENTS];
      |                            [01;35m[K^~~~~~~~~~~~~~[m[K
In file included from [01m[K/home/marlar/movelt_success/firmware/zephyr_apps/microros_extensions/../../zephyrproject/zephyr/include/posix/time.h:12[m[K,
                 from [01m[K/home/marlar/movelt_success/firmware/mcu_ws/uros/rmw_microxrcedds/rmw_microxrcedds_c/src/rmw_init.c:15[m[K:
[01m[K/home/marlar/movelt_success/firmware/zephyr_apps/microros_extensions/../../zephyrproject/zephyr/include/posix/time.h:113:2:[m[K [01;35m[Kwarning: [m[K#include_next is a GCC extension
  113 | #[01;35m[Kinclude_next[m[K <time.h>
      |  [01;35m[K^~~~~~~~~~~~[m[K
In file included from [01m[K/home/marlar/movelt_success/firmware/zephyrproject/zephyr/include/toolchain.h:41[m[K,
                 from [01m[K/home/marlar/movelt_success/firmware/zephyrproject/zephyr/include/kernel_includes.h:19[m[K,
                 from [01m[K/home/marlar/movelt_success/firmware/zephyrproject/zephyr/include/kernel.h:17[m[K,
                 from [01m[K/home/marlar/movelt_success/firmware/zephyr_apps/microros_extensions/../../zephyrproject/zephyr/include/posix/time.h:59[m[K,
                 from [01m[K/home/marlar/movelt_success/firmware/mcu_ws/uros/rmw_microxrcedds/rmw_microxrcedds_c/src/rmw_init.c:15[m[K:
[01m[K/home/marlar/movelt_success/firmware/zephyrproject/zephyr/include/toolchain/gcc.h:62:31:[m[K [01;35m[Kwarning: [m[KISO C does not permit named variadic macros [[01;35m[K-Wvariadic-macros[m[K]
   62 | #define BUILD_ASSERT(EXPR, MSG[01;35m[K...[m[K) _Static_assert(EXPR, "" MSG)
      |                               [01;35m[K^~~[m[K
In file included from [01m[K/home/marlar/movelt_success/firmware/zephyrproject/zephyr/include/sched_priq.h:10[m[K,
                 from [01m[K/home/marlar/movelt_success/firmware/zephyrproject/zephyr/include/kernel_includes.h:23[m[K,
                 from [01m[K/home/marlar/movelt_success/firmware/zephyrproject/zephyr/include/kernel.h:17[m[K,
                 from [01m[K/home/marlar/movelt_success/firmware/zephyr_apps/microros_extensions/../../zephyrproject/zephyr/include/posix/time.h:59[m[K,
                 from [01m[K/home/marlar/movelt_success/firmware/mcu_ws/uros/rmw_microxrcedds/rmw_microxrcedds_c/src/rmw_init.c:15[m[K:
[01m[K/home/marlar/movelt_success/firmware/zephyrproject/zephyr/include/sys/dlist.h:35:3:[m[K [01;35m[Kwarning: [m[KISO C99 doesn't support unnamed structs/unions [[01;35m[K-Wpedantic[m[K]
   35 |  }[01;35m[K;[m[K
      |   [01;35m[K^[m[K
[01m[K/home/marlar/movelt_success/firmware/zephyrproject/zephyr/include/sys/dlist.h:39:3:[m[K [01;35m[Kwarning: [m[KISO C99 doesn't support unnamed structs/unions [[01;35m[K-Wpedantic[m[K]
   39 |  }[01;35m[K;[m[K
      |   [01;35m[K^[m[K
[01m[K/home/marlar/movelt_success/firmware/zephyrproject/zephyr/include/sys/dlist.h:31:8:[m[K [01;35m[Kwarning: [m[Kstruct has no named members [[01;35m[K-Wpedantic[m[K]
   31 | struct [01;35m[K_dnode[m[K {
      |        [01;35m[K^~~~~~[m[K
In file included from [01m[K/home/marlar/movelt_success/firmware/zephyrproject/zephyr/include/kernel_includes.h:29[m[K,
                 from [01m[K/home/marlar/movelt_success/firmware/zephyrproject/zephyr/include/kernel.h:17[m[K,
                 from [01m[K/home/marlar/movelt_success/firmware/zephyr_apps/microros_extensions/../../zephyrproject/zephyr/include/posix/time.h:59[m[K,
                 from [01m[K/home/marlar/movelt_success/firmware/mcu_ws/uros/rmw_microxrcedds/rmw_microxrcedds_c/src/rmw_init.c:15[m[K:
[01m[K/home/marlar/movelt_success/firmware/zephyrproject/zephyr/include/mempool_heap.h:27:3:[m[K [01;35m[Kwarning: [m[KISO C99 doesn't support unnamed structs/unions [[01;35m[K-Wpedantic[m[K]
   27 |  }[01;35m[K;[m[K
      |   [01;35m[K^[m[K
[01m[K/home/marlar/movelt_success/firmware/zephyrproject/zephyr/include/mempool_heap.h:23:8:[m[K [01;35m[Kwarning: [m[Kstruct has no named members [[01;35m[K-Wpedantic[m[K]
   23 | struct [01;35m[Kk_mem_block[m[K {
      |        [01;35m[K^~~~~~~~~~~[m[K
In file included from [01m[K/home/marlar/movelt_success/firmware/mcu_ws/uros/rmw_microxrcedds/rmw_microxrcedds_c/src/utils.h:20[m[K,
                 from [01m[K/home/marlar/movelt_success/firmware/mcu_ws/uros/rmw_microxrcedds/rmw_microxrcedds_c/src/rmw_get_serialization_format.c:16[m[K:
[01m[K/home/marlar/movelt_success/firmware/mcu_ws/uros/rmw_microxrcedds/rmw_microxrcedds_c/src/./types.h:239:33:[m[K [01;35m[Kwarning: [m[KISO C forbids zero-size array '[01m[Kcustom_subscriptions[m[K' [[01;35m[K-Wpedantic[m[K]
  239 | extern rmw_uxrce_subscription_t [01;35m[Kcustom_subscriptions[m[K[RMW_UXRCE_MAX_SUBSCRIPTIONS];
      |                                 [01;35m[K^~~~~~~~~~~~~~~~~~~~[m[K
In file included from [01m[K/home/marlar/movelt_success/firmware/mcu_ws/uros/rmw_microxrcedds/rmw_microxrcedds_c/src/rmw_get_topic_endpoint_info.c:26[m[K:
[01m[K/home/marlar/movelt_success/firmware/mcu_ws/uros/rmw_microxrcedds/rmw_microxrcedds_c/src/./types.h:239:33:[m[K [01;35m[Kwarning: [m[KISO C forbids zero-size array '[01m[Kcustom_subscriptions[m[K' [[01;35m[K-Wpedantic[m[K]
  239 | extern rmw_uxrce_subscription_t [01;35m[Kcustom_subscriptions[m[K[RMW_UXRCE_MAX_SUBSCRIPTIONS];
      |                                 [01;35m[K^~~~~~~~~~~~~~~~~~~~[m[K
[01m[K/home/marlar/movelt_success/firmware/mcu_ws/uros/rmw_microxrcedds/rmw_microxrcedds_c/src/./types.h:242:28:[m[K [01;35m[Kwarning: [m[KISO C forbids zero-size array '[01m[Kcustom_services[m[K' [[01;35m[K-Wpedantic[m[K]
  242 | extern rmw_uxrce_service_t [01;35m[Kcustom_services[m[K[RMW_UXRCE_MAX_SERVICES];
      |                            [01;35m[K^~~~~~~~~~~~~~~[m[K
[01m[K/home/marlar/movelt_success/firmware/mcu_ws/uros/rmw_microxrcedds/rmw_microxrcedds_c/src/./types.h:242:28:[m[K [01;35m[Kwarning: [m[KISO C forbids zero-size array '[01m[Kcustom_services[m[K' [[01;35m[K-Wpedantic[m[K]
  242 | extern rmw_uxrce_service_t [01;35m[Kcustom_services[m[K[RMW_UXRCE_MAX_SERVICES];
      |                            [01;35m[K^~~~~~~~~~~~~~~[m[K
[01m[K/home/marlar/movelt_success/firmware/mcu_ws/uros/rmw_microxrcedds/rmw_microxrcedds_c/src/./types.h:245:28:[m[K [01;35m[Kwarning: [m[KISO C forbids zero-size array '[01m[Kcustom_clients[m[K' [[01;35m[K-Wpedantic[m[K]
  245 | extern rmw_uxrce_client_t  [01;35m[Kcustom_clients[m[K[RMW_UXRCE_MAX_CLIENTS];
      |                            [01;35m[K^~~~~~~~~~~~~~[m[K
[01m[K/home/marlar/movelt_success/firmware/mcu_ws/uros/rmw_microxrcedds/rmw_microxrcedds_c/src/./types.h:245:28:[m[K [01;35m[Kwarning: [m[KISO C forbids zero-size array '[01m[Kcustom_clients[m[K' [[01;35m[K-Wpedantic[m[K]
  245 | extern rmw_uxrce_client_t  [01;35m[Kcustom_clients[m[K[RMW_UXRCE_MAX_CLIENTS];
      |                            [01;35m[K^~~~~~~~~~~~~~[m[K
In file included from [01m[K/home/marlar/movelt_success/firmware/zephyrproject/zephyr/include/arch/arm/aarch32/arch.h:26[m[K,
                 from [01m[K/home/marlar/movelt_success/firmware/zephyrproject/zephyr/include/arch/cpu.h:19[m[K,
                 from [01m[K/home/marlar/movelt_success/firmware/zephyrproject/zephyr/include/kernel_includes.h:33[m[K,
                 from [01m[K/home/marlar/movelt_success/firmware/zephyrproject/zephyr/include/kernel.h:17[m[K,
                 from [01m[K/home/marlar/movelt_success/firmware/zephyr_apps/microros_extensions/../../zephyrproject/zephyr/include/posix/time.h:59[m[K,
                 from [01m[K/home/marlar/movelt_success/firmware/mcu_ws/uros/rmw_microxrcedds/rmw_microxrcedds_c/src/rmw_init.c:15[m[K:
[01m[K/home/marlar/movelt_success/firmware/zephyrproject/zephyr/include/arch/arm/aarch32/exc.h:92:36:[m[K [01;35m[Kwarning: [m[KISO C99 doesn't support unnamed structs/unions [[01;35m[K-Wpedantic[m[K]
   92 |   sys_define_gpr_with_alias(a1, r0)[01;35m[K;[m[K
      |                                    [01;35m[K^[m[K
[01m[K/home/marlar/movelt_success/firmware/zephyrproject/zephyr/include/arch/arm/aarch32/exc.h:93:36:[m[K [01;35m[Kwarning: [m[KISO C99 doesn't support unnamed structs/unions [[01;35m[K-Wpedantic[m[K]
   93 |   sys_define_gpr_with_alias(a2, r1)[01;35m[K;[m[K
      |                                    [01;35m[K^[m[K
[01m[K/home/marlar/movelt_success/firmware/zephyrproject/zephyr/include/arch/arm/aarch32/exc.h:94:36:[m[K [01;35m[Kwarning: [m[KISO C99 doesn't support unnamed structs/unions [[01;35m[K-Wpedantic[m[K]
   94 |   sys_define_gpr_with_alias(a3, r2)[01;35m[K;[m[K
      |                                    [01;35m[K^[m[K
[01m[K/home/marlar/movelt_success/firmware/zephyrproject/zephyr/include/arch/arm/aarch32/exc.h:95:36:[m[K [01;35m[Kwarning: [m[KISO C99 doesn't support unnamed structs/unions [[01;35m[K-Wpedantic[m[K]
   95 |   sys_define_gpr_with_alias(a4, r3)[01;35m[K;[m[K
      |                                    [01;35m[K^[m[K
[01m[K/home/marlar/movelt_success/firmware/zephyrproject/zephyr/include/arch/arm/aarch32/exc.h:96:37:[m[K [01;35m[Kwarning: [m[KISO C99 doesn't support unnamed structs/unions [[01;35m[K-Wpedantic[m[K]
   96 |   sys_define_gpr_with_alias(ip, r12)[01;35m[K;[m[K
      |                                     [01;35m[K^[m[K
[01m[K/home/marlar/movelt_success/firmware/zephyrproject/zephyr/include/arch/arm/aarch32/exc.h:97:37:[m[K [01;35m[Kwarning: [m[KISO C99 doesn't support unnamed structs/unions [[01;35m[K-Wpedantic[m[K]
   97 |   sys_define_gpr_with_alias(lr, r14)[01;35m[K;[m[K
      |                                     [01;35m[K^[m[K
[01m[K/home/marlar/movelt_success/firmware/zephyrproject/zephyr/include/arch/arm/aarch32/exc.h:98:37:[m[K [01;35m[Kwarning: [m[KISO C99 doesn't support unnamed structs/unions [[01;35m[K-Wpedantic[m[K]
   98 |   sys_define_gpr_with_alias(pc, r15)[01;35m[K;[m[K
      |                                     [01;35m[K^[m[K
In file included from [01m[K/home/marlar/movelt_success/firmware/mcu_ws/uros/rmw_microxrcedds/rmw_microxrcedds_c/src/utils.h:20[m[K,
                 from [01m[K/home/marlar/movelt_success/firmware/mcu_ws/uros/rmw_microxrcedds/rmw_microxrcedds_c/src/rmw_guard_condition.c:15[m[K:
[01m[K/home/marlar/movelt_success/firmware/mcu_ws/uros/rmw_microxrcedds/rmw_microxrcedds_c/src/./types.h:239:33:[m[K [01;35m[Kwarning: [m[KISO C forbids zero-size array '[01m[Kcustom_subscriptions[m[K' [[01;35m[K-Wpedantic[m[K]
  239 | extern rmw_uxrce_subscription_t [01;35m[Kcustom_subscriptions[m[K[RMW_UXRCE_MAX_SUBSCRIPTIONS];
      |                                 [01;35m[K^~~~~~~~~~~~~~~~~~~~[m[K
[01m[K/home/marlar/movelt_success/firmware/mcu_ws/uros/rmw_microxrcedds/rmw_microxrcedds_c/src/./types.h:242:28:[m[K [01;35m[Kwarning: [m[KISO C forbids zero-size array '[01m[Kcustom_services[m[K' [[01;35m[K-Wpedantic[m[K]
  242 | extern rmw_uxrce_service_t [01;35m[Kcustom_services[m[K[RMW_UXRCE_MAX_SERVICES];
      |                            [01;35m[K^~~~~~~~~~~~~~~[m[K
[01m[K/home/marlar/movelt_success/firmware/mcu_ws/uros/rmw_microxrcedds/rmw_microxrcedds_c/src/./types.h:245:28:[m[K [01;35m[Kwarning: [m[KISO C forbids zero-size array '[01m[Kcustom_clients[m[K' [[01;35m[K-Wpedantic[m[K]
  245 | extern rmw_uxrce_client_t  [01;35m[Kcustom_clients[m[K[RMW_UXRCE_MAX_CLIENTS];
      |                            [01;35m[K^~~~~~~~~~~~~~[m[K
In file included from [01m[K/home/marlar/movelt_success/firmware/mcu_ws/uros/rmw_microxrcedds/rmw_microxrcedds_c/src/./rmw_microxrcedds_topic.h:21[m[K,
                 from [01m[K/home/marlar/movelt_success/firmware/mcu_ws/uros/rmw_microxrcedds/rmw_microxrcedds_c/src/rmw_microxrcedds_topic.c:15[m[K:
[01m[K/home/marlar/movelt_success/firmware/mcu_ws/uros/rmw_microxrcedds/rmw_microxrcedds_c/src/././types.h:239:33:[m[K [01;35m[Kwarning: [m[KISO C forbids zero-size array '[01m[Kcustom_subscriptions[m[K' [[01;35m[K-Wpedantic[m[K]
  239 | extern rmw_uxrce_subscription_t [01;35m[Kcustom_subscriptions[m[K[RMW_UXRCE_MAX_SUBSCRIPTIONS];
      |                                 [01;35m[K^~~~~~~~~~~~~~~~~~~~[m[K
[01m[K/home/marlar/movelt_success/firmware/mcu_ws/uros/rmw_microxrcedds/rmw_microxrcedds_c/src/././types.h:242:28:[m[K [01;35m[Kwarning: [m[KISO C forbids zero-size array '[01m[Kcustom_services[m[K' [[01;35m[K-Wpedantic[m[K]
  242 | extern rmw_uxrce_service_t [01;35m[Kcustom_services[m[K[RMW_UXRCE_MAX_SERVICES];
      |                            [01;35m[K^~~~~~~~~~~~~~~[m[K
[01m[K/home/marlar/movelt_success/firmware/mcu_ws/uros/rmw_microxrcedds/rmw_microxrcedds_c/src/././types.h:245:28:[m[K [01;35m[Kwarning: [m[KISO C forbids zero-size array '[01m[Kcustom_clients[m[K' [[01;35m[K-Wpedantic[m[K]
  245 | extern rmw_uxrce_client_t  [01;35m[Kcustom_clients[m[K[RMW_UXRCE_MAX_CLIENTS];
      |                            [01;35m[K^~~~~~~~~~~~~~[m[K
In file included from [01m[K/home/marlar/movelt_success/firmware/mcu_ws/uros/rmw_microxrcedds/rmw_microxrcedds_c/src/rmw_node.h:20[m[K,
                 from [01m[K/home/marlar/movelt_success/firmware/mcu_ws/uros/rmw_microxrcedds/rmw_microxrcedds_c/src/rmw_node.c:15[m[K:
[01m[K/home/marlar/movelt_success/firmware/mcu_ws/uros/rmw_microxrcedds/rmw_microxrcedds_c/src/./types.h:239:33:[m[K [01;35m[Kwarning: [m[KISO C forbids zero-size array '[01m[Kcustom_subscriptions[m[K' [[01;35m[K-Wpedantic[m[K]
  239 | extern rmw_uxrce_subscription_t [01;35m[Kcustom_subscriptions[m[K[RMW_UXRCE_MAX_SUBSCRIPTIONS];
      |                                 [01;35m[K^~~~~~~~~~~~~~~~~~~~[m[K
[01m[K/home/marlar/movelt_success/firmware/mcu_ws/uros/rmw_microxrcedds/rmw_microxrcedds_c/src/./types.h:242:28:[m[K [01;35m[Kwarning: [m[KISO C forbids zero-size array '[01m[Kcustom_services[m[K' [[01;35m[K-Wpedantic[m[K]
  242 | extern rmw_uxrce_service_t [01;35m[Kcustom_services[m[K[RMW_UXRCE_MAX_SERVICES];
      |                            [01;35m[K^~~~~~~~~~~~~~~[m[K
[01m[K/home/marlar/movelt_success/firmware/mcu_ws/uros/rmw_microxrcedds/rmw_microxrcedds_c/src/./types.h:245:28:[m[K [01;35m[Kwarning: [m[KISO C forbids zero-size array '[01m[Kcustom_clients[m[K' [[01;35m[K-Wpedantic[m[K]
  245 | extern rmw_uxrce_client_t  [01;35m[Kcustom_clients[m[K[RMW_UXRCE_MAX_CLIENTS];
      |                            [01;35m[K^~~~~~~~~~~~~~[m[K
In file included from [01m[K/home/marlar/movelt_success/firmware/mcu_ws/uros/rmw_microxrcedds/rmw_microxrcedds_c/src/rmw_node_names.c:24[m[K:
[01m[K/home/marlar/movelt_success/firmware/mcu_ws/uros/rmw_microxrcedds/rmw_microxrcedds_c/src/./types.h:239:33:[m[K [01;35m[Kwarning: [m[KISO C forbids zero-size array '[01m[Kcustom_subscriptions[m[K' [[01;35m[K-Wpedantic[m[K]
  239 | extern rmw_uxrce_subscription_t [01;35m[Kcustom_subscriptions[m[K[RMW_UXRCE_MAX_SUBSCRIPTIONS];
      |                                 [01;35m[K^~~~~~~~~~~~~~~~~~~~[m[K
[01m[K/home/marlar/movelt_success/firmware/mcu_ws/uros/rmw_microxrcedds/rmw_microxrcedds_c/src/./types.h:242:28:[m[K [01;35m[Kwarning: [m[KISO C forbids zero-size array '[01m[Kcustom_services[m[K' [[01;35m[K-Wpedantic[m[K]
  242 | extern rmw_uxrce_service_t [01;35m[Kcustom_services[m[K[RMW_UXRCE_MAX_SERVICES];
      |                            [01;35m[K^~~~~~~~~~~~~~~[m[K
[01m[K/home/marlar/movelt_success/firmware/mcu_ws/uros/rmw_microxrcedds/rmw_microxrcedds_c/src/./types.h:245:28:[m[K [01;35m[Kwarning: [m[KISO C forbids zero-size array '[01m[Kcustom_clients[m[K' [[01;35m[K-Wpedantic[m[K]
  245 | extern rmw_uxrce_client_t  [01;35m[Kcustom_clients[m[K[RMW_UXRCE_MAX_CLIENTS];
      |                            [01;35m[K^~~~~~~~~~~~~~[m[K
In file included from [01m[K/home/marlar/movelt_success/firmware/mcu_ws/uros/rmw_microxrcedds/rmw_microxrcedds_c/src/rmw_node_info_and_types.c:22[m[K:
[01m[K/home/marlar/movelt_success/firmware/mcu_ws/uros/rmw_microxrcedds/rmw_microxrcedds_c/src/./types.h:239:33:[m[K [01;35m[Kwarning: [m[KISO C forbids zero-size array '[01m[Kcustom_subscriptions[m[K' [[01;35m[K-Wpedantic[m[K]
  239 | extern rmw_uxrce_subscription_t [01;35m[Kcustom_subscriptions[m[K[RMW_UXRCE_MAX_SUBSCRIPTIONS];
      |                                 [01;35m[K^~~~~~~~~~~~~~~~~~~~[m[K
[01m[K/home/marlar/movelt_success/firmware/mcu_ws/uros/rmw_microxrcedds/rmw_microxrcedds_c/src/./types.h:242:28:[m[K [01;35m[Kwarning: [m[KISO C forbids zero-size array '[01m[Kcustom_services[m[K' [[01;35m[K-Wpedantic[m[K]
  242 | extern rmw_uxrce_service_t [01;35m[Kcustom_services[m[K[RMW_UXRCE_MAX_SERVICES];
      |                            [01;35m[K^~~~~~~~~~~~~~~[m[K
[01m[K/home/marlar/movelt_success/firmware/mcu_ws/uros/rmw_microxrcedds/rmw_microxrcedds_c/src/./types.h:245:28:[m[K [01;35m[Kwarning: [m[KISO C forbids zero-size array '[01m[Kcustom_clients[m[K' [[01;35m[K-Wpedantic[m[K]
  245 | extern rmw_uxrce_client_t  [01;35m[Kcustom_clients[m[K[RMW_UXRCE_MAX_CLIENTS];
      |                            [01;35m[K^~~~~~~~~~~~~~[m[K
In file included from [01m[K/home/marlar/movelt_success/firmware/mcu_ws/uros/rmw_microxrcedds/rmw_microxrcedds_c/src/rmw_publish.c:15[m[K:
[01m[K/home/marlar/movelt_success/firmware/mcu_ws/uros/rmw_microxrcedds/rmw_microxrcedds_c/src/types.h:239:33:[m[K [01;35m[Kwarning: [m[KISO C forbids zero-size array '[01m[Kcustom_subscriptions[m[K' [[01;35m[K-Wpedantic[m[K]
  239 | extern rmw_uxrce_subscription_t [01;35m[Kcustom_subscriptions[m[K[RMW_UXRCE_MAX_SUBSCRIPTIONS];
      |                                 [01;35m[K^~~~~~~~~~~~~~~~~~~~[m[K
[01m[K/home/marlar/movelt_success/firmware/mcu_ws/uros/rmw_microxrcedds/rmw_microxrcedds_c/src/types.h:242:28:[m[K [01;35m[Kwarning: [m[KISO C forbids zero-size array '[01m[Kcustom_services[m[K' [[01;35m[K-Wpedantic[m[K]
  242 | extern rmw_uxrce_service_t [01;35m[Kcustom_services[m[K[RMW_UXRCE_MAX_SERVICES];
      |                            [01;35m[K^~~~~~~~~~~~~~~[m[K
[01m[K/home/marlar/movelt_success/firmware/mcu_ws/uros/rmw_microxrcedds/rmw_microxrcedds_c/src/types.h:245:28:[m[K [01;35m[Kwarning: [m[KISO C forbids zero-size array '[01m[Kcustom_clients[m[K' [[01;35m[K-Wpedantic[m[K]
  245 | extern rmw_uxrce_client_t  [01;35m[Kcustom_clients[m[K[RMW_UXRCE_MAX_CLIENTS];
      |                            [01;35m[K^~~~~~~~~~~~~~[m[K
In file included from [01m[K/home/marlar/movelt_success/firmware/zephyrproject/zephyr/include/app_memory/mem_domain.h:15[m[K,
                 from [01m[K/home/marlar/movelt_success/firmware/zephyrproject/zephyr/include/kernel_includes.h:40[m[K,
                 from [01m[K/home/marlar/movelt_success/firmware/zephyrproject/zephyr/include/kernel.h:17[m[K,
                 from [01m[K/home/marlar/movelt_success/firmware/zephyr_apps/microros_extensions/../../zephyrproject/zephyr/include/posix/time.h:59[m[K,
                 from [01m[K/home/marlar/movelt_success/firmware/mcu_ws/uros/rmw_microxrcedds/rmw_microxrcedds_c/src/rmw_init.c:15[m[K:
[01m[K/home/marlar/movelt_success/firmware/zephyrproject/zephyr/include/kernel/thread.h:45:3:[m[K [01;35m[Kwarning: [m[KISO C99 doesn't support unnamed structs/unions [[01;35m[K-Wpedantic[m[K]
   45 |  }[01;35m[K;[m[K
      |   [01;35m[K^[m[K
[01m[K/home/marlar/movelt_success/firmware/zephyrproject/zephyr/include/kernel/thread.h:81:4:[m[K [01;35m[Kwarning: [m[KISO C99 doesn't support unnamed structs/unions [[01;35m[K-Wpedantic[m[K]
   81 |   }[01;35m[K;[m[K
      |    [01;35m[K^[m[K
[01m[K/home/marlar/movelt_success/firmware/zephyrproject/zephyr/include/kernel/thread.h:83:3:[m[K [01;35m[Kwarning: [m[KISO C99 doesn't support unnamed structs/unions [[01;35m[K-Wpedantic[m[K]
   83 |  }[01;35m[K;[m[K
      |   [01;35m[K^[m[K
In file included from [01m[K/home/marlar/movelt_success/firmware/zephyr_apps/microros_extensions/../../zephyrproject/zephyr/include/posix/time.h:59[m[K,
                 from [01m[K/home/marlar/movelt_success/firmware/mcu_ws/uros/rmw_microxrcedds/rmw_microxrcedds_c/src/rmw_init.c:15[m[K:
[01m[K/home/marlar/movelt_success/firmware/zephyrproject/zephyr/include/kernel.h:1657:13:[m[K [01;35m[Kwarning: [m[Kextra semicolon in struct or union specified [[01;35m[K-Wpedantic[m[K]
 1657 |  _POLL_EVENT[01;35m[K;[m[K
      |             [01;35m[K^[m[K
      |             [31m[K-[m[K
[01m[K/home/marlar/movelt_success/firmware/zephyrproject/zephyr/include/kernel.h:[m[K In function '[01m[Kk_delayed_work_init[m[K':
[01m[K/home/marlar/movelt_success/firmware/zephyrproject/zephyr/include/kernel.h:2738:12:[m[K [01;35m[Kwarning: [m[KISO C forbids empty initializer braces [[01;35m[K-Wpedantic[m[K]
 2738 |    .node = [01;35m[K{[m[K},\
      |            [01;35m[K^[m[K
[01m[K/home/marlar/movelt_success/firmware/zephyrproject/zephyr/include/kernel.h:2773:33:[m[K [01;36m[Knote: [m[Kin expansion of macro '[01m[KZ_DELAYED_WORK_INITIALIZER[m[K'
 2773 |  *work = (struct k_delayed_work)[01;36m[KZ_DELAYED_WORK_INITIALIZER[m[K(handler);
      |                                 [01;36m[K^~~~~~~~~~~~~~~~~~~~~~~~~~[m[K
[01m[K/home/marlar/movelt_success/firmware/zephyrproject/zephyr/include/kernel.h:[m[K At top level:
[01m[K/home/marlar/movelt_success/firmware/zephyrproject/zephyr/include/kernel.h:3283:13:[m[K [01;35m[Kwarning: [m[Kextra semicolon in struct or union specified [[01;35m[K-Wpedantic[m[K]
 3283 |  _POLL_EVENT[01;35m[K;[m[K
      |             [01;35m[K^[m[K
      |             [31m[K-[m[K
[01m[K/home/marlar/movelt_success/firmware/zephyrproject/zephyr/include/kernel.h:4551:3:[m[K [01;35m[Kwarning: [m[KISO C99 doesn't support unnamed structs/unions [[01;35m[K-Wpedantic[m[K]
 4551 |  }[01;35m[K;[m[K
      |   [01;35m[K^[m[K
In file included from [01m[K/home/marlar/movelt_success/firmware/mcu_ws/uros/rmw_microxrcedds/rmw_microxrcedds_c/src/utils.h:20[m[K,
                 from [01m[K/home/marlar/movelt_success/firmware/mcu_ws/uros/rmw_microxrcedds/rmw_microxrcedds_c/src/rmw_publisher.c:17[m[K:
[01m[K/home/marlar/movelt_success/firmware/mcu_ws/uros/rmw_microxrcedds/rmw_microxrcedds_c/src/./types.h:239:33:[m[K [01;35m[Kwarning: [m[KISO C forbids zero-size array '[01m[Kcustom_subscriptions[m[K' [[01;35m[K-Wpedantic[m[K]
  239 | extern rmw_uxrce_subscription_t [01;35m[Kcustom_subscriptions[m[K[RMW_UXRCE_MAX_SUBSCRIPTIONS];
      |                                 [01;35m[K^~~~~~~~~~~~~~~~~~~~[m[K
[01m[K/home/marlar/movelt_success/firmware/mcu_ws/uros/rmw_microxrcedds/rmw_microxrcedds_c/src/./types.h:242:28:[m[K [01;35m[Kwarning: [m[KISO C forbids zero-size array '[01m[Kcustom_services[m[K' [[01;35m[K-Wpedantic[m[K]
  242 | extern rmw_uxrce_service_t [01;35m[Kcustom_services[m[K[RMW_UXRCE_MAX_SERVICES];
      |                            [01;35m[K^~~~~~~~~~~~~~~[m[K
[01m[K/home/marlar/movelt_success/firmware/mcu_ws/uros/rmw_microxrcedds/rmw_microxrcedds_c/src/./types.h:245:28:[m[K [01;35m[Kwarning: [m[KISO C forbids zero-size array '[01m[Kcustom_clients[m[K' [[01;35m[K-Wpedantic[m[K]
  245 | extern rmw_uxrce_client_t  [01;35m[Kcustom_clients[m[K[RMW_UXRCE_MAX_CLIENTS];
      |                            [01;35m[K^~~~~~~~~~~~~~[m[K
In file included from [01m[K/home/marlar/movelt_success/firmware/mcu_ws/uros/rmw_microxrcedds/rmw_microxrcedds_c/src/utils.h:20[m[K,
                 from [01m[K/home/marlar/movelt_success/firmware/mcu_ws/uros/rmw_microxrcedds/rmw_microxrcedds_c/src/rmw_response.c:15[m[K:
[01m[K/home/marlar/movelt_success/firmware/mcu_ws/uros/rmw_microxrcedds/rmw_microxrcedds_c/src/./types.h:239:33:[m[K [01;35m[Kwarning: [m[KISO C forbids zero-size array '[01m[Kcustom_subscriptions[m[K' [[01;35m[K-Wpedantic[m[K]
  239 | extern rmw_uxrce_subscription_t [01;35m[Kcustom_subscriptions[m[K[RMW_UXRCE_MAX_SUBSCRIPTIONS];
      |                                 [01;35m[K^~~~~~~~~~~~~~~~~~~~[m[K
[01m[K/home/marlar/movelt_success/firmware/mcu_ws/uros/rmw_microxrcedds/rmw_microxrcedds_c/src/./types.h:242:28:[m[K [01;35m[Kwarning: [m[KISO C forbids zero-size array '[01m[Kcustom_services[m[K' [[01;35m[K-Wpedantic[m[K]
  242 | extern rmw_uxrce_service_t [01;35m[Kcustom_services[m[K[RMW_UXRCE_MAX_SERVICES];
      |                            [01;35m[K^~~~~~~~~~~~~~~[m[K
[01m[K/home/marlar/movelt_success/firmware/mcu_ws/uros/rmw_microxrcedds/rmw_microxrcedds_c/src/./types.h:245:28:[m[K [01;35m[Kwarning: [m[KISO C forbids zero-size array '[01m[Kcustom_clients[m[K' [[01;35m[K-Wpedantic[m[K]
  245 | extern rmw_uxrce_client_t  [01;35m[Kcustom_clients[m[K[RMW_UXRCE_MAX_CLIENTS];
      |                            [01;35m[K^~~~~~~~~~~~~~[m[K
In file included from [01m[K/home/marlar/movelt_success/firmware/mcu_ws/uros/rmw_microxrcedds/rmw_microxrcedds_c/src/rmw_init.c:17[m[K:
[01m[K/home/marlar/movelt_success/firmware/mcu_ws/uros/rmw_microxrcedds/rmw_microxrcedds_c/src/./types.h:239:33:[m[K [01;35m[Kwarning: [m[KISO C forbids zero-size array '[01m[Kcustom_subscriptions[m[K' [[01;35m[K-Wpedantic[m[K]
  239 | extern rmw_uxrce_subscription_t [01;35m[Kcustom_subscriptions[m[K[RMW_UXRCE_MAX_SUBSCRIPTIONS];
      |                                 [01;35m[K^~~~~~~~~~~~~~~~~~~~[m[K
[01m[K/home/marlar/movelt_success/firmware/mcu_ws/uros/rmw_microxrcedds/rmw_microxrcedds_c/src/./types.h:242:28:[m[K [01;35m[Kwarning: [m[KISO C forbids zero-size array '[01m[Kcustom_services[m[K' [[01;35m[K-Wpedantic[m[K]
  242 | extern rmw_uxrce_service_t [01;35m[Kcustom_services[m[K[RMW_UXRCE_MAX_SERVICES];
      |                            [01;35m[K^~~~~~~~~~~~~~~[m[K
[01m[K/home/marlar/movelt_success/firmware/mcu_ws/uros/rmw_microxrcedds/rmw_microxrcedds_c/src/./types.h:245:28:[m[K [01;35m[Kwarning: [m[KISO C forbids zero-size array '[01m[Kcustom_clients[m[K' [[01;35m[K-Wpedantic[m[K]
  245 | extern rmw_uxrce_client_t  [01;35m[Kcustom_clients[m[K[RMW_UXRCE_MAX_CLIENTS];
      |                            [01;35m[K^~~~~~~~~~~~~~[m[K
In file included from [01m[K/home/marlar/movelt_success/firmware/mcu_ws/uros/rmw_microxrcedds/rmw_microxrcedds_c/src/utils.h:20[m[K,
                 from [01m[K/home/marlar/movelt_success/firmware/mcu_ws/uros/rmw_microxrcedds/rmw_microxrcedds_c/src/rmw_service.c:15[m[K:
[01m[K/home/marlar/movelt_success/firmware/mcu_ws/uros/rmw_microxrcedds/rmw_microxrcedds_c/src/./types.h:239:33:[m[K [01;35m[Kwarning: [m[KISO C forbids zero-size array '[01m[Kcustom_subscriptions[m[K' [[01;35m[K-Wpedantic[m[K]
  239 | extern rmw_uxrce_subscription_t [01;35m[Kcustom_subscriptions[m[K[RMW_UXRCE_MAX_SUBSCRIPTIONS];
      |                                 [01;35m[K^~~~~~~~~~~~~~~~~~~~[m[K
[01m[K/home/marlar/movelt_success/firmware/mcu_ws/uros/rmw_microxrcedds/rmw_microxrcedds_c/src/./types.h:242:28:[m[K [01;35m[Kwarning: [m[KISO C forbids zero-size array '[01m[Kcustom_services[m[K' [[01;35m[K-Wpedantic[m[K]
  242 | extern rmw_uxrce_service_t [01;35m[Kcustom_services[m[K[RMW_UXRCE_MAX_SERVICES];
      |                            [01;35m[K^~~~~~~~~~~~~~~[m[K
[01m[K/home/marlar/movelt_success/firmware/mcu_ws/uros/rmw_microxrcedds/rmw_microxrcedds_c/src/./types.h:245:28:[m[K [01;35m[Kwarning: [m[KISO C forbids zero-size array '[01m[Kcustom_clients[m[K' [[01;35m[K-Wpedantic[m[K]
  245 | extern rmw_uxrce_client_t  [01;35m[Kcustom_clients[m[K[RMW_UXRCE_MAX_CLIENTS];
      |                            [01;35m[K^~~~~~~~~~~~~~[m[K
In file included from [01m[K/home/marlar/movelt_success/firmware/mcu_ws/uros/rmw_microxrcedds/rmw_microxrcedds_c/src/utils.h:20[m[K,
                 from [01m[K/home/marlar/movelt_success/firmware/mcu_ws/uros/rmw_microxrcedds/rmw_microxrcedds_c/src/rmw_request.c:15[m[K:
[01m[K/home/marlar/movelt_success/firmware/mcu_ws/uros/rmw_microxrcedds/rmw_microxrcedds_c/src/./types.h:239:33:[m[K [01;35m[Kwarning: [m[KISO C forbids zero-size array '[01m[Kcustom_subscriptions[m[K' [[01;35m[K-Wpedantic[m[K]
  239 | extern rmw_uxrce_subscription_t [01;35m[Kcustom_subscriptions[m[K[RMW_UXRCE_MAX_SUBSCRIPTIONS];
      |                                 [01;35m[K^~~~~~~~~~~~~~~~~~~~[m[K
[01m[K/home/marlar/movelt_success/firmware/mcu_ws/uros/rmw_microxrcedds/rmw_microxrcedds_c/src/./types.h:242:28:[m[K [01;35m[Kwarning: [m[KISO C forbids zero-size array '[01m[Kcustom_services[m[K' [[01;35m[K-Wpedantic[m[K]
  242 | extern rmw_uxrce_service_t [01;35m[Kcustom_services[m[K[RMW_UXRCE_MAX_SERVICES];
      |                            [01;35m[K^~~~~~~~~~~~~~~[m[K
[01m[K/home/marlar/movelt_success/firmware/mcu_ws/uros/rmw_microxrcedds/rmw_microxrcedds_c/src/./types.h:245:28:[m[K [01;35m[Kwarning: [m[KISO C forbids zero-size array '[01m[Kcustom_clients[m[K' [[01;35m[K-Wpedantic[m[K]
  245 | extern rmw_uxrce_client_t  [01;35m[Kcustom_clients[m[K[RMW_UXRCE_MAX_CLIENTS];
      |                            [01;35m[K^~~~~~~~~~~~~~[m[K
In file included from [01m[K/home/marlar/movelt_success/firmware/mcu_ws/uros/rmw_microxrcedds/rmw_microxrcedds_c/src/rmw_service_names_and_types.c:22[m[K:
[01m[K/home/marlar/movelt_success/firmware/mcu_ws/uros/rmw_microxrcedds/rmw_microxrcedds_c/src/./types.h:239:33:[m[K [01;35m[Kwarning: [m[KISO C forbids zero-size array '[01m[Kcustom_subscriptions[m[K' [[01;35m[K-Wpedantic[m[K]
  239 | extern rmw_uxrce_subscription_t [01;35m[Kcustom_subscriptions[m[K[RMW_UXRCE_MAX_SUBSCRIPTIONS];
      |                                 [01;35m[K^~~~~~~~~~~~~~~~~~~~[m[K
[01m[K/home/marlar/movelt_success/firmware/mcu_ws/uros/rmw_microxrcedds/rmw_microxrcedds_c/src/./types.h:242:28:[m[K [01;35m[Kwarning: [m[KISO C forbids zero-size array '[01m[Kcustom_services[m[K' [[01;35m[K-Wpedantic[m[K]
  242 | extern rmw_uxrce_service_t [01;35m[Kcustom_services[m[K[RMW_UXRCE_MAX_SERVICES];
      |                            [01;35m[K^~~~~~~~~~~~~~~[m[K
[01m[K/home/marlar/movelt_success/firmware/mcu_ws/uros/rmw_microxrcedds/rmw_microxrcedds_c/src/./types.h:245:28:[m[K [01;35m[Kwarning: [m[KISO C forbids zero-size array '[01m[Kcustom_clients[m[K' [[01;35m[K-Wpedantic[m[K]
  245 | extern rmw_uxrce_client_t  [01;35m[Kcustom_clients[m[K[RMW_UXRCE_MAX_CLIENTS];
      |                            [01;35m[K^~~~~~~~~~~~~~[m[K
In file included from [01m[K/home/marlar/movelt_success/firmware/mcu_ws/uros/rmw_microxrcedds/rmw_microxrcedds_c/src/utils.h:20[m[K,
                 from [01m[K/home/marlar/movelt_success/firmware/mcu_ws/uros/rmw_microxrcedds/rmw_microxrcedds_c/src/rmw_subscription.c:15[m[K:
[01m[K/home/marlar/movelt_success/firmware/mcu_ws/uros/rmw_microxrcedds/rmw_microxrcedds_c/src/./types.h:239:33:[m[K [01;35m[Kwarning: [m[KISO C forbids zero-size array '[01m[Kcustom_subscriptions[m[K' [[01;35m[K-Wpedantic[m[K]
  239 | extern rmw_uxrce_subscription_t [01;35m[Kcustom_subscriptions[m[K[RMW_UXRCE_MAX_SUBSCRIPTIONS];
      |                                 [01;35m[K^~~~~~~~~~~~~~~~~~~~[m[K
[01m[K/home/marlar/movelt_success/firmware/mcu_ws/uros/rmw_microxrcedds/rmw_microxrcedds_c/src/./types.h:242:28:[m[K [01;35m[Kwarning: [m[KISO C forbids zero-size array '[01m[Kcustom_services[m[K' [[01;35m[K-Wpedantic[m[K]
  242 | extern rmw_uxrce_service_t [01;35m[Kcustom_services[m[K[RMW_UXRCE_MAX_SERVICES];
      |                            [01;35m[K^~~~~~~~~~~~~~~[m[K
[01m[K/home/marlar/movelt_success/firmware/mcu_ws/uros/rmw_microxrcedds/rmw_microxrcedds_c/src/./types.h:245:28:[m[K [01;35m[Kwarning: [m[KISO C forbids zero-size array '[01m[Kcustom_clients[m[K' [[01;35m[K-Wpedantic[m[K]
  245 | extern rmw_uxrce_client_t  [01;35m[Kcustom_clients[m[K[RMW_UXRCE_MAX_CLIENTS];
      |                            [01;35m[K^~~~~~~~~~~~~~[m[K
In file included from [01m[K/home/marlar/movelt_success/firmware/mcu_ws/uros/rmw_microxrcedds/rmw_microxrcedds_c/src/utils.h:20[m[K,
                 from [01m[K/home/marlar/movelt_success/firmware/mcu_ws/uros/rmw_microxrcedds/rmw_microxrcedds_c/src/rmw_take.c:15[m[K:
[01m[K/home/marlar/movelt_success/firmware/mcu_ws/uros/rmw_microxrcedds/rmw_microxrcedds_c/src/./types.h:239:33:[m[K [01;35m[Kwarning: [m[KISO C forbids zero-size array '[01m[Kcustom_subscriptions[m[K' [[01;35m[K-Wpedantic[m[K]
  239 | extern rmw_uxrce_subscription_t [01;35m[Kcustom_subscriptions[m[K[RMW_UXRCE_MAX_SUBSCRIPTIONS];
      |                                 [01;35m[K^~~~~~~~~~~~~~~~~~~~[m[K
[01m[K/home/marlar/movelt_success/firmware/mcu_ws/uros/rmw_microxrcedds/rmw_microxrcedds_c/src/./types.h:242:28:[m[K [01;35m[Kwarning: [m[KISO C forbids zero-size array '[01m[Kcustom_services[m[K' [[01;35m[K-Wpedantic[m[K]
  242 | extern rmw_uxrce_service_t [01;35m[Kcustom_services[m[K[RMW_UXRCE_MAX_SERVICES];
      |                            [01;35m[K^~~~~~~~~~~~~~~[m[K
[01m[K/home/marlar/movelt_success/firmware/mcu_ws/uros/rmw_microxrcedds/rmw_microxrcedds_c/src/./types.h:245:28:[m[K [01;35m[Kwarning: [m[KISO C forbids zero-size array '[01m[Kcustom_clients[m[K' [[01;35m[K-Wpedantic[m[K]
  245 | extern rmw_uxrce_client_t  [01;35m[Kcustom_clients[m[K[RMW_UXRCE_MAX_CLIENTS];
      |                            [01;35m[K^~~~~~~~~~~~~~[m[K
In file included from [01m[K/home/marlar/movelt_success/firmware/mcu_ws/uros/rmw_microxrcedds/rmw_microxrcedds_c/src/rmw_topic_names_and_types.c:22[m[K:
[01m[K/home/marlar/movelt_success/firmware/mcu_ws/uros/rmw_microxrcedds/rmw_microxrcedds_c/src/./types.h:239:33:[m[K [01;35m[Kwarning: [m[KISO C forbids zero-size array '[01m[Kcustom_subscriptions[m[K' [[01;35m[K-Wpedantic[m[K]
  239 | extern rmw_uxrce_subscription_t [01;35m[Kcustom_subscriptions[m[K[RMW_UXRCE_MAX_SUBSCRIPTIONS];
      |                                 [01;35m[K^~~~~~~~~~~~~~~~~~~~[m[K
[01m[K/home/marlar/movelt_success/firmware/mcu_ws/uros/rmw_microxrcedds/rmw_microxrcedds_c/src/./types.h:242:28:[m[K [01;35m[Kwarning: [m[KISO C forbids zero-size array '[01m[Kcustom_services[m[K' [[01;35m[K-Wpedantic[m[K]
  242 | extern rmw_uxrce_service_t [01;35m[Kcustom_services[m[K[RMW_UXRCE_MAX_SERVICES];
      |                            [01;35m[K^~~~~~~~~~~~~~~[m[K
[01m[K/home/marlar/movelt_success/firmware/mcu_ws/uros/rmw_microxrcedds/rmw_microxrcedds_c/src/./types.h:245:28:[m[K [01;35m[Kwarning: [m[KISO C forbids zero-size array '[01m[Kcustom_clients[m[K' [[01;35m[K-Wpedantic[m[K]
  245 | extern rmw_uxrce_client_t  [01;35m[Kcustom_clients[m[K[RMW_UXRCE_MAX_CLIENTS];
      |                            [01;35m[K^~~~~~~~~~~~~~[m[K
In file included from [01m[K/home/marlar/movelt_success/firmware/mcu_ws/uros/rmw_microxrcedds/rmw_microxrcedds_c/src/utils.h:20[m[K,
                 from [01m[K/home/marlar/movelt_success/firmware/mcu_ws/uros/rmw_microxrcedds/rmw_microxrcedds_c/src/rmw_trigger_guard_condition.c:15[m[K:
[01m[K/home/marlar/movelt_success/firmware/mcu_ws/uros/rmw_microxrcedds/rmw_microxrcedds_c/src/./types.h:239:33:[m[K [01;35m[Kwarning: [m[KISO C forbids zero-size array '[01m[Kcustom_subscriptions[m[K' [[01;35m[K-Wpedantic[m[K]
  239 | extern rmw_uxrce_subscription_t [01;35m[Kcustom_subscriptions[m[K[RMW_UXRCE_MAX_SUBSCRIPTIONS];
      |                                 [01;35m[K^~~~~~~~~~~~~~~~~~~~[m[K
[01m[K/home/marlar/movelt_success/firmware/mcu_ws/uros/rmw_microxrcedds/rmw_microxrcedds_c/src/./types.h:242:28:[m[K [01;35m[Kwarning: [m[KISO C forbids zero-size array '[01m[Kcustom_services[m[K' [[01;35m[K-Wpedantic[m[K]
  242 | extern rmw_uxrce_service_t [01;35m[Kcustom_services[m[K[RMW_UXRCE_MAX_SERVICES];
      |                            [01;35m[K^~~~~~~~~~~~~~~[m[K
[01m[K/home/marlar/movelt_success/firmware/mcu_ws/uros/rmw_microxrcedds/rmw_microxrcedds_c/src/./types.h:245:28:[m[K [01;35m[Kwarning: [m[KISO C forbids zero-size array '[01m[Kcustom_clients[m[K' [[01;35m[K-Wpedantic[m[K]
  245 | extern rmw_uxrce_client_t  [01;35m[Kcustom_clients[m[K[RMW_UXRCE_MAX_CLIENTS];
      |                            [01;35m[K^~~~~~~~~~~~~~[m[K
In file included from [01m[K/home/marlar/movelt_success/firmware/mcu_ws/uros/rmw_microxrcedds/rmw_microxrcedds_c/src/rmw_uros_options.c:17[m[K:
[01m[K/home/marlar/movelt_success/firmware/mcu_ws/uros/rmw_microxrcedds/rmw_microxrcedds_c/src/types.h:239:33:[m[K [01;35m[Kwarning: [m[KISO C forbids zero-size array '[01m[Kcustom_subscriptions[m[K' [[01;35m[K-Wpedantic[m[K]
  239 | extern rmw_uxrce_subscription_t [01;35m[Kcustom_subscriptions[m[K[RMW_UXRCE_MAX_SUBSCRIPTIONS];
      |                                 [01;35m[K^~~~~~~~~~~~~~~~~~~~[m[K
[01m[K/home/marlar/movelt_success/firmware/mcu_ws/uros/rmw_microxrcedds/rmw_microxrcedds_c/src/types.h:242:28:[m[K [01;35m[Kwarning: [m[KISO C forbids zero-size array '[01m[Kcustom_services[m[K' [[01;35m[K-Wpedantic[m[K]
  242 | extern rmw_uxrce_service_t [01;35m[Kcustom_services[m[K[RMW_UXRCE_MAX_SERVICES];
      |                            [01;35m[K^~~~~~~~~~~~~~~[m[K
[01m[K/home/marlar/movelt_success/firmware/mcu_ws/uros/rmw_microxrcedds/rmw_microxrcedds_c/src/types.h:245:28:[m[K [01;35m[Kwarning: [m[KISO C forbids zero-size array '[01m[Kcustom_clients[m[K' [[01;35m[K-Wpedantic[m[K]
  245 | extern rmw_uxrce_client_t  [01;35m[Kcustom_clients[m[K[RMW_UXRCE_MAX_CLIENTS];
      |                            [01;35m[K^~~~~~~~~~~~~~[m[K
In file included from [01m[K/home/marlar/movelt_success/firmware/mcu_ws/uros/rmw_microxrcedds/rmw_microxrcedds_c/src/utils.h:20[m[K,
                 from [01m[K/home/marlar/movelt_success/firmware/mcu_ws/uros/rmw_microxrcedds/rmw_microxrcedds_c/src/rmw_wait.c:15[m[K:
[01m[K/home/marlar/movelt_success/firmware/mcu_ws/uros/rmw_microxrcedds/rmw_microxrcedds_c/src/./types.h:239:33:[m[K [01;35m[Kwarning: [m[KISO C forbids zero-size array '[01m[Kcustom_subscriptions[m[K' [[01;35m[K-Wpedantic[m[K]
  239 | extern rmw_uxrce_subscription_t [01;35m[Kcustom_subscriptions[m[K[RMW_UXRCE_MAX_SUBSCRIPTIONS];
      |                                 [01;35m[K^~~~~~~~~~~~~~~~~~~~[m[K
[01m[K/home/marlar/movelt_success/firmware/mcu_ws/uros/rmw_microxrcedds/rmw_microxrcedds_c/src/./types.h:242:28:[m[K [01;35m[Kwarning: [m[KISO C forbids zero-size array '[01m[Kcustom_services[m[K' [[01;35m[K-Wpedantic[m[K]
  242 | extern rmw_uxrce_service_t [01;35m[Kcustom_services[m[K[RMW_UXRCE_MAX_SERVICES];
      |                            [01;35m[K^~~~~~~~~~~~~~~[m[K
[01m[K/home/marlar/movelt_success/firmware/mcu_ws/uros/rmw_microxrcedds/rmw_microxrcedds_c/src/./types.h:245:28:[m[K [01;35m[Kwarning: [m[KISO C forbids zero-size array '[01m[Kcustom_clients[m[K' [[01;35m[K-Wpedantic[m[K]
  245 | extern rmw_uxrce_client_t  [01;35m[Kcustom_clients[m[K[RMW_UXRCE_MAX_CLIENTS];
      |                            [01;35m[K^~~~~~~~~~~~~~[m[K
In file included from [01m[K/home/marlar/movelt_success/firmware/mcu_ws/uros/rmw_microxrcedds/rmw_microxrcedds_c/src/utils.h:20[m[K,
                 from [01m[K/home/marlar/movelt_success/firmware/mcu_ws/uros/rmw_microxrcedds/rmw_microxrcedds_c/src/rmw_wait_set.c:15[m[K:
[01m[K/home/marlar/movelt_success/firmware/mcu_ws/uros/rmw_microxrcedds/rmw_microxrcedds_c/src/./types.h:239:33:[m[K [01;35m[Kwarning: [m[KISO C forbids zero-size array '[01m[Kcustom_subscriptions[m[K' [[01;35m[K-Wpedantic[m[K]
  239 | extern rmw_uxrce_subscription_t [01;35m[Kcustom_subscriptions[m[K[RMW_UXRCE_MAX_SUBSCRIPTIONS];
      |                                 [01;35m[K^~~~~~~~~~~~~~~~~~~~[m[K
[01m[K/home/marlar/movelt_success/firmware/mcu_ws/uros/rmw_microxrcedds/rmw_microxrcedds_c/src/./types.h:242:28:[m[K [01;35m[Kwarning: [m[KISO C forbids zero-size array '[01m[Kcustom_services[m[K' [[01;35m[K-Wpedantic[m[K]
  242 | extern rmw_uxrce_service_t [01;35m[Kcustom_services[m[K[RMW_UXRCE_MAX_SERVICES];
      |                            [01;35m[K^~~~~~~~~~~~~~~[m[K
[01m[K/home/marlar/movelt_success/firmware/mcu_ws/uros/rmw_microxrcedds/rmw_microxrcedds_c/src/./types.h:245:28:[m[K [01;35m[Kwarning: [m[KISO C forbids zero-size array '[01m[Kcustom_clients[m[K' [[01;35m[K-Wpedantic[m[K]
  245 | extern rmw_uxrce_client_t  [01;35m[Kcustom_clients[m[K[RMW_UXRCE_MAX_CLIENTS];
      |                            [01;35m[K^~~~~~~~~~~~~~[m[K
In file included from [01m[K/home/marlar/movelt_success/firmware/mcu_ws/uros/rmw_microxrcedds/rmw_microxrcedds_c/src/./utils.h:20[m[K,
                 from [01m[K/home/marlar/movelt_success/firmware/mcu_ws/uros/rmw_microxrcedds/rmw_microxrcedds_c/src/utils.c:15[m[K:
[01m[K/home/marlar/movelt_success/firmware/mcu_ws/uros/rmw_microxrcedds/rmw_microxrcedds_c/src/././types.h:239:33:[m[K [01;35m[Kwarning: [m[KISO C forbids zero-size array '[01m[Kcustom_subscriptions[m[K' [[01;35m[K-Wpedantic[m[K]
  239 | extern rmw_uxrce_subscription_t [01;35m[Kcustom_subscriptions[m[K[RMW_UXRCE_MAX_SUBSCRIPTIONS];
      |                                 [01;35m[K^~~~~~~~~~~~~~~~~~~~[m[K
[01m[K/home/marlar/movelt_success/firmware/mcu_ws/uros/rmw_microxrcedds/rmw_microxrcedds_c/src/././types.h:242:28:[m[K [01;35m[Kwarning: [m[KISO C forbids zero-size array '[01m[Kcustom_services[m[K' [[01;35m[K-Wpedantic[m[K]
  242 | extern rmw_uxrce_service_t [01;35m[Kcustom_services[m[K[RMW_UXRCE_MAX_SERVICES];
      |                            [01;35m[K^~~~~~~~~~~~~~~[m[K
[01m[K/home/marlar/movelt_success/firmware/mcu_ws/uros/rmw_microxrcedds/rmw_microxrcedds_c/src/././types.h:245:28:[m[K [01;35m[Kwarning: [m[KISO C forbids zero-size array '[01m[Kcustom_clients[m[K' [[01;35m[K-Wpedantic[m[K]
  245 | extern rmw_uxrce_client_t  [01;35m[Kcustom_clients[m[K[RMW_UXRCE_MAX_CLIENTS];
      |                            [01;35m[K^~~~~~~~~~~~~~[m[K
In file included from [01m[K/home/marlar/movelt_success/firmware/mcu_ws/uros/rmw_microxrcedds/rmw_microxrcedds_c/src/utils.h:20[m[K,
                 from [01m[K/home/marlar/movelt_success/firmware/mcu_ws/uros/rmw_microxrcedds/rmw_microxrcedds_c/src/types.c:15[m[K:
[01m[K/home/marlar/movelt_success/firmware/mcu_ws/uros/rmw_microxrcedds/rmw_microxrcedds_c/src/./types.h:239:33:[m[K [01;35m[Kwarning: [m[KISO C forbids zero-size array '[01m[Kcustom_subscriptions[m[K' [[01;35m[K-Wpedantic[m[K]
  239 | extern rmw_uxrce_subscription_t [01;35m[Kcustom_subscriptions[m[K[RMW_UXRCE_MAX_SUBSCRIPTIONS];
      |                                 [01;35m[K^~~~~~~~~~~~~~~~~~~~[m[K
[01m[K/home/marlar/movelt_success/firmware/mcu_ws/uros/rmw_microxrcedds/rmw_microxrcedds_c/src/./types.h:242:28:[m[K [01;35m[Kwarning: [m[KISO C forbids zero-size array '[01m[Kcustom_services[m[K' [[01;35m[K-Wpedantic[m[K]
  242 | extern rmw_uxrce_service_t [01;35m[Kcustom_services[m[K[RMW_UXRCE_MAX_SERVICES];
      |                            [01;35m[K^~~~~~~~~~~~~~~[m[K
[01m[K/home/marlar/movelt_success/firmware/mcu_ws/uros/rmw_microxrcedds/rmw_microxrcedds_c/src/./types.h:245:28:[m[K [01;35m[Kwarning: [m[KISO C forbids zero-size array '[01m[Kcustom_clients[m[K' [[01;35m[K-Wpedantic[m[K]
  245 | extern rmw_uxrce_client_t  [01;35m[Kcustom_clients[m[K[RMW_UXRCE_MAX_CLIENTS];
      |                            [01;35m[K^~~~~~~~~~~~~~[m[K
[01m[K/home/marlar/movelt_success/firmware/mcu_ws/uros/rmw_microxrcedds/rmw_microxrcedds_c/src/types.c:49:26:[m[K [01;35m[Kwarning: [m[KISO C forbids zero-size array '[01m[Kcustom_subscriptions[m[K' [[01;35m[K-Wpedantic[m[K]
   49 | rmw_uxrce_subscription_t [01;35m[Kcustom_subscriptions[m[K[RMW_UXRCE_MAX_SUBSCRIPTIONS];
      |                          [01;35m[K^~~~~~~~~~~~~~~~~~~~[m[K
[01m[K/home/marlar/movelt_success/firmware/mcu_ws/uros/rmw_microxrcedds/rmw_microxrcedds_c/src/types.c:52:21:[m[K [01;35m[Kwarning: [m[KISO C forbids zero-size array '[01m[Kcustom_services[m[K' [[01;35m[K-Wpedantic[m[K]
   52 | rmw_uxrce_service_t [01;35m[Kcustom_services[m[K[RMW_UXRCE_MAX_SERVICES];
      |                     [01;35m[K^~~~~~~~~~~~~~~[m[K
[01m[K/home/marlar/movelt_success/firmware/mcu_ws/uros/rmw_microxrcedds/rmw_microxrcedds_c/src/types.c:55:21:[m[K [01;35m[Kwarning: [m[KISO C forbids zero-size array '[01m[Kcustom_clients[m[K' [[01;35m[K-Wpedantic[m[K]
   55 | rmw_uxrce_client_t  [01;35m[Kcustom_clients[m[K[RMW_UXRCE_MAX_CLIENTS];
      |                     [01;35m[K^~~~~~~~~~~~~~[m[K
In file included from [01m[K/home/marlar/movelt_success/firmware/mcu_ws/uros/rmw_microxrcedds/rmw_microxrcedds_c/src/./callbacks.h:18[m[K,
                 from [01m[K/home/marlar/movelt_success/firmware/mcu_ws/uros/rmw_microxrcedds/rmw_microxrcedds_c/src/callbacks.c:15[m[K:
[01m[K/home/marlar/movelt_success/firmware/mcu_ws/uros/rmw_microxrcedds/rmw_microxrcedds_c/src/././types.h:239:33:[m[K [01;35m[Kwarning: [m[KISO C forbids zero-size array '[01m[Kcustom_subscriptions[m[K' [[01;35m[K-Wpedantic[m[K]
  239 | extern rmw_uxrce_subscription_t [01;35m[Kcustom_subscriptions[m[K[RMW_UXRCE_MAX_SUBSCRIPTIONS];
      |                                 [01;35m[K^~~~~~~~~~~~~~~~~~~~[m[K
[01m[K/home/marlar/movelt_success/firmware/mcu_ws/uros/rmw_microxrcedds/rmw_microxrcedds_c/src/././types.h:242:28:[m[K [01;35m[Kwarning: [m[KISO C forbids zero-size array '[01m[Kcustom_services[m[K' [[01;35m[K-Wpedantic[m[K]
  242 | extern rmw_uxrce_service_t [01;35m[Kcustom_services[m[K[RMW_UXRCE_MAX_SERVICES];
      |                            [01;35m[K^~~~~~~~~~~~~~~[m[K
[01m[K/home/marlar/movelt_success/firmware/mcu_ws/uros/rmw_microxrcedds/rmw_microxrcedds_c/src/././types.h:245:28:[m[K [01;35m[Kwarning: [m[KISO C forbids zero-size array '[01m[Kcustom_clients[m[K' [[01;35m[K-Wpedantic[m[K]
  245 | extern rmw_uxrce_client_t  [01;35m[Kcustom_clients[m[K[RMW_UXRCE_MAX_CLIENTS];
      |                            [01;35m[K^~~~~~~~~~~~~~[m[K
In file included from [01m[K/home/marlar/movelt_success/firmware/mcu_ws/uros/rmw_microxrcedds/rmw_microxrcedds_c/src/./rmw_uxrce_transports.h:17[m[K,
                 from [01m[K/home/marlar/movelt_success/firmware/mcu_ws/uros/rmw_microxrcedds/rmw_microxrcedds_c/src/rmw_uxrce_transports.c:14[m[K:
[01m[K/home/marlar/movelt_success/firmware/mcu_ws/uros/rmw_microxrcedds/rmw_microxrcedds_c/src/././types.h:239:33:[m[K [01;35m[Kwarning: [m[KISO C forbids zero-size array '[01m[Kcustom_subscriptions[m[K' [[01;35m[K-Wpedantic[m[K]
  239 | extern rmw_uxrce_subscription_t [01;35m[Kcustom_subscriptions[m[K[RMW_UXRCE_MAX_SUBSCRIPTIONS];
      |                                 [01;35m[K^~~~~~~~~~~~~~~~~~~~[m[K
[01m[K/home/marlar/movelt_success/firmware/mcu_ws/uros/rmw_microxrcedds/rmw_microxrcedds_c/src/././types.h:242:28:[m[K [01;35m[Kwarning: [m[KISO C forbids zero-size array '[01m[Kcustom_services[m[K' [[01;35m[K-Wpedantic[m[K]
  242 | extern rmw_uxrce_service_t [01;35m[Kcustom_services[m[K[RMW_UXRCE_MAX_SERVICES];
      |                            [01;35m[K^~~~~~~~~~~~~~~[m[K
[01m[K/home/marlar/movelt_success/firmware/mcu_ws/uros/rmw_microxrcedds/rmw_microxrcedds_c/src/././types.h:245:28:[m[K [01;35m[Kwarning: [m[KISO C forbids zero-size array '[01m[Kcustom_clients[m[K' [[01;35m[K-Wpedantic[m[K]
  245 | extern rmw_uxrce_client_t  [01;35m[Kcustom_clients[m[K[RMW_UXRCE_MAX_CLIENTS];
      |                            [01;35m[K^~~~~~~~~~~~~~[m[K
