-- The C compiler identification is GNU 9.2.0
-- The CXX compiler identification is GNU 9.2.0
-- Detecting C compiler ABI info
-- Detecting C compiler ABI info - done
-- Check for working C compiler: /home/marlar/movelt_success/firmware/zephyr-sdk/arm-zephyr-eabi/bin/arm-zephyr-eabi-gcc - skipped
-- Detecting C compile features
-- Detecting C compile features - done
-- Detecting CXX compiler ABI info
-- Detecting CXX compiler ABI info - done
-- Check for working CXX compiler: /home/marlar/movelt_success/firmware/zephyr-sdk/arm-zephyr-eabi/bin/arm-zephyr-eabi-g++ - skipped
-- Detecting CXX compile features
-- Detecting CXX compile features - done
-- Found ament_cmake: 0.9.8 (/home/marlar/movelt_success/firmware/dev_ws/install/ament_cmake/share/ament_cmake/cmake)
-- Found PythonInterp: /usr/bin/python3 (found suitable version "3.8.5", minimum required is "3") 
-- Using PYTHON_EXECUTABLE: /usr/bin/python3
-- Found rosidl_default_generators: 1.0.0 (/home/marlar/movelt_success/firmware/mcu_ws/install/share/rosidl_default_generators/cmake)
-- Using single rosidl_typesupport_c: rosidl_typesupport_microxrcedds_c
-- Found rosidl_adapter: 1.2.0 (/home/marlar/movelt_success/firmware/mcu_ws/install/share/rosidl_adapter/cmake)
-- Found sensor_msgs: 2.0.3 (/home/marlar/movelt_success/firmware/mcu_ws/install/share/sensor_msgs/cmake)
-- Found PythonInterp: /usr/bin/python3 (found version "3.8.5") 
-- Found ament_cmake_ros: 0.9.1 (/home/marlar/movelt_success/firmware/dev_ws/install/ament_cmake_ros/share/ament_cmake_ros/cmake)
-- Using single rosidl_typesupport_c: rosidl_typesupport_microxrcedds_c
-- Configuring done
-- Generating done
-- Build files have been written to: /home/marlar/movelt_success/firmware/mcu_ws/build/stereo_msgs
[ 11%] [34m[1mGenerating C code for ROS interfaces[0m
[ 22%] [32mBuilding C object CMakeFiles/stereo_msgs__rosidl_generator_c.dir/rosidl_generator_c/stereo_msgs/msg/detail/disparity_image__functions.c.obj[0m
[ 33%] [32m[1mLinking CXX static library libstereo_msgs__rosidl_generator_c.a[0m
/home/marlar/movelt_success/firmware/zephyr-sdk/arm-zephyr-eabi/bin/arm-zephyr-eabi-ar qc libstereo_msgs__rosidl_generator_c.a CMakeFiles/stereo_msgs__rosidl_generator_c.dir/rosidl_generator_c/stereo_msgs/msg/detail/disparity_image__functions.c.obj
/home/marlar/movelt_success/firmware/zephyr-sdk/arm-zephyr-eabi/bin/arm-zephyr-eabi-ranlib libstereo_msgs__rosidl_generator_c.a
[ 33%] Built target stereo_msgs__rosidl_generator_c
[ 44%] [34m[1mGenerating C type support for eProsima Micro XRCE-DDS[0m
[ 55%] [32mBuilding C object CMakeFiles/stereo_msgs__rosidl_typesupport_microxrcedds_c.dir/rosidl_typesupport_microxrcedds_c/stereo_msgs/msg/detail/microxrcedds/disparity_image__type_support_c.c.obj[0m
[ 66%] [32m[1mLinking CXX static library libstereo_msgs__rosidl_typesupport_microxrcedds_c.a[0m
/home/marlar/movelt_success/firmware/zephyr-sdk/arm-zephyr-eabi/bin/arm-zephyr-eabi-ar qc libstereo_msgs__rosidl_typesupport_microxrcedds_c.a CMakeFiles/stereo_msgs__rosidl_typesupport_microxrcedds_c.dir/rosidl_typesupport_microxrcedds_c/stereo_msgs/msg/detail/microxrcedds/disparity_image__type_support_c.c.obj
/home/marlar/movelt_success/firmware/zephyr-sdk/arm-zephyr-eabi/bin/arm-zephyr-eabi-ranlib libstereo_msgs__rosidl_typesupport_microxrcedds_c.a
[ 66%] Built target stereo_msgs__rosidl_typesupport_microxrcedds_c
[ 77%] [34m[1mGenerating C type support dispatch for ROS interfaces[0m
[ 88%] [32mBuilding CXX object CMakeFiles/stereo_msgs__rosidl_typesupport_c.dir/rosidl_typesupport_c/stereo_msgs/msg/disparity_image__type_support.cpp.obj[0m
[100%] [32m[1mLinking CXX static library libstereo_msgs__rosidl_typesupport_c.a[0m
/home/marlar/movelt_success/firmware/zephyr-sdk/arm-zephyr-eabi/bin/arm-zephyr-eabi-ar qc libstereo_msgs__rosidl_typesupport_c.a CMakeFiles/stereo_msgs__rosidl_typesupport_c.dir/rosidl_typesupport_c/stereo_msgs/msg/disparity_image__type_support.cpp.obj
/home/marlar/movelt_success/firmware/zephyr-sdk/arm-zephyr-eabi/bin/arm-zephyr-eabi-ranlib libstereo_msgs__rosidl_typesupport_c.a
[100%] Built target stereo_msgs__rosidl_typesupport_c
[100%] Built target stereo_msgs
-- Install configuration: "Debug"
-- Installing: /home/marlar/movelt_success/firmware/mcu_ws/install/share/ament_index/resource_index/rosidl_interfaces/stereo_msgs
-- Installing: /home/marlar/movelt_success/firmware/mcu_ws/install/include/stereo_msgs
-- Installing: /home/marlar/movelt_success/firmware/mcu_ws/install/include/stereo_msgs/msg
-- Installing: /home/marlar/movelt_success/firmware/mcu_ws/install/include/stereo_msgs/msg/detail
-- Installing: /home/marlar/movelt_success/firmware/mcu_ws/install/include/stereo_msgs/msg/detail/disparity_image__type_support.h
-- Installing: /home/marlar/movelt_success/firmware/mcu_ws/install/include/stereo_msgs/msg/detail/disparity_image__functions.c
-- Installing: /home/marlar/movelt_success/firmware/mcu_ws/install/include/stereo_msgs/msg/detail/disparity_image__struct.h
-- Installing: /home/marlar/movelt_success/firmware/mcu_ws/install/include/stereo_msgs/msg/detail/disparity_image__functions.h
-- Installing: /home/marlar/movelt_success/firmware/mcu_ws/install/include/stereo_msgs/msg/disparity_image.h
-- Installing: /home/marlar/movelt_success/firmware/mcu_ws/install/include/stereo_msgs/msg/rosidl_generator_c__visibility_control.h
-- Installing: /home/marlar/movelt_success/firmware/mcu_ws/install/share/stereo_msgs/environment/library_path.sh
-- Installing: /home/marlar/movelt_success/firmware/mcu_ws/install/share/stereo_msgs/environment/library_path.dsv
-- Installing: /home/marlar/movelt_success/firmware/mcu_ws/install/lib/libstereo_msgs__rosidl_generator_c.a
-- Up-to-date: /home/marlar/movelt_success/firmware/mcu_ws/install/include/stereo_msgs
-- Up-to-date: /home/marlar/movelt_success/firmware/mcu_ws/install/include/stereo_msgs/msg
-- Installing: /home/marlar/movelt_success/firmware/mcu_ws/install/include/stereo_msgs/msg/rosidl_typesupport_microxrcedds_c__visibility_control.h
-- Up-to-date: /home/marlar/movelt_success/firmware/mcu_ws/install/include/stereo_msgs/msg/detail
-- Installing: /home/marlar/movelt_success/firmware/mcu_ws/install/include/stereo_msgs/msg/detail/disparity_image__rosidl_typesupport_microxrcedds_c.h
-- Installing: /home/marlar/movelt_success/firmware/mcu_ws/install/include/stereo_msgs/msg/detail/microxrcedds
-- Installing: /home/marlar/movelt_success/firmware/mcu_ws/install/lib/libstereo_msgs__rosidl_typesupport_microxrcedds_c.a
-- Installing: /home/marlar/movelt_success/firmware/mcu_ws/install/lib/libstereo_msgs__rosidl_typesupport_c.a
-- Up-to-date: /home/marlar/movelt_success/firmware/mcu_ws/install/lib/libstereo_msgs__rosidl_typesupport_microxrcedds_c.a
-- Installing: /home/marlar/movelt_success/firmware/mcu_ws/install/share/stereo_msgs/msg/DisparityImage.idl
-- Installing: /home/marlar/movelt_success/firmware/mcu_ws/install/share/stereo_msgs/msg/DisparityImage.msg
-- Installing: /home/marlar/movelt_success/firmware/mcu_ws/install/share/ament_index/resource_index/package_run_dependencies/stereo_msgs
-- Installing: /home/marlar/movelt_success/firmware/mcu_ws/install/share/ament_index/resource_index/parent_prefix_path/stereo_msgs
-- Installing: /home/marlar/movelt_success/firmware/mcu_ws/install/share/stereo_msgs/environment/ament_prefix_path.sh
-- Installing: /home/marlar/movelt_success/firmware/mcu_ws/install/share/stereo_msgs/environment/ament_prefix_path.dsv
-- Installing: /home/marlar/movelt_success/firmware/mcu_ws/install/share/stereo_msgs/environment/path.sh
-- Installing: /home/marlar/movelt_success/firmware/mcu_ws/install/share/stereo_msgs/environment/path.dsv
-- Installing: /home/marlar/movelt_success/firmware/mcu_ws/install/share/stereo_msgs/local_setup.bash
-- Installing: /home/marlar/movelt_success/firmware/mcu_ws/install/share/stereo_msgs/local_setup.sh
-- Installing: /home/marlar/movelt_success/firmware/mcu_ws/install/share/stereo_msgs/local_setup.zsh
-- Installing: /home/marlar/movelt_success/firmware/mcu_ws/install/share/stereo_msgs/local_setup.dsv
-- Installing: /home/marlar/movelt_success/firmware/mcu_ws/install/share/stereo_msgs/package.dsv
-- Installing: /home/marlar/movelt_success/firmware/mcu_ws/install/share/ament_index/resource_index/packages/stereo_msgs
-- Installing: /home/marlar/movelt_success/firmware/mcu_ws/install/share/stereo_msgs/cmake/stereo_msgs__rosidl_generator_cExport.cmake
-- Installing: /home/marlar/movelt_success/firmware/mcu_ws/install/share/stereo_msgs/cmake/stereo_msgs__rosidl_generator_cExport-debug.cmake
-- Installing: /home/marlar/movelt_success/firmware/mcu_ws/install/share/stereo_msgs/cmake/stereo_msgs__rosidl_typesupport_cExport.cmake
-- Installing: /home/marlar/movelt_success/firmware/mcu_ws/install/share/stereo_msgs/cmake/stereo_msgs__rosidl_typesupport_cExport-debug.cmake
-- Installing: /home/marlar/movelt_success/firmware/mcu_ws/install/share/stereo_msgs/cmake/rosidl_cmake-extras.cmake
-- Installing: /home/marlar/movelt_success/firmware/mcu_ws/install/share/stereo_msgs/cmake/ament_cmake_export_dependencies-extras.cmake
-- Installing: /home/marlar/movelt_success/firmware/mcu_ws/install/share/stereo_msgs/cmake/ament_cmake_export_libraries-extras.cmake
-- Installing: /home/marlar/movelt_success/firmware/mcu_ws/install/share/stereo_msgs/cmake/ament_cmake_export_targets-extras.cmake
-- Installing: /home/marlar/movelt_success/firmware/mcu_ws/install/share/stereo_msgs/cmake/ament_cmake_export_include_directories-extras.cmake
-- Installing: /home/marlar/movelt_success/firmware/mcu_ws/install/share/stereo_msgs/cmake/rosidl_cmake_export_typesupport_libraries-extras.cmake
-- Installing: /home/marlar/movelt_success/firmware/mcu_ws/install/share/stereo_msgs/cmake/stereo_msgsConfig.cmake
-- Installing: /home/marlar/movelt_success/firmware/mcu_ws/install/share/stereo_msgs/cmake/stereo_msgsConfig-version.cmake
-- Installing: /home/marlar/movelt_success/firmware/mcu_ws/install/share/stereo_msgs/package.xml
