-- The C compiler identification is GNU 9.2.0
-- The CXX compiler identification is GNU 9.2.0
-- Detecting C compiler ABI info
-- Detecting C compiler ABI info - done
-- Check for working C compiler: /home/marlar/movelt_success/firmware/zephyr-sdk/arm-zephyr-eabi/bin/arm-zephyr-eabi-gcc - skipped
-- Detecting C compile features
-- Detecting C compile features - done
-- Detecting CXX compiler ABI info
-- Detecting CXX compiler ABI info - done
-- Check for working CXX compiler: /home/marlar/movelt_success/firmware/zephyr-sdk/arm-zephyr-eabi/bin/arm-zephyr-eabi-g++ - skipped
-- Detecting CXX compile features
-- Detecting CXX compile features - done
-- Found ament_cmake: 0.9.8 (/home/marlar/movelt_success/firmware/dev_ws/install/ament_cmake/share/ament_cmake/cmake)
-- Found PythonInterp: /usr/bin/python3 (found suitable version "3.8.5", minimum required is "3") 
-- Using PYTHON_EXECUTABLE: /usr/bin/python3
-- Found rosidl_default_generators: 1.0.0 (/home/marlar/movelt_success/firmware/mcu_ws/install/share/rosidl_default_generators/cmake)
-- Using single rosidl_typesupport_c: rosidl_typesupport_microxrcedds_c
-- Found rosidl_adapter: 1.2.0 (/home/marlar/movelt_success/firmware/mcu_ws/install/share/rosidl_adapter/cmake)
CMake Warning at /home/marlar/movelt_success/firmware/mcu_ws/install/share/rcutils/cmake/ament_cmake_export_libraries-extras.cmake:116 (message):
  Package 'rcutils' exports library 'dl' which couldn't be found
Call Stack (most recent call first):
  /home/marlar/movelt_success/firmware/mcu_ws/install/share/rcutils/cmake/rcutilsConfig.cmake:41 (include)
  /home/marlar/movelt_success/firmware/mcu_ws/install/share/rmw/cmake/ament_cmake_export_dependencies-extras.cmake:21 (find_package)
  /home/marlar/movelt_success/firmware/mcu_ws/install/share/rmw/cmake/rmwConfig.cmake:41 (include)
  /home/marlar/movelt_success/firmware/mcu_ws/install/share/rosidl_typesupport_microxrcedds_c/cmake/ament_cmake_export_dependencies-extras.cmake:21 (find_package)
  /home/marlar/movelt_success/firmware/mcu_ws/install/share/rosidl_typesupport_microxrcedds_c/cmake/rosidl_typesupport_microxrcedds_cConfig.cmake:41 (include)
  /home/marlar/movelt_success/firmware/mcu_ws/install/share/rosidl_typesupport_c/cmake/rosidl_typesupport_c-extras.cmake:13 (find_package)
  /home/marlar/movelt_success/firmware/mcu_ws/install/share/rosidl_typesupport_c/cmake/rosidl_typesupport_cConfig.cmake:41 (include)
  /home/marlar/movelt_success/firmware/mcu_ws/install/share/rosidl_default_generators/cmake/rosidl_default_generators-extras.cmake:21 (find_package)
  /home/marlar/movelt_success/firmware/mcu_ws/install/share/rosidl_default_generators/cmake/rosidl_default_generatorsConfig.cmake:41 (include)
  CMakeLists.txt:13 (find_package)


-- Found builtin_interfaces: 1.0.0 (/home/marlar/movelt_success/firmware/mcu_ws/install/share/builtin_interfaces/cmake)
-- Found action_msgs: 1.0.0 (/home/marlar/movelt_success/firmware/mcu_ws/install/share/action_msgs/cmake)
-- Found std_msgs: 2.0.3 (/home/marlar/movelt_success/firmware/mcu_ws/install/share/std_msgs/cmake)
-- Found geometry_msgs: 2.0.3 (/home/marlar/movelt_success/firmware/mcu_ws/install/share/geometry_msgs/cmake)
-- Found PythonInterp: /usr/bin/python3 (found version "3.8.5") 
-- Found ament_cmake_ros: 0.9.1 (/home/marlar/movelt_success/firmware/dev_ws/install/ament_cmake_ros/share/ament_cmake_ros/cmake)
-- Using single rosidl_typesupport_c: rosidl_typesupport_microxrcedds_c
-- Configuring done
-- Generating done
CMake Warning:
  Manually-specified variables were not used by the project:

    THIRDPARTY


-- Build files have been written to: /home/marlar/movelt_success/firmware/mcu_ws/build/tf2_msgs
[  5%] [34m[1mGenerating C code for ROS interfaces[0m
[ 16%] [32mBuilding C object CMakeFiles/tf2_msgs__rosidl_generator_c.dir/rosidl_generator_c/tf2_msgs/msg/detail/tf_message__functions.c.obj[0m
[ 16%] [32mBuilding C object CMakeFiles/tf2_msgs__rosidl_generator_c.dir/rosidl_generator_c/tf2_msgs/msg/detail/tf2_error__functions.c.obj[0m
[ 22%] [32mBuilding C object CMakeFiles/tf2_msgs__rosidl_generator_c.dir/rosidl_generator_c/tf2_msgs/srv/detail/frame_graph__functions.c.obj[0m
[ 27%] [32mBuilding C object CMakeFiles/tf2_msgs__rosidl_generator_c.dir/rosidl_generator_c/tf2_msgs/action/detail/lookup_transform__functions.c.obj[0m
[ 33%] [32m[1mLinking CXX static library libtf2_msgs__rosidl_generator_c.a[0m
/home/marlar/movelt_success/firmware/zephyr-sdk/arm-zephyr-eabi/bin/arm-zephyr-eabi-ar qc libtf2_msgs__rosidl_generator_c.a CMakeFiles/tf2_msgs__rosidl_generator_c.dir/rosidl_generator_c/tf2_msgs/msg/detail/tf2_error__functions.c.obj CMakeFiles/tf2_msgs__rosidl_generator_c.dir/rosidl_generator_c/tf2_msgs/msg/detail/tf_message__functions.c.obj CMakeFiles/tf2_msgs__rosidl_generator_c.dir/rosidl_generator_c/tf2_msgs/srv/detail/frame_graph__functions.c.obj CMakeFiles/tf2_msgs__rosidl_generator_c.dir/rosidl_generator_c/tf2_msgs/action/detail/lookup_transform__functions.c.obj
/home/marlar/movelt_success/firmware/zephyr-sdk/arm-zephyr-eabi/bin/arm-zephyr-eabi-ranlib libtf2_msgs__rosidl_generator_c.a
[ 33%] Built target tf2_msgs__rosidl_generator_c
[ 38%] [34m[1mGenerating C type support for eProsima Micro XRCE-DDS[0m
[ 44%] [32mBuilding C object CMakeFiles/tf2_msgs__rosidl_typesupport_microxrcedds_c.dir/rosidl_typesupport_microxrcedds_c/tf2_msgs/msg/detail/microxrcedds/tf2_error__type_support_c.c.obj[0m
[ 50%] [32mBuilding C object CMakeFiles/tf2_msgs__rosidl_typesupport_microxrcedds_c.dir/rosidl_typesupport_microxrcedds_c/tf2_msgs/msg/detail/microxrcedds/tf_message__type_support_c.c.obj[0m
[ 55%] [32mBuilding C object CMakeFiles/tf2_msgs__rosidl_typesupport_microxrcedds_c.dir/rosidl_typesupport_microxrcedds_c/tf2_msgs/srv/detail/microxrcedds/frame_graph__type_support_c.c.obj[0m
In file included from [01m[K/home/marlar/movelt_success/firmware/mcu_ws/build/tf2_msgs/rosidl_typesupport_microxrcedds_c/tf2_msgs/msg/detail/tf2_error__rosidl_typesupport_microxrcedds_c.h:10[m[K,
                 from [01m[K/home/marlar/movelt_success/firmware/mcu_ws/build/tf2_msgs/rosidl_typesupport_microxrcedds_c/tf2_msgs/msg/detail/microxrcedds/tf2_error__type_support_c.c:4[m[K:
[01m[K/home/marlar/movelt_success/firmware/zephyrproject/zephyr/lib/libc/newlib/include/stdint.h:28:2:[m[K [01;35m[Kwarning: [m[K#include_next is a GCC extension
   28 | #[01;35m[Kinclude_next[m[K <stdint.h>
      |  [01;35m[K^~~~~~~~~~~~[m[K
In file included from [01m[K/home/marlar/movelt_success/firmware/mcu_ws/build/tf2_msgs/rosidl_typesupport_microxrcedds_c/tf2_msgs/msg/detail/tf_message__rosidl_typesupport_microxrcedds_c.h:10[m[K,
                 from [01m[K/home/marlar/movelt_success/firmware/mcu_ws/build/tf2_msgs/rosidl_typesupport_microxrcedds_c/tf2_msgs/msg/detail/microxrcedds/tf_message__type_support_c.c:4[m[K:
[01m[K/home/marlar/movelt_success/firmware/zephyrproject/zephyr/lib/libc/newlib/include/stdint.h:28:2:[m[K [01;35m[Kwarning: [m[K#include_next is a GCC extension
   28 | #[01;35m[Kinclude_next[m[K <stdint.h>
      |  [01;35m[K^~~~~~~~~~~~[m[K
In file included from [01m[K/home/marlar/movelt_success/firmware/mcu_ws/build/tf2_msgs/rosidl_typesupport_microxrcedds_c/tf2_msgs/srv/detail/frame_graph__rosidl_typesupport_microxrcedds_c.h:10[m[K,
                 from [01m[K/home/marlar/movelt_success/firmware/mcu_ws/build/tf2_msgs/rosidl_typesupport_microxrcedds_c/tf2_msgs/srv/detail/microxrcedds/frame_graph__type_support_c.c:4[m[K:
[01m[K/home/marlar/movelt_success/firmware/zephyrproject/zephyr/lib/libc/newlib/include/stdint.h:28:2:[m[K [01;35m[Kwarning: [m[K#include_next is a GCC extension
   28 | #[01;35m[Kinclude_next[m[K <stdint.h>
      |  [01;35m[K^~~~~~~~~~~~[m[K
[ 61%] [32mBuilding C object CMakeFiles/tf2_msgs__rosidl_typesupport_microxrcedds_c.dir/rosidl_typesupport_microxrcedds_c/tf2_msgs/action/detail/microxrcedds/lookup_transform__type_support_c.c.obj[0m
In file included from [01m[K/home/marlar/movelt_success/firmware/mcu_ws/build/tf2_msgs/rosidl_typesupport_microxrcedds_c/tf2_msgs/action/detail/lookup_transform__rosidl_typesupport_microxrcedds_c.h:10[m[K,
                 from [01m[K/home/marlar/movelt_success/firmware/mcu_ws/build/tf2_msgs/rosidl_typesupport_microxrcedds_c/tf2_msgs/action/detail/microxrcedds/lookup_transform__type_support_c.c:4[m[K:
[01m[K/home/marlar/movelt_success/firmware/zephyrproject/zephyr/lib/libc/newlib/include/stdint.h:28:2:[m[K [01;35m[Kwarning: [m[K#include_next is a GCC extension
   28 | #[01;35m[Kinclude_next[m[K <stdint.h>
      |  [01;35m[K^~~~~~~~~~~~[m[K
[ 66%] [32m[1mLinking CXX static library libtf2_msgs__rosidl_typesupport_microxrcedds_c.a[0m
/home/marlar/movelt_success/firmware/zephyr-sdk/arm-zephyr-eabi/bin/arm-zephyr-eabi-ar qc libtf2_msgs__rosidl_typesupport_microxrcedds_c.a CMakeFiles/tf2_msgs__rosidl_typesupport_microxrcedds_c.dir/rosidl_typesupport_microxrcedds_c/tf2_msgs/msg/detail/microxrcedds/tf2_error__type_support_c.c.obj CMakeFiles/tf2_msgs__rosidl_typesupport_microxrcedds_c.dir/rosidl_typesupport_microxrcedds_c/tf2_msgs/msg/detail/microxrcedds/tf_message__type_support_c.c.obj CMakeFiles/tf2_msgs__rosidl_typesupport_microxrcedds_c.dir/rosidl_typesupport_microxrcedds_c/tf2_msgs/srv/detail/microxrcedds/frame_graph__type_support_c.c.obj CMakeFiles/tf2_msgs__rosidl_typesupport_microxrcedds_c.dir/rosidl_typesupport_microxrcedds_c/tf2_msgs/action/detail/microxrcedds/lookup_transform__type_support_c.c.obj
/home/marlar/movelt_success/firmware/zephyr-sdk/arm-zephyr-eabi/bin/arm-zephyr-eabi-ranlib libtf2_msgs__rosidl_typesupport_microxrcedds_c.a
[ 66%] Built target tf2_msgs__rosidl_typesupport_microxrcedds_c
[ 72%] [34m[1mGenerating C type support dispatch for ROS interfaces[0m
[ 77%] [32mBuilding CXX object CMakeFiles/tf2_msgs__rosidl_typesupport_c.dir/rosidl_typesupport_c/tf2_msgs/msg/tf2_error__type_support.cpp.obj[0m
[ 83%] [32mBuilding CXX object CMakeFiles/tf2_msgs__rosidl_typesupport_c.dir/rosidl_typesupport_c/tf2_msgs/srv/frame_graph__type_support.cpp.obj[0m
[ 88%] [32mBuilding CXX object CMakeFiles/tf2_msgs__rosidl_typesupport_c.dir/rosidl_typesupport_c/tf2_msgs/msg/tf_message__type_support.cpp.obj[0m
[ 94%] [32mBuilding CXX object CMakeFiles/tf2_msgs__rosidl_typesupport_c.dir/rosidl_typesupport_c/tf2_msgs/action/lookup_transform__type_support.cpp.obj[0m
[100%] [32m[1mLinking CXX static library libtf2_msgs__rosidl_typesupport_c.a[0m
/home/marlar/movelt_success/firmware/zephyr-sdk/arm-zephyr-eabi/bin/arm-zephyr-eabi-ar qc libtf2_msgs__rosidl_typesupport_c.a CMakeFiles/tf2_msgs__rosidl_typesupport_c.dir/rosidl_typesupport_c/tf2_msgs/msg/tf2_error__type_support.cpp.obj CMakeFiles/tf2_msgs__rosidl_typesupport_c.dir/rosidl_typesupport_c/tf2_msgs/msg/tf_message__type_support.cpp.obj CMakeFiles/tf2_msgs__rosidl_typesupport_c.dir/rosidl_typesupport_c/tf2_msgs/srv/frame_graph__type_support.cpp.obj CMakeFiles/tf2_msgs__rosidl_typesupport_c.dir/rosidl_typesupport_c/tf2_msgs/action/lookup_transform__type_support.cpp.obj
/home/marlar/movelt_success/firmware/zephyr-sdk/arm-zephyr-eabi/bin/arm-zephyr-eabi-ranlib libtf2_msgs__rosidl_typesupport_c.a
[100%] Built target tf2_msgs__rosidl_typesupport_c
[100%] Built target tf2_msgs
-- Install configuration: "Debug"
-- Installing: /home/marlar/movelt_success/firmware/mcu_ws/install/share/ament_index/resource_index/rosidl_interfaces/tf2_msgs
-- Installing: /home/marlar/movelt_success/firmware/mcu_ws/install/include/tf2_msgs
-- Installing: /home/marlar/movelt_success/firmware/mcu_ws/install/include/tf2_msgs/msg
-- Installing: /home/marlar/movelt_success/firmware/mcu_ws/install/include/tf2_msgs/msg/tf2_error.h
-- Installing: /home/marlar/movelt_success/firmware/mcu_ws/install/include/tf2_msgs/msg/detail
-- Installing: /home/marlar/movelt_success/firmware/mcu_ws/install/include/tf2_msgs/msg/detail/tf2_error__struct.h
-- Installing: /home/marlar/movelt_success/firmware/mcu_ws/install/include/tf2_msgs/msg/detail/tf_message__functions.h
-- Installing: /home/marlar/movelt_success/firmware/mcu_ws/install/include/tf2_msgs/msg/detail/tf_message__type_support.h
-- Installing: /home/marlar/movelt_success/firmware/mcu_ws/install/include/tf2_msgs/msg/detail/tf2_error__functions.c
-- Installing: /home/marlar/movelt_success/firmware/mcu_ws/install/include/tf2_msgs/msg/detail/tf_message__functions.c
-- Installing: /home/marlar/movelt_success/firmware/mcu_ws/install/include/tf2_msgs/msg/detail/tf2_error__type_support.h
-- Installing: /home/marlar/movelt_success/firmware/mcu_ws/install/include/tf2_msgs/msg/detail/tf_message__struct.h
-- Installing: /home/marlar/movelt_success/firmware/mcu_ws/install/include/tf2_msgs/msg/detail/tf2_error__functions.h
-- Installing: /home/marlar/movelt_success/firmware/mcu_ws/install/include/tf2_msgs/msg/tf_message.h
-- Installing: /home/marlar/movelt_success/firmware/mcu_ws/install/include/tf2_msgs/msg/rosidl_generator_c__visibility_control.h
-- Installing: /home/marlar/movelt_success/firmware/mcu_ws/install/include/tf2_msgs/action
-- Installing: /home/marlar/movelt_success/firmware/mcu_ws/install/include/tf2_msgs/action/detail
-- Installing: /home/marlar/movelt_success/firmware/mcu_ws/install/include/tf2_msgs/action/detail/lookup_transform__struct.h
-- Installing: /home/marlar/movelt_success/firmware/mcu_ws/install/include/tf2_msgs/action/detail/lookup_transform__functions.c
-- Installing: /home/marlar/movelt_success/firmware/mcu_ws/install/include/tf2_msgs/action/detail/lookup_transform__functions.h
-- Installing: /home/marlar/movelt_success/firmware/mcu_ws/install/include/tf2_msgs/action/detail/lookup_transform__type_support.h
-- Installing: /home/marlar/movelt_success/firmware/mcu_ws/install/include/tf2_msgs/action/lookup_transform.h
-- Installing: /home/marlar/movelt_success/firmware/mcu_ws/install/include/tf2_msgs/srv
-- Installing: /home/marlar/movelt_success/firmware/mcu_ws/install/include/tf2_msgs/srv/frame_graph.h
-- Installing: /home/marlar/movelt_success/firmware/mcu_ws/install/include/tf2_msgs/srv/detail
-- Installing: /home/marlar/movelt_success/firmware/mcu_ws/install/include/tf2_msgs/srv/detail/frame_graph__functions.h
-- Installing: /home/marlar/movelt_success/firmware/mcu_ws/install/include/tf2_msgs/srv/detail/frame_graph__struct.h
-- Installing: /home/marlar/movelt_success/firmware/mcu_ws/install/include/tf2_msgs/srv/detail/frame_graph__type_support.h
-- Installing: /home/marlar/movelt_success/firmware/mcu_ws/install/include/tf2_msgs/srv/detail/frame_graph__functions.c
-- Installing: /home/marlar/movelt_success/firmware/mcu_ws/install/share/tf2_msgs/environment/library_path.sh
-- Installing: /home/marlar/movelt_success/firmware/mcu_ws/install/share/tf2_msgs/environment/library_path.dsv
-- Installing: /home/marlar/movelt_success/firmware/mcu_ws/install/lib/libtf2_msgs__rosidl_generator_c.a
-- Up-to-date: /home/marlar/movelt_success/firmware/mcu_ws/install/include/tf2_msgs
-- Up-to-date: /home/marlar/movelt_success/firmware/mcu_ws/install/include/tf2_msgs/msg
-- Installing: /home/marlar/movelt_success/firmware/mcu_ws/install/include/tf2_msgs/msg/rosidl_typesupport_microxrcedds_c__visibility_control.h
-- Up-to-date: /home/marlar/movelt_success/firmware/mcu_ws/install/include/tf2_msgs/msg/detail
-- Installing: /home/marlar/movelt_success/firmware/mcu_ws/install/include/tf2_msgs/msg/detail/tf_message__rosidl_typesupport_microxrcedds_c.h
-- Installing: /home/marlar/movelt_success/firmware/mcu_ws/install/include/tf2_msgs/msg/detail/microxrcedds
-- Installing: /home/marlar/movelt_success/firmware/mcu_ws/install/include/tf2_msgs/msg/detail/tf2_error__rosidl_typesupport_microxrcedds_c.h
-- Up-to-date: /home/marlar/movelt_success/firmware/mcu_ws/install/include/tf2_msgs/action
-- Up-to-date: /home/marlar/movelt_success/firmware/mcu_ws/install/include/tf2_msgs/action/detail
-- Installing: /home/marlar/movelt_success/firmware/mcu_ws/install/include/tf2_msgs/action/detail/lookup_transform__rosidl_typesupport_microxrcedds_c.h
-- Installing: /home/marlar/movelt_success/firmware/mcu_ws/install/include/tf2_msgs/action/detail/microxrcedds
-- Up-to-date: /home/marlar/movelt_success/firmware/mcu_ws/install/include/tf2_msgs/srv
-- Up-to-date: /home/marlar/movelt_success/firmware/mcu_ws/install/include/tf2_msgs/srv/detail
-- Installing: /home/marlar/movelt_success/firmware/mcu_ws/install/include/tf2_msgs/srv/detail/microxrcedds
-- Installing: /home/marlar/movelt_success/firmware/mcu_ws/install/include/tf2_msgs/srv/detail/frame_graph__rosidl_typesupport_microxrcedds_c.h
-- Installing: /home/marlar/movelt_success/firmware/mcu_ws/install/lib/libtf2_msgs__rosidl_typesupport_microxrcedds_c.a
-- Installing: /home/marlar/movelt_success/firmware/mcu_ws/install/lib/libtf2_msgs__rosidl_typesupport_c.a
-- Up-to-date: /home/marlar/movelt_success/firmware/mcu_ws/install/lib/libtf2_msgs__rosidl_typesupport_microxrcedds_c.a
-- Installing: /home/marlar/movelt_success/firmware/mcu_ws/install/share/tf2_msgs/msg/TF2Error.idl
-- Installing: /home/marlar/movelt_success/firmware/mcu_ws/install/share/tf2_msgs/msg/TFMessage.idl
-- Installing: /home/marlar/movelt_success/firmware/mcu_ws/install/share/tf2_msgs/srv/FrameGraph.idl
-- Installing: /home/marlar/movelt_success/firmware/mcu_ws/install/share/tf2_msgs/action/LookupTransform.idl
-- Installing: /home/marlar/movelt_success/firmware/mcu_ws/install/share/tf2_msgs/msg/TF2Error.msg
-- Installing: /home/marlar/movelt_success/firmware/mcu_ws/install/share/tf2_msgs/msg/TFMessage.msg
-- Installing: /home/marlar/movelt_success/firmware/mcu_ws/install/share/tf2_msgs/srv/FrameGraph.srv
-- Installing: /home/marlar/movelt_success/firmware/mcu_ws/install/share/tf2_msgs/srv/FrameGraph_Request.msg
-- Installing: /home/marlar/movelt_success/firmware/mcu_ws/install/share/tf2_msgs/srv/FrameGraph_Response.msg
-- Installing: /home/marlar/movelt_success/firmware/mcu_ws/install/share/tf2_msgs/action/LookupTransform.action
-- Installing: /home/marlar/movelt_success/firmware/mcu_ws/install/share/tf2_msgs/tfmessage_bridge_mapping_rule.yaml
-- Installing: /home/marlar/movelt_success/firmware/mcu_ws/install/share/ament_index/resource_index/package_run_dependencies/tf2_msgs
-- Installing: /home/marlar/movelt_success/firmware/mcu_ws/install/share/ament_index/resource_index/parent_prefix_path/tf2_msgs
-- Installing: /home/marlar/movelt_success/firmware/mcu_ws/install/share/tf2_msgs/environment/ament_prefix_path.sh
-- Installing: /home/marlar/movelt_success/firmware/mcu_ws/install/share/tf2_msgs/environment/ament_prefix_path.dsv
-- Installing: /home/marlar/movelt_success/firmware/mcu_ws/install/share/tf2_msgs/environment/path.sh
-- Installing: /home/marlar/movelt_success/firmware/mcu_ws/install/share/tf2_msgs/environment/path.dsv
-- Installing: /home/marlar/movelt_success/firmware/mcu_ws/install/share/tf2_msgs/local_setup.bash
-- Installing: /home/marlar/movelt_success/firmware/mcu_ws/install/share/tf2_msgs/local_setup.sh
-- Installing: /home/marlar/movelt_success/firmware/mcu_ws/install/share/tf2_msgs/local_setup.zsh
-- Installing: /home/marlar/movelt_success/firmware/mcu_ws/install/share/tf2_msgs/local_setup.dsv
-- Installing: /home/marlar/movelt_success/firmware/mcu_ws/install/share/tf2_msgs/package.dsv
-- Installing: /home/marlar/movelt_success/firmware/mcu_ws/install/share/ament_index/resource_index/packages/tf2_msgs
-- Installing: /home/marlar/movelt_success/firmware/mcu_ws/install/share/tf2_msgs/cmake/tf2_msgs__rosidl_generator_cExport.cmake
-- Installing: /home/marlar/movelt_success/firmware/mcu_ws/install/share/tf2_msgs/cmake/tf2_msgs__rosidl_generator_cExport-debug.cmake
-- Installing: /home/marlar/movelt_success/firmware/mcu_ws/install/share/tf2_msgs/cmake/tf2_msgs__rosidl_typesupport_cExport.cmake
-- Installing: /home/marlar/movelt_success/firmware/mcu_ws/install/share/tf2_msgs/cmake/tf2_msgs__rosidl_typesupport_cExport-debug.cmake
-- Installing: /home/marlar/movelt_success/firmware/mcu_ws/install/share/tf2_msgs/cmake/rosidl_cmake-extras.cmake
-- Installing: /home/marlar/movelt_success/firmware/mcu_ws/install/share/tf2_msgs/cmake/ament_cmake_export_dependencies-extras.cmake
-- Installing: /home/marlar/movelt_success/firmware/mcu_ws/install/share/tf2_msgs/cmake/ament_cmake_export_libraries-extras.cmake
-- Installing: /home/marlar/movelt_success/firmware/mcu_ws/install/share/tf2_msgs/cmake/ament_cmake_export_targets-extras.cmake
-- Installing: /home/marlar/movelt_success/firmware/mcu_ws/install/share/tf2_msgs/cmake/ament_cmake_export_include_directories-extras.cmake
-- Installing: /home/marlar/movelt_success/firmware/mcu_ws/install/share/tf2_msgs/cmake/rosidl_cmake_export_typesupport_libraries-extras.cmake
-- Installing: /home/marlar/movelt_success/firmware/mcu_ws/install/share/tf2_msgs/cmake/tf2_msgsConfig.cmake
-- Installing: /home/marlar/movelt_success/firmware/mcu_ws/install/share/tf2_msgs/cmake/tf2_msgsConfig-version.cmake
-- Installing: /home/marlar/movelt_success/firmware/mcu_ws/install/share/tf2_msgs/package.xml
