-- The C compiler identification is GNU 9.2.0
-- The CXX compiler identification is GNU 9.2.0
-- Detecting C compiler ABI info
-- Detecting C compiler ABI info - done
-- Check for working C compiler: /home/marlar/movelt_success/firmware/zephyr-sdk/arm-zephyr-eabi/bin/arm-zephyr-eabi-gcc - skipped
-- Detecting C compile features
-- Detecting C compile features - done
-- Detecting CXX compiler ABI info
-- Detecting CXX compiler ABI info - done
-- Check for working CXX compiler: /home/marlar/movelt_success/firmware/zephyr-sdk/arm-zephyr-eabi/bin/arm-zephyr-eabi-g++ - skipped
-- Detecting CXX compile features
-- Detecting CXX compile features - done
-- Found ament_cmake: 0.9.8 (/home/marlar/movelt_success/firmware/dev_ws/install/ament_cmake/share/ament_cmake/cmake)
-- Found PythonInterp: /usr/bin/python3 (found suitable version "3.8.5", minimum required is "3") 
-- Using PYTHON_EXECUTABLE: /usr/bin/python3
-- Found builtin_interfaces: 1.0.0 (/home/marlar/movelt_success/firmware/mcu_ws/install/share/builtin_interfaces/cmake)
CMake Warning at /home/marlar/movelt_success/firmware/mcu_ws/install/share/rcutils/cmake/ament_cmake_export_libraries-extras.cmake:116 (message):
  Package 'rcutils' exports library 'dl' which couldn't be found
Call Stack (most recent call first):
  /home/marlar/movelt_success/firmware/mcu_ws/install/share/rcutils/cmake/rcutilsConfig.cmake:41 (include)
  /home/marlar/movelt_success/firmware/mcu_ws/install/share/rosidl_runtime_c/cmake/ament_cmake_export_dependencies-extras.cmake:21 (find_package)
  /home/marlar/movelt_success/firmware/mcu_ws/install/share/rosidl_runtime_c/cmake/rosidl_runtime_cConfig.cmake:41 (include)
  /home/marlar/movelt_success/firmware/mcu_ws/install/share/builtin_interfaces/cmake/ament_cmake_export_dependencies-extras.cmake:21 (find_package)
  /home/marlar/movelt_success/firmware/mcu_ws/install/share/builtin_interfaces/cmake/builtin_interfacesConfig.cmake:41 (include)
  CMakeLists.txt:14 (find_package)


-- Using single rosidl_typesupport_c: rosidl_typesupport_microxrcedds_c
-- Found rosidl_adapter: 1.2.0 (/home/marlar/movelt_success/firmware/mcu_ws/install/share/rosidl_adapter/cmake)
-- Found rosidl_default_generators: 1.0.0 (/home/marlar/movelt_success/firmware/mcu_ws/install/share/rosidl_default_generators/cmake)
-- Found unique_identifier_msgs: 2.1.2 (/home/marlar/movelt_success/firmware/mcu_ws/install/share/unique_identifier_msgs/cmake)
-- Found PythonInterp: /usr/bin/python3 (found version "3.8.5") 
-- Found ament_cmake_ros: 0.9.1 (/home/marlar/movelt_success/firmware/dev_ws/install/ament_cmake_ros/share/ament_cmake_ros/cmake)
-- Using single rosidl_typesupport_c: rosidl_typesupport_microxrcedds_c
-- Configuring done
-- Generating done
CMake Warning:
  Manually-specified variables were not used by the project:

    THIRDPARTY


-- Build files have been written to: /home/marlar/movelt_success/firmware/mcu_ws/build/action_msgs
[  5%] [34m[1mGenerating C code for ROS interfaces[0m
[ 11%] [32mBuilding C object CMakeFiles/action_msgs__rosidl_generator_c.dir/rosidl_generator_c/action_msgs/msg/detail/goal_info__functions.c.obj[0m
[ 16%] [32mBuilding C object CMakeFiles/action_msgs__rosidl_generator_c.dir/rosidl_generator_c/action_msgs/msg/detail/goal_status__functions.c.obj[0m
[ 22%] [32mBuilding C object CMakeFiles/action_msgs__rosidl_generator_c.dir/rosidl_generator_c/action_msgs/msg/detail/goal_status_array__functions.c.obj[0m
[ 27%] [32mBuilding C object CMakeFiles/action_msgs__rosidl_generator_c.dir/rosidl_generator_c/action_msgs/srv/detail/cancel_goal__functions.c.obj[0m
[ 33%] [32m[1mLinking CXX static library libaction_msgs__rosidl_generator_c.a[0m
/home/marlar/movelt_success/firmware/zephyr-sdk/arm-zephyr-eabi/bin/arm-zephyr-eabi-ar qc libaction_msgs__rosidl_generator_c.a CMakeFiles/action_msgs__rosidl_generator_c.dir/rosidl_generator_c/action_msgs/msg/detail/goal_info__functions.c.obj CMakeFiles/action_msgs__rosidl_generator_c.dir/rosidl_generator_c/action_msgs/msg/detail/goal_status__functions.c.obj CMakeFiles/action_msgs__rosidl_generator_c.dir/rosidl_generator_c/action_msgs/msg/detail/goal_status_array__functions.c.obj CMakeFiles/action_msgs__rosidl_generator_c.dir/rosidl_generator_c/action_msgs/srv/detail/cancel_goal__functions.c.obj
/home/marlar/movelt_success/firmware/zephyr-sdk/arm-zephyr-eabi/bin/arm-zephyr-eabi-ranlib libaction_msgs__rosidl_generator_c.a
[ 33%] Built target action_msgs__rosidl_generator_c
[ 38%] [34m[1mGenerating C type support for eProsima Micro XRCE-DDS[0m
[ 44%] [32mBuilding C object CMakeFiles/action_msgs__rosidl_typesupport_microxrcedds_c.dir/rosidl_typesupport_microxrcedds_c/action_msgs/msg/detail/microxrcedds/goal_info__type_support_c.c.obj[0m
[ 50%] [32mBuilding C object CMakeFiles/action_msgs__rosidl_typesupport_microxrcedds_c.dir/rosidl_typesupport_microxrcedds_c/action_msgs/msg/detail/microxrcedds/goal_status__type_support_c.c.obj[0m
[ 55%] [32mBuilding C object CMakeFiles/action_msgs__rosidl_typesupport_microxrcedds_c.dir/rosidl_typesupport_microxrcedds_c/action_msgs/msg/detail/microxrcedds/goal_status_array__type_support_c.c.obj[0m
[ 61%] [32mBuilding C object CMakeFiles/action_msgs__rosidl_typesupport_microxrcedds_c.dir/rosidl_typesupport_microxrcedds_c/action_msgs/srv/detail/microxrcedds/cancel_goal__type_support_c.c.obj[0m
In file included from [01m[K/home/marlar/movelt_success/firmware/mcu_ws/build/action_msgs/rosidl_typesupport_microxrcedds_c/action_msgs/msg/detail/goal_status__rosidl_typesupport_microxrcedds_c.h:10[m[K,
                 from [01m[K/home/marlar/movelt_success/firmware/mcu_ws/build/action_msgs/rosidl_typesupport_microxrcedds_c/action_msgs/msg/detail/microxrcedds/goal_status__type_support_c.c:4[m[K:
[01m[K/home/marlar/movelt_success/firmware/zephyrproject/zephyr/lib/libc/newlib/include/stdint.h:28:2:[m[K [01;35m[Kwarning: [m[K#include_next is a GCC extension
   28 | #[01;35m[Kinclude_next[m[K <stdint.h>
      |  [01;35m[K^~~~~~~~~~~~[m[K
In file included from [01m[K/home/marlar/movelt_success/firmware/mcu_ws/build/action_msgs/rosidl_typesupport_microxrcedds_c/action_msgs/msg/detail/goal_info__rosidl_typesupport_microxrcedds_c.h:10[m[K,
                 from [01m[K/home/marlar/movelt_success/firmware/mcu_ws/build/action_msgs/rosidl_typesupport_microxrcedds_c/action_msgs/msg/detail/microxrcedds/goal_info__type_support_c.c:4[m[K:
[01m[K/home/marlar/movelt_success/firmware/zephyrproject/zephyr/lib/libc/newlib/include/stdint.h:28:2:[m[K [01;35m[Kwarning: [m[K#include_next is a GCC extension
   28 | #[01;35m[Kinclude_next[m[K <stdint.h>
      |  [01;35m[K^~~~~~~~~~~~[m[K
In file included from [01m[K/home/marlar/movelt_success/firmware/mcu_ws/build/action_msgs/rosidl_typesupport_microxrcedds_c/action_msgs/msg/detail/goal_status_array__rosidl_typesupport_microxrcedds_c.h:10[m[K,
                 from [01m[K/home/marlar/movelt_success/firmware/mcu_ws/build/action_msgs/rosidl_typesupport_microxrcedds_c/action_msgs/msg/detail/microxrcedds/goal_status_array__type_support_c.c:4[m[K:
[01m[K/home/marlar/movelt_success/firmware/zephyrproject/zephyr/lib/libc/newlib/include/stdint.h:28:2:[m[K [01;35m[Kwarning: [m[K#include_next is a GCC extension
   28 | #[01;35m[Kinclude_next[m[K <stdint.h>
      |  [01;35m[K^~~~~~~~~~~~[m[K
In file included from [01m[K/home/marlar/movelt_success/firmware/mcu_ws/build/action_msgs/rosidl_typesupport_microxrcedds_c/action_msgs/srv/detail/cancel_goal__rosidl_typesupport_microxrcedds_c.h:10[m[K,
                 from [01m[K/home/marlar/movelt_success/firmware/mcu_ws/build/action_msgs/rosidl_typesupport_microxrcedds_c/action_msgs/srv/detail/microxrcedds/cancel_goal__type_support_c.c:4[m[K:
[01m[K/home/marlar/movelt_success/firmware/zephyrproject/zephyr/lib/libc/newlib/include/stdint.h:28:2:[m[K [01;35m[Kwarning: [m[K#include_next is a GCC extension
   28 | #[01;35m[Kinclude_next[m[K <stdint.h>
      |  [01;35m[K^~~~~~~~~~~~[m[K
[ 66%] [32m[1mLinking CXX static library libaction_msgs__rosidl_typesupport_microxrcedds_c.a[0m
/home/marlar/movelt_success/firmware/zephyr-sdk/arm-zephyr-eabi/bin/arm-zephyr-eabi-ar qc libaction_msgs__rosidl_typesupport_microxrcedds_c.a CMakeFiles/action_msgs__rosidl_typesupport_microxrcedds_c.dir/rosidl_typesupport_microxrcedds_c/action_msgs/msg/detail/microxrcedds/goal_info__type_support_c.c.obj CMakeFiles/action_msgs__rosidl_typesupport_microxrcedds_c.dir/rosidl_typesupport_microxrcedds_c/action_msgs/msg/detail/microxrcedds/goal_status__type_support_c.c.obj CMakeFiles/action_msgs__rosidl_typesupport_microxrcedds_c.dir/rosidl_typesupport_microxrcedds_c/action_msgs/msg/detail/microxrcedds/goal_status_array__type_support_c.c.obj CMakeFiles/action_msgs__rosidl_typesupport_microxrcedds_c.dir/rosidl_typesupport_microxrcedds_c/action_msgs/srv/detail/microxrcedds/cancel_goal__type_support_c.c.obj
/home/marlar/movelt_success/firmware/zephyr-sdk/arm-zephyr-eabi/bin/arm-zephyr-eabi-ranlib libaction_msgs__rosidl_typesupport_microxrcedds_c.a
[ 66%] Built target action_msgs__rosidl_typesupport_microxrcedds_c
[ 72%] [34m[1mGenerating C type support dispatch for ROS interfaces[0m
[ 77%] [32mBuilding CXX object CMakeFiles/action_msgs__rosidl_typesupport_c.dir/rosidl_typesupport_c/action_msgs/srv/cancel_goal__type_support.cpp.obj[0m
[ 83%] [32mBuilding CXX object CMakeFiles/action_msgs__rosidl_typesupport_c.dir/rosidl_typesupport_c/action_msgs/msg/goal_status__type_support.cpp.obj[0m
[ 88%] [32mBuilding CXX object CMakeFiles/action_msgs__rosidl_typesupport_c.dir/rosidl_typesupport_c/action_msgs/msg/goal_status_array__type_support.cpp.obj[0m
[ 94%] [32mBuilding CXX object CMakeFiles/action_msgs__rosidl_typesupport_c.dir/rosidl_typesupport_c/action_msgs/msg/goal_info__type_support.cpp.obj[0m
[100%] [32m[1mLinking CXX static library libaction_msgs__rosidl_typesupport_c.a[0m
/home/marlar/movelt_success/firmware/zephyr-sdk/arm-zephyr-eabi/bin/arm-zephyr-eabi-ar qc libaction_msgs__rosidl_typesupport_c.a CMakeFiles/action_msgs__rosidl_typesupport_c.dir/rosidl_typesupport_c/action_msgs/msg/goal_info__type_support.cpp.obj CMakeFiles/action_msgs__rosidl_typesupport_c.dir/rosidl_typesupport_c/action_msgs/msg/goal_status__type_support.cpp.obj CMakeFiles/action_msgs__rosidl_typesupport_c.dir/rosidl_typesupport_c/action_msgs/msg/goal_status_array__type_support.cpp.obj CMakeFiles/action_msgs__rosidl_typesupport_c.dir/rosidl_typesupport_c/action_msgs/srv/cancel_goal__type_support.cpp.obj
/home/marlar/movelt_success/firmware/zephyr-sdk/arm-zephyr-eabi/bin/arm-zephyr-eabi-ranlib libaction_msgs__rosidl_typesupport_c.a
[100%] Built target action_msgs__rosidl_typesupport_c
[100%] Built target action_msgs
-- Install configuration: "Debug"
-- Installing: /home/marlar/movelt_success/firmware/mcu_ws/install/share/ament_index/resource_index/rosidl_interfaces/action_msgs
-- Installing: /home/marlar/movelt_success/firmware/mcu_ws/install/include/action_msgs
-- Installing: /home/marlar/movelt_success/firmware/mcu_ws/install/include/action_msgs/msg
-- Installing: /home/marlar/movelt_success/firmware/mcu_ws/install/include/action_msgs/msg/goal_info.h
-- Installing: /home/marlar/movelt_success/firmware/mcu_ws/install/include/action_msgs/msg/detail
-- Installing: /home/marlar/movelt_success/firmware/mcu_ws/install/include/action_msgs/msg/detail/goal_status_array__functions.h
-- Installing: /home/marlar/movelt_success/firmware/mcu_ws/install/include/action_msgs/msg/detail/goal_status__functions.h
-- Installing: /home/marlar/movelt_success/firmware/mcu_ws/install/include/action_msgs/msg/detail/goal_info__functions.h
-- Installing: /home/marlar/movelt_success/firmware/mcu_ws/install/include/action_msgs/msg/detail/goal_status_array__functions.c
-- Installing: /home/marlar/movelt_success/firmware/mcu_ws/install/include/action_msgs/msg/detail/goal_status__type_support.h
-- Installing: /home/marlar/movelt_success/firmware/mcu_ws/install/include/action_msgs/msg/detail/goal_info__type_support.h
-- Installing: /home/marlar/movelt_success/firmware/mcu_ws/install/include/action_msgs/msg/detail/goal_status__struct.h
-- Installing: /home/marlar/movelt_success/firmware/mcu_ws/install/include/action_msgs/msg/detail/goal_status__functions.c
-- Installing: /home/marlar/movelt_success/firmware/mcu_ws/install/include/action_msgs/msg/detail/goal_status_array__type_support.h
-- Installing: /home/marlar/movelt_success/firmware/mcu_ws/install/include/action_msgs/msg/detail/goal_info__struct.h
-- Installing: /home/marlar/movelt_success/firmware/mcu_ws/install/include/action_msgs/msg/detail/goal_info__functions.c
-- Installing: /home/marlar/movelt_success/firmware/mcu_ws/install/include/action_msgs/msg/detail/goal_status_array__struct.h
-- Installing: /home/marlar/movelt_success/firmware/mcu_ws/install/include/action_msgs/msg/goal_status.h
-- Installing: /home/marlar/movelt_success/firmware/mcu_ws/install/include/action_msgs/msg/rosidl_generator_c__visibility_control.h
-- Installing: /home/marlar/movelt_success/firmware/mcu_ws/install/include/action_msgs/msg/goal_status_array.h
-- Installing: /home/marlar/movelt_success/firmware/mcu_ws/install/include/action_msgs/srv
-- Installing: /home/marlar/movelt_success/firmware/mcu_ws/install/include/action_msgs/srv/cancel_goal.h
-- Installing: /home/marlar/movelt_success/firmware/mcu_ws/install/include/action_msgs/srv/detail
-- Installing: /home/marlar/movelt_success/firmware/mcu_ws/install/include/action_msgs/srv/detail/cancel_goal__struct.h
-- Installing: /home/marlar/movelt_success/firmware/mcu_ws/install/include/action_msgs/srv/detail/cancel_goal__type_support.h
-- Installing: /home/marlar/movelt_success/firmware/mcu_ws/install/include/action_msgs/srv/detail/cancel_goal__functions.c
-- Installing: /home/marlar/movelt_success/firmware/mcu_ws/install/include/action_msgs/srv/detail/cancel_goal__functions.h
-- Installing: /home/marlar/movelt_success/firmware/mcu_ws/install/share/action_msgs/environment/library_path.sh
-- Installing: /home/marlar/movelt_success/firmware/mcu_ws/install/share/action_msgs/environment/library_path.dsv
-- Installing: /home/marlar/movelt_success/firmware/mcu_ws/install/lib/libaction_msgs__rosidl_generator_c.a
-- Up-to-date: /home/marlar/movelt_success/firmware/mcu_ws/install/include/action_msgs
-- Up-to-date: /home/marlar/movelt_success/firmware/mcu_ws/install/include/action_msgs/msg
-- Installing: /home/marlar/movelt_success/firmware/mcu_ws/install/include/action_msgs/msg/rosidl_typesupport_microxrcedds_c__visibility_control.h
-- Up-to-date: /home/marlar/movelt_success/firmware/mcu_ws/install/include/action_msgs/msg/detail
-- Installing: /home/marlar/movelt_success/firmware/mcu_ws/install/include/action_msgs/msg/detail/goal_status_array__rosidl_typesupport_microxrcedds_c.h
-- Installing: /home/marlar/movelt_success/firmware/mcu_ws/install/include/action_msgs/msg/detail/goal_info__rosidl_typesupport_microxrcedds_c.h
-- Installing: /home/marlar/movelt_success/firmware/mcu_ws/install/include/action_msgs/msg/detail/microxrcedds
-- Installing: /home/marlar/movelt_success/firmware/mcu_ws/install/include/action_msgs/msg/detail/goal_status__rosidl_typesupport_microxrcedds_c.h
-- Up-to-date: /home/marlar/movelt_success/firmware/mcu_ws/install/include/action_msgs/srv
-- Up-to-date: /home/marlar/movelt_success/firmware/mcu_ws/install/include/action_msgs/srv/detail
-- Installing: /home/marlar/movelt_success/firmware/mcu_ws/install/include/action_msgs/srv/detail/cancel_goal__rosidl_typesupport_microxrcedds_c.h
-- Installing: /home/marlar/movelt_success/firmware/mcu_ws/install/include/action_msgs/srv/detail/microxrcedds
-- Installing: /home/marlar/movelt_success/firmware/mcu_ws/install/lib/libaction_msgs__rosidl_typesupport_microxrcedds_c.a
-- Installing: /home/marlar/movelt_success/firmware/mcu_ws/install/lib/libaction_msgs__rosidl_typesupport_c.a
-- Up-to-date: /home/marlar/movelt_success/firmware/mcu_ws/install/lib/libaction_msgs__rosidl_typesupport_microxrcedds_c.a
-- Installing: /home/marlar/movelt_success/firmware/mcu_ws/install/share/action_msgs/msg/GoalInfo.idl
-- Installing: /home/marlar/movelt_success/firmware/mcu_ws/install/share/action_msgs/msg/GoalStatus.idl
-- Installing: /home/marlar/movelt_success/firmware/mcu_ws/install/share/action_msgs/msg/GoalStatusArray.idl
-- Installing: /home/marlar/movelt_success/firmware/mcu_ws/install/share/action_msgs/srv/CancelGoal.idl
-- Installing: /home/marlar/movelt_success/firmware/mcu_ws/install/share/action_msgs/msg/GoalInfo.msg
-- Installing: /home/marlar/movelt_success/firmware/mcu_ws/install/share/action_msgs/msg/GoalStatus.msg
-- Installing: /home/marlar/movelt_success/firmware/mcu_ws/install/share/action_msgs/msg/GoalStatusArray.msg
-- Installing: /home/marlar/movelt_success/firmware/mcu_ws/install/share/action_msgs/srv/CancelGoal.srv
-- Installing: /home/marlar/movelt_success/firmware/mcu_ws/install/share/action_msgs/srv/CancelGoal_Request.msg
-- Installing: /home/marlar/movelt_success/firmware/mcu_ws/install/share/action_msgs/srv/CancelGoal_Response.msg
-- Installing: /home/marlar/movelt_success/firmware/mcu_ws/install/share/ament_index/resource_index/package_run_dependencies/action_msgs
-- Installing: /home/marlar/movelt_success/firmware/mcu_ws/install/share/ament_index/resource_index/parent_prefix_path/action_msgs
-- Installing: /home/marlar/movelt_success/firmware/mcu_ws/install/share/action_msgs/environment/ament_prefix_path.sh
-- Installing: /home/marlar/movelt_success/firmware/mcu_ws/install/share/action_msgs/environment/ament_prefix_path.dsv
-- Installing: /home/marlar/movelt_success/firmware/mcu_ws/install/share/action_msgs/environment/path.sh
-- Installing: /home/marlar/movelt_success/firmware/mcu_ws/install/share/action_msgs/environment/path.dsv
-- Installing: /home/marlar/movelt_success/firmware/mcu_ws/install/share/action_msgs/local_setup.bash
-- Installing: /home/marlar/movelt_success/firmware/mcu_ws/install/share/action_msgs/local_setup.sh
-- Installing: /home/marlar/movelt_success/firmware/mcu_ws/install/share/action_msgs/local_setup.zsh
-- Installing: /home/marlar/movelt_success/firmware/mcu_ws/install/share/action_msgs/local_setup.dsv
-- Installing: /home/marlar/movelt_success/firmware/mcu_ws/install/share/action_msgs/package.dsv
-- Installing: /home/marlar/movelt_success/firmware/mcu_ws/install/share/ament_index/resource_index/packages/action_msgs
-- Installing: /home/marlar/movelt_success/firmware/mcu_ws/install/share/action_msgs/cmake/action_msgs__rosidl_generator_cExport.cmake
-- Installing: /home/marlar/movelt_success/firmware/mcu_ws/install/share/action_msgs/cmake/action_msgs__rosidl_generator_cExport-debug.cmake
-- Installing: /home/marlar/movelt_success/firmware/mcu_ws/install/share/action_msgs/cmake/action_msgs__rosidl_typesupport_cExport.cmake
-- Installing: /home/marlar/movelt_success/firmware/mcu_ws/install/share/action_msgs/cmake/action_msgs__rosidl_typesupport_cExport-debug.cmake
-- Installing: /home/marlar/movelt_success/firmware/mcu_ws/install/share/action_msgs/cmake/rosidl_cmake-extras.cmake
-- Installing: /home/marlar/movelt_success/firmware/mcu_ws/install/share/action_msgs/cmake/ament_cmake_export_dependencies-extras.cmake
-- Installing: /home/marlar/movelt_success/firmware/mcu_ws/install/share/action_msgs/cmake/ament_cmake_export_libraries-extras.cmake
-- Installing: /home/marlar/movelt_success/firmware/mcu_ws/install/share/action_msgs/cmake/ament_cmake_export_targets-extras.cmake
-- Installing: /home/marlar/movelt_success/firmware/mcu_ws/install/share/action_msgs/cmake/ament_cmake_export_include_directories-extras.cmake
-- Installing: /home/marlar/movelt_success/firmware/mcu_ws/install/share/action_msgs/cmake/rosidl_cmake_export_typesupport_libraries-extras.cmake
-- Installing: /home/marlar/movelt_success/firmware/mcu_ws/install/share/action_msgs/cmake/action_msgsConfig.cmake
-- Installing: /home/marlar/movelt_success/firmware/mcu_ws/install/share/action_msgs/cmake/action_msgsConfig-version.cmake
-- Installing: /home/marlar/movelt_success/firmware/mcu_ws/install/share/action_msgs/package.xml
