Not searching for unused variables given on the command line.
-- The C compiler identification is GNU 9.3.0
-- The CXX compiler identification is GNU 9.3.0
-- Detecting C compiler ABI info
-- Detecting C compiler ABI info - done
-- Check for working C compiler: /usr/bin/cc - skipped
-- Detecting C compile features
-- Detecting C compile features - done
-- Detecting CXX compiler ABI info
-- Detecting CXX compiler ABI info - done
-- Check for working CXX compiler: /usr/bin/c++ - skipped
-- Detecting CXX compile features
-- Detecting CXX compile features - done
-- Found ament_cmake: 0.9.8 (/opt/ros/foxy/share/ament_cmake/cmake)
-- Found PythonInterp: /usr/bin/python3 (found suitable version "3.8.5", minimum required is "3") 
-- Using PYTHON_EXECUTABLE: /usr/bin/python3
-- Found rosidl_default_generators: 1.0.0 (/opt/ros/foxy/share/rosidl_default_generators/cmake)
-- Using all available rosidl_typesupport_c: rosidl_typesupport_microxrcedds_c;rosidl_typesupport_fastrtps_c;rosidl_typesupport_introspection_c
-- Found rosidl_adapter: 1.2.0 (/opt/ros/foxy/share/rosidl_adapter/cmake)
-- Found OpenSSL: /usr/lib/x86_64-linux-gnu/libcrypto.so (found version "1.1.1f")  
-- Found FastRTPS: /opt/ros/foxy/include  
-- Using all available rosidl_typesupport_cpp: rosidl_typesupport_fastrtps_cpp;rosidl_typesupport_introspection_cpp
-- Found ament_lint_auto: 0.9.6 (/opt/ros/foxy/share/ament_lint_auto/cmake)
-- Found PythonInterp: /usr/bin/python3 (found version "3.8.5") 
-- Found ament_cmake_ros: 0.9.1 (/opt/ros/foxy/share/ament_cmake_ros/cmake)
-- Using all available rosidl_typesupport_c: rosidl_typesupport_microxrcedds_c;rosidl_typesupport_fastrtps_c;rosidl_typesupport_introspection_c
-- Using all available rosidl_typesupport_cpp: rosidl_typesupport_fastrtps_cpp;rosidl_typesupport_introspection_cpp
-- Found PythonInterp: /usr/bin/python3 (found suitable version "3.8.5", minimum required is "3.5") 
-- Found python_cmake_module: 0.8.0 (/opt/ros/foxy/share/python_cmake_module/cmake)
-- Found PythonLibs: /usr/lib/x86_64-linux-gnu/libpython3.8.so (found suitable version "3.8.5", minimum required is "3.5") 
-- Using PYTHON_EXECUTABLE: /usr/bin/python3
-- Using PYTHON_INCLUDE_DIRS: /usr/include/python3.8
-- Using PYTHON_LIBRARIES: /usr/lib/x86_64-linux-gnu/libpython3.8.so
-- Found PythonExtra: .so  
-- Added test 'copyright' to check source files copyright and LICENSE
-- Added test 'lint_cmake' to check CMake code style
-- Added test 'xmllint' to check XML markup files
-- Configuring done
-- Generating done
-- Build files have been written to: /home/marlar/zephyr_microros_pingpong_success/zephyr_microros_pingpong/build/micro_ros_msgs
[  1%] [34m[1mGenerating C code for ROS interfaces[0m
[  3%] [34m[1mGenerating C++ code for ROS interfaces[0m
[  5%] [32mBuilding C object CMakeFiles/micro_ros_msgs__rosidl_generator_c.dir/rosidl_generator_c/micro_ros_msgs/msg/detail/graph__functions.c.o[0m
[  7%] [32mBuilding C object CMakeFiles/micro_ros_msgs__rosidl_generator_c.dir/rosidl_generator_c/micro_ros_msgs/msg/detail/node__functions.c.o[0m
[  9%] [32mBuilding C object CMakeFiles/micro_ros_msgs__rosidl_generator_c.dir/rosidl_generator_c/micro_ros_msgs/msg/detail/entity__functions.c.o[0m
[  9%] Built target micro_ros_msgs__cpp
[ 11%] [34m[1mGenerating C++ type support dispatch for ROS interfaces[0m
[ 12%] [34m[1mGenerating C++ type support for eProsima Fast-RTPS[0m
[ 14%] [34m[1mGenerating C++ introspection for ROS interfaces[0m
[ 16%] [32m[1mLinking C shared library libmicro_ros_msgs__rosidl_generator_c.so[0m
[ 16%] Built target micro_ros_msgs__rosidl_generator_c
[ 18%] [34m[1mGenerating C type support dispatch for ROS interfaces[0m
[ 20%] [34m[1mGenerating C introspection for ROS interfaces[0m
[ 22%] [34m[1mGenerating C type support for eProsima Micro XRCE-DDS[0m
[ 24%] [32mBuilding CXX object CMakeFiles/micro_ros_msgs__rosidl_typesupport_cpp.dir/rosidl_typesupport_cpp/micro_ros_msgs/msg/graph__type_support.cpp.o[0m
[ 25%] [32mBuilding CXX object CMakeFiles/micro_ros_msgs__rosidl_typesupport_cpp.dir/rosidl_typesupport_cpp/micro_ros_msgs/msg/node__type_support.cpp.o[0m
[ 27%] [32mBuilding CXX object CMakeFiles/micro_ros_msgs__rosidl_typesupport_cpp.dir/rosidl_typesupport_cpp/micro_ros_msgs/msg/entity__type_support.cpp.o[0m
[ 29%] [32mBuilding CXX object CMakeFiles/micro_ros_msgs__rosidl_typesupport_fastrtps_cpp.dir/rosidl_typesupport_fastrtps_cpp/micro_ros_msgs/msg/detail/dds_fastrtps/graph__type_support.cpp.o[0m
[ 33%] [32mBuilding CXX object CMakeFiles/micro_ros_msgs__rosidl_typesupport_fastrtps_cpp.dir/rosidl_typesupport_fastrtps_cpp/micro_ros_msgs/msg/detail/dds_fastrtps/entity__type_support.cpp.o[0m
[ 33%] [32mBuilding CXX object CMakeFiles/micro_ros_msgs__rosidl_typesupport_fastrtps_cpp.dir/rosidl_typesupport_fastrtps_cpp/micro_ros_msgs/msg/detail/dds_fastrtps/node__type_support.cpp.o[0m
[ 35%] [32mBuilding CXX object CMakeFiles/micro_ros_msgs__rosidl_typesupport_introspection_cpp.dir/rosidl_typesupport_introspection_cpp/micro_ros_msgs/msg/detail/graph__type_support.cpp.o[0m
[ 37%] [32mBuilding CXX object CMakeFiles/micro_ros_msgs__rosidl_typesupport_introspection_cpp.dir/rosidl_typesupport_introspection_cpp/micro_ros_msgs/msg/detail/entity__type_support.cpp.o[0m
[ 38%] [32mBuilding CXX object CMakeFiles/micro_ros_msgs__rosidl_typesupport_introspection_cpp.dir/rosidl_typesupport_introspection_cpp/micro_ros_msgs/msg/detail/node__type_support.cpp.o[0m
[ 40%] [32mBuilding CXX object CMakeFiles/micro_ros_msgs__rosidl_typesupport_c.dir/rosidl_typesupport_c/micro_ros_msgs/msg/graph__type_support.cpp.o[0m
[ 42%] [32mBuilding CXX object CMakeFiles/micro_ros_msgs__rosidl_typesupport_c.dir/rosidl_typesupport_c/micro_ros_msgs/msg/node__type_support.cpp.o[0m
[ 44%] [32mBuilding C object CMakeFiles/micro_ros_msgs__rosidl_typesupport_introspection_c.dir/rosidl_typesupport_introspection_c/micro_ros_msgs/msg/detail/graph__type_support.c.o[0m
[ 46%] [32mBuilding CXX object CMakeFiles/micro_ros_msgs__rosidl_typesupport_c.dir/rosidl_typesupport_c/micro_ros_msgs/msg/entity__type_support.cpp.o[0m
[ 48%] [32mBuilding C object CMakeFiles/micro_ros_msgs__rosidl_typesupport_microxrcedds_c.dir/rosidl_typesupport_microxrcedds_c/micro_ros_msgs/msg/detail/microxrcedds/graph__type_support_c.c.o[0m
[ 50%] [32mBuilding C object CMakeFiles/micro_ros_msgs__rosidl_typesupport_introspection_c.dir/rosidl_typesupport_introspection_c/micro_ros_msgs/msg/detail/node__type_support.c.o[0m
[ 51%] [32m[1mLinking CXX shared library libmicro_ros_msgs__rosidl_typesupport_c.so[0m
[ 53%] [32mBuilding C object CMakeFiles/micro_ros_msgs__rosidl_typesupport_introspection_c.dir/rosidl_typesupport_introspection_c/micro_ros_msgs/msg/detail/entity__type_support.c.o[0m
[ 55%] [32mBuilding C object CMakeFiles/micro_ros_msgs__rosidl_typesupport_microxrcedds_c.dir/rosidl_typesupport_microxrcedds_c/micro_ros_msgs/msg/detail/microxrcedds/node__type_support_c.c.o[0m
[ 55%] Built target micro_ros_msgs__rosidl_typesupport_c
[ 57%] [32mBuilding C object CMakeFiles/micro_ros_msgs__rosidl_typesupport_microxrcedds_c.dir/rosidl_typesupport_microxrcedds_c/micro_ros_msgs/msg/detail/microxrcedds/entity__type_support_c.c.o[0m
[ 59%] [32m[1mLinking C shared library libmicro_ros_msgs__rosidl_typesupport_introspection_c.so[0m
[ 59%] Built target micro_ros_msgs__rosidl_typesupport_introspection_c
[ 61%] [32m[1mLinking C static library libmicro_ros_msgs__rosidl_typesupport_microxrcedds_c.a[0m
[ 62%] [32m[1mLinking CXX shared library libmicro_ros_msgs__rosidl_typesupport_cpp.so[0m
[ 62%] Built target micro_ros_msgs__rosidl_typesupport_microxrcedds_c
[ 62%] Built target micro_ros_msgs__rosidl_typesupport_cpp
[ 64%] [32m[1mLinking CXX shared library libmicro_ros_msgs__rosidl_typesupport_introspection_cpp.so[0m
[ 66%] [32m[1mLinking CXX shared library libmicro_ros_msgs__rosidl_typesupport_fastrtps_cpp.so[0m
[ 66%] Built target micro_ros_msgs__rosidl_typesupport_introspection_cpp
[ 66%] Built target micro_ros_msgs__rosidl_typesupport_fastrtps_cpp
[ 68%] [34m[1mGenerating C type support for eProsima Fast-RTPS[0m
[ 70%] [32mBuilding CXX object CMakeFiles/micro_ros_msgs__rosidl_typesupport_fastrtps_c.dir/rosidl_typesupport_fastrtps_c/micro_ros_msgs/msg/detail/graph__type_support_c.cpp.o[0m
[ 72%] [32mBuilding CXX object CMakeFiles/micro_ros_msgs__rosidl_typesupport_fastrtps_c.dir/rosidl_typesupport_fastrtps_c/micro_ros_msgs/msg/detail/node__type_support_c.cpp.o[0m
[ 74%] [32mBuilding CXX object CMakeFiles/micro_ros_msgs__rosidl_typesupport_fastrtps_c.dir/rosidl_typesupport_fastrtps_c/micro_ros_msgs/msg/detail/entity__type_support_c.cpp.o[0m
[ 75%] [32m[1mLinking CXX shared library libmicro_ros_msgs__rosidl_typesupport_fastrtps_c.so[0m
[ 75%] Built target micro_ros_msgs__rosidl_typesupport_fastrtps_c
[ 75%] Built target micro_ros_msgs
[ 77%] [34m[1mGenerating Python code for ROS interfaces[0m
[ 77%] Built target micro_ros_msgs__py
[ 79%] [32mBuilding C object CMakeFiles/micro_ros_msgs__python.dir/rosidl_generator_py/micro_ros_msgs/msg/_graph_s.c.o[0m
[ 81%] [32mBuilding C object CMakeFiles/micro_ros_msgs__python.dir/rosidl_generator_py/micro_ros_msgs/msg/_node_s.c.o[0m
[ 83%] [32mBuilding C object CMakeFiles/micro_ros_msgs__python.dir/rosidl_generator_py/micro_ros_msgs/msg/_entity_s.c.o[0m
[ 85%] [32m[1mLinking C shared library rosidl_generator_py/micro_ros_msgs/libmicro_ros_msgs__python.so[0m
[ 85%] Built target micro_ros_msgs__python
[ 87%] [32mBuilding C object CMakeFiles/micro_ros_msgs__rosidl_typesupport_introspection_c__pyext.dir/rosidl_generator_py/micro_ros_msgs/_micro_ros_msgs_s.ep.rosidl_typesupport_introspection_c.c.o[0m
[ 88%] [32mBuilding C object CMakeFiles/micro_ros_msgs__rosidl_typesupport_microxrcedds_c__pyext.dir/rosidl_generator_py/micro_ros_msgs/_micro_ros_msgs_s.ep.rosidl_typesupport_microxrcedds_c.c.o[0m
[ 90%] [32mBuilding C object CMakeFiles/micro_ros_msgs__rosidl_typesupport_fastrtps_c__pyext.dir/rosidl_generator_py/micro_ros_msgs/_micro_ros_msgs_s.ep.rosidl_typesupport_fastrtps_c.c.o[0m
[ 92%] [32mBuilding C object CMakeFiles/micro_ros_msgs__rosidl_typesupport_c__pyext.dir/rosidl_generator_py/micro_ros_msgs/_micro_ros_msgs_s.ep.rosidl_typesupport_c.c.o[0m
[ 94%] [32m[1mLinking C shared library rosidl_generator_py/micro_ros_msgs/micro_ros_msgs_s__rosidl_typesupport_introspection_c.cpython-38-x86_64-linux-gnu.so[0m
[ 96%] [32m[1mLinking C shared library rosidl_generator_py/micro_ros_msgs/micro_ros_msgs_s__rosidl_typesupport_microxrcedds_c.cpython-38-x86_64-linux-gnu.so[0m
[ 98%] [32m[1mLinking CXX shared library rosidl_generator_py/micro_ros_msgs/micro_ros_msgs_s__rosidl_typesupport_fastrtps_c.cpython-38-x86_64-linux-gnu.so[0m
[100%] [32m[1mLinking C shared library rosidl_generator_py/micro_ros_msgs/micro_ros_msgs_s__rosidl_typesupport_c.cpython-38-x86_64-linux-gnu.so[0m
[100%] Built target micro_ros_msgs__rosidl_typesupport_microxrcedds_c__pyext
[100%] Built target micro_ros_msgs__rosidl_typesupport_introspection_c__pyext
[100%] Built target micro_ros_msgs__rosidl_typesupport_c__pyext
[100%] Built target micro_ros_msgs__rosidl_typesupport_fastrtps_c__pyext
-- Install configuration: ""
-- Installing: /home/marlar/zephyr_microros_pingpong_success/zephyr_microros_pingpong/install/micro_ros_msgs/share/ament_index/resource_index/rosidl_interfaces/micro_ros_msgs
-- Installing: /home/marlar/zephyr_microros_pingpong_success/zephyr_microros_pingpong/install/micro_ros_msgs/include/micro_ros_msgs
-- Installing: /home/marlar/zephyr_microros_pingpong_success/zephyr_microros_pingpong/install/micro_ros_msgs/include/micro_ros_msgs/msg
-- Installing: /home/marlar/zephyr_microros_pingpong_success/zephyr_microros_pingpong/install/micro_ros_msgs/include/micro_ros_msgs/msg/detail
-- Installing: /home/marlar/zephyr_microros_pingpong_success/zephyr_microros_pingpong/install/micro_ros_msgs/include/micro_ros_msgs/msg/detail/entity__struct.h
-- Installing: /home/marlar/zephyr_microros_pingpong_success/zephyr_microros_pingpong/install/micro_ros_msgs/include/micro_ros_msgs/msg/detail/entity__functions.c
-- Installing: /home/marlar/zephyr_microros_pingpong_success/zephyr_microros_pingpong/install/micro_ros_msgs/include/micro_ros_msgs/msg/detail/node__struct.h
-- Installing: /home/marlar/zephyr_microros_pingpong_success/zephyr_microros_pingpong/install/micro_ros_msgs/include/micro_ros_msgs/msg/detail/graph__type_support.h
-- Installing: /home/marlar/zephyr_microros_pingpong_success/zephyr_microros_pingpong/install/micro_ros_msgs/include/micro_ros_msgs/msg/detail/entity__type_support.h
-- Installing: /home/marlar/zephyr_microros_pingpong_success/zephyr_microros_pingpong/install/micro_ros_msgs/include/micro_ros_msgs/msg/detail/graph__functions.c
-- Installing: /home/marlar/zephyr_microros_pingpong_success/zephyr_microros_pingpong/install/micro_ros_msgs/include/micro_ros_msgs/msg/detail/graph__functions.h
-- Installing: /home/marlar/zephyr_microros_pingpong_success/zephyr_microros_pingpong/install/micro_ros_msgs/include/micro_ros_msgs/msg/detail/node__functions.c
-- Installing: /home/marlar/zephyr_microros_pingpong_success/zephyr_microros_pingpong/install/micro_ros_msgs/include/micro_ros_msgs/msg/detail/node__type_support.h
-- Installing: /home/marlar/zephyr_microros_pingpong_success/zephyr_microros_pingpong/install/micro_ros_msgs/include/micro_ros_msgs/msg/detail/graph__struct.h
-- Installing: /home/marlar/zephyr_microros_pingpong_success/zephyr_microros_pingpong/install/micro_ros_msgs/include/micro_ros_msgs/msg/detail/node__functions.h
-- Installing: /home/marlar/zephyr_microros_pingpong_success/zephyr_microros_pingpong/install/micro_ros_msgs/include/micro_ros_msgs/msg/detail/entity__functions.h
-- Installing: /home/marlar/zephyr_microros_pingpong_success/zephyr_microros_pingpong/install/micro_ros_msgs/include/micro_ros_msgs/msg/node.h
-- Installing: /home/marlar/zephyr_microros_pingpong_success/zephyr_microros_pingpong/install/micro_ros_msgs/include/micro_ros_msgs/msg/entity.h
-- Installing: /home/marlar/zephyr_microros_pingpong_success/zephyr_microros_pingpong/install/micro_ros_msgs/include/micro_ros_msgs/msg/graph.h
-- Installing: /home/marlar/zephyr_microros_pingpong_success/zephyr_microros_pingpong/install/micro_ros_msgs/include/micro_ros_msgs/msg/rosidl_generator_c__visibility_control.h
-- Installing: /home/marlar/zephyr_microros_pingpong_success/zephyr_microros_pingpong/install/micro_ros_msgs/share/micro_ros_msgs/environment/library_path.sh
-- Installing: /home/marlar/zephyr_microros_pingpong_success/zephyr_microros_pingpong/install/micro_ros_msgs/share/micro_ros_msgs/environment/library_path.dsv
-- Installing: /home/marlar/zephyr_microros_pingpong_success/zephyr_microros_pingpong/install/micro_ros_msgs/lib/libmicro_ros_msgs__rosidl_generator_c.so
-- Set runtime path of "/home/marlar/zephyr_microros_pingpong_success/zephyr_microros_pingpong/install/micro_ros_msgs/lib/libmicro_ros_msgs__rosidl_generator_c.so" to ""
-- Up-to-date: /home/marlar/zephyr_microros_pingpong_success/zephyr_microros_pingpong/install/micro_ros_msgs/include/micro_ros_msgs
-- Up-to-date: /home/marlar/zephyr_microros_pingpong_success/zephyr_microros_pingpong/install/micro_ros_msgs/include/micro_ros_msgs/msg
-- Installing: /home/marlar/zephyr_microros_pingpong_success/zephyr_microros_pingpong/install/micro_ros_msgs/include/micro_ros_msgs/msg/rosidl_typesupport_microxrcedds_c__visibility_control.h
-- Up-to-date: /home/marlar/zephyr_microros_pingpong_success/zephyr_microros_pingpong/install/micro_ros_msgs/include/micro_ros_msgs/msg/detail
-- Installing: /home/marlar/zephyr_microros_pingpong_success/zephyr_microros_pingpong/install/micro_ros_msgs/include/micro_ros_msgs/msg/detail/node__rosidl_typesupport_microxrcedds_c.h
-- Installing: /home/marlar/zephyr_microros_pingpong_success/zephyr_microros_pingpong/install/micro_ros_msgs/include/micro_ros_msgs/msg/detail/microxrcedds
-- Installing: /home/marlar/zephyr_microros_pingpong_success/zephyr_microros_pingpong/install/micro_ros_msgs/include/micro_ros_msgs/msg/detail/entity__rosidl_typesupport_microxrcedds_c.h
-- Installing: /home/marlar/zephyr_microros_pingpong_success/zephyr_microros_pingpong/install/micro_ros_msgs/include/micro_ros_msgs/msg/detail/graph__rosidl_typesupport_microxrcedds_c.h
-- Installing: /home/marlar/zephyr_microros_pingpong_success/zephyr_microros_pingpong/install/micro_ros_msgs/lib/libmicro_ros_msgs__rosidl_typesupport_microxrcedds_c.a
-- Up-to-date: /home/marlar/zephyr_microros_pingpong_success/zephyr_microros_pingpong/install/micro_ros_msgs/include/micro_ros_msgs
-- Up-to-date: /home/marlar/zephyr_microros_pingpong_success/zephyr_microros_pingpong/install/micro_ros_msgs/include/micro_ros_msgs/msg
-- Up-to-date: /home/marlar/zephyr_microros_pingpong_success/zephyr_microros_pingpong/install/micro_ros_msgs/include/micro_ros_msgs/msg/detail
-- Installing: /home/marlar/zephyr_microros_pingpong_success/zephyr_microros_pingpong/install/micro_ros_msgs/include/micro_ros_msgs/msg/detail/graph__rosidl_typesupport_fastrtps_c.h
-- Installing: /home/marlar/zephyr_microros_pingpong_success/zephyr_microros_pingpong/install/micro_ros_msgs/include/micro_ros_msgs/msg/detail/entity__rosidl_typesupport_fastrtps_c.h
-- Installing: /home/marlar/zephyr_microros_pingpong_success/zephyr_microros_pingpong/install/micro_ros_msgs/include/micro_ros_msgs/msg/detail/node__rosidl_typesupport_fastrtps_c.h
-- Installing: /home/marlar/zephyr_microros_pingpong_success/zephyr_microros_pingpong/install/micro_ros_msgs/include/micro_ros_msgs/msg/rosidl_typesupport_fastrtps_c__visibility_control.h
-- Installing: /home/marlar/zephyr_microros_pingpong_success/zephyr_microros_pingpong/install/micro_ros_msgs/lib/libmicro_ros_msgs__rosidl_typesupport_fastrtps_c.so
-- Set runtime path of "/home/marlar/zephyr_microros_pingpong_success/zephyr_microros_pingpong/install/micro_ros_msgs/lib/libmicro_ros_msgs__rosidl_typesupport_fastrtps_c.so" to ""
-- Up-to-date: /home/marlar/zephyr_microros_pingpong_success/zephyr_microros_pingpong/install/micro_ros_msgs/include/micro_ros_msgs
-- Up-to-date: /home/marlar/zephyr_microros_pingpong_success/zephyr_microros_pingpong/install/micro_ros_msgs/include/micro_ros_msgs/msg
-- Up-to-date: /home/marlar/zephyr_microros_pingpong_success/zephyr_microros_pingpong/install/micro_ros_msgs/include/micro_ros_msgs/msg/detail
-- Installing: /home/marlar/zephyr_microros_pingpong_success/zephyr_microros_pingpong/install/micro_ros_msgs/include/micro_ros_msgs/msg/detail/dds_fastrtps
-- Installing: /home/marlar/zephyr_microros_pingpong_success/zephyr_microros_pingpong/install/micro_ros_msgs/include/micro_ros_msgs/msg/detail/node__rosidl_typesupport_fastrtps_cpp.hpp
-- Installing: /home/marlar/zephyr_microros_pingpong_success/zephyr_microros_pingpong/install/micro_ros_msgs/include/micro_ros_msgs/msg/detail/graph__rosidl_typesupport_fastrtps_cpp.hpp
-- Installing: /home/marlar/zephyr_microros_pingpong_success/zephyr_microros_pingpong/install/micro_ros_msgs/include/micro_ros_msgs/msg/detail/entity__rosidl_typesupport_fastrtps_cpp.hpp
-- Installing: /home/marlar/zephyr_microros_pingpong_success/zephyr_microros_pingpong/install/micro_ros_msgs/include/micro_ros_msgs/msg/rosidl_typesupport_fastrtps_cpp__visibility_control.h
-- Installing: /home/marlar/zephyr_microros_pingpong_success/zephyr_microros_pingpong/install/micro_ros_msgs/lib/libmicro_ros_msgs__rosidl_typesupport_fastrtps_cpp.so
-- Set runtime path of "/home/marlar/zephyr_microros_pingpong_success/zephyr_microros_pingpong/install/micro_ros_msgs/lib/libmicro_ros_msgs__rosidl_typesupport_fastrtps_cpp.so" to ""
-- Up-to-date: /home/marlar/zephyr_microros_pingpong_success/zephyr_microros_pingpong/install/micro_ros_msgs/include/micro_ros_msgs
-- Up-to-date: /home/marlar/zephyr_microros_pingpong_success/zephyr_microros_pingpong/install/micro_ros_msgs/include/micro_ros_msgs/msg
-- Installing: /home/marlar/zephyr_microros_pingpong_success/zephyr_microros_pingpong/install/micro_ros_msgs/include/micro_ros_msgs/msg/rosidl_typesupport_introspection_c__visibility_control.h
-- Up-to-date: /home/marlar/zephyr_microros_pingpong_success/zephyr_microros_pingpong/install/micro_ros_msgs/include/micro_ros_msgs/msg/detail
-- Installing: /home/marlar/zephyr_microros_pingpong_success/zephyr_microros_pingpong/install/micro_ros_msgs/include/micro_ros_msgs/msg/detail/node__rosidl_typesupport_introspection_c.h
-- Installing: /home/marlar/zephyr_microros_pingpong_success/zephyr_microros_pingpong/install/micro_ros_msgs/include/micro_ros_msgs/msg/detail/graph__rosidl_typesupport_introspection_c.h
-- Installing: /home/marlar/zephyr_microros_pingpong_success/zephyr_microros_pingpong/install/micro_ros_msgs/include/micro_ros_msgs/msg/detail/graph__type_support.c
-- Installing: /home/marlar/zephyr_microros_pingpong_success/zephyr_microros_pingpong/install/micro_ros_msgs/include/micro_ros_msgs/msg/detail/entity__type_support.c
-- Installing: /home/marlar/zephyr_microros_pingpong_success/zephyr_microros_pingpong/install/micro_ros_msgs/include/micro_ros_msgs/msg/detail/node__type_support.c
-- Installing: /home/marlar/zephyr_microros_pingpong_success/zephyr_microros_pingpong/install/micro_ros_msgs/include/micro_ros_msgs/msg/detail/entity__rosidl_typesupport_introspection_c.h
-- Installing: /home/marlar/zephyr_microros_pingpong_success/zephyr_microros_pingpong/install/micro_ros_msgs/lib/libmicro_ros_msgs__rosidl_typesupport_introspection_c.so
-- Set runtime path of "/home/marlar/zephyr_microros_pingpong_success/zephyr_microros_pingpong/install/micro_ros_msgs/lib/libmicro_ros_msgs__rosidl_typesupport_introspection_c.so" to ""
-- Installing: /home/marlar/zephyr_microros_pingpong_success/zephyr_microros_pingpong/install/micro_ros_msgs/lib/libmicro_ros_msgs__rosidl_typesupport_c.so
-- Set runtime path of "/home/marlar/zephyr_microros_pingpong_success/zephyr_microros_pingpong/install/micro_ros_msgs/lib/libmicro_ros_msgs__rosidl_typesupport_c.so" to ""
-- Up-to-date: /home/marlar/zephyr_microros_pingpong_success/zephyr_microros_pingpong/install/micro_ros_msgs/include/micro_ros_msgs
-- Up-to-date: /home/marlar/zephyr_microros_pingpong_success/zephyr_microros_pingpong/install/micro_ros_msgs/include/micro_ros_msgs/msg
-- Up-to-date: /home/marlar/zephyr_microros_pingpong_success/zephyr_microros_pingpong/install/micro_ros_msgs/include/micro_ros_msgs/msg/detail
-- Installing: /home/marlar/zephyr_microros_pingpong_success/zephyr_microros_pingpong/install/micro_ros_msgs/include/micro_ros_msgs/msg/detail/entity__traits.hpp
-- Installing: /home/marlar/zephyr_microros_pingpong_success/zephyr_microros_pingpong/install/micro_ros_msgs/include/micro_ros_msgs/msg/detail/node__builder.hpp
-- Installing: /home/marlar/zephyr_microros_pingpong_success/zephyr_microros_pingpong/install/micro_ros_msgs/include/micro_ros_msgs/msg/detail/entity__builder.hpp
-- Installing: /home/marlar/zephyr_microros_pingpong_success/zephyr_microros_pingpong/install/micro_ros_msgs/include/micro_ros_msgs/msg/detail/graph__traits.hpp
-- Installing: /home/marlar/zephyr_microros_pingpong_success/zephyr_microros_pingpong/install/micro_ros_msgs/include/micro_ros_msgs/msg/detail/graph__struct.hpp
-- Installing: /home/marlar/zephyr_microros_pingpong_success/zephyr_microros_pingpong/install/micro_ros_msgs/include/micro_ros_msgs/msg/detail/node__traits.hpp
-- Installing: /home/marlar/zephyr_microros_pingpong_success/zephyr_microros_pingpong/install/micro_ros_msgs/include/micro_ros_msgs/msg/detail/graph__builder.hpp
-- Installing: /home/marlar/zephyr_microros_pingpong_success/zephyr_microros_pingpong/install/micro_ros_msgs/include/micro_ros_msgs/msg/detail/node__struct.hpp
-- Installing: /home/marlar/zephyr_microros_pingpong_success/zephyr_microros_pingpong/install/micro_ros_msgs/include/micro_ros_msgs/msg/detail/entity__struct.hpp
-- Installing: /home/marlar/zephyr_microros_pingpong_success/zephyr_microros_pingpong/install/micro_ros_msgs/include/micro_ros_msgs/msg/entity.hpp
-- Installing: /home/marlar/zephyr_microros_pingpong_success/zephyr_microros_pingpong/install/micro_ros_msgs/include/micro_ros_msgs/msg/graph.hpp
-- Installing: /home/marlar/zephyr_microros_pingpong_success/zephyr_microros_pingpong/install/micro_ros_msgs/include/micro_ros_msgs/msg/node.hpp
-- Up-to-date: /home/marlar/zephyr_microros_pingpong_success/zephyr_microros_pingpong/install/micro_ros_msgs/include/micro_ros_msgs
-- Up-to-date: /home/marlar/zephyr_microros_pingpong_success/zephyr_microros_pingpong/install/micro_ros_msgs/include/micro_ros_msgs/msg
-- Up-to-date: /home/marlar/zephyr_microros_pingpong_success/zephyr_microros_pingpong/install/micro_ros_msgs/include/micro_ros_msgs/msg/detail
-- Installing: /home/marlar/zephyr_microros_pingpong_success/zephyr_microros_pingpong/install/micro_ros_msgs/include/micro_ros_msgs/msg/detail/graph__type_support.cpp
-- Installing: /home/marlar/zephyr_microros_pingpong_success/zephyr_microros_pingpong/install/micro_ros_msgs/include/micro_ros_msgs/msg/detail/entity__rosidl_typesupport_introspection_cpp.hpp
-- Installing: /home/marlar/zephyr_microros_pingpong_success/zephyr_microros_pingpong/install/micro_ros_msgs/include/micro_ros_msgs/msg/detail/node__type_support.cpp
-- Installing: /home/marlar/zephyr_microros_pingpong_success/zephyr_microros_pingpong/install/micro_ros_msgs/include/micro_ros_msgs/msg/detail/graph__rosidl_typesupport_introspection_cpp.hpp
-- Installing: /home/marlar/zephyr_microros_pingpong_success/zephyr_microros_pingpong/install/micro_ros_msgs/include/micro_ros_msgs/msg/detail/node__rosidl_typesupport_introspection_cpp.hpp
-- Installing: /home/marlar/zephyr_microros_pingpong_success/zephyr_microros_pingpong/install/micro_ros_msgs/include/micro_ros_msgs/msg/detail/entity__type_support.cpp
-- Installing: /home/marlar/zephyr_microros_pingpong_success/zephyr_microros_pingpong/install/micro_ros_msgs/lib/libmicro_ros_msgs__rosidl_typesupport_introspection_cpp.so
-- Set runtime path of "/home/marlar/zephyr_microros_pingpong_success/zephyr_microros_pingpong/install/micro_ros_msgs/lib/libmicro_ros_msgs__rosidl_typesupport_introspection_cpp.so" to ""
-- Installing: /home/marlar/zephyr_microros_pingpong_success/zephyr_microros_pingpong/install/micro_ros_msgs/lib/libmicro_ros_msgs__rosidl_typesupport_cpp.so
-- Set runtime path of "/home/marlar/zephyr_microros_pingpong_success/zephyr_microros_pingpong/install/micro_ros_msgs/lib/libmicro_ros_msgs__rosidl_typesupport_cpp.so" to ""
-- Installing: /home/marlar/zephyr_microros_pingpong_success/zephyr_microros_pingpong/install/micro_ros_msgs/share/micro_ros_msgs/environment/pythonpath.sh
-- Installing: /home/marlar/zephyr_microros_pingpong_success/zephyr_microros_pingpong/install/micro_ros_msgs/share/micro_ros_msgs/environment/pythonpath.dsv
-- Installing: /home/marlar/zephyr_microros_pingpong_success/zephyr_microros_pingpong/install/micro_ros_msgs/lib/python3.8/site-packages/micro_ros_msgs/__init__.py
Compiling '/home/marlar/zephyr_microros_pingpong_success/zephyr_microros_pingpong/install/micro_ros_msgs/lib/python3.8/site-packages/micro_ros_msgs/__init__.py'...
-- Installing: /home/marlar/zephyr_microros_pingpong_success/zephyr_microros_pingpong/install/micro_ros_msgs/lib/python3.8/site-packages/micro_ros_msgs/msg
-- Installing: /home/marlar/zephyr_microros_pingpong_success/zephyr_microros_pingpong/install/micro_ros_msgs/lib/python3.8/site-packages/micro_ros_msgs/msg/_entity_s.c
-- Installing: /home/marlar/zephyr_microros_pingpong_success/zephyr_microros_pingpong/install/micro_ros_msgs/lib/python3.8/site-packages/micro_ros_msgs/msg/__init__.py
-- Installing: /home/marlar/zephyr_microros_pingpong_success/zephyr_microros_pingpong/install/micro_ros_msgs/lib/python3.8/site-packages/micro_ros_msgs/msg/_node.py
-- Installing: /home/marlar/zephyr_microros_pingpong_success/zephyr_microros_pingpong/install/micro_ros_msgs/lib/python3.8/site-packages/micro_ros_msgs/msg/_entity.py
-- Installing: /home/marlar/zephyr_microros_pingpong_success/zephyr_microros_pingpong/install/micro_ros_msgs/lib/python3.8/site-packages/micro_ros_msgs/msg/_node_s.c
-- Installing: /home/marlar/zephyr_microros_pingpong_success/zephyr_microros_pingpong/install/micro_ros_msgs/lib/python3.8/site-packages/micro_ros_msgs/msg/_graph_s.c
-- Installing: /home/marlar/zephyr_microros_pingpong_success/zephyr_microros_pingpong/install/micro_ros_msgs/lib/python3.8/site-packages/micro_ros_msgs/msg/_graph.py
-- Installing: /home/marlar/zephyr_microros_pingpong_success/zephyr_microros_pingpong/install/micro_ros_msgs/lib/python3.8/site-packages/micro_ros_msgs/micro_ros_msgs_s__rosidl_typesupport_microxrcedds_c.cpython-38-x86_64-linux-gnu.so
-- Set runtime path of "/home/marlar/zephyr_microros_pingpong_success/zephyr_microros_pingpong/install/micro_ros_msgs/lib/python3.8/site-packages/micro_ros_msgs/micro_ros_msgs_s__rosidl_typesupport_microxrcedds_c.cpython-38-x86_64-linux-gnu.so" to ""
-- Installing: /home/marlar/zephyr_microros_pingpong_success/zephyr_microros_pingpong/install/micro_ros_msgs/lib/python3.8/site-packages/micro_ros_msgs/micro_ros_msgs_s__rosidl_typesupport_fastrtps_c.cpython-38-x86_64-linux-gnu.so
-- Set runtime path of "/home/marlar/zephyr_microros_pingpong_success/zephyr_microros_pingpong/install/micro_ros_msgs/lib/python3.8/site-packages/micro_ros_msgs/micro_ros_msgs_s__rosidl_typesupport_fastrtps_c.cpython-38-x86_64-linux-gnu.so" to ""
-- Installing: /home/marlar/zephyr_microros_pingpong_success/zephyr_microros_pingpong/install/micro_ros_msgs/lib/python3.8/site-packages/micro_ros_msgs/micro_ros_msgs_s__rosidl_typesupport_introspection_c.cpython-38-x86_64-linux-gnu.so
-- Set runtime path of "/home/marlar/zephyr_microros_pingpong_success/zephyr_microros_pingpong/install/micro_ros_msgs/lib/python3.8/site-packages/micro_ros_msgs/micro_ros_msgs_s__rosidl_typesupport_introspection_c.cpython-38-x86_64-linux-gnu.so" to ""
-- Installing: /home/marlar/zephyr_microros_pingpong_success/zephyr_microros_pingpong/install/micro_ros_msgs/lib/python3.8/site-packages/micro_ros_msgs/micro_ros_msgs_s__rosidl_typesupport_c.cpython-38-x86_64-linux-gnu.so
-- Set runtime path of "/home/marlar/zephyr_microros_pingpong_success/zephyr_microros_pingpong/install/micro_ros_msgs/lib/python3.8/site-packages/micro_ros_msgs/micro_ros_msgs_s__rosidl_typesupport_c.cpython-38-x86_64-linux-gnu.so" to ""
-- Installing: /home/marlar/zephyr_microros_pingpong_success/zephyr_microros_pingpong/install/micro_ros_msgs/lib/libmicro_ros_msgs__python.so
-- Set runtime path of "/home/marlar/zephyr_microros_pingpong_success/zephyr_microros_pingpong/install/micro_ros_msgs/lib/libmicro_ros_msgs__python.so" to ""
-- Installing: /home/marlar/zephyr_microros_pingpong_success/zephyr_microros_pingpong/install/micro_ros_msgs/share/micro_ros_msgs/msg/Graph.idl
-- Installing: /home/marlar/zephyr_microros_pingpong_success/zephyr_microros_pingpong/install/micro_ros_msgs/share/micro_ros_msgs/msg/Node.idl
-- Installing: /home/marlar/zephyr_microros_pingpong_success/zephyr_microros_pingpong/install/micro_ros_msgs/share/micro_ros_msgs/msg/Entity.idl
-- Installing: /home/marlar/zephyr_microros_pingpong_success/zephyr_microros_pingpong/install/micro_ros_msgs/share/micro_ros_msgs/msg/Graph.msg
-- Installing: /home/marlar/zephyr_microros_pingpong_success/zephyr_microros_pingpong/install/micro_ros_msgs/share/micro_ros_msgs/msg/Node.msg
-- Installing: /home/marlar/zephyr_microros_pingpong_success/zephyr_microros_pingpong/install/micro_ros_msgs/share/micro_ros_msgs/msg/Entity.msg
-- Installing: /home/marlar/zephyr_microros_pingpong_success/zephyr_microros_pingpong/install/micro_ros_msgs/share/ament_index/resource_index/package_run_dependencies/micro_ros_msgs
-- Installing: /home/marlar/zephyr_microros_pingpong_success/zephyr_microros_pingpong/install/micro_ros_msgs/share/ament_index/resource_index/parent_prefix_path/micro_ros_msgs
-- Installing: /home/marlar/zephyr_microros_pingpong_success/zephyr_microros_pingpong/install/micro_ros_msgs/share/micro_ros_msgs/environment/ament_prefix_path.sh
-- Installing: /home/marlar/zephyr_microros_pingpong_success/zephyr_microros_pingpong/install/micro_ros_msgs/share/micro_ros_msgs/environment/ament_prefix_path.dsv
-- Installing: /home/marlar/zephyr_microros_pingpong_success/zephyr_microros_pingpong/install/micro_ros_msgs/share/micro_ros_msgs/environment/path.sh
-- Installing: /home/marlar/zephyr_microros_pingpong_success/zephyr_microros_pingpong/install/micro_ros_msgs/share/micro_ros_msgs/environment/path.dsv
-- Installing: /home/marlar/zephyr_microros_pingpong_success/zephyr_microros_pingpong/install/micro_ros_msgs/share/micro_ros_msgs/local_setup.bash
-- Installing: /home/marlar/zephyr_microros_pingpong_success/zephyr_microros_pingpong/install/micro_ros_msgs/share/micro_ros_msgs/local_setup.sh
-- Installing: /home/marlar/zephyr_microros_pingpong_success/zephyr_microros_pingpong/install/micro_ros_msgs/share/micro_ros_msgs/local_setup.zsh
-- Installing: /home/marlar/zephyr_microros_pingpong_success/zephyr_microros_pingpong/install/micro_ros_msgs/share/micro_ros_msgs/local_setup.dsv
-- Installing: /home/marlar/zephyr_microros_pingpong_success/zephyr_microros_pingpong/install/micro_ros_msgs/share/micro_ros_msgs/package.dsv
-- Installing: /home/marlar/zephyr_microros_pingpong_success/zephyr_microros_pingpong/install/micro_ros_msgs/share/ament_index/resource_index/packages/micro_ros_msgs
-- Installing: /home/marlar/zephyr_microros_pingpong_success/zephyr_microros_pingpong/install/micro_ros_msgs/share/micro_ros_msgs/cmake/micro_ros_msgs__rosidl_generator_cExport.cmake
-- Installing: /home/marlar/zephyr_microros_pingpong_success/zephyr_microros_pingpong/install/micro_ros_msgs/share/micro_ros_msgs/cmake/micro_ros_msgs__rosidl_generator_cExport-noconfig.cmake
-- Installing: /home/marlar/zephyr_microros_pingpong_success/zephyr_microros_pingpong/install/micro_ros_msgs/share/micro_ros_msgs/cmake/micro_ros_msgs__rosidl_typesupport_introspection_cExport.cmake
-- Installing: /home/marlar/zephyr_microros_pingpong_success/zephyr_microros_pingpong/install/micro_ros_msgs/share/micro_ros_msgs/cmake/micro_ros_msgs__rosidl_typesupport_introspection_cExport-noconfig.cmake
-- Installing: /home/marlar/zephyr_microros_pingpong_success/zephyr_microros_pingpong/install/micro_ros_msgs/share/micro_ros_msgs/cmake/micro_ros_msgs__rosidl_typesupport_cExport.cmake
-- Installing: /home/marlar/zephyr_microros_pingpong_success/zephyr_microros_pingpong/install/micro_ros_msgs/share/micro_ros_msgs/cmake/micro_ros_msgs__rosidl_typesupport_cExport-noconfig.cmake
-- Installing: /home/marlar/zephyr_microros_pingpong_success/zephyr_microros_pingpong/install/micro_ros_msgs/share/micro_ros_msgs/cmake/micro_ros_msgs__rosidl_generator_cppExport.cmake
-- Installing: /home/marlar/zephyr_microros_pingpong_success/zephyr_microros_pingpong/install/micro_ros_msgs/share/micro_ros_msgs/cmake/micro_ros_msgs__rosidl_typesupport_introspection_cppExport.cmake
-- Installing: /home/marlar/zephyr_microros_pingpong_success/zephyr_microros_pingpong/install/micro_ros_msgs/share/micro_ros_msgs/cmake/micro_ros_msgs__rosidl_typesupport_introspection_cppExport-noconfig.cmake
-- Installing: /home/marlar/zephyr_microros_pingpong_success/zephyr_microros_pingpong/install/micro_ros_msgs/share/micro_ros_msgs/cmake/micro_ros_msgs__rosidl_typesupport_cppExport.cmake
-- Installing: /home/marlar/zephyr_microros_pingpong_success/zephyr_microros_pingpong/install/micro_ros_msgs/share/micro_ros_msgs/cmake/micro_ros_msgs__rosidl_typesupport_cppExport-noconfig.cmake
-- Installing: /home/marlar/zephyr_microros_pingpong_success/zephyr_microros_pingpong/install/micro_ros_msgs/share/micro_ros_msgs/cmake/rosidl_cmake-extras.cmake
-- Installing: /home/marlar/zephyr_microros_pingpong_success/zephyr_microros_pingpong/install/micro_ros_msgs/share/micro_ros_msgs/cmake/ament_cmake_export_dependencies-extras.cmake
-- Installing: /home/marlar/zephyr_microros_pingpong_success/zephyr_microros_pingpong/install/micro_ros_msgs/share/micro_ros_msgs/cmake/ament_cmake_export_libraries-extras.cmake
-- Installing: /home/marlar/zephyr_microros_pingpong_success/zephyr_microros_pingpong/install/micro_ros_msgs/share/micro_ros_msgs/cmake/ament_cmake_export_targets-extras.cmake
-- Installing: /home/marlar/zephyr_microros_pingpong_success/zephyr_microros_pingpong/install/micro_ros_msgs/share/micro_ros_msgs/cmake/ament_cmake_export_include_directories-extras.cmake
-- Installing: /home/marlar/zephyr_microros_pingpong_success/zephyr_microros_pingpong/install/micro_ros_msgs/share/micro_ros_msgs/cmake/rosidl_cmake_export_typesupport_libraries-extras.cmake
-- Installing: /home/marlar/zephyr_microros_pingpong_success/zephyr_microros_pingpong/install/micro_ros_msgs/share/micro_ros_msgs/cmake/rosidl_cmake_export_typesupport_targets-extras.cmake
-- Installing: /home/marlar/zephyr_microros_pingpong_success/zephyr_microros_pingpong/install/micro_ros_msgs/share/micro_ros_msgs/cmake/micro_ros_msgsConfig.cmake
-- Installing: /home/marlar/zephyr_microros_pingpong_success/zephyr_microros_pingpong/install/micro_ros_msgs/share/micro_ros_msgs/cmake/micro_ros_msgsConfig-version.cmake
-- Installing: /home/marlar/zephyr_microros_pingpong_success/zephyr_microros_pingpong/install/micro_ros_msgs/share/micro_ros_msgs/package.xml
