[0.020s] Invoking command in '/home/marlar/zephyr_microros_pingpong_success/zephyr_microros_pingpong/build/micro_ros_msgs': AMENT_PREFIX_PATH=/home/marlar/zephyr_microros_pingpong_success/zephyr_microros_pingpong/install/rosidl_typesupport_microxrcedds_c:${AMENT_PREFIX_PATH} CMAKE_PREFIX_PATH=/home/marlar/zephyr_microros_pingpong_success/zephyr_microros_pingpong/install/rosidl_typesupport_microxrcedds_c:/home/marlar/zephyr_microros_pingpong_success/zephyr_microros_pingpong/install/microcdr:/home/marlar/zephyr_microros_pingpong_success/zephyr_microros_pingpong/install/micro_ros_setup:/opt/ros/foxy LD_LIBRARY_PATH=/home/marlar/zephyr_microros_pingpong_success/zephyr_microros_pingpong/install/rosidl_typesupport_microxrcedds_c/lib:${LD_LIBRARY_PATH} PYTHONPATH=/home/marlar/zephyr_microros_pingpong_success/zephyr_microros_pingpong/install/rosidl_typesupport_microxrcedds_c/lib/python3.8/site-packages:${PYTHONPATH} /usr/bin/cmake /home/marlar/zephyr_microros_pingpong_success/zephyr_microros_pingpong/src/uros/micro_ros_msgs -DUAGENT_BUILD_EXECUTABLE=OFF -DUAGENT_P2P_PROFILE=OFF --no-warn-unused-cli -DCMAKE_INSTALL_PREFIX=/home/marlar/zephyr_microros_pingpong_success/zephyr_microros_pingpong/install/micro_ros_msgs
[0.026s] Not searching for unused variables given on the command line.
[0.120s] -- The C compiler identification is GNU 9.3.0
[0.225s] -- The CXX compiler identification is GNU 9.3.0
[0.242s] -- Detecting C compiler ABI info
[0.353s] -- Detecting C compiler ABI info - done
[0.365s] -- Check for working C compiler: /usr/bin/cc - skipped
[0.365s] -- Detecting C compile features
[0.365s] -- Detecting C compile features - done
[0.369s] -- Detecting CXX compiler ABI info
[0.495s] -- Detecting CXX compiler ABI info - done
[0.514s] -- Check for working CXX compiler: /usr/bin/c++ - skipped
[0.514s] -- Detecting CXX compile features
[0.515s] -- Detecting CXX compile features - done
[0.518s] -- Found ament_cmake: 0.9.8 (/opt/ros/foxy/share/ament_cmake/cmake)
[0.560s] -- Found PythonInterp: /usr/bin/python3 (found suitable version "3.8.5", minimum required is "3") 
[0.560s] -- Using PYTHON_EXECUTABLE: /usr/bin/python3
[0.760s] -- Found rosidl_default_generators: 1.0.0 (/opt/ros/foxy/share/rosidl_default_generators/cmake)
[0.762s] -- Using all available rosidl_typesupport_c: rosidl_typesupport_microxrcedds_c;rosidl_typesupport_fastrtps_c;rosidl_typesupport_introspection_c
[0.768s] -- Found rosidl_adapter: 1.2.0 (/opt/ros/foxy/share/rosidl_adapter/cmake)
[0.901s] -- Found OpenSSL: /usr/lib/x86_64-linux-gnu/libcrypto.so (found version "1.1.1f")  
[0.939s] -- Found FastRTPS: /opt/ros/foxy/include  
[1.013s] -- Using all available rosidl_typesupport_cpp: rosidl_typesupport_fastrtps_cpp;rosidl_typesupport_introspection_cpp
[1.034s] -- Found ament_lint_auto: 0.9.6 (/opt/ros/foxy/share/ament_lint_auto/cmake)
[1.149s] -- Found PythonInterp: /usr/bin/python3 (found version "3.8.5") 
[1.236s] -- Found ament_cmake_ros: 0.9.1 (/opt/ros/foxy/share/ament_cmake_ros/cmake)
[1.333s] -- Using all available rosidl_typesupport_c: rosidl_typesupport_microxrcedds_c;rosidl_typesupport_fastrtps_c;rosidl_typesupport_introspection_c
[1.338s] -- Using all available rosidl_typesupport_cpp: rosidl_typesupport_fastrtps_cpp;rosidl_typesupport_introspection_cpp
[1.377s] -- Found PythonInterp: /usr/bin/python3 (found suitable version "3.8.5", minimum required is "3.5") 
[1.380s] -- Found python_cmake_module: 0.8.0 (/opt/ros/foxy/share/python_cmake_module/cmake)
[1.411s] -- Found PythonLibs: /usr/lib/x86_64-linux-gnu/libpython3.8.so (found suitable version "3.8.5", minimum required is "3.5") 
[1.411s] -- Using PYTHON_EXECUTABLE: /usr/bin/python3
[1.411s] -- Using PYTHON_INCLUDE_DIRS: /usr/include/python3.8
[1.412s] -- Using PYTHON_LIBRARIES: /usr/lib/x86_64-linux-gnu/libpython3.8.so
[1.451s] -- Found PythonExtra: .so  
[1.512s] -- Added test 'copyright' to check source files copyright and LICENSE
[1.523s] -- Added test 'lint_cmake' to check CMake code style
[1.528s] -- Added test 'xmllint' to check XML markup files
[1.531s] -- Configuring done
[1.564s] -- Generating done
[1.567s] -- Build files have been written to: /home/marlar/zephyr_microros_pingpong_success/zephyr_microros_pingpong/build/micro_ros_msgs
[1.575s] Invoked command in '/home/marlar/zephyr_microros_pingpong_success/zephyr_microros_pingpong/build/micro_ros_msgs' returned '0': AMENT_PREFIX_PATH=/home/marlar/zephyr_microros_pingpong_success/zephyr_microros_pingpong/install/rosidl_typesupport_microxrcedds_c:${AMENT_PREFIX_PATH} CMAKE_PREFIX_PATH=/home/marlar/zephyr_microros_pingpong_success/zephyr_microros_pingpong/install/rosidl_typesupport_microxrcedds_c:/home/marlar/zephyr_microros_pingpong_success/zephyr_microros_pingpong/install/microcdr:/home/marlar/zephyr_microros_pingpong_success/zephyr_microros_pingpong/install/micro_ros_setup:/opt/ros/foxy LD_LIBRARY_PATH=/home/marlar/zephyr_microros_pingpong_success/zephyr_microros_pingpong/install/rosidl_typesupport_microxrcedds_c/lib:${LD_LIBRARY_PATH} PYTHONPATH=/home/marlar/zephyr_microros_pingpong_success/zephyr_microros_pingpong/install/rosidl_typesupport_microxrcedds_c/lib/python3.8/site-packages:${PYTHONPATH} /usr/bin/cmake /home/marlar/zephyr_microros_pingpong_success/zephyr_microros_pingpong/src/uros/micro_ros_msgs -DUAGENT_BUILD_EXECUTABLE=OFF -DUAGENT_P2P_PROFILE=OFF --no-warn-unused-cli -DCMAKE_INSTALL_PREFIX=/home/marlar/zephyr_microros_pingpong_success/zephyr_microros_pingpong/install/micro_ros_msgs
[1.579s] Invoking command in '/home/marlar/zephyr_microros_pingpong_success/zephyr_microros_pingpong/build/micro_ros_msgs': AMENT_PREFIX_PATH=/home/marlar/zephyr_microros_pingpong_success/zephyr_microros_pingpong/install/rosidl_typesupport_microxrcedds_c:${AMENT_PREFIX_PATH} CMAKE_PREFIX_PATH=/home/marlar/zephyr_microros_pingpong_success/zephyr_microros_pingpong/install/rosidl_typesupport_microxrcedds_c:/home/marlar/zephyr_microros_pingpong_success/zephyr_microros_pingpong/install/microcdr:/home/marlar/zephyr_microros_pingpong_success/zephyr_microros_pingpong/install/micro_ros_setup:/opt/ros/foxy LD_LIBRARY_PATH=/home/marlar/zephyr_microros_pingpong_success/zephyr_microros_pingpong/install/rosidl_typesupport_microxrcedds_c/lib:${LD_LIBRARY_PATH} PYTHONPATH=/home/marlar/zephyr_microros_pingpong_success/zephyr_microros_pingpong/install/rosidl_typesupport_microxrcedds_c/lib/python3.8/site-packages:${PYTHONPATH} /usr/bin/cmake --build /home/marlar/zephyr_microros_pingpong_success/zephyr_microros_pingpong/build/micro_ros_msgs -- -j12 -l12
[1.615s] [  1%] [34m[1mGenerating C code for ROS interfaces[0m
[1.627s] [  3%] [34m[1mGenerating C++ code for ROS interfaces[0m
[1.907s] [  5%] [32mBuilding C object CMakeFiles/micro_ros_msgs__rosidl_generator_c.dir/rosidl_generator_c/micro_ros_msgs/msg/detail/graph__functions.c.o[0m
[1.907s] [  7%] [32mBuilding C object CMakeFiles/micro_ros_msgs__rosidl_generator_c.dir/rosidl_generator_c/micro_ros_msgs/msg/detail/node__functions.c.o[0m
[1.908s] [  9%] [32mBuilding C object CMakeFiles/micro_ros_msgs__rosidl_generator_c.dir/rosidl_generator_c/micro_ros_msgs/msg/detail/entity__functions.c.o[0m
[1.911s] [  9%] Built target micro_ros_msgs__cpp
[1.918s] [ 11%] [34m[1mGenerating C++ type support dispatch for ROS interfaces[0m
[1.918s] [ 12%] [34m[1mGenerating C++ type support for eProsima Fast-RTPS[0m
[1.921s] [ 14%] [34m[1mGenerating C++ introspection for ROS interfaces[0m
[1.950s] [ 16%] [32m[1mLinking C shared library libmicro_ros_msgs__rosidl_generator_c.so[0m
[1.981s] [ 16%] Built target micro_ros_msgs__rosidl_generator_c
[1.986s] [ 18%] [34m[1mGenerating C type support dispatch for ROS interfaces[0m
[1.986s] [ 20%] [34m[1mGenerating C introspection for ROS interfaces[0m
[1.991s] [ 22%] [34m[1mGenerating C type support for eProsima Micro XRCE-DDS[0m
[2.149s] [ 24%] [32mBuilding CXX object CMakeFiles/micro_ros_msgs__rosidl_typesupport_cpp.dir/rosidl_typesupport_cpp/micro_ros_msgs/msg/graph__type_support.cpp.o[0m
[2.150s] [ 25%] [32mBuilding CXX object CMakeFiles/micro_ros_msgs__rosidl_typesupport_cpp.dir/rosidl_typesupport_cpp/micro_ros_msgs/msg/node__type_support.cpp.o[0m
[2.150s] [ 27%] [32mBuilding CXX object CMakeFiles/micro_ros_msgs__rosidl_typesupport_cpp.dir/rosidl_typesupport_cpp/micro_ros_msgs/msg/entity__type_support.cpp.o[0m
[2.193s] [ 29%] [32mBuilding CXX object CMakeFiles/micro_ros_msgs__rosidl_typesupport_fastrtps_cpp.dir/rosidl_typesupport_fastrtps_cpp/micro_ros_msgs/msg/detail/dds_fastrtps/graph__type_support.cpp.o[0m
[2.197s] [ 33%] [32mBuilding CXX object CMakeFiles/micro_ros_msgs__rosidl_typesupport_fastrtps_cpp.dir/rosidl_typesupport_fastrtps_cpp/micro_ros_msgs/msg/detail/dds_fastrtps/entity__type_support.cpp.o[0m
[2.197s] [ 33%] [32mBuilding CXX object CMakeFiles/micro_ros_msgs__rosidl_typesupport_fastrtps_cpp.dir/rosidl_typesupport_fastrtps_cpp/micro_ros_msgs/msg/detail/dds_fastrtps/node__type_support.cpp.o[0m
[2.206s] [ 35%] [32mBuilding CXX object CMakeFiles/micro_ros_msgs__rosidl_typesupport_introspection_cpp.dir/rosidl_typesupport_introspection_cpp/micro_ros_msgs/msg/detail/graph__type_support.cpp.o[0m
[2.211s] [ 37%] [32mBuilding CXX object CMakeFiles/micro_ros_msgs__rosidl_typesupport_introspection_cpp.dir/rosidl_typesupport_introspection_cpp/micro_ros_msgs/msg/detail/entity__type_support.cpp.o[0m
[2.222s] [ 38%] [32mBuilding CXX object CMakeFiles/micro_ros_msgs__rosidl_typesupport_introspection_cpp.dir/rosidl_typesupport_introspection_cpp/micro_ros_msgs/msg/detail/node__type_support.cpp.o[0m
[2.291s] [ 40%] [32mBuilding CXX object CMakeFiles/micro_ros_msgs__rosidl_typesupport_c.dir/rosidl_typesupport_c/micro_ros_msgs/msg/graph__type_support.cpp.o[0m
[2.339s] [ 42%] [32mBuilding CXX object CMakeFiles/micro_ros_msgs__rosidl_typesupport_c.dir/rosidl_typesupport_c/micro_ros_msgs/msg/node__type_support.cpp.o[0m
[2.353s] [ 44%] [32mBuilding C object CMakeFiles/micro_ros_msgs__rosidl_typesupport_introspection_c.dir/rosidl_typesupport_introspection_c/micro_ros_msgs/msg/detail/graph__type_support.c.o[0m
[2.372s] [ 46%] [32mBuilding CXX object CMakeFiles/micro_ros_msgs__rosidl_typesupport_c.dir/rosidl_typesupport_c/micro_ros_msgs/msg/entity__type_support.cpp.o[0m
[2.395s] [ 48%] [32mBuilding C object CMakeFiles/micro_ros_msgs__rosidl_typesupport_microxrcedds_c.dir/rosidl_typesupport_microxrcedds_c/micro_ros_msgs/msg/detail/microxrcedds/graph__type_support_c.c.o[0m
[2.396s] [ 50%] [32mBuilding C object CMakeFiles/micro_ros_msgs__rosidl_typesupport_introspection_c.dir/rosidl_typesupport_introspection_c/micro_ros_msgs/msg/detail/node__type_support.c.o[0m
[2.406s] [ 51%] [32m[1mLinking CXX shared library libmicro_ros_msgs__rosidl_typesupport_c.so[0m
[2.436s] [ 53%] [32mBuilding C object CMakeFiles/micro_ros_msgs__rosidl_typesupport_introspection_c.dir/rosidl_typesupport_introspection_c/micro_ros_msgs/msg/detail/entity__type_support.c.o[0m
[2.448s] [ 55%] [32mBuilding C object CMakeFiles/micro_ros_msgs__rosidl_typesupport_microxrcedds_c.dir/rosidl_typesupport_microxrcedds_c/micro_ros_msgs/msg/detail/microxrcedds/node__type_support_c.c.o[0m
[2.448s] [ 55%] Built target micro_ros_msgs__rosidl_typesupport_c
[2.454s] [ 57%] [32mBuilding C object CMakeFiles/micro_ros_msgs__rosidl_typesupport_microxrcedds_c.dir/rosidl_typesupport_microxrcedds_c/micro_ros_msgs/msg/detail/microxrcedds/entity__type_support_c.c.o[0m
[2.474s] [ 59%] [32m[1mLinking C shared library libmicro_ros_msgs__rosidl_typesupport_introspection_c.so[0m
[2.506s] [ 59%] Built target micro_ros_msgs__rosidl_typesupport_introspection_c
[2.518s] [ 61%] [32m[1mLinking C static library libmicro_ros_msgs__rosidl_typesupport_microxrcedds_c.a[0m
[2.525s] [ 62%] [32m[1mLinking CXX shared library libmicro_ros_msgs__rosidl_typesupport_cpp.so[0m
[2.532s] [ 62%] Built target micro_ros_msgs__rosidl_typesupport_microxrcedds_c
[2.553s] [ 62%] Built target micro_ros_msgs__rosidl_typesupport_cpp
[2.761s] [ 64%] [32m[1mLinking CXX shared library libmicro_ros_msgs__rosidl_typesupport_introspection_cpp.so[0m
[2.810s] [ 66%] [32m[1mLinking CXX shared library libmicro_ros_msgs__rosidl_typesupport_fastrtps_cpp.so[0m
[2.838s] [ 66%] Built target micro_ros_msgs__rosidl_typesupport_introspection_cpp
[2.903s] [ 66%] Built target micro_ros_msgs__rosidl_typesupport_fastrtps_cpp
[2.912s] [ 68%] [34m[1mGenerating C type support for eProsima Fast-RTPS[0m
[3.180s] [ 70%] [32mBuilding CXX object CMakeFiles/micro_ros_msgs__rosidl_typesupport_fastrtps_c.dir/rosidl_typesupport_fastrtps_c/micro_ros_msgs/msg/detail/graph__type_support_c.cpp.o[0m
[3.181s] [ 72%] [32mBuilding CXX object CMakeFiles/micro_ros_msgs__rosidl_typesupport_fastrtps_c.dir/rosidl_typesupport_fastrtps_c/micro_ros_msgs/msg/detail/node__type_support_c.cpp.o[0m
[3.181s] [ 74%] [32mBuilding CXX object CMakeFiles/micro_ros_msgs__rosidl_typesupport_fastrtps_c.dir/rosidl_typesupport_fastrtps_c/micro_ros_msgs/msg/detail/entity__type_support_c.cpp.o[0m
[3.515s] [ 75%] [32m[1mLinking CXX shared library libmicro_ros_msgs__rosidl_typesupport_fastrtps_c.so[0m
[3.607s] [ 75%] Built target micro_ros_msgs__rosidl_typesupport_fastrtps_c
[3.625s] [ 75%] Built target micro_ros_msgs
[3.646s] [ 77%] [34m[1mGenerating Python code for ROS interfaces[0m
[4.179s] [ 77%] Built target micro_ros_msgs__py
[4.194s] [ 79%] [32mBuilding C object CMakeFiles/micro_ros_msgs__python.dir/rosidl_generator_py/micro_ros_msgs/msg/_graph_s.c.o[0m
[4.195s] [ 81%] [32mBuilding C object CMakeFiles/micro_ros_msgs__python.dir/rosidl_generator_py/micro_ros_msgs/msg/_node_s.c.o[0m
[4.198s] [ 83%] [32mBuilding C object CMakeFiles/micro_ros_msgs__python.dir/rosidl_generator_py/micro_ros_msgs/msg/_entity_s.c.o[0m
[4.296s] [ 85%] [32m[1mLinking C shared library rosidl_generator_py/micro_ros_msgs/libmicro_ros_msgs__python.so[0m
[4.339s] [ 85%] Built target micro_ros_msgs__python
[4.349s] [ 87%] [32mBuilding C object CMakeFiles/micro_ros_msgs__rosidl_typesupport_introspection_c__pyext.dir/rosidl_generator_py/micro_ros_msgs/_micro_ros_msgs_s.ep.rosidl_typesupport_introspection_c.c.o[0m
[4.354s] [ 88%] [32mBuilding C object CMakeFiles/micro_ros_msgs__rosidl_typesupport_microxrcedds_c__pyext.dir/rosidl_generator_py/micro_ros_msgs/_micro_ros_msgs_s.ep.rosidl_typesupport_microxrcedds_c.c.o[0m
[4.355s] [ 90%] [32mBuilding C object CMakeFiles/micro_ros_msgs__rosidl_typesupport_fastrtps_c__pyext.dir/rosidl_generator_py/micro_ros_msgs/_micro_ros_msgs_s.ep.rosidl_typesupport_fastrtps_c.c.o[0m
[4.358s] [ 92%] [32mBuilding C object CMakeFiles/micro_ros_msgs__rosidl_typesupport_c__pyext.dir/rosidl_generator_py/micro_ros_msgs/_micro_ros_msgs_s.ep.rosidl_typesupport_c.c.o[0m
[4.434s] [ 94%] [32m[1mLinking C shared library rosidl_generator_py/micro_ros_msgs/micro_ros_msgs_s__rosidl_typesupport_introspection_c.cpython-38-x86_64-linux-gnu.so[0m
[4.437s] [ 96%] [32m[1mLinking C shared library rosidl_generator_py/micro_ros_msgs/micro_ros_msgs_s__rosidl_typesupport_microxrcedds_c.cpython-38-x86_64-linux-gnu.so[0m
[4.438s] [ 98%] [32m[1mLinking CXX shared library rosidl_generator_py/micro_ros_msgs/micro_ros_msgs_s__rosidl_typesupport_fastrtps_c.cpython-38-x86_64-linux-gnu.so[0m
[4.439s] [100%] [32m[1mLinking C shared library rosidl_generator_py/micro_ros_msgs/micro_ros_msgs_s__rosidl_typesupport_c.cpython-38-x86_64-linux-gnu.so[0m
[4.458s] [100%] Built target micro_ros_msgs__rosidl_typesupport_microxrcedds_c__pyext
[4.459s] [100%] Built target micro_ros_msgs__rosidl_typesupport_introspection_c__pyext
[4.475s] [100%] Built target micro_ros_msgs__rosidl_typesupport_c__pyext
[4.492s] [100%] Built target micro_ros_msgs__rosidl_typesupport_fastrtps_c__pyext
[4.501s] Invoked command in '/home/marlar/zephyr_microros_pingpong_success/zephyr_microros_pingpong/build/micro_ros_msgs' returned '0': AMENT_PREFIX_PATH=/home/marlar/zephyr_microros_pingpong_success/zephyr_microros_pingpong/install/rosidl_typesupport_microxrcedds_c:${AMENT_PREFIX_PATH} CMAKE_PREFIX_PATH=/home/marlar/zephyr_microros_pingpong_success/zephyr_microros_pingpong/install/rosidl_typesupport_microxrcedds_c:/home/marlar/zephyr_microros_pingpong_success/zephyr_microros_pingpong/install/microcdr:/home/marlar/zephyr_microros_pingpong_success/zephyr_microros_pingpong/install/micro_ros_setup:/opt/ros/foxy LD_LIBRARY_PATH=/home/marlar/zephyr_microros_pingpong_success/zephyr_microros_pingpong/install/rosidl_typesupport_microxrcedds_c/lib:${LD_LIBRARY_PATH} PYTHONPATH=/home/marlar/zephyr_microros_pingpong_success/zephyr_microros_pingpong/install/rosidl_typesupport_microxrcedds_c/lib/python3.8/site-packages:${PYTHONPATH} /usr/bin/cmake --build /home/marlar/zephyr_microros_pingpong_success/zephyr_microros_pingpong/build/micro_ros_msgs -- -j12 -l12
[4.628s] Invoking command in '/home/marlar/zephyr_microros_pingpong_success/zephyr_microros_pingpong/build/micro_ros_msgs': AMENT_PREFIX_PATH=/home/marlar/zephyr_microros_pingpong_success/zephyr_microros_pingpong/install/rosidl_typesupport_microxrcedds_c:${AMENT_PREFIX_PATH} CMAKE_PREFIX_PATH=/home/marlar/zephyr_microros_pingpong_success/zephyr_microros_pingpong/install/rosidl_typesupport_microxrcedds_c:/home/marlar/zephyr_microros_pingpong_success/zephyr_microros_pingpong/install/microcdr:/home/marlar/zephyr_microros_pingpong_success/zephyr_microros_pingpong/install/micro_ros_setup:/opt/ros/foxy LD_LIBRARY_PATH=/home/marlar/zephyr_microros_pingpong_success/zephyr_microros_pingpong/install/rosidl_typesupport_microxrcedds_c/lib:${LD_LIBRARY_PATH} PYTHONPATH=/home/marlar/zephyr_microros_pingpong_success/zephyr_microros_pingpong/install/rosidl_typesupport_microxrcedds_c/lib/python3.8/site-packages:${PYTHONPATH} /usr/bin/cmake --install /home/marlar/zephyr_microros_pingpong_success/zephyr_microros_pingpong/build/micro_ros_msgs
[4.639s] -- Install configuration: ""
[4.639s] -- Installing: /home/marlar/zephyr_microros_pingpong_success/zephyr_microros_pingpong/install/micro_ros_msgs/share/ament_index/resource_index/rosidl_interfaces/micro_ros_msgs
[4.640s] -- Installing: /home/marlar/zephyr_microros_pingpong_success/zephyr_microros_pingpong/install/micro_ros_msgs/include/micro_ros_msgs
[4.640s] -- Installing: /home/marlar/zephyr_microros_pingpong_success/zephyr_microros_pingpong/install/micro_ros_msgs/include/micro_ros_msgs/msg
[4.640s] -- Installing: /home/marlar/zephyr_microros_pingpong_success/zephyr_microros_pingpong/install/micro_ros_msgs/include/micro_ros_msgs/msg/detail
[4.640s] -- Installing: /home/marlar/zephyr_microros_pingpong_success/zephyr_microros_pingpong/install/micro_ros_msgs/include/micro_ros_msgs/msg/detail/entity__struct.h
[4.640s] -- Installing: /home/marlar/zephyr_microros_pingpong_success/zephyr_microros_pingpong/install/micro_ros_msgs/include/micro_ros_msgs/msg/detail/entity__functions.c
[4.640s] -- Installing: /home/marlar/zephyr_microros_pingpong_success/zephyr_microros_pingpong/install/micro_ros_msgs/include/micro_ros_msgs/msg/detail/node__struct.h
[4.641s] -- Installing: /home/marlar/zephyr_microros_pingpong_success/zephyr_microros_pingpong/install/micro_ros_msgs/include/micro_ros_msgs/msg/detail/graph__type_support.h
[4.641s] -- Installing: /home/marlar/zephyr_microros_pingpong_success/zephyr_microros_pingpong/install/micro_ros_msgs/include/micro_ros_msgs/msg/detail/entity__type_support.h
[4.641s] -- Installing: /home/marlar/zephyr_microros_pingpong_success/zephyr_microros_pingpong/install/micro_ros_msgs/include/micro_ros_msgs/msg/detail/graph__functions.c
[4.641s] -- Installing: /home/marlar/zephyr_microros_pingpong_success/zephyr_microros_pingpong/install/micro_ros_msgs/include/micro_ros_msgs/msg/detail/graph__functions.h
[4.641s] -- Installing: /home/marlar/zephyr_microros_pingpong_success/zephyr_microros_pingpong/install/micro_ros_msgs/include/micro_ros_msgs/msg/detail/node__functions.c
[4.642s] -- Installing: /home/marlar/zephyr_microros_pingpong_success/zephyr_microros_pingpong/install/micro_ros_msgs/include/micro_ros_msgs/msg/detail/node__type_support.h
[4.642s] -- Installing: /home/marlar/zephyr_microros_pingpong_success/zephyr_microros_pingpong/install/micro_ros_msgs/include/micro_ros_msgs/msg/detail/graph__struct.h
[4.642s] -- Installing: /home/marlar/zephyr_microros_pingpong_success/zephyr_microros_pingpong/install/micro_ros_msgs/include/micro_ros_msgs/msg/detail/node__functions.h
[4.642s] -- Installing: /home/marlar/zephyr_microros_pingpong_success/zephyr_microros_pingpong/install/micro_ros_msgs/include/micro_ros_msgs/msg/detail/entity__functions.h
[4.642s] -- Installing: /home/marlar/zephyr_microros_pingpong_success/zephyr_microros_pingpong/install/micro_ros_msgs/include/micro_ros_msgs/msg/node.h
[4.643s] -- Installing: /home/marlar/zephyr_microros_pingpong_success/zephyr_microros_pingpong/install/micro_ros_msgs/include/micro_ros_msgs/msg/entity.h
[4.643s] -- Installing: /home/marlar/zephyr_microros_pingpong_success/zephyr_microros_pingpong/install/micro_ros_msgs/include/micro_ros_msgs/msg/graph.h
[4.643s] -- Installing: /home/marlar/zephyr_microros_pingpong_success/zephyr_microros_pingpong/install/micro_ros_msgs/include/micro_ros_msgs/msg/rosidl_generator_c__visibility_control.h
[4.643s] -- Installing: /home/marlar/zephyr_microros_pingpong_success/zephyr_microros_pingpong/install/micro_ros_msgs/share/micro_ros_msgs/environment/library_path.sh
[4.644s] -- Installing: /home/marlar/zephyr_microros_pingpong_success/zephyr_microros_pingpong/install/micro_ros_msgs/share/micro_ros_msgs/environment/library_path.dsv
[4.644s] -- Installing: /home/marlar/zephyr_microros_pingpong_success/zephyr_microros_pingpong/install/micro_ros_msgs/lib/libmicro_ros_msgs__rosidl_generator_c.so
[4.644s] -- Set runtime path of "/home/marlar/zephyr_microros_pingpong_success/zephyr_microros_pingpong/install/micro_ros_msgs/lib/libmicro_ros_msgs__rosidl_generator_c.so" to ""
[4.644s] -- Up-to-date: /home/marlar/zephyr_microros_pingpong_success/zephyr_microros_pingpong/install/micro_ros_msgs/include/micro_ros_msgs
[4.644s] -- Up-to-date: /home/marlar/zephyr_microros_pingpong_success/zephyr_microros_pingpong/install/micro_ros_msgs/include/micro_ros_msgs/msg
[4.645s] -- Installing: /home/marlar/zephyr_microros_pingpong_success/zephyr_microros_pingpong/install/micro_ros_msgs/include/micro_ros_msgs/msg/rosidl_typesupport_microxrcedds_c__visibility_control.h
[4.645s] -- Up-to-date: /home/marlar/zephyr_microros_pingpong_success/zephyr_microros_pingpong/install/micro_ros_msgs/include/micro_ros_msgs/msg/detail
[4.645s] -- Installing: /home/marlar/zephyr_microros_pingpong_success/zephyr_microros_pingpong/install/micro_ros_msgs/include/micro_ros_msgs/msg/detail/node__rosidl_typesupport_microxrcedds_c.h
[4.645s] -- Installing: /home/marlar/zephyr_microros_pingpong_success/zephyr_microros_pingpong/install/micro_ros_msgs/include/micro_ros_msgs/msg/detail/microxrcedds
[4.645s] -- Installing: /home/marlar/zephyr_microros_pingpong_success/zephyr_microros_pingpong/install/micro_ros_msgs/include/micro_ros_msgs/msg/detail/entity__rosidl_typesupport_microxrcedds_c.h
[4.645s] -- Installing: /home/marlar/zephyr_microros_pingpong_success/zephyr_microros_pingpong/install/micro_ros_msgs/include/micro_ros_msgs/msg/detail/graph__rosidl_typesupport_microxrcedds_c.h
[4.646s] -- Installing: /home/marlar/zephyr_microros_pingpong_success/zephyr_microros_pingpong/install/micro_ros_msgs/lib/libmicro_ros_msgs__rosidl_typesupport_microxrcedds_c.a
[4.646s] -- Up-to-date: /home/marlar/zephyr_microros_pingpong_success/zephyr_microros_pingpong/install/micro_ros_msgs/include/micro_ros_msgs
[4.646s] -- Up-to-date: /home/marlar/zephyr_microros_pingpong_success/zephyr_microros_pingpong/install/micro_ros_msgs/include/micro_ros_msgs/msg
[4.646s] -- Up-to-date: /home/marlar/zephyr_microros_pingpong_success/zephyr_microros_pingpong/install/micro_ros_msgs/include/micro_ros_msgs/msg/detail
[4.646s] -- Installing: /home/marlar/zephyr_microros_pingpong_success/zephyr_microros_pingpong/install/micro_ros_msgs/include/micro_ros_msgs/msg/detail/graph__rosidl_typesupport_fastrtps_c.h
[4.646s] -- Installing: /home/marlar/zephyr_microros_pingpong_success/zephyr_microros_pingpong/install/micro_ros_msgs/include/micro_ros_msgs/msg/detail/entity__rosidl_typesupport_fastrtps_c.h
[4.647s] -- Installing: /home/marlar/zephyr_microros_pingpong_success/zephyr_microros_pingpong/install/micro_ros_msgs/include/micro_ros_msgs/msg/detail/node__rosidl_typesupport_fastrtps_c.h
[4.647s] -- Installing: /home/marlar/zephyr_microros_pingpong_success/zephyr_microros_pingpong/install/micro_ros_msgs/include/micro_ros_msgs/msg/rosidl_typesupport_fastrtps_c__visibility_control.h
[4.647s] -- Installing: /home/marlar/zephyr_microros_pingpong_success/zephyr_microros_pingpong/install/micro_ros_msgs/lib/libmicro_ros_msgs__rosidl_typesupport_fastrtps_c.so
[4.647s] -- Set runtime path of "/home/marlar/zephyr_microros_pingpong_success/zephyr_microros_pingpong/install/micro_ros_msgs/lib/libmicro_ros_msgs__rosidl_typesupport_fastrtps_c.so" to ""
[4.647s] -- Up-to-date: /home/marlar/zephyr_microros_pingpong_success/zephyr_microros_pingpong/install/micro_ros_msgs/include/micro_ros_msgs
[4.648s] -- Up-to-date: /home/marlar/zephyr_microros_pingpong_success/zephyr_microros_pingpong/install/micro_ros_msgs/include/micro_ros_msgs/msg
[4.648s] -- Up-to-date: /home/marlar/zephyr_microros_pingpong_success/zephyr_microros_pingpong/install/micro_ros_msgs/include/micro_ros_msgs/msg/detail
[4.648s] -- Installing: /home/marlar/zephyr_microros_pingpong_success/zephyr_microros_pingpong/install/micro_ros_msgs/include/micro_ros_msgs/msg/detail/dds_fastrtps
[4.648s] -- Installing: /home/marlar/zephyr_microros_pingpong_success/zephyr_microros_pingpong/install/micro_ros_msgs/include/micro_ros_msgs/msg/detail/node__rosidl_typesupport_fastrtps_cpp.hpp
[4.648s] -- Installing: /home/marlar/zephyr_microros_pingpong_success/zephyr_microros_pingpong/install/micro_ros_msgs/include/micro_ros_msgs/msg/detail/graph__rosidl_typesupport_fastrtps_cpp.hpp
[4.648s] -- Installing: /home/marlar/zephyr_microros_pingpong_success/zephyr_microros_pingpong/install/micro_ros_msgs/include/micro_ros_msgs/msg/detail/entity__rosidl_typesupport_fastrtps_cpp.hpp
[4.648s] -- Installing: /home/marlar/zephyr_microros_pingpong_success/zephyr_microros_pingpong/install/micro_ros_msgs/include/micro_ros_msgs/msg/rosidl_typesupport_fastrtps_cpp__visibility_control.h
[4.649s] -- Installing: /home/marlar/zephyr_microros_pingpong_success/zephyr_microros_pingpong/install/micro_ros_msgs/lib/libmicro_ros_msgs__rosidl_typesupport_fastrtps_cpp.so
[4.649s] -- Set runtime path of "/home/marlar/zephyr_microros_pingpong_success/zephyr_microros_pingpong/install/micro_ros_msgs/lib/libmicro_ros_msgs__rosidl_typesupport_fastrtps_cpp.so" to ""
[4.649s] -- Up-to-date: /home/marlar/zephyr_microros_pingpong_success/zephyr_microros_pingpong/install/micro_ros_msgs/include/micro_ros_msgs
[4.649s] -- Up-to-date: /home/marlar/zephyr_microros_pingpong_success/zephyr_microros_pingpong/install/micro_ros_msgs/include/micro_ros_msgs/msg
[4.649s] -- Installing: /home/marlar/zephyr_microros_pingpong_success/zephyr_microros_pingpong/install/micro_ros_msgs/include/micro_ros_msgs/msg/rosidl_typesupport_introspection_c__visibility_control.h
[4.650s] -- Up-to-date: /home/marlar/zephyr_microros_pingpong_success/zephyr_microros_pingpong/install/micro_ros_msgs/include/micro_ros_msgs/msg/detail
[4.650s] -- Installing: /home/marlar/zephyr_microros_pingpong_success/zephyr_microros_pingpong/install/micro_ros_msgs/include/micro_ros_msgs/msg/detail/node__rosidl_typesupport_introspection_c.h
[4.650s] -- Installing: /home/marlar/zephyr_microros_pingpong_success/zephyr_microros_pingpong/install/micro_ros_msgs/include/micro_ros_msgs/msg/detail/graph__rosidl_typesupport_introspection_c.h
[4.650s] -- Installing: /home/marlar/zephyr_microros_pingpong_success/zephyr_microros_pingpong/install/micro_ros_msgs/include/micro_ros_msgs/msg/detail/graph__type_support.c
[4.650s] -- Installing: /home/marlar/zephyr_microros_pingpong_success/zephyr_microros_pingpong/install/micro_ros_msgs/include/micro_ros_msgs/msg/detail/entity__type_support.c
[4.650s] -- Installing: /home/marlar/zephyr_microros_pingpong_success/zephyr_microros_pingpong/install/micro_ros_msgs/include/micro_ros_msgs/msg/detail/node__type_support.c
[4.651s] -- Installing: /home/marlar/zephyr_microros_pingpong_success/zephyr_microros_pingpong/install/micro_ros_msgs/include/micro_ros_msgs/msg/detail/entity__rosidl_typesupport_introspection_c.h
[4.651s] -- Installing: /home/marlar/zephyr_microros_pingpong_success/zephyr_microros_pingpong/install/micro_ros_msgs/lib/libmicro_ros_msgs__rosidl_typesupport_introspection_c.so
[4.651s] -- Set runtime path of "/home/marlar/zephyr_microros_pingpong_success/zephyr_microros_pingpong/install/micro_ros_msgs/lib/libmicro_ros_msgs__rosidl_typesupport_introspection_c.so" to ""
[4.651s] -- Installing: /home/marlar/zephyr_microros_pingpong_success/zephyr_microros_pingpong/install/micro_ros_msgs/lib/libmicro_ros_msgs__rosidl_typesupport_c.so
[4.651s] -- Set runtime path of "/home/marlar/zephyr_microros_pingpong_success/zephyr_microros_pingpong/install/micro_ros_msgs/lib/libmicro_ros_msgs__rosidl_typesupport_c.so" to ""
[4.652s] -- Up-to-date: /home/marlar/zephyr_microros_pingpong_success/zephyr_microros_pingpong/install/micro_ros_msgs/include/micro_ros_msgs
[4.652s] -- Up-to-date: /home/marlar/zephyr_microros_pingpong_success/zephyr_microros_pingpong/install/micro_ros_msgs/include/micro_ros_msgs/msg
[4.652s] -- Up-to-date: /home/marlar/zephyr_microros_pingpong_success/zephyr_microros_pingpong/install/micro_ros_msgs/include/micro_ros_msgs/msg/detail
[4.652s] -- Installing: /home/marlar/zephyr_microros_pingpong_success/zephyr_microros_pingpong/install/micro_ros_msgs/include/micro_ros_msgs/msg/detail/entity__traits.hpp
[4.652s] -- Installing: /home/marlar/zephyr_microros_pingpong_success/zephyr_microros_pingpong/install/micro_ros_msgs/include/micro_ros_msgs/msg/detail/node__builder.hpp
[4.653s] -- Installing: /home/marlar/zephyr_microros_pingpong_success/zephyr_microros_pingpong/install/micro_ros_msgs/include/micro_ros_msgs/msg/detail/entity__builder.hpp
[4.653s] -- Installing: /home/marlar/zephyr_microros_pingpong_success/zephyr_microros_pingpong/install/micro_ros_msgs/include/micro_ros_msgs/msg/detail/graph__traits.hpp
[4.653s] -- Installing: /home/marlar/zephyr_microros_pingpong_success/zephyr_microros_pingpong/install/micro_ros_msgs/include/micro_ros_msgs/msg/detail/graph__struct.hpp
[4.653s] -- Installing: /home/marlar/zephyr_microros_pingpong_success/zephyr_microros_pingpong/install/micro_ros_msgs/include/micro_ros_msgs/msg/detail/node__traits.hpp
[4.654s] -- Installing: /home/marlar/zephyr_microros_pingpong_success/zephyr_microros_pingpong/install/micro_ros_msgs/include/micro_ros_msgs/msg/detail/graph__builder.hpp
[4.654s] -- Installing: /home/marlar/zephyr_microros_pingpong_success/zephyr_microros_pingpong/install/micro_ros_msgs/include/micro_ros_msgs/msg/detail/node__struct.hpp
[4.654s] -- Installing: /home/marlar/zephyr_microros_pingpong_success/zephyr_microros_pingpong/install/micro_ros_msgs/include/micro_ros_msgs/msg/detail/entity__struct.hpp
[4.654s] -- Installing: /home/marlar/zephyr_microros_pingpong_success/zephyr_microros_pingpong/install/micro_ros_msgs/include/micro_ros_msgs/msg/entity.hpp
[4.654s] -- Installing: /home/marlar/zephyr_microros_pingpong_success/zephyr_microros_pingpong/install/micro_ros_msgs/include/micro_ros_msgs/msg/graph.hpp
[4.654s] -- Installing: /home/marlar/zephyr_microros_pingpong_success/zephyr_microros_pingpong/install/micro_ros_msgs/include/micro_ros_msgs/msg/node.hpp
[4.655s] -- Up-to-date: /home/marlar/zephyr_microros_pingpong_success/zephyr_microros_pingpong/install/micro_ros_msgs/include/micro_ros_msgs
[4.655s] -- Up-to-date: /home/marlar/zephyr_microros_pingpong_success/zephyr_microros_pingpong/install/micro_ros_msgs/include/micro_ros_msgs/msg
[4.655s] -- Up-to-date: /home/marlar/zephyr_microros_pingpong_success/zephyr_microros_pingpong/install/micro_ros_msgs/include/micro_ros_msgs/msg/detail
[4.655s] -- Installing: /home/marlar/zephyr_microros_pingpong_success/zephyr_microros_pingpong/install/micro_ros_msgs/include/micro_ros_msgs/msg/detail/graph__type_support.cpp
[4.655s] -- Installing: /home/marlar/zephyr_microros_pingpong_success/zephyr_microros_pingpong/install/micro_ros_msgs/include/micro_ros_msgs/msg/detail/entity__rosidl_typesupport_introspection_cpp.hpp
[4.655s] -- Installing: /home/marlar/zephyr_microros_pingpong_success/zephyr_microros_pingpong/install/micro_ros_msgs/include/micro_ros_msgs/msg/detail/node__type_support.cpp
[4.656s] -- Installing: /home/marlar/zephyr_microros_pingpong_success/zephyr_microros_pingpong/install/micro_ros_msgs/include/micro_ros_msgs/msg/detail/graph__rosidl_typesupport_introspection_cpp.hpp
[4.656s] -- Installing: /home/marlar/zephyr_microros_pingpong_success/zephyr_microros_pingpong/install/micro_ros_msgs/include/micro_ros_msgs/msg/detail/node__rosidl_typesupport_introspection_cpp.hpp
[4.656s] -- Installing: /home/marlar/zephyr_microros_pingpong_success/zephyr_microros_pingpong/install/micro_ros_msgs/include/micro_ros_msgs/msg/detail/entity__type_support.cpp
[4.656s] -- Installing: /home/marlar/zephyr_microros_pingpong_success/zephyr_microros_pingpong/install/micro_ros_msgs/lib/libmicro_ros_msgs__rosidl_typesupport_introspection_cpp.so
[4.656s] -- Set runtime path of "/home/marlar/zephyr_microros_pingpong_success/zephyr_microros_pingpong/install/micro_ros_msgs/lib/libmicro_ros_msgs__rosidl_typesupport_introspection_cpp.so" to ""
[4.656s] -- Installing: /home/marlar/zephyr_microros_pingpong_success/zephyr_microros_pingpong/install/micro_ros_msgs/lib/libmicro_ros_msgs__rosidl_typesupport_cpp.so
[4.656s] -- Set runtime path of "/home/marlar/zephyr_microros_pingpong_success/zephyr_microros_pingpong/install/micro_ros_msgs/lib/libmicro_ros_msgs__rosidl_typesupport_cpp.so" to ""
[4.657s] -- Installing: /home/marlar/zephyr_microros_pingpong_success/zephyr_microros_pingpong/install/micro_ros_msgs/share/micro_ros_msgs/environment/pythonpath.sh
[4.657s] -- Installing: /home/marlar/zephyr_microros_pingpong_success/zephyr_microros_pingpong/install/micro_ros_msgs/share/micro_ros_msgs/environment/pythonpath.dsv
[4.657s] -- Installing: /home/marlar/zephyr_microros_pingpong_success/zephyr_microros_pingpong/install/micro_ros_msgs/lib/python3.8/site-packages/micro_ros_msgs/__init__.py
[4.686s] Compiling '/home/marlar/zephyr_microros_pingpong_success/zephyr_microros_pingpong/install/micro_ros_msgs/lib/python3.8/site-packages/micro_ros_msgs/__init__.py'...
[4.690s] -- Installing: /home/marlar/zephyr_microros_pingpong_success/zephyr_microros_pingpong/install/micro_ros_msgs/lib/python3.8/site-packages/micro_ros_msgs/msg
[4.691s] -- Installing: /home/marlar/zephyr_microros_pingpong_success/zephyr_microros_pingpong/install/micro_ros_msgs/lib/python3.8/site-packages/micro_ros_msgs/msg/_entity_s.c
[4.691s] -- Installing: /home/marlar/zephyr_microros_pingpong_success/zephyr_microros_pingpong/install/micro_ros_msgs/lib/python3.8/site-packages/micro_ros_msgs/msg/__init__.py
[4.691s] -- Installing: /home/marlar/zephyr_microros_pingpong_success/zephyr_microros_pingpong/install/micro_ros_msgs/lib/python3.8/site-packages/micro_ros_msgs/msg/_node.py
[4.691s] -- Installing: /home/marlar/zephyr_microros_pingpong_success/zephyr_microros_pingpong/install/micro_ros_msgs/lib/python3.8/site-packages/micro_ros_msgs/msg/_entity.py
[4.691s] -- Installing: /home/marlar/zephyr_microros_pingpong_success/zephyr_microros_pingpong/install/micro_ros_msgs/lib/python3.8/site-packages/micro_ros_msgs/msg/_node_s.c
[4.692s] -- Installing: /home/marlar/zephyr_microros_pingpong_success/zephyr_microros_pingpong/install/micro_ros_msgs/lib/python3.8/site-packages/micro_ros_msgs/msg/_graph_s.c
[4.692s] -- Installing: /home/marlar/zephyr_microros_pingpong_success/zephyr_microros_pingpong/install/micro_ros_msgs/lib/python3.8/site-packages/micro_ros_msgs/msg/_graph.py
[4.692s] -- Installing: /home/marlar/zephyr_microros_pingpong_success/zephyr_microros_pingpong/install/micro_ros_msgs/lib/python3.8/site-packages/micro_ros_msgs/micro_ros_msgs_s__rosidl_typesupport_microxrcedds_c.cpython-38-x86_64-linux-gnu.so
[4.693s] -- Set runtime path of "/home/marlar/zephyr_microros_pingpong_success/zephyr_microros_pingpong/install/micro_ros_msgs/lib/python3.8/site-packages/micro_ros_msgs/micro_ros_msgs_s__rosidl_typesupport_microxrcedds_c.cpython-38-x86_64-linux-gnu.so" to ""
[4.693s] -- Installing: /home/marlar/zephyr_microros_pingpong_success/zephyr_microros_pingpong/install/micro_ros_msgs/lib/python3.8/site-packages/micro_ros_msgs/micro_ros_msgs_s__rosidl_typesupport_fastrtps_c.cpython-38-x86_64-linux-gnu.so
[4.694s] -- Set runtime path of "/home/marlar/zephyr_microros_pingpong_success/zephyr_microros_pingpong/install/micro_ros_msgs/lib/python3.8/site-packages/micro_ros_msgs/micro_ros_msgs_s__rosidl_typesupport_fastrtps_c.cpython-38-x86_64-linux-gnu.so" to ""
[4.694s] -- Installing: /home/marlar/zephyr_microros_pingpong_success/zephyr_microros_pingpong/install/micro_ros_msgs/lib/python3.8/site-packages/micro_ros_msgs/micro_ros_msgs_s__rosidl_typesupport_introspection_c.cpython-38-x86_64-linux-gnu.so
[4.695s] -- Set runtime path of "/home/marlar/zephyr_microros_pingpong_success/zephyr_microros_pingpong/install/micro_ros_msgs/lib/python3.8/site-packages/micro_ros_msgs/micro_ros_msgs_s__rosidl_typesupport_introspection_c.cpython-38-x86_64-linux-gnu.so" to ""
[4.695s] -- Installing: /home/marlar/zephyr_microros_pingpong_success/zephyr_microros_pingpong/install/micro_ros_msgs/lib/python3.8/site-packages/micro_ros_msgs/micro_ros_msgs_s__rosidl_typesupport_c.cpython-38-x86_64-linux-gnu.so
[4.696s] -- Set runtime path of "/home/marlar/zephyr_microros_pingpong_success/zephyr_microros_pingpong/install/micro_ros_msgs/lib/python3.8/site-packages/micro_ros_msgs/micro_ros_msgs_s__rosidl_typesupport_c.cpython-38-x86_64-linux-gnu.so" to ""
[4.696s] -- Installing: /home/marlar/zephyr_microros_pingpong_success/zephyr_microros_pingpong/install/micro_ros_msgs/lib/libmicro_ros_msgs__python.so
[4.697s] -- Set runtime path of "/home/marlar/zephyr_microros_pingpong_success/zephyr_microros_pingpong/install/micro_ros_msgs/lib/libmicro_ros_msgs__python.so" to ""
[4.697s] -- Installing: /home/marlar/zephyr_microros_pingpong_success/zephyr_microros_pingpong/install/micro_ros_msgs/share/micro_ros_msgs/msg/Graph.idl
[4.697s] -- Installing: /home/marlar/zephyr_microros_pingpong_success/zephyr_microros_pingpong/install/micro_ros_msgs/share/micro_ros_msgs/msg/Node.idl
[4.698s] -- Installing: /home/marlar/zephyr_microros_pingpong_success/zephyr_microros_pingpong/install/micro_ros_msgs/share/micro_ros_msgs/msg/Entity.idl
[4.698s] -- Installing: /home/marlar/zephyr_microros_pingpong_success/zephyr_microros_pingpong/install/micro_ros_msgs/share/micro_ros_msgs/msg/Graph.msg
[4.698s] -- Installing: /home/marlar/zephyr_microros_pingpong_success/zephyr_microros_pingpong/install/micro_ros_msgs/share/micro_ros_msgs/msg/Node.msg
[4.698s] -- Installing: /home/marlar/zephyr_microros_pingpong_success/zephyr_microros_pingpong/install/micro_ros_msgs/share/micro_ros_msgs/msg/Entity.msg
[4.699s] -- Installing: /home/marlar/zephyr_microros_pingpong_success/zephyr_microros_pingpong/install/micro_ros_msgs/share/ament_index/resource_index/package_run_dependencies/micro_ros_msgs
[4.699s] -- Installing: /home/marlar/zephyr_microros_pingpong_success/zephyr_microros_pingpong/install/micro_ros_msgs/share/ament_index/resource_index/parent_prefix_path/micro_ros_msgs
[4.699s] -- Installing: /home/marlar/zephyr_microros_pingpong_success/zephyr_microros_pingpong/install/micro_ros_msgs/share/micro_ros_msgs/environment/ament_prefix_path.sh
[4.700s] -- Installing: /home/marlar/zephyr_microros_pingpong_success/zephyr_microros_pingpong/install/micro_ros_msgs/share/micro_ros_msgs/environment/ament_prefix_path.dsv
[4.700s] -- Installing: /home/marlar/zephyr_microros_pingpong_success/zephyr_microros_pingpong/install/micro_ros_msgs/share/micro_ros_msgs/environment/path.sh
[4.700s] -- Installing: /home/marlar/zephyr_microros_pingpong_success/zephyr_microros_pingpong/install/micro_ros_msgs/share/micro_ros_msgs/environment/path.dsv
[4.700s] -- Installing: /home/marlar/zephyr_microros_pingpong_success/zephyr_microros_pingpong/install/micro_ros_msgs/share/micro_ros_msgs/local_setup.bash
[4.701s] -- Installing: /home/marlar/zephyr_microros_pingpong_success/zephyr_microros_pingpong/install/micro_ros_msgs/share/micro_ros_msgs/local_setup.sh
[4.701s] -- Installing: /home/marlar/zephyr_microros_pingpong_success/zephyr_microros_pingpong/install/micro_ros_msgs/share/micro_ros_msgs/local_setup.zsh
[4.701s] -- Installing: /home/marlar/zephyr_microros_pingpong_success/zephyr_microros_pingpong/install/micro_ros_msgs/share/micro_ros_msgs/local_setup.dsv
[4.701s] -- Installing: /home/marlar/zephyr_microros_pingpong_success/zephyr_microros_pingpong/install/micro_ros_msgs/share/micro_ros_msgs/package.dsv
[4.702s] -- Installing: /home/marlar/zephyr_microros_pingpong_success/zephyr_microros_pingpong/install/micro_ros_msgs/share/ament_index/resource_index/packages/micro_ros_msgs
[4.702s] -- Installing: /home/marlar/zephyr_microros_pingpong_success/zephyr_microros_pingpong/install/micro_ros_msgs/share/micro_ros_msgs/cmake/micro_ros_msgs__rosidl_generator_cExport.cmake
[4.702s] -- Installing: /home/marlar/zephyr_microros_pingpong_success/zephyr_microros_pingpong/install/micro_ros_msgs/share/micro_ros_msgs/cmake/micro_ros_msgs__rosidl_generator_cExport-noconfig.cmake
[4.703s] -- Installing: /home/marlar/zephyr_microros_pingpong_success/zephyr_microros_pingpong/install/micro_ros_msgs/share/micro_ros_msgs/cmake/micro_ros_msgs__rosidl_typesupport_introspection_cExport.cmake
[4.703s] -- Installing: /home/marlar/zephyr_microros_pingpong_success/zephyr_microros_pingpong/install/micro_ros_msgs/share/micro_ros_msgs/cmake/micro_ros_msgs__rosidl_typesupport_introspection_cExport-noconfig.cmake
[4.703s] -- Installing: /home/marlar/zephyr_microros_pingpong_success/zephyr_microros_pingpong/install/micro_ros_msgs/share/micro_ros_msgs/cmake/micro_ros_msgs__rosidl_typesupport_cExport.cmake
[4.703s] -- Installing: /home/marlar/zephyr_microros_pingpong_success/zephyr_microros_pingpong/install/micro_ros_msgs/share/micro_ros_msgs/cmake/micro_ros_msgs__rosidl_typesupport_cExport-noconfig.cmake
[4.704s] -- Installing: /home/marlar/zephyr_microros_pingpong_success/zephyr_microros_pingpong/install/micro_ros_msgs/share/micro_ros_msgs/cmake/micro_ros_msgs__rosidl_generator_cppExport.cmake
[4.704s] -- Installing: /home/marlar/zephyr_microros_pingpong_success/zephyr_microros_pingpong/install/micro_ros_msgs/share/micro_ros_msgs/cmake/micro_ros_msgs__rosidl_typesupport_introspection_cppExport.cmake
[4.704s] -- Installing: /home/marlar/zephyr_microros_pingpong_success/zephyr_microros_pingpong/install/micro_ros_msgs/share/micro_ros_msgs/cmake/micro_ros_msgs__rosidl_typesupport_introspection_cppExport-noconfig.cmake
[4.704s] -- Installing: /home/marlar/zephyr_microros_pingpong_success/zephyr_microros_pingpong/install/micro_ros_msgs/share/micro_ros_msgs/cmake/micro_ros_msgs__rosidl_typesupport_cppExport.cmake
[4.704s] -- Installing: /home/marlar/zephyr_microros_pingpong_success/zephyr_microros_pingpong/install/micro_ros_msgs/share/micro_ros_msgs/cmake/micro_ros_msgs__rosidl_typesupport_cppExport-noconfig.cmake
[4.705s] -- Installing: /home/marlar/zephyr_microros_pingpong_success/zephyr_microros_pingpong/install/micro_ros_msgs/share/micro_ros_msgs/cmake/rosidl_cmake-extras.cmake
[4.705s] -- Installing: /home/marlar/zephyr_microros_pingpong_success/zephyr_microros_pingpong/install/micro_ros_msgs/share/micro_ros_msgs/cmake/ament_cmake_export_dependencies-extras.cmake
[4.705s] -- Installing: /home/marlar/zephyr_microros_pingpong_success/zephyr_microros_pingpong/install/micro_ros_msgs/share/micro_ros_msgs/cmake/ament_cmake_export_libraries-extras.cmake
[4.705s] -- Installing: /home/marlar/zephyr_microros_pingpong_success/zephyr_microros_pingpong/install/micro_ros_msgs/share/micro_ros_msgs/cmake/ament_cmake_export_targets-extras.cmake
[4.705s] -- Installing: /home/marlar/zephyr_microros_pingpong_success/zephyr_microros_pingpong/install/micro_ros_msgs/share/micro_ros_msgs/cmake/ament_cmake_export_include_directories-extras.cmake
[4.705s] -- Installing: /home/marlar/zephyr_microros_pingpong_success/zephyr_microros_pingpong/install/micro_ros_msgs/share/micro_ros_msgs/cmake/rosidl_cmake_export_typesupport_libraries-extras.cmake
[4.706s] -- Installing: /home/marlar/zephyr_microros_pingpong_success/zephyr_microros_pingpong/install/micro_ros_msgs/share/micro_ros_msgs/cmake/rosidl_cmake_export_typesupport_targets-extras.cmake
[4.706s] -- Installing: /home/marlar/zephyr_microros_pingpong_success/zephyr_microros_pingpong/install/micro_ros_msgs/share/micro_ros_msgs/cmake/micro_ros_msgsConfig.cmake
[4.706s] -- Installing: /home/marlar/zephyr_microros_pingpong_success/zephyr_microros_pingpong/install/micro_ros_msgs/share/micro_ros_msgs/cmake/micro_ros_msgsConfig-version.cmake
[4.706s] -- Installing: /home/marlar/zephyr_microros_pingpong_success/zephyr_microros_pingpong/install/micro_ros_msgs/share/micro_ros_msgs/package.xml
[4.712s] Invoked command in '/home/marlar/zephyr_microros_pingpong_success/zephyr_microros_pingpong/build/micro_ros_msgs' returned '0': AMENT_PREFIX_PATH=/home/marlar/zephyr_microros_pingpong_success/zephyr_microros_pingpong/install/rosidl_typesupport_microxrcedds_c:${AMENT_PREFIX_PATH} CMAKE_PREFIX_PATH=/home/marlar/zephyr_microros_pingpong_success/zephyr_microros_pingpong/install/rosidl_typesupport_microxrcedds_c:/home/marlar/zephyr_microros_pingpong_success/zephyr_microros_pingpong/install/microcdr:/home/marlar/zephyr_microros_pingpong_success/zephyr_microros_pingpong/install/micro_ros_setup:/opt/ros/foxy LD_LIBRARY_PATH=/home/marlar/zephyr_microros_pingpong_success/zephyr_microros_pingpong/install/rosidl_typesupport_microxrcedds_c/lib:${LD_LIBRARY_PATH} PYTHONPATH=/home/marlar/zephyr_microros_pingpong_success/zephyr_microros_pingpong/install/rosidl_typesupport_microxrcedds_c/lib/python3.8/site-packages:${PYTHONPATH} /usr/bin/cmake --install /home/marlar/zephyr_microros_pingpong_success/zephyr_microros_pingpong/build/micro_ros_msgs
