[0.016s] Invoking command in '/home/marlar/zephyr_microros_pingpong_success/zephyr_microros_pingpong/build/rosidl_typesupport_microxrcedds_c': CMAKE_PREFIX_PATH=/home/marlar/zephyr_microros_pingpong_success/zephyr_microros_pingpong/install/microcdr:/home/marlar/zephyr_microros_pingpong_success/zephyr_microros_pingpong/install/micro_ros_setup:/opt/ros/foxy /usr/bin/cmake /home/marlar/zephyr_microros_pingpong_success/zephyr_microros_pingpong/src/uros/rosidl_typesupport_microxrcedds/rosidl_typesupport_microxrcedds_c -DUAGENT_BUILD_EXECUTABLE=OFF -DUAGENT_P2P_PROFILE=OFF --no-warn-unused-cli -DCMAKE_INSTALL_PREFIX=/home/marlar/zephyr_microros_pingpong_success/zephyr_microros_pingpong/install/rosidl_typesupport_microxrcedds_c
[0.022s] Not searching for unused variables given on the command line.
[0.122s] -- The C compiler identification is GNU 9.3.0
[0.140s] -- Detecting C compiler ABI info
[0.246s] -- Detecting C compiler ABI info - done
[0.265s] -- Check for working C compiler: /usr/bin/cc - skipped
[0.265s] -- Detecting C compile features
[0.266s] -- Detecting C compile features - done
[0.269s] -- Found ament_cmake: 0.9.8 (/opt/ros/foxy/share/ament_cmake/cmake)
[0.311s] -- Found PythonInterp: /usr/bin/python3 (found suitable version "3.8.5", minimum required is "3") 
[0.312s] -- Using PYTHON_EXECUTABLE: /usr/bin/python3
[0.505s] -- Found rosidl_runtime_c: 1.2.0 (/opt/ros/foxy/share/rosidl_runtime_c/cmake)
[0.566s] -- Found ament_lint_auto: 0.9.6 (/opt/ros/foxy/share/ament_lint_auto/cmake)
[0.666s] -- Added test 'copyright' to check source files copyright and LICENSE
[0.668s] -- Added test 'cppcheck' to perform static code analysis on C / C++ code
[0.668s] -- Configured cppcheck include dirs: $<BUILD_INTERFACE:/home/marlar/zephyr_microros_pingpong_success/zephyr_microros_pingpong/src/uros/rosidl_typesupport_microxrcedds/rosidl_typesupport_microxrcedds_c/include>
[0.668s] -- Configured cppcheck exclude dirs and/or files: 
[0.669s] -- Added test 'cpplint' to check C / C++ code against the Google style
[0.670s] -- Configured cpplint exclude dirs and/or files: 
[0.670s] -- Added test 'flake8' to check Python code syntax and style conventions
[0.670s] -- Added test 'lint_cmake' to check CMake code style
[0.671s] -- Added test 'pep257' to check Python code against some of the style conventions in PEP 257
[0.673s] -- Added test 'uncrustify' to check C / C++ code style
[0.673s] -- Configured uncrustify additional arguments: 
[0.673s] -- Added test 'xmllint' to check XML markup files
[0.675s] -- Configuring done
[0.679s] -- Generating done
[0.680s] -- Build files have been written to: /home/marlar/zephyr_microros_pingpong_success/zephyr_microros_pingpong/build/rosidl_typesupport_microxrcedds_c
[0.685s] Invoked command in '/home/marlar/zephyr_microros_pingpong_success/zephyr_microros_pingpong/build/rosidl_typesupport_microxrcedds_c' returned '0': CMAKE_PREFIX_PATH=/home/marlar/zephyr_microros_pingpong_success/zephyr_microros_pingpong/install/microcdr:/home/marlar/zephyr_microros_pingpong_success/zephyr_microros_pingpong/install/micro_ros_setup:/opt/ros/foxy /usr/bin/cmake /home/marlar/zephyr_microros_pingpong_success/zephyr_microros_pingpong/src/uros/rosidl_typesupport_microxrcedds/rosidl_typesupport_microxrcedds_c -DUAGENT_BUILD_EXECUTABLE=OFF -DUAGENT_P2P_PROFILE=OFF --no-warn-unused-cli -DCMAKE_INSTALL_PREFIX=/home/marlar/zephyr_microros_pingpong_success/zephyr_microros_pingpong/install/rosidl_typesupport_microxrcedds_c
[0.690s] Invoking command in '/home/marlar/zephyr_microros_pingpong_success/zephyr_microros_pingpong/build/rosidl_typesupport_microxrcedds_c': CMAKE_PREFIX_PATH=/home/marlar/zephyr_microros_pingpong_success/zephyr_microros_pingpong/install/microcdr:/home/marlar/zephyr_microros_pingpong_success/zephyr_microros_pingpong/install/micro_ros_setup:/opt/ros/foxy /usr/bin/cmake --build /home/marlar/zephyr_microros_pingpong_success/zephyr_microros_pingpong/build/rosidl_typesupport_microxrcedds_c -- -j12 -l12
[0.734s] [ 33%] [32mBuilding C object CMakeFiles/rosidl_typesupport_microxrcedds_c.dir/src/identifier.c.o[0m
[0.735s] [ 66%] [32mBuilding C object CMakeFiles/rosidl_typesupport_microxrcedds_c.dir/src/deserialize_buffer_utility.c.o[0m
[0.785s] [100%] [32m[1mLinking C static library librosidl_typesupport_microxrcedds_c.a[0m
[0.812s] [100%] Built target rosidl_typesupport_microxrcedds_c
[0.824s] Invoked command in '/home/marlar/zephyr_microros_pingpong_success/zephyr_microros_pingpong/build/rosidl_typesupport_microxrcedds_c' returned '0': CMAKE_PREFIX_PATH=/home/marlar/zephyr_microros_pingpong_success/zephyr_microros_pingpong/install/microcdr:/home/marlar/zephyr_microros_pingpong_success/zephyr_microros_pingpong/install/micro_ros_setup:/opt/ros/foxy /usr/bin/cmake --build /home/marlar/zephyr_microros_pingpong_success/zephyr_microros_pingpong/build/rosidl_typesupport_microxrcedds_c -- -j12 -l12
[0.873s] Invoking command in '/home/marlar/zephyr_microros_pingpong_success/zephyr_microros_pingpong/build/rosidl_typesupport_microxrcedds_c': CMAKE_PREFIX_PATH=/home/marlar/zephyr_microros_pingpong_success/zephyr_microros_pingpong/install/microcdr:/home/marlar/zephyr_microros_pingpong_success/zephyr_microros_pingpong/install/micro_ros_setup:/opt/ros/foxy /usr/bin/cmake --install /home/marlar/zephyr_microros_pingpong_success/zephyr_microros_pingpong/build/rosidl_typesupport_microxrcedds_c
[0.881s] -- Install configuration: ""
[0.881s] -- Installing: /home/marlar/zephyr_microros_pingpong_success/zephyr_microros_pingpong/install/rosidl_typesupport_microxrcedds_c/share/rosidl_typesupport_microxrcedds_c/environment/pythonpath.sh
[0.882s] -- Installing: /home/marlar/zephyr_microros_pingpong_success/zephyr_microros_pingpong/install/rosidl_typesupport_microxrcedds_c/share/rosidl_typesupport_microxrcedds_c/environment/pythonpath.dsv
[0.882s] -- Installing: /home/marlar/zephyr_microros_pingpong_success/zephyr_microros_pingpong/install/rosidl_typesupport_microxrcedds_c/lib/python3.8/site-packages/rosidl_typesupport_microxrcedds_c
[0.882s] -- Installing: /home/marlar/zephyr_microros_pingpong_success/zephyr_microros_pingpong/install/rosidl_typesupport_microxrcedds_c/lib/python3.8/site-packages/rosidl_typesupport_microxrcedds_c/__init__.py
[0.926s] Listing '/home/marlar/zephyr_microros_pingpong_success/zephyr_microros_pingpong/install/rosidl_typesupport_microxrcedds_c/lib/python3.8/site-packages/rosidl_typesupport_microxrcedds_c'...
[0.926s] Compiling '/home/marlar/zephyr_microros_pingpong_success/zephyr_microros_pingpong/install/rosidl_typesupport_microxrcedds_c/lib/python3.8/site-packages/rosidl_typesupport_microxrcedds_c/__init__.py'...
[0.931s] -- Installing: /home/marlar/zephyr_microros_pingpong_success/zephyr_microros_pingpong/install/rosidl_typesupport_microxrcedds_c/share/rosidl_typesupport_microxrcedds_c/environment/library_path.sh
[0.931s] -- Installing: /home/marlar/zephyr_microros_pingpong_success/zephyr_microros_pingpong/install/rosidl_typesupport_microxrcedds_c/share/rosidl_typesupport_microxrcedds_c/environment/library_path.dsv
[0.932s] -- Installing: /home/marlar/zephyr_microros_pingpong_success/zephyr_microros_pingpong/install/rosidl_typesupport_microxrcedds_c/share/ament_index/resource_index/rosidl_typesupport_c/rosidl_typesupport_microxrcedds_c
[0.932s] -- Installing: /home/marlar/zephyr_microros_pingpong_success/zephyr_microros_pingpong/install/rosidl_typesupport_microxrcedds_c/share/ament_index/resource_index/package_run_dependencies/rosidl_typesupport_microxrcedds_c
[0.932s] -- Installing: /home/marlar/zephyr_microros_pingpong_success/zephyr_microros_pingpong/install/rosidl_typesupport_microxrcedds_c/share/ament_index/resource_index/parent_prefix_path/rosidl_typesupport_microxrcedds_c
[0.933s] -- Installing: /home/marlar/zephyr_microros_pingpong_success/zephyr_microros_pingpong/install/rosidl_typesupport_microxrcedds_c/share/rosidl_typesupport_microxrcedds_c/environment/ament_prefix_path.sh
[0.933s] -- Installing: /home/marlar/zephyr_microros_pingpong_success/zephyr_microros_pingpong/install/rosidl_typesupport_microxrcedds_c/share/rosidl_typesupport_microxrcedds_c/environment/ament_prefix_path.dsv
[0.933s] -- Installing: /home/marlar/zephyr_microros_pingpong_success/zephyr_microros_pingpong/install/rosidl_typesupport_microxrcedds_c/share/rosidl_typesupport_microxrcedds_c/environment/path.sh
[0.933s] -- Installing: /home/marlar/zephyr_microros_pingpong_success/zephyr_microros_pingpong/install/rosidl_typesupport_microxrcedds_c/share/rosidl_typesupport_microxrcedds_c/environment/path.dsv
[0.934s] -- Installing: /home/marlar/zephyr_microros_pingpong_success/zephyr_microros_pingpong/install/rosidl_typesupport_microxrcedds_c/share/rosidl_typesupport_microxrcedds_c/local_setup.bash
[0.934s] -- Installing: /home/marlar/zephyr_microros_pingpong_success/zephyr_microros_pingpong/install/rosidl_typesupport_microxrcedds_c/share/rosidl_typesupport_microxrcedds_c/local_setup.sh
[0.934s] -- Installing: /home/marlar/zephyr_microros_pingpong_success/zephyr_microros_pingpong/install/rosidl_typesupport_microxrcedds_c/share/rosidl_typesupport_microxrcedds_c/local_setup.zsh
[0.934s] -- Installing: /home/marlar/zephyr_microros_pingpong_success/zephyr_microros_pingpong/install/rosidl_typesupport_microxrcedds_c/share/rosidl_typesupport_microxrcedds_c/local_setup.dsv
[0.935s] -- Installing: /home/marlar/zephyr_microros_pingpong_success/zephyr_microros_pingpong/install/rosidl_typesupport_microxrcedds_c/share/rosidl_typesupport_microxrcedds_c/package.dsv
[0.935s] -- Installing: /home/marlar/zephyr_microros_pingpong_success/zephyr_microros_pingpong/install/rosidl_typesupport_microxrcedds_c/share/ament_index/resource_index/packages/rosidl_typesupport_microxrcedds_c
[0.935s] -- Installing: /home/marlar/zephyr_microros_pingpong_success/zephyr_microros_pingpong/install/rosidl_typesupport_microxrcedds_c/share/rosidl_typesupport_microxrcedds_c/cmake/rosidl_typesupport_microxrcedds_cExport.cmake
[0.936s] -- Installing: /home/marlar/zephyr_microros_pingpong_success/zephyr_microros_pingpong/install/rosidl_typesupport_microxrcedds_c/share/rosidl_typesupport_microxrcedds_c/cmake/rosidl_typesupport_microxrcedds_cExport-noconfig.cmake
[0.936s] -- Installing: /home/marlar/zephyr_microros_pingpong_success/zephyr_microros_pingpong/install/rosidl_typesupport_microxrcedds_c/share/rosidl_typesupport_microxrcedds_c/cmake/rosidl_typesupport_microxrcedds_c-extras.cmake
[0.936s] -- Installing: /home/marlar/zephyr_microros_pingpong_success/zephyr_microros_pingpong/install/rosidl_typesupport_microxrcedds_c/share/rosidl_typesupport_microxrcedds_c/cmake/ament_cmake_export_dependencies-extras.cmake
[0.937s] -- Installing: /home/marlar/zephyr_microros_pingpong_success/zephyr_microros_pingpong/install/rosidl_typesupport_microxrcedds_c/share/rosidl_typesupport_microxrcedds_c/cmake/ament_cmake_export_include_directories-extras.cmake
[0.937s] -- Installing: /home/marlar/zephyr_microros_pingpong_success/zephyr_microros_pingpong/install/rosidl_typesupport_microxrcedds_c/share/rosidl_typesupport_microxrcedds_c/cmake/ament_cmake_export_libraries-extras.cmake
[0.937s] -- Installing: /home/marlar/zephyr_microros_pingpong_success/zephyr_microros_pingpong/install/rosidl_typesupport_microxrcedds_c/share/rosidl_typesupport_microxrcedds_c/cmake/ament_cmake_export_targets-extras.cmake
[0.937s] -- Installing: /home/marlar/zephyr_microros_pingpong_success/zephyr_microros_pingpong/install/rosidl_typesupport_microxrcedds_c/share/rosidl_typesupport_microxrcedds_c/cmake/rosidl_typesupport_microxrcedds_cConfig.cmake
[0.938s] -- Installing: /home/marlar/zephyr_microros_pingpong_success/zephyr_microros_pingpong/install/rosidl_typesupport_microxrcedds_c/share/rosidl_typesupport_microxrcedds_c/cmake/rosidl_typesupport_microxrcedds_cConfig-version.cmake
[0.938s] -- Installing: /home/marlar/zephyr_microros_pingpong_success/zephyr_microros_pingpong/install/rosidl_typesupport_microxrcedds_c/share/rosidl_typesupport_microxrcedds_c/package.xml
[0.938s] -- Installing: /home/marlar/zephyr_microros_pingpong_success/zephyr_microros_pingpong/install/rosidl_typesupport_microxrcedds_c/lib/rosidl_typesupport_microxrcedds_c/rosidl_typesupport_microxrcedds_c
[0.938s] -- Up-to-date: /home/marlar/zephyr_microros_pingpong_success/zephyr_microros_pingpong/install/rosidl_typesupport_microxrcedds_c/share/rosidl_typesupport_microxrcedds_c/cmake
[0.939s] -- Installing: /home/marlar/zephyr_microros_pingpong_success/zephyr_microros_pingpong/install/rosidl_typesupport_microxrcedds_c/share/rosidl_typesupport_microxrcedds_c/cmake/rosidl_typesupport_microxrcedds_c_generate_interfaces.cmake
[0.939s] -- Installing: /home/marlar/zephyr_microros_pingpong_success/zephyr_microros_pingpong/install/rosidl_typesupport_microxrcedds_c/share/rosidl_typesupport_microxrcedds_c/resource
[0.939s] -- Installing: /home/marlar/zephyr_microros_pingpong_success/zephyr_microros_pingpong/install/rosidl_typesupport_microxrcedds_c/share/rosidl_typesupport_microxrcedds_c/resource/idl__rosidl_typesupport_microxrcedds_c.h.em
[0.939s] -- Installing: /home/marlar/zephyr_microros_pingpong_success/zephyr_microros_pingpong/install/rosidl_typesupport_microxrcedds_c/share/rosidl_typesupport_microxrcedds_c/resource/rosidl_typesupport_microxrcedds_c__visibility_control.h.in
[0.939s] -- Installing: /home/marlar/zephyr_microros_pingpong_success/zephyr_microros_pingpong/install/rosidl_typesupport_microxrcedds_c/share/rosidl_typesupport_microxrcedds_c/resource/msg__rosidl_typesupport_microxrcedds_c.h.em
[0.940s] -- Installing: /home/marlar/zephyr_microros_pingpong_success/zephyr_microros_pingpong/install/rosidl_typesupport_microxrcedds_c/share/rosidl_typesupport_microxrcedds_c/resource/msg__type_support_c.c.em
[0.940s] -- Installing: /home/marlar/zephyr_microros_pingpong_success/zephyr_microros_pingpong/install/rosidl_typesupport_microxrcedds_c/share/rosidl_typesupport_microxrcedds_c/resource/srv__type_support_c.c.em
[0.940s] -- Installing: /home/marlar/zephyr_microros_pingpong_success/zephyr_microros_pingpong/install/rosidl_typesupport_microxrcedds_c/share/rosidl_typesupport_microxrcedds_c/resource/idl__type_support_c.c.em
[0.940s] -- Installing: /home/marlar/zephyr_microros_pingpong_success/zephyr_microros_pingpong/install/rosidl_typesupport_microxrcedds_c/share/rosidl_typesupport_microxrcedds_c/resource/srv__rosidl_typesupport_microxrcedds_c.h.em
[0.940s] -- Installing: /home/marlar/zephyr_microros_pingpong_success/zephyr_microros_pingpong/install/rosidl_typesupport_microxrcedds_c/include
[0.941s] -- Installing: /home/marlar/zephyr_microros_pingpong_success/zephyr_microros_pingpong/install/rosidl_typesupport_microxrcedds_c/include/rosidl_typesupport_microxrcedds_c
[0.941s] -- Installing: /home/marlar/zephyr_microros_pingpong_success/zephyr_microros_pingpong/install/rosidl_typesupport_microxrcedds_c/include/rosidl_typesupport_microxrcedds_c/service_type_support.h
[0.941s] -- Installing: /home/marlar/zephyr_microros_pingpong_success/zephyr_microros_pingpong/install/rosidl_typesupport_microxrcedds_c/include/rosidl_typesupport_microxrcedds_c/visibility_control.h
[0.941s] -- Installing: /home/marlar/zephyr_microros_pingpong_success/zephyr_microros_pingpong/install/rosidl_typesupport_microxrcedds_c/include/rosidl_typesupport_microxrcedds_c/deserialize_buffer_utility.h
[0.941s] -- Installing: /home/marlar/zephyr_microros_pingpong_success/zephyr_microros_pingpong/install/rosidl_typesupport_microxrcedds_c/include/rosidl_typesupport_microxrcedds_c/identifier.h
[0.942s] -- Installing: /home/marlar/zephyr_microros_pingpong_success/zephyr_microros_pingpong/install/rosidl_typesupport_microxrcedds_c/include/rosidl_typesupport_microxrcedds_c/message_type_support.h
[0.942s] -- Installing: /home/marlar/zephyr_microros_pingpong_success/zephyr_microros_pingpong/install/rosidl_typesupport_microxrcedds_c/lib/librosidl_typesupport_microxrcedds_c.a
[0.948s] Invoked command in '/home/marlar/zephyr_microros_pingpong_success/zephyr_microros_pingpong/build/rosidl_typesupport_microxrcedds_c' returned '0': CMAKE_PREFIX_PATH=/home/marlar/zephyr_microros_pingpong_success/zephyr_microros_pingpong/install/microcdr:/home/marlar/zephyr_microros_pingpong_success/zephyr_microros_pingpong/install/micro_ros_setup:/opt/ros/foxy /usr/bin/cmake --install /home/marlar/zephyr_microros_pingpong_success/zephyr_microros_pingpong/build/rosidl_typesupport_microxrcedds_c
