-- The C compiler identification is GNU 9.2.0
-- The CXX compiler identification is GNU 9.2.0
-- Detecting C compiler ABI info
-- Detecting C compiler ABI info - done
-- Check for working C compiler: /home/marlar/movelt_success/firmware/zephyr-sdk/arm-zephyr-eabi/bin/arm-zephyr-eabi-gcc - skipped
-- Detecting C compile features
-- Detecting C compile features - done
-- Detecting CXX compiler ABI info
-- Detecting CXX compiler ABI info - done
-- Check for working CXX compiler: /home/marlar/movelt_success/firmware/zephyr-sdk/arm-zephyr-eabi/bin/arm-zephyr-eabi-g++ - skipped
-- Detecting CXX compile features
-- Detecting CXX compile features - done
-- Found ament_cmake: 0.9.8 (/home/marlar/movelt_success/firmware/dev_ws/install/ament_cmake/share/ament_cmake/cmake)
-- Found PythonInterp: /usr/bin/python3 (found suitable version "3.8.5", minimum required is "3") 
-- Using PYTHON_EXECUTABLE: /usr/bin/python3
-- Found rosidl_default_generators: 1.0.0 (/home/marlar/movelt_success/firmware/mcu_ws/install/share/rosidl_default_generators/cmake)
-- Using single rosidl_typesupport_c: rosidl_typesupport_microxrcedds_c
-- Found rosidl_adapter: 1.2.0 (/home/marlar/movelt_success/firmware/mcu_ws/install/share/rosidl_adapter/cmake)
-- Found std_msgs: 2.0.3 (/home/marlar/movelt_success/firmware/mcu_ws/install/share/std_msgs/cmake)
-- Found PythonInterp: /usr/bin/python3 (found version "3.8.5") 
-- Found ament_cmake_ros: 0.9.1 (/home/marlar/movelt_success/firmware/dev_ws/install/ament_cmake_ros/share/ament_cmake_ros/cmake)
-- Using single rosidl_typesupport_c: rosidl_typesupport_microxrcedds_c
-- Configuring done
-- Generating done
-- Build files have been written to: /home/marlar/movelt_success/firmware/mcu_ws/build/diagnostic_msgs
[  4%] [34m[1mGenerating C code for ROS interfaces[0m
[  9%] [32mBuilding C object CMakeFiles/diagnostic_msgs__rosidl_generator_c.dir/rosidl_generator_c/diagnostic_msgs/msg/detail/diagnostic_array__functions.c.obj[0m
[ 23%] [32mBuilding C object CMakeFiles/diagnostic_msgs__rosidl_generator_c.dir/rosidl_generator_c/diagnostic_msgs/srv/detail/self_test__functions.c.obj[0m
[ 23%] [32mBuilding C object CMakeFiles/diagnostic_msgs__rosidl_generator_c.dir/rosidl_generator_c/diagnostic_msgs/msg/detail/diagnostic_status__functions.c.obj[0m
[ 23%] [32mBuilding C object CMakeFiles/diagnostic_msgs__rosidl_generator_c.dir/rosidl_generator_c/diagnostic_msgs/srv/detail/add_diagnostics__functions.c.obj[0m
[ 28%] [32mBuilding C object CMakeFiles/diagnostic_msgs__rosidl_generator_c.dir/rosidl_generator_c/diagnostic_msgs/msg/detail/key_value__functions.c.obj[0m
[ 33%] [32m[1mLinking CXX static library libdiagnostic_msgs__rosidl_generator_c.a[0m
/home/marlar/movelt_success/firmware/zephyr-sdk/arm-zephyr-eabi/bin/arm-zephyr-eabi-ar qc libdiagnostic_msgs__rosidl_generator_c.a CMakeFiles/diagnostic_msgs__rosidl_generator_c.dir/rosidl_generator_c/diagnostic_msgs/msg/detail/diagnostic_array__functions.c.obj CMakeFiles/diagnostic_msgs__rosidl_generator_c.dir/rosidl_generator_c/diagnostic_msgs/msg/detail/diagnostic_status__functions.c.obj CMakeFiles/diagnostic_msgs__rosidl_generator_c.dir/rosidl_generator_c/diagnostic_msgs/msg/detail/key_value__functions.c.obj CMakeFiles/diagnostic_msgs__rosidl_generator_c.dir/rosidl_generator_c/diagnostic_msgs/srv/detail/add_diagnostics__functions.c.obj CMakeFiles/diagnostic_msgs__rosidl_generator_c.dir/rosidl_generator_c/diagnostic_msgs/srv/detail/self_test__functions.c.obj
/home/marlar/movelt_success/firmware/zephyr-sdk/arm-zephyr-eabi/bin/arm-zephyr-eabi-ranlib libdiagnostic_msgs__rosidl_generator_c.a
[ 33%] Built target diagnostic_msgs__rosidl_generator_c
[ 38%] [34m[1mGenerating C type support for eProsima Micro XRCE-DDS[0m
[ 42%] [32mBuilding C object CMakeFiles/diagnostic_msgs__rosidl_typesupport_microxrcedds_c.dir/rosidl_typesupport_microxrcedds_c/diagnostic_msgs/msg/detail/microxrcedds/diagnostic_array__type_support_c.c.obj[0m
[ 47%] [32mBuilding C object CMakeFiles/diagnostic_msgs__rosidl_typesupport_microxrcedds_c.dir/rosidl_typesupport_microxrcedds_c/diagnostic_msgs/msg/detail/microxrcedds/key_value__type_support_c.c.obj[0m
[ 52%] [32mBuilding C object CMakeFiles/diagnostic_msgs__rosidl_typesupport_microxrcedds_c.dir/rosidl_typesupport_microxrcedds_c/diagnostic_msgs/msg/detail/microxrcedds/diagnostic_status__type_support_c.c.obj[0m
[ 57%] [32mBuilding C object CMakeFiles/diagnostic_msgs__rosidl_typesupport_microxrcedds_c.dir/rosidl_typesupport_microxrcedds_c/diagnostic_msgs/srv/detail/microxrcedds/add_diagnostics__type_support_c.c.obj[0m
[ 61%] [32mBuilding C object CMakeFiles/diagnostic_msgs__rosidl_typesupport_microxrcedds_c.dir/rosidl_typesupport_microxrcedds_c/diagnostic_msgs/srv/detail/microxrcedds/self_test__type_support_c.c.obj[0m
[ 66%] [32m[1mLinking CXX static library libdiagnostic_msgs__rosidl_typesupport_microxrcedds_c.a[0m
/home/marlar/movelt_success/firmware/zephyr-sdk/arm-zephyr-eabi/bin/arm-zephyr-eabi-ar qc libdiagnostic_msgs__rosidl_typesupport_microxrcedds_c.a CMakeFiles/diagnostic_msgs__rosidl_typesupport_microxrcedds_c.dir/rosidl_typesupport_microxrcedds_c/diagnostic_msgs/msg/detail/microxrcedds/diagnostic_array__type_support_c.c.obj CMakeFiles/diagnostic_msgs__rosidl_typesupport_microxrcedds_c.dir/rosidl_typesupport_microxrcedds_c/diagnostic_msgs/msg/detail/microxrcedds/diagnostic_status__type_support_c.c.obj CMakeFiles/diagnostic_msgs__rosidl_typesupport_microxrcedds_c.dir/rosidl_typesupport_microxrcedds_c/diagnostic_msgs/msg/detail/microxrcedds/key_value__type_support_c.c.obj CMakeFiles/diagnostic_msgs__rosidl_typesupport_microxrcedds_c.dir/rosidl_typesupport_microxrcedds_c/diagnostic_msgs/srv/detail/microxrcedds/add_diagnostics__type_support_c.c.obj CMakeFiles/diagnostic_msgs__rosidl_typesupport_microxrcedds_c.dir/rosidl_typesupport_microxrcedds_c/diagnostic_msgs/srv/detail/microxrcedds/self_test__type_support_c.c.obj
/home/marlar/movelt_success/firmware/zephyr-sdk/arm-zephyr-eabi/bin/arm-zephyr-eabi-ranlib libdiagnostic_msgs__rosidl_typesupport_microxrcedds_c.a
[ 66%] Built target diagnostic_msgs__rosidl_typesupport_microxrcedds_c
[ 71%] [34m[1mGenerating C type support dispatch for ROS interfaces[0m
[ 76%] [32mBuilding CXX object CMakeFiles/diagnostic_msgs__rosidl_typesupport_c.dir/rosidl_typesupport_c/diagnostic_msgs/msg/diagnostic_array__type_support.cpp.obj[0m
[ 80%] [32mBuilding CXX object CMakeFiles/diagnostic_msgs__rosidl_typesupport_c.dir/rosidl_typesupport_c/diagnostic_msgs/msg/key_value__type_support.cpp.obj[0m
[ 85%] [32mBuilding CXX object CMakeFiles/diagnostic_msgs__rosidl_typesupport_c.dir/rosidl_typesupport_c/diagnostic_msgs/srv/add_diagnostics__type_support.cpp.obj[0m
[ 90%] [32mBuilding CXX object CMakeFiles/diagnostic_msgs__rosidl_typesupport_c.dir/rosidl_typesupport_c/diagnostic_msgs/srv/self_test__type_support.cpp.obj[0m
[ 95%] [32mBuilding CXX object CMakeFiles/diagnostic_msgs__rosidl_typesupport_c.dir/rosidl_typesupport_c/diagnostic_msgs/msg/diagnostic_status__type_support.cpp.obj[0m
[100%] [32m[1mLinking CXX static library libdiagnostic_msgs__rosidl_typesupport_c.a[0m
/home/marlar/movelt_success/firmware/zephyr-sdk/arm-zephyr-eabi/bin/arm-zephyr-eabi-ar qc libdiagnostic_msgs__rosidl_typesupport_c.a CMakeFiles/diagnostic_msgs__rosidl_typesupport_c.dir/rosidl_typesupport_c/diagnostic_msgs/msg/diagnostic_array__type_support.cpp.obj CMakeFiles/diagnostic_msgs__rosidl_typesupport_c.dir/rosidl_typesupport_c/diagnostic_msgs/msg/diagnostic_status__type_support.cpp.obj CMakeFiles/diagnostic_msgs__rosidl_typesupport_c.dir/rosidl_typesupport_c/diagnostic_msgs/msg/key_value__type_support.cpp.obj CMakeFiles/diagnostic_msgs__rosidl_typesupport_c.dir/rosidl_typesupport_c/diagnostic_msgs/srv/add_diagnostics__type_support.cpp.obj CMakeFiles/diagnostic_msgs__rosidl_typesupport_c.dir/rosidl_typesupport_c/diagnostic_msgs/srv/self_test__type_support.cpp.obj
/home/marlar/movelt_success/firmware/zephyr-sdk/arm-zephyr-eabi/bin/arm-zephyr-eabi-ranlib libdiagnostic_msgs__rosidl_typesupport_c.a
[100%] Built target diagnostic_msgs__rosidl_typesupport_c
[100%] Built target diagnostic_msgs
-- Install configuration: "Debug"
-- Installing: /home/marlar/movelt_success/firmware/mcu_ws/install/share/ament_index/resource_index/rosidl_interfaces/diagnostic_msgs
-- Installing: /home/marlar/movelt_success/firmware/mcu_ws/install/include/diagnostic_msgs
-- Installing: /home/marlar/movelt_success/firmware/mcu_ws/install/include/diagnostic_msgs/msg
-- Installing: /home/marlar/movelt_success/firmware/mcu_ws/install/include/diagnostic_msgs/msg/detail
-- Installing: /home/marlar/movelt_success/firmware/mcu_ws/install/include/diagnostic_msgs/msg/detail/key_value__functions.c
-- Installing: /home/marlar/movelt_success/firmware/mcu_ws/install/include/diagnostic_msgs/msg/detail/diagnostic_status__functions.c
-- Installing: /home/marlar/movelt_success/firmware/mcu_ws/install/include/diagnostic_msgs/msg/detail/diagnostic_array__type_support.h
-- Installing: /home/marlar/movelt_success/firmware/mcu_ws/install/include/diagnostic_msgs/msg/detail/diagnostic_array__functions.c
-- Installing: /home/marlar/movelt_success/firmware/mcu_ws/install/include/diagnostic_msgs/msg/detail/key_value__type_support.h
-- Installing: /home/marlar/movelt_success/firmware/mcu_ws/install/include/diagnostic_msgs/msg/detail/key_value__functions.h
-- Installing: /home/marlar/movelt_success/firmware/mcu_ws/install/include/diagnostic_msgs/msg/detail/diagnostic_array__struct.h
-- Installing: /home/marlar/movelt_success/firmware/mcu_ws/install/include/diagnostic_msgs/msg/detail/diagnostic_status__type_support.h
-- Installing: /home/marlar/movelt_success/firmware/mcu_ws/install/include/diagnostic_msgs/msg/detail/diagnostic_status__struct.h
-- Installing: /home/marlar/movelt_success/firmware/mcu_ws/install/include/diagnostic_msgs/msg/detail/key_value__struct.h
-- Installing: /home/marlar/movelt_success/firmware/mcu_ws/install/include/diagnostic_msgs/msg/detail/diagnostic_status__functions.h
-- Installing: /home/marlar/movelt_success/firmware/mcu_ws/install/include/diagnostic_msgs/msg/detail/diagnostic_array__functions.h
-- Installing: /home/marlar/movelt_success/firmware/mcu_ws/install/include/diagnostic_msgs/msg/key_value.h
-- Installing: /home/marlar/movelt_success/firmware/mcu_ws/install/include/diagnostic_msgs/msg/diagnostic_array.h
-- Installing: /home/marlar/movelt_success/firmware/mcu_ws/install/include/diagnostic_msgs/msg/diagnostic_status.h
-- Installing: /home/marlar/movelt_success/firmware/mcu_ws/install/include/diagnostic_msgs/msg/rosidl_generator_c__visibility_control.h
-- Installing: /home/marlar/movelt_success/firmware/mcu_ws/install/include/diagnostic_msgs/srv
-- Installing: /home/marlar/movelt_success/firmware/mcu_ws/install/include/diagnostic_msgs/srv/detail
-- Installing: /home/marlar/movelt_success/firmware/mcu_ws/install/include/diagnostic_msgs/srv/detail/self_test__functions.c
-- Installing: /home/marlar/movelt_success/firmware/mcu_ws/install/include/diagnostic_msgs/srv/detail/add_diagnostics__type_support.h
-- Installing: /home/marlar/movelt_success/firmware/mcu_ws/install/include/diagnostic_msgs/srv/detail/add_diagnostics__functions.c
-- Installing: /home/marlar/movelt_success/firmware/mcu_ws/install/include/diagnostic_msgs/srv/detail/add_diagnostics__functions.h
-- Installing: /home/marlar/movelt_success/firmware/mcu_ws/install/include/diagnostic_msgs/srv/detail/self_test__functions.h
-- Installing: /home/marlar/movelt_success/firmware/mcu_ws/install/include/diagnostic_msgs/srv/detail/self_test__struct.h
-- Installing: /home/marlar/movelt_success/firmware/mcu_ws/install/include/diagnostic_msgs/srv/detail/add_diagnostics__struct.h
-- Installing: /home/marlar/movelt_success/firmware/mcu_ws/install/include/diagnostic_msgs/srv/detail/self_test__type_support.h
-- Installing: /home/marlar/movelt_success/firmware/mcu_ws/install/include/diagnostic_msgs/srv/add_diagnostics.h
-- Installing: /home/marlar/movelt_success/firmware/mcu_ws/install/include/diagnostic_msgs/srv/self_test.h
-- Installing: /home/marlar/movelt_success/firmware/mcu_ws/install/share/diagnostic_msgs/environment/library_path.sh
-- Installing: /home/marlar/movelt_success/firmware/mcu_ws/install/share/diagnostic_msgs/environment/library_path.dsv
-- Installing: /home/marlar/movelt_success/firmware/mcu_ws/install/lib/libdiagnostic_msgs__rosidl_generator_c.a
-- Up-to-date: /home/marlar/movelt_success/firmware/mcu_ws/install/include/diagnostic_msgs
-- Up-to-date: /home/marlar/movelt_success/firmware/mcu_ws/install/include/diagnostic_msgs/msg
-- Installing: /home/marlar/movelt_success/firmware/mcu_ws/install/include/diagnostic_msgs/msg/rosidl_typesupport_microxrcedds_c__visibility_control.h
-- Up-to-date: /home/marlar/movelt_success/firmware/mcu_ws/install/include/diagnostic_msgs/msg/detail
-- Installing: /home/marlar/movelt_success/firmware/mcu_ws/install/include/diagnostic_msgs/msg/detail/key_value__rosidl_typesupport_microxrcedds_c.h
-- Installing: /home/marlar/movelt_success/firmware/mcu_ws/install/include/diagnostic_msgs/msg/detail/microxrcedds
-- Installing: /home/marlar/movelt_success/firmware/mcu_ws/install/include/diagnostic_msgs/msg/detail/diagnostic_array__rosidl_typesupport_microxrcedds_c.h
-- Installing: /home/marlar/movelt_success/firmware/mcu_ws/install/include/diagnostic_msgs/msg/detail/diagnostic_status__rosidl_typesupport_microxrcedds_c.h
-- Up-to-date: /home/marlar/movelt_success/firmware/mcu_ws/install/include/diagnostic_msgs/srv
-- Up-to-date: /home/marlar/movelt_success/firmware/mcu_ws/install/include/diagnostic_msgs/srv/detail
-- Installing: /home/marlar/movelt_success/firmware/mcu_ws/install/include/diagnostic_msgs/srv/detail/self_test__rosidl_typesupport_microxrcedds_c.h
-- Installing: /home/marlar/movelt_success/firmware/mcu_ws/install/include/diagnostic_msgs/srv/detail/add_diagnostics__rosidl_typesupport_microxrcedds_c.h
-- Installing: /home/marlar/movelt_success/firmware/mcu_ws/install/include/diagnostic_msgs/srv/detail/microxrcedds
-- Installing: /home/marlar/movelt_success/firmware/mcu_ws/install/lib/libdiagnostic_msgs__rosidl_typesupport_microxrcedds_c.a
-- Installing: /home/marlar/movelt_success/firmware/mcu_ws/install/lib/libdiagnostic_msgs__rosidl_typesupport_c.a
-- Up-to-date: /home/marlar/movelt_success/firmware/mcu_ws/install/lib/libdiagnostic_msgs__rosidl_typesupport_microxrcedds_c.a
-- Installing: /home/marlar/movelt_success/firmware/mcu_ws/install/share/diagnostic_msgs/msg/DiagnosticArray.idl
-- Installing: /home/marlar/movelt_success/firmware/mcu_ws/install/share/diagnostic_msgs/msg/DiagnosticStatus.idl
-- Installing: /home/marlar/movelt_success/firmware/mcu_ws/install/share/diagnostic_msgs/msg/KeyValue.idl
-- Installing: /home/marlar/movelt_success/firmware/mcu_ws/install/share/diagnostic_msgs/srv/AddDiagnostics.idl
-- Installing: /home/marlar/movelt_success/firmware/mcu_ws/install/share/diagnostic_msgs/srv/SelfTest.idl
-- Installing: /home/marlar/movelt_success/firmware/mcu_ws/install/share/diagnostic_msgs/msg/DiagnosticArray.msg
-- Installing: /home/marlar/movelt_success/firmware/mcu_ws/install/share/diagnostic_msgs/msg/DiagnosticStatus.msg
-- Installing: /home/marlar/movelt_success/firmware/mcu_ws/install/share/diagnostic_msgs/msg/KeyValue.msg
-- Installing: /home/marlar/movelt_success/firmware/mcu_ws/install/share/diagnostic_msgs/srv/AddDiagnostics.srv
-- Installing: /home/marlar/movelt_success/firmware/mcu_ws/install/share/diagnostic_msgs/srv/AddDiagnostics_Request.msg
-- Installing: /home/marlar/movelt_success/firmware/mcu_ws/install/share/diagnostic_msgs/srv/AddDiagnostics_Response.msg
-- Installing: /home/marlar/movelt_success/firmware/mcu_ws/install/share/diagnostic_msgs/srv/SelfTest.srv
-- Installing: /home/marlar/movelt_success/firmware/mcu_ws/install/share/diagnostic_msgs/srv/SelfTest_Request.msg
-- Installing: /home/marlar/movelt_success/firmware/mcu_ws/install/share/diagnostic_msgs/srv/SelfTest_Response.msg
-- Installing: /home/marlar/movelt_success/firmware/mcu_ws/install/share/ament_index/resource_index/package_run_dependencies/diagnostic_msgs
-- Installing: /home/marlar/movelt_success/firmware/mcu_ws/install/share/ament_index/resource_index/parent_prefix_path/diagnostic_msgs
-- Installing: /home/marlar/movelt_success/firmware/mcu_ws/install/share/diagnostic_msgs/environment/ament_prefix_path.sh
-- Installing: /home/marlar/movelt_success/firmware/mcu_ws/install/share/diagnostic_msgs/environment/ament_prefix_path.dsv
-- Installing: /home/marlar/movelt_success/firmware/mcu_ws/install/share/diagnostic_msgs/environment/path.sh
-- Installing: /home/marlar/movelt_success/firmware/mcu_ws/install/share/diagnostic_msgs/environment/path.dsv
-- Installing: /home/marlar/movelt_success/firmware/mcu_ws/install/share/diagnostic_msgs/local_setup.bash
-- Installing: /home/marlar/movelt_success/firmware/mcu_ws/install/share/diagnostic_msgs/local_setup.sh
-- Installing: /home/marlar/movelt_success/firmware/mcu_ws/install/share/diagnostic_msgs/local_setup.zsh
-- Installing: /home/marlar/movelt_success/firmware/mcu_ws/install/share/diagnostic_msgs/local_setup.dsv
-- Installing: /home/marlar/movelt_success/firmware/mcu_ws/install/share/diagnostic_msgs/package.dsv
-- Installing: /home/marlar/movelt_success/firmware/mcu_ws/install/share/ament_index/resource_index/packages/diagnostic_msgs
-- Installing: /home/marlar/movelt_success/firmware/mcu_ws/install/share/diagnostic_msgs/cmake/diagnostic_msgs__rosidl_generator_cExport.cmake
-- Installing: /home/marlar/movelt_success/firmware/mcu_ws/install/share/diagnostic_msgs/cmake/diagnostic_msgs__rosidl_generator_cExport-debug.cmake
-- Installing: /home/marlar/movelt_success/firmware/mcu_ws/install/share/diagnostic_msgs/cmake/diagnostic_msgs__rosidl_typesupport_cExport.cmake
-- Installing: /home/marlar/movelt_success/firmware/mcu_ws/install/share/diagnostic_msgs/cmake/diagnostic_msgs__rosidl_typesupport_cExport-debug.cmake
-- Installing: /home/marlar/movelt_success/firmware/mcu_ws/install/share/diagnostic_msgs/cmake/rosidl_cmake-extras.cmake
-- Installing: /home/marlar/movelt_success/firmware/mcu_ws/install/share/diagnostic_msgs/cmake/ament_cmake_export_dependencies-extras.cmake
-- Installing: /home/marlar/movelt_success/firmware/mcu_ws/install/share/diagnostic_msgs/cmake/ament_cmake_export_libraries-extras.cmake
-- Installing: /home/marlar/movelt_success/firmware/mcu_ws/install/share/diagnostic_msgs/cmake/ament_cmake_export_targets-extras.cmake
-- Installing: /home/marlar/movelt_success/firmware/mcu_ws/install/share/diagnostic_msgs/cmake/ament_cmake_export_include_directories-extras.cmake
-- Installing: /home/marlar/movelt_success/firmware/mcu_ws/install/share/diagnostic_msgs/cmake/rosidl_cmake_export_typesupport_libraries-extras.cmake
-- Installing: /home/marlar/movelt_success/firmware/mcu_ws/install/share/diagnostic_msgs/cmake/diagnostic_msgsConfig.cmake
-- Installing: /home/marlar/movelt_success/firmware/mcu_ws/install/share/diagnostic_msgs/cmake/diagnostic_msgsConfig-version.cmake
-- Installing: /home/marlar/movelt_success/firmware/mcu_ws/install/share/diagnostic_msgs/package.xml
