CMake Warning at /home/marlar/movelt_success/firmware/mcu_ws/install/share/rcutils/cmake/ament_cmake_export_libraries-extras.cmake:116 (message):
  Package 'rcutils' exports library 'dl' which couldn't be found
Call Stack (most recent call first):
  /home/marlar/movelt_success/firmware/mcu_ws/install/share/rcutils/cmake/rcutilsConfig.cmake:41 (include)
  CMakeLists.txt:21 (find_package)


CMake Warning:
  Manually-specified variables were not used by the project:

    THIRDPARTY


In file included from [01m[K/home/marlar/movelt_success/firmware/mcu_ws/ros2/rmw/rmw/include/rmw/init_options.h:23[m[K,
                 from [01m[K/home/marlar/movelt_success/firmware/mcu_ws/ros2/rmw/rmw/src/init_options.c:17[m[K:
[01m[K/home/marlar/movelt_success/firmware/zephyrproject/zephyr/lib/libc/newlib/include/stdint.h:28:2:[m[K [01;35m[Kwarning: [m[K#include_next is a GCC extension
   28 | #[01;35m[Kinclude_next[m[K <stdint.h>
      |  [01;35m[K^~~~~~~~~~~~[m[K
In file included from [01m[K/home/marlar/movelt_success/firmware/mcu_ws/ros2/rmw/rmw/include/rmw/types.h:25[m[K,
                 from [01m[K/home/marlar/movelt_success/firmware/mcu_ws/ros2/rmw/rmw/include/rmw/allocators.h:23[m[K,
                 from [01m[K/home/marlar/movelt_success/firmware/mcu_ws/ros2/rmw/rmw/src/allocators.c:15[m[K:
[01m[K/home/marlar/movelt_success/firmware/zephyrproject/zephyr/lib/libc/newlib/include/stdint.h:28:2:[m[K [01;35m[Kwarning: [m[K#include_next is a GCC extension
   28 | #[01;35m[Kinclude_next[m[K <stdint.h>
      |  [01;35m[K^~~~~~~~~~~~[m[K
In file included from [01m[K/home/marlar/movelt_success/firmware/mcu_ws/ros2/rmw/rmw/include/rmw/init.h:23[m[K,
                 from [01m[K/home/marlar/movelt_success/firmware/mcu_ws/ros2/rmw/rmw/src/init.c:17[m[K:
[01m[K/home/marlar/movelt_success/firmware/zephyrproject/zephyr/lib/libc/newlib/include/stdint.h:28:2:[m[K [01;35m[Kwarning: [m[K#include_next is a GCC extension
   28 | #[01;35m[Kinclude_next[m[K <stdint.h>
      |  [01;35m[K^~~~~~~~~~~~[m[K
In file included from [01m[K/home/marlar/movelt_success/firmware/mcu_ws/ros2/rmw/rmw/include/rmw/types.h:25[m[K,
                 from [01m[K/home/marlar/movelt_success/firmware/mcu_ws/ros2/rmw/rmw/include/rmw/publisher_options.h:23[m[K,
                 from [01m[K/home/marlar/movelt_success/firmware/mcu_ws/ros2/rmw/rmw/src/publisher_options.c:15[m[K:
[01m[K/home/marlar/movelt_success/firmware/zephyrproject/zephyr/lib/libc/newlib/include/stdint.h:28:2:[m[K [01;35m[Kwarning: [m[K#include_next is a GCC extension
   28 | #[01;35m[Kinclude_next[m[K <stdint.h>
      |  [01;35m[K^~~~~~~~~~~~[m[K
In file included from [01m[K/home/marlar/movelt_success/firmware/mcu_ws/ros2/rmw/rmw/include/rmw/types.h:25[m[K,
                 from [01m[K/home/marlar/movelt_success/firmware/mcu_ws/ros2/rmw/rmw/include/rmw/message_sequence.h:22[m[K,
                 from [01m[K/home/marlar/movelt_success/firmware/mcu_ws/ros2/rmw/rmw/src/message_sequence.c:15[m[K:
[01m[K/home/marlar/movelt_success/firmware/zephyrproject/zephyr/lib/libc/newlib/include/stdint.h:28:2:[m[K [01;35m[Kwarning: [m[K#include_next is a GCC extension
   28 | #[01;35m[Kinclude_next[m[K <stdint.h>
      |  [01;35m[K^~~~~~~~~~~~[m[K
In file included from [01m[K/home/marlar/movelt_success/firmware/mcu_ws/ros2/rmw/rmw/include/rmw/types.h:25[m[K,
                 from [01m[K/home/marlar/movelt_success/firmware/mcu_ws/ros2/rmw/rmw/include/rmw/subscription_options.h:23[m[K,
                 from [01m[K/home/marlar/movelt_success/firmware/mcu_ws/ros2/rmw/rmw/src/subscription_options.c:15[m[K:
[01m[K/home/marlar/movelt_success/firmware/zephyrproject/zephyr/lib/libc/newlib/include/stdint.h:28:2:[m[K [01;35m[Kwarning: [m[K#include_next is a GCC extension
   28 | #[01;35m[Kinclude_next[m[K <stdint.h>
      |  [01;35m[K^~~~~~~~~~~~[m[K
In file included from [01m[K/home/marlar/movelt_success/firmware/mcu_ws/ros2/rmw/rmw/include/rmw/types.h:25[m[K,
                 from [01m[K/home/marlar/movelt_success/firmware/mcu_ws/ros2/rmw/rmw/include/rmw/topic_endpoint_info.h:24[m[K,
                 from [01m[K/home/marlar/movelt_success/firmware/mcu_ws/ros2/rmw/rmw/src/topic_endpoint_info.c:15[m[K:
[01m[K/home/marlar/movelt_success/firmware/zephyrproject/zephyr/lib/libc/newlib/include/stdint.h:28:2:[m[K [01;35m[Kwarning: [m[K#include_next is a GCC extension
   28 | #[01;35m[Kinclude_next[m[K <stdint.h>
      |  [01;35m[K^~~~~~~~~~~~[m[K
In file included from [01m[K/home/marlar/movelt_success/firmware/mcu_ws/ros2/rmw/rmw/include/rmw/types.h:25[m[K,
                 from [01m[K/home/marlar/movelt_success/firmware/mcu_ws/ros2/rmw/rmw/include/rmw/topic_endpoint_info.h:24[m[K,
                 from [01m[K/home/marlar/movelt_success/firmware/mcu_ws/ros2/rmw/rmw/include/rmw/topic_endpoint_info_array.h:24[m[K,
                 from [01m[K/home/marlar/movelt_success/firmware/mcu_ws/ros2/rmw/rmw/src/topic_endpoint_info_array.c:15[m[K:
[01m[K/home/marlar/movelt_success/firmware/zephyrproject/zephyr/lib/libc/newlib/include/stdint.h:28:2:[m[K [01;35m[Kwarning: [m[K#include_next is a GCC extension
   28 | #[01;35m[Kinclude_next[m[K <stdint.h>
      |  [01;35m[K^~~~~~~~~~~~[m[K
In file included from [01m[K/home/marlar/movelt_success/firmware/mcu_ws/ros2/rmw/rmw/include/rmw/types.h:25[m[K,
                 from [01m[K/home/marlar/movelt_success/firmware/mcu_ws/ros2/rmw/rmw/src/types.c:15[m[K:
[01m[K/home/marlar/movelt_success/firmware/zephyrproject/zephyr/lib/libc/newlib/include/stdint.h:28:2:[m[K [01;35m[Kwarning: [m[K#include_next is a GCC extension
   28 | #[01;35m[Kinclude_next[m[K <stdint.h>
      |  [01;35m[K^~~~~~~~~~~~[m[K
In file included from [01m[K/home/marlar/movelt_success/firmware/mcu_ws/ros2/rmw/rmw/include/rmw/types.h:25[m[K,
                 from [01m[K/home/marlar/movelt_success/firmware/mcu_ws/ros2/rmw/rmw/include/rmw/validate_namespace.h:24[m[K,
                 from [01m[K/home/marlar/movelt_success/firmware/mcu_ws/ros2/rmw/rmw/src/validate_namespace.c:15[m[K:
[01m[K/home/marlar/movelt_success/firmware/zephyrproject/zephyr/lib/libc/newlib/include/stdint.h:28:2:[m[K [01;35m[Kwarning: [m[K#include_next is a GCC extension
   28 | #[01;35m[Kinclude_next[m[K <stdint.h>
      |  [01;35m[K^~~~~~~~~~~~[m[K
In file included from [01m[K/home/marlar/movelt_success/firmware/mcu_ws/ros2/rmw/rmw/include/rmw/types.h:25[m[K,
                 from [01m[K/home/marlar/movelt_success/firmware/mcu_ws/ros2/rmw/rmw/include/rmw/validate_full_topic_name.h:24[m[K,
                 from [01m[K/home/marlar/movelt_success/firmware/mcu_ws/ros2/rmw/rmw/src/validate_full_topic_name.c:15[m[K:
[01m[K/home/marlar/movelt_success/firmware/zephyrproject/zephyr/lib/libc/newlib/include/stdint.h:28:2:[m[K [01;35m[Kwarning: [m[K#include_next is a GCC extension
   28 | #[01;35m[Kinclude_next[m[K <stdint.h>
      |  [01;35m[K^~~~~~~~~~~~[m[K
In file included from [01m[K/home/marlar/movelt_success/firmware/mcu_ws/ros2/rmw/rmw/include/rmw/types.h:25[m[K,
                 from [01m[K/home/marlar/movelt_success/firmware/mcu_ws/ros2/rmw/rmw/include/rmw/validate_node_name.h:24[m[K,
                 from [01m[K/home/marlar/movelt_success/firmware/mcu_ws/ros2/rmw/rmw/src/validate_node_name.c:15[m[K:
[01m[K/home/marlar/movelt_success/firmware/zephyrproject/zephyr/lib/libc/newlib/include/stdint.h:28:2:[m[K [01;35m[Kwarning: [m[K#include_next is a GCC extension
   28 | #[01;35m[Kinclude_next[m[K <stdint.h>
      |  [01;35m[K^~~~~~~~~~~~[m[K
In file included from [01m[K/home/marlar/movelt_success/firmware/mcu_ws/ros2/rmw/rmw/src/validate_full_topic_name.c:17[m[K:
[01m[K/home/marlar/movelt_success/firmware/mcu_ws/ros2/rmw/rmw/src/validate_full_topic_name.c:[m[K In function '[01m[Krmw_validate_full_topic_name_with_size[m[K':
[01m[K/home/marlar/movelt_success/firmware/mcu_ws/ros2/rmw/rmw/src/validate_full_topic_name.c:106:29:[m[K [01;35m[Kwarning: [m[Karray subscript has type '[01m[Kchar[m[K' [[01;35m[K-Wchar-subscripts[m[K]
  106 |       if (isdigit([01;35m[Ktopic_name[i + 1][m[K) != 0) {
      |                   [01;35m[K~~~~~~~~~~^~~~~~~[m[K
In file included from [01m[K/home/marlar/movelt_success/firmware/mcu_ws/ros2/rmw/rmw/src/validate_node_name.c:17[m[K:
[01m[K/home/marlar/movelt_success/firmware/mcu_ws/ros2/rmw/rmw/src/validate_node_name.c:[m[K In function '[01m[Krmw_validate_node_name_with_size[m[K':
[01m[K/home/marlar/movelt_success/firmware/mcu_ws/ros2/rmw/rmw/src/validate_node_name.c:72:24:[m[K [01;35m[Kwarning: [m[Karray subscript has type '[01m[Kchar[m[K' [[01;35m[K-Wchar-subscripts[m[K]
   72 |   if (isdigit([01;35m[Knode_name[0][m[K) != 0) {
      |               [01;35m[K~~~~~~~~~^~~[m[K
