-- The C compiler identification is GNU 9.2.0
-- The CXX compiler identification is GNU 9.2.0
-- Detecting C compiler ABI info
-- Detecting C compiler ABI info - done
-- Check for working C compiler: /home/marlar/movelt_success/firmware/zephyr-sdk/arm-zephyr-eabi/bin/arm-zephyr-eabi-gcc - skipped
-- Detecting C compile features
-- Detecting C compile features - done
-- Detecting CXX compiler ABI info
-- Detecting CXX compiler ABI info - done
-- Check for working CXX compiler: /home/marlar/movelt_success/firmware/zephyr-sdk/arm-zephyr-eabi/bin/arm-zephyr-eabi-g++ - skipped
-- Detecting CXX compile features
-- Detecting CXX compile features - done
-- Found ament_cmake: 0.9.8 (/home/marlar/movelt_success/firmware/dev_ws/install/ament_cmake/share/ament_cmake/cmake)
-- Found PythonInterp: /usr/bin/python3 (found suitable version "3.8.5", minimum required is "3") 
-- Using PYTHON_EXECUTABLE: /usr/bin/python3
-- Configuring done
-- Generating done
CMake Warning:
  Manually-specified variables were not used by the project:

    BUILD_SHARED_LIBS
    THIRDPARTY


-- Build files have been written to: /home/marlar/movelt_success/firmware/mcu_ws/build/libyaml_vendor
[ 12%] [34m[1mCreating directories for 'libyaml-10c9078'[0m
[ 25%] [34m[1mPerforming download step (download, verify and extract) for 'libyaml-10c9078'[0m
-- Downloading...
   dst='/home/marlar/movelt_success/firmware/mcu_ws/build/libyaml_vendor/libyaml-10c9078-prefix/src/10c907871f1ccd779c7fccf6b81a62762b5c4e7b.zip'
   timeout='60 seconds'
   inactivity timeout='none'
-- Using src='https://github.com/yaml/libyaml/archive/10c907871f1ccd779c7fccf6b81a62762b5c4e7b.zip'
-- [download 100% complete]
-- verifying file...
       file='/home/marlar/movelt_success/firmware/mcu_ws/build/libyaml_vendor/libyaml-10c9078-prefix/src/10c907871f1ccd779c7fccf6b81a62762b5c4e7b.zip'
-- Downloading... done
-- extracting...
     src='/home/marlar/movelt_success/firmware/mcu_ws/build/libyaml_vendor/libyaml-10c9078-prefix/src/10c907871f1ccd779c7fccf6b81a62762b5c4e7b.zip'
     dst='/home/marlar/movelt_success/firmware/mcu_ws/build/libyaml_vendor/libyaml-10c9078-prefix/src/libyaml-10c9078'
-- extracting... [tar xfz]
-- extracting... [analysis]
-- extracting... [rename]
-- extracting... [clean up]
-- extracting... done
[ 37%] [34m[1mGenerating libyaml-10c9078-prefix/src/libyaml-10c9078-stamp/libyaml-10c9078-update[0m
[ 50%] [34m[1mSkipping patch step (no custom command) for 'libyaml-10c9078'[0m
[ 62%] [34m[1mPerforming configure step for 'libyaml-10c9078'[0m
Re-run cmake no build system arguments
-- The C compiler identification is GNU 9.2.0
-- Detecting C compiler ABI info
-- Detecting C compiler ABI info - done
-- Check for working C compiler: /home/marlar/movelt_success/firmware/zephyr-sdk/arm-zephyr-eabi/bin/arm-zephyr-eabi-gcc - skipped
-- Detecting C compile features
-- Detecting C compile features - done
CMake Warning (dev) at CMakeLists.txt:55 (add_library):
  ADD_LIBRARY called with SHARED option but the target platform does not
  support dynamic linking.  Building a STATIC library instead.  This may lead
  to problems.
This warning is for project developers.  Use -Wno-dev to suppress it.

-- Configuring done
-- Generating done
-- Build files have been written to: /home/marlar/movelt_success/firmware/mcu_ws/build/libyaml_vendor/libyaml-10c9078-prefix/src/libyaml-10c9078-build
[ 75%] [34m[1mPerforming build step for 'libyaml-10c9078'[0m
[ 11%] [32mBuilding C object CMakeFiles/yaml.dir/src/api.c.obj[0m
[ 22%] [32mBuilding C object CMakeFiles/yaml.dir/src/emitter.c.obj[0m
[ 44%] [32mBuilding C object CMakeFiles/yaml.dir/src/loader.c.obj[0m
[ 44%] [32mBuilding C object CMakeFiles/yaml.dir/src/parser.c.obj[0m
[ 55%] [32mBuilding C object CMakeFiles/yaml.dir/src/dumper.c.obj[0m
[ 66%] [32mBuilding C object CMakeFiles/yaml.dir/src/reader.c.obj[0m
[ 77%] [32mBuilding C object CMakeFiles/yaml.dir/src/scanner.c.obj[0m
[ 88%] [32mBuilding C object CMakeFiles/yaml.dir/src/writer.c.obj[0m
[01m[K/home/marlar/movelt_success/firmware/mcu_ws/build/libyaml_vendor/libyaml-10c9078-prefix/src/libyaml-10c9078/src/api.c:[m[K In function '[01m[Kyaml_strdup[m[K':
[01m[K/home/marlar/movelt_success/firmware/mcu_ws/build/libyaml_vendor/libyaml-10c9078-prefix/src/libyaml-10c9078/src/api.c:66:27:[m[K [01;35m[Kwarning: [m[Kimplicit declaration of function '[01m[Kstrdup[m[K'; did you mean '[01m[Kstrcmp[m[K'? [[01;35m[K-Wimplicit-function-declaration[m[K]
   66 |     return (yaml_char_t *)[01;35m[Kstrdup[m[K((char *)str);
      |                           [01;35m[K^~~~~~[m[K
      |                           [32m[Kstrcmp[m[K
[01m[K/home/marlar/movelt_success/firmware/mcu_ws/build/libyaml_vendor/libyaml-10c9078-prefix/src/libyaml-10c9078/src/emitter.c:[m[K In function '[01m[Kyaml_emitter_write_plain_scalar[m[K':
[01m[K/home/marlar/movelt_success/firmware/mcu_ws/build/libyaml_vendor/libyaml-10c9078-prefix/src/libyaml-10c9078/src/emitter.c:28:6:[m[K [01;35m[Kwarning: [m[Kvalue computed is not used [[01;35m[K-Wunused-value[m[K]
   28 |      [01;35m[K&&[m[K ((emitter->line_break == YAML_CR_BREAK ?                                \
      |      [01;35m[K^~[m[K
[01m[K/home/marlar/movelt_success/firmware/mcu_ws/build/libyaml_vendor/libyaml-10c9078-prefix/src/libyaml-10c9078/src/emitter.c:56:11:[m[K [01;36m[Knote: [m[Kin expansion of macro '[01m[KPUT_BREAK[m[K'
   56 |          ([01;36m[KPUT_BREAK[m[K(emitter),                                                   \
      |           [01;36m[K^~~~~~~~~[m[K
[01m[K/home/marlar/movelt_success/firmware/mcu_ws/build/libyaml_vendor/libyaml-10c9078-prefix/src/libyaml-10c9078/src/emitter.c:1931:18:[m[K [01;36m[Knote: [m[Kin expansion of macro '[01m[KWRITE_BREAK[m[K'
 1931 |             if (![01;36m[KWRITE_BREAK[m[K(emitter, string)) return 0;
      |                  [01;36m[K^~~~~~~~~~~[m[K
[01m[K/home/marlar/movelt_success/firmware/mcu_ws/build/libyaml_vendor/libyaml-10c9078-prefix/src/libyaml-10c9078/src/emitter.c:[m[K In function '[01m[Kyaml_emitter_write_single_quoted_scalar[m[K':
[01m[K/home/marlar/movelt_success/firmware/mcu_ws/build/libyaml_vendor/libyaml-10c9078-prefix/src/libyaml-10c9078/src/emitter.c:28:6:[m[K [01;35m[Kwarning: [m[Kvalue computed is not used [[01;35m[K-Wunused-value[m[K]
   28 |      [01;35m[K&&[m[K ((emitter->line_break == YAML_CR_BREAK ?                                \
      |      [01;35m[K^~[m[K
[01m[K/home/marlar/movelt_success/firmware/mcu_ws/build/libyaml_vendor/libyaml-10c9078-prefix/src/libyaml-10c9078/src/emitter.c:56:11:[m[K [01;36m[Knote: [m[Kin expansion of macro '[01m[KPUT_BREAK[m[K'
   56 |          ([01;36m[KPUT_BREAK[m[K(emitter),                                                   \
      |           [01;36m[K^~~~~~~~~[m[K
[01m[K/home/marlar/movelt_success/firmware/mcu_ws/build/libyaml_vendor/libyaml-10c9078-prefix/src/libyaml-10c9078/src/emitter.c:1988:18:[m[K [01;36m[Knote: [m[Kin expansion of macro '[01m[KWRITE_BREAK[m[K'
 1988 |             if (![01;36m[KWRITE_BREAK[m[K(emitter, string)) return 0;
      |                  [01;36m[K^~~~~~~~~~~[m[K
[01m[K/home/marlar/movelt_success/firmware/mcu_ws/build/libyaml_vendor/libyaml-10c9078-prefix/src/libyaml-10c9078/src/emitter.c:[m[K In function '[01m[Kyaml_emitter_write_literal_scalar[m[K':
[01m[K/home/marlar/movelt_success/firmware/mcu_ws/build/libyaml_vendor/libyaml-10c9078-prefix/src/libyaml-10c9078/src/emitter.c:28:6:[m[K [01;35m[Kwarning: [m[Kvalue computed is not used [[01;35m[K-Wunused-value[m[K]
   28 |      [01;35m[K&&[m[K ((emitter->line_break == YAML_CR_BREAK ?                                \
      |      [01;35m[K^~[m[K
[01m[K/home/marlar/movelt_success/firmware/mcu_ws/build/libyaml_vendor/libyaml-10c9078-prefix/src/libyaml-10c9078/src/emitter.c:56:11:[m[K [01;36m[Knote: [m[Kin expansion of macro '[01m[KPUT_BREAK[m[K'
   56 |          ([01;36m[KPUT_BREAK[m[K(emitter),                                                   \
      |           [01;36m[K^~~~~~~~~[m[K
[01m[K/home/marlar/movelt_success/firmware/mcu_ws/build/libyaml_vendor/libyaml-10c9078-prefix/src/libyaml-10c9078/src/emitter.c:2251:18:[m[K [01;36m[Knote: [m[Kin expansion of macro '[01m[KWRITE_BREAK[m[K'
 2251 |             if (![01;36m[KWRITE_BREAK[m[K(emitter, string)) return 0;
      |                  [01;36m[K^~~~~~~~~~~[m[K
[01m[K/home/marlar/movelt_success/firmware/mcu_ws/build/libyaml_vendor/libyaml-10c9078-prefix/src/libyaml-10c9078/src/emitter.c:[m[K In function '[01m[Kyaml_emitter_write_folded_scalar[m[K':
[01m[K/home/marlar/movelt_success/firmware/mcu_ws/build/libyaml_vendor/libyaml-10c9078-prefix/src/libyaml-10c9078/src/emitter.c:28:6:[m[K [01;35m[Kwarning: [m[Kvalue computed is not used [[01;35m[K-Wunused-value[m[K]
   28 |      [01;35m[K&&[m[K ((emitter->line_break == YAML_CR_BREAK ?                                \
      |      [01;35m[K^~[m[K
[01m[K/home/marlar/movelt_success/firmware/mcu_ws/build/libyaml_vendor/libyaml-10c9078-prefix/src/libyaml-10c9078/src/emitter.c:56:11:[m[K [01;36m[Knote: [m[Kin expansion of macro '[01m[KPUT_BREAK[m[K'
   56 |          ([01;36m[KPUT_BREAK[m[K(emitter),                                                   \
      |           [01;36m[K^~~~~~~~~[m[K
[01m[K/home/marlar/movelt_success/firmware/mcu_ws/build/libyaml_vendor/libyaml-10c9078-prefix/src/libyaml-10c9078/src/emitter.c:2300:18:[m[K [01;36m[Knote: [m[Kin expansion of macro '[01m[KWRITE_BREAK[m[K'
 2300 |             if (![01;36m[KWRITE_BREAK[m[K(emitter, string)) return 0;
      |                  [01;36m[K^~~~~~~~~~~[m[K
[100%] [32m[1mLinking C static library libyaml.a[0m
/home/marlar/movelt_success/firmware/zephyr-sdk/arm-zephyr-eabi/bin/arm-zephyr-eabi-ar qc libyaml.a CMakeFiles/yaml.dir/src/api.c.obj CMakeFiles/yaml.dir/src/dumper.c.obj CMakeFiles/yaml.dir/src/emitter.c.obj CMakeFiles/yaml.dir/src/loader.c.obj CMakeFiles/yaml.dir/src/parser.c.obj CMakeFiles/yaml.dir/src/reader.c.obj CMakeFiles/yaml.dir/src/scanner.c.obj CMakeFiles/yaml.dir/src/writer.c.obj
/home/marlar/movelt_success/firmware/zephyr-sdk/arm-zephyr-eabi/bin/arm-zephyr-eabi-ranlib libyaml.a
[100%] Built target yaml
[ 87%] [34m[1mPerforming install step for 'libyaml-10c9078'[0m
Dependencies file "CMakeFiles/yaml.dir/src/api.c.obj.d" is newer than depends file "/home/marlar/movelt_success/firmware/mcu_ws/build/libyaml_vendor/libyaml-10c9078-prefix/src/libyaml-10c9078-build/CMakeFiles/yaml.dir/compiler_depend.internal".
Dependencies file "CMakeFiles/yaml.dir/src/dumper.c.obj.d" is newer than depends file "/home/marlar/movelt_success/firmware/mcu_ws/build/libyaml_vendor/libyaml-10c9078-prefix/src/libyaml-10c9078-build/CMakeFiles/yaml.dir/compiler_depend.internal".
Dependencies file "CMakeFiles/yaml.dir/src/emitter.c.obj.d" is newer than depends file "/home/marlar/movelt_success/firmware/mcu_ws/build/libyaml_vendor/libyaml-10c9078-prefix/src/libyaml-10c9078-build/CMakeFiles/yaml.dir/compiler_depend.internal".
Dependencies file "CMakeFiles/yaml.dir/src/loader.c.obj.d" is newer than depends file "/home/marlar/movelt_success/firmware/mcu_ws/build/libyaml_vendor/libyaml-10c9078-prefix/src/libyaml-10c9078-build/CMakeFiles/yaml.dir/compiler_depend.internal".
Dependencies file "CMakeFiles/yaml.dir/src/parser.c.obj.d" is newer than depends file "/home/marlar/movelt_success/firmware/mcu_ws/build/libyaml_vendor/libyaml-10c9078-prefix/src/libyaml-10c9078-build/CMakeFiles/yaml.dir/compiler_depend.internal".
Dependencies file "CMakeFiles/yaml.dir/src/reader.c.obj.d" is newer than depends file "/home/marlar/movelt_success/firmware/mcu_ws/build/libyaml_vendor/libyaml-10c9078-prefix/src/libyaml-10c9078-build/CMakeFiles/yaml.dir/compiler_depend.internal".
Dependencies file "CMakeFiles/yaml.dir/src/scanner.c.obj.d" is newer than depends file "/home/marlar/movelt_success/firmware/mcu_ws/build/libyaml_vendor/libyaml-10c9078-prefix/src/libyaml-10c9078-build/CMakeFiles/yaml.dir/compiler_depend.internal".
Dependencies file "CMakeFiles/yaml.dir/src/writer.c.obj.d" is newer than depends file "/home/marlar/movelt_success/firmware/mcu_ws/build/libyaml_vendor/libyaml-10c9078-prefix/src/libyaml-10c9078-build/CMakeFiles/yaml.dir/compiler_depend.internal".
[35m[1mConsolidate compiler generated dependencies of target yaml[0m
[100%] Built target yaml
[36mInstall the project...[0m
-- Install configuration: "Debug"
-- Installing: /home/marlar/movelt_success/firmware/mcu_ws/build/libyaml_vendor/libyaml_install/include/yaml.h
-- Installing: /home/marlar/movelt_success/firmware/mcu_ws/build/libyaml_vendor/libyaml_install/include/config.h
-- Installing: /home/marlar/movelt_success/firmware/mcu_ws/build/libyaml_vendor/libyaml_install/lib/libyaml.a
-- Installing: /home/marlar/movelt_success/firmware/mcu_ws/build/libyaml_vendor/libyaml_install/cmake/yamlConfig.cmake
-- Installing: /home/marlar/movelt_success/firmware/mcu_ws/build/libyaml_vendor/libyaml_install/cmake/yamlTargets.cmake
-- Installing: /home/marlar/movelt_success/firmware/mcu_ws/build/libyaml_vendor/libyaml_install/cmake/yamlTargets-debug.cmake
-- Installing: /home/marlar/movelt_success/firmware/mcu_ws/build/libyaml_vendor/libyaml_install/cmake/yamlConfigVersion.cmake
[100%] [34m[1mCompleted 'libyaml-10c9078'[0m
[100%] Built target libyaml-10c9078
-- Install configuration: "Debug"
-- Up-to-date: /home/marlar/movelt_success/firmware/mcu_ws/install
-- Up-to-date: /home/marlar/movelt_success/firmware/mcu_ws/install/include
-- Installing: /home/marlar/movelt_success/firmware/mcu_ws/install/include/yaml.h
-- Up-to-date: /home/marlar/movelt_success/firmware/mcu_ws/install/lib
-- Installing: /home/marlar/movelt_success/firmware/mcu_ws/install/lib/libyaml.a
-- Installing: /home/marlar/movelt_success/firmware/mcu_ws/install/cmake
-- Installing: /home/marlar/movelt_success/firmware/mcu_ws/install/cmake/yamlConfig.cmake
-- Installing: /home/marlar/movelt_success/firmware/mcu_ws/install/cmake/yamlConfigVersion.cmake
-- Installing: /home/marlar/movelt_success/firmware/mcu_ws/install/cmake/yamlTargets.cmake
-- Installing: /home/marlar/movelt_success/firmware/mcu_ws/install/cmake/yamlTargets-debug.cmake
-- Installing: /home/marlar/movelt_success/firmware/mcu_ws/install/share/libyaml_vendor/environment/library_path.sh
-- Installing: /home/marlar/movelt_success/firmware/mcu_ws/install/share/libyaml_vendor/environment/library_path.dsv
-- Installing: /home/marlar/movelt_success/firmware/mcu_ws/install/share/ament_index/resource_index/package_run_dependencies/libyaml_vendor
-- Installing: /home/marlar/movelt_success/firmware/mcu_ws/install/share/ament_index/resource_index/parent_prefix_path/libyaml_vendor
-- Installing: /home/marlar/movelt_success/firmware/mcu_ws/install/share/libyaml_vendor/environment/ament_prefix_path.sh
-- Installing: /home/marlar/movelt_success/firmware/mcu_ws/install/share/libyaml_vendor/environment/ament_prefix_path.dsv
-- Installing: /home/marlar/movelt_success/firmware/mcu_ws/install/share/libyaml_vendor/environment/path.sh
-- Installing: /home/marlar/movelt_success/firmware/mcu_ws/install/share/libyaml_vendor/environment/path.dsv
-- Installing: /home/marlar/movelt_success/firmware/mcu_ws/install/share/libyaml_vendor/local_setup.bash
-- Installing: /home/marlar/movelt_success/firmware/mcu_ws/install/share/libyaml_vendor/local_setup.sh
-- Installing: /home/marlar/movelt_success/firmware/mcu_ws/install/share/libyaml_vendor/local_setup.zsh
-- Installing: /home/marlar/movelt_success/firmware/mcu_ws/install/share/libyaml_vendor/local_setup.dsv
-- Installing: /home/marlar/movelt_success/firmware/mcu_ws/install/share/libyaml_vendor/package.dsv
-- Installing: /home/marlar/movelt_success/firmware/mcu_ws/install/share/ament_index/resource_index/packages/libyaml_vendor
-- Installing: /home/marlar/movelt_success/firmware/mcu_ws/install/share/libyaml_vendor/cmake/libyaml_vendor-extras.cmake
-- Installing: /home/marlar/movelt_success/firmware/mcu_ws/install/share/libyaml_vendor/cmake/ament_cmake_export_libraries-extras.cmake
-- Installing: /home/marlar/movelt_success/firmware/mcu_ws/install/share/libyaml_vendor/cmake/ament_cmake_export_dependencies-extras.cmake
-- Installing: /home/marlar/movelt_success/firmware/mcu_ws/install/share/libyaml_vendor/cmake/libyaml_vendorConfig.cmake
-- Installing: /home/marlar/movelt_success/firmware/mcu_ws/install/share/libyaml_vendor/cmake/libyaml_vendorConfig-version.cmake
-- Installing: /home/marlar/movelt_success/firmware/mcu_ws/install/share/libyaml_vendor/package.xml
