[0.691s] Invoking command in '/home/marlar/movelt_success/firmware/mcu_ws/build/libyaml_vendor': CFLAGS=-I/home/marlar/movelt_success/firmware/zephyrproject/zephyr/include -I/home/marlar/movelt_success/firmware/build/zephyr/include/generated -I/home/marlar/movelt_success/firmware/zephyrproject/zephyr/soc/arm/st_stm32/stm32l4 -I/home/marlar/movelt_success/firmware/zephyrproject/zephyr/lib/libc/newlib/include -I/home/marlar/movelt_success/firmware/zephyrproject/zephyr/drivers -I/home/marlar/movelt_success/firmware/zephyrproject/zephyr/soc/arm/st_stm32/common/. -I/home/marlar/movelt_success/firmware/zephyrproject/zephyr/soc/arm/st_stm32/common -I/home/marlar/movelt_success/firmware/zephyrproject/modules/hal/cmsis/CMSIS/Core/Include -I/home/marlar/movelt_success/firmware/zephyrproject/modules/hal/st/sensor/vl53l0x/api/core/inc -I/home/marlar/movelt_success/firmware/zephyrproject/zephyr/drivers/sensor/vl53l0x -I/home/marlar/movelt_success/firmware/zephyrproject/modules/hal/stm32/stm32cube/stm32l4xx/soc -I/home/marlar/movelt_success/firmware/zephyrproject/modules/hal/stm32/stm32cube/stm32l4xx/drivers/include -I/home/marlar/movelt_success/firmware/zephyrproject/modules/hal/stm32/stm32cube/stm32l4xx/drivers/include/Legacy -I/home/marlar/movelt_success/firmware/zephyrproject/modules/hal/stm32/stm32cube/common_ll/include -DKERNEL -D__ZEPHYR__=1 -D_FORTIFY_SOURCE=2 -DBUILD_VERSION=zephyr-v2.5.0-611-g48321ef2525c -D__LINUX_ERRNO_EXTENSIONS__ -D__PROGRAM_START -DSTM32L475xx -DUSE_HAL_DRIVER -DUSE_FULL_LL_DRIVER -DCORE_CM4 -Os -imacros /home/marlar/movelt_success/firmware/build/zephyr/include/generated/autoconf.h -ffreestanding -fno-common -g -mcpu=cortex-m4 -mthumb -mabi=aapcs -imacros /home/marlar/movelt_success/firmware/zephyrproject/zephyr/include/toolchain/zephyr_stdint.h -Wall -Wformat -Wformat-security -Wno-format-zero-length -Wno-main -Wno-pointer-sign -Wpointer-arith -Wexpansion-to-defined -Wno-address-of-packed-member -Wno-unused-but-set-variable -Werror=implicit-int -fno-asynchronous-unwind-tables -fno-pie -fno-pic -fno-strict-overflow -fno-reorder-functions -fno-defer-pop -fmacro-prefix-map=/home/marlar/movelt_success/firmware/zephyr_apps/apps/attitude_estimator1=CMAKE_SOURCE_DIR -fmacro-prefix-map=/home/marlar/movelt_success/firmware/zephyrproject/zephyr=ZEPHYR_BASE -fmacro-prefix-map=/home/marlar/movelt_success/firmware/zephyrproject=WEST_TOPDIR -ffunction-sections -fdata-sections -std=c99 CMAKE_PREFIX_PATH=${CMAKE_PREFIX_PATH}:/home/marlar/movelt_success/firmware/dev_ws/install/ament_uncrustify:/home/marlar/movelt_success/firmware/dev_ws/install/domain_coordinator:/home/marlar/movelt_success/firmware/dev_ws/install/ament_xmllint:/home/marlar/movelt_success/firmware/dev_ws/install/ament_pyflakes:/home/marlar/movelt_success/firmware/dev_ws/install/ament_pycodestyle:/home/marlar/movelt_success/firmware/dev_ws/install/ament_pep257:/home/marlar/movelt_success/firmware/dev_ws/install/ament_pclint:/home/marlar/movelt_success/firmware/dev_ws/install/ament_package:/home/marlar/movelt_success/firmware/dev_ws/install/ament_mypy:/home/marlar/movelt_success/firmware/dev_ws/install/ament_lint_cmake:/home/marlar/movelt_success/firmware/dev_ws/install/ament_flake8:/home/marlar/movelt_success/firmware/dev_ws/install/ament_copyright:/home/marlar/movelt_success/firmware/dev_ws/install/ament_lint:/home/marlar/movelt_success/firmware/dev_ws/install/ament_index_python:/home/marlar/movelt_success/firmware/dev_ws/install/ament_cpplint:/home/marlar/movelt_success/firmware/dev_ws/install/ament_cppcheck:/home/marlar/movelt_success/firmware/dev_ws/install/ament_clang_tidy:/home/marlar/movelt_success/firmware/dev_ws/install/ament_clang_format CXXFLAGS=-I/home/marlar/movelt_success/firmware/zephyrproject/zephyr/include -I/home/marlar/movelt_success/firmware/build/zephyr/include/generated -I/home/marlar/movelt_success/firmware/zephyrproject/zephyr/soc/arm/st_stm32/stm32l4 -I/home/marlar/movelt_success/firmware/zephyrproject/zephyr/lib/libc/newlib/include -I/home/marlar/movelt_success/firmware/zephyrproject/zephyr/drivers -I/home/marlar/movelt_success/firmware/zephyrproject/zephyr/soc/arm/st_stm32/common/. -I/home/marlar/movelt_success/firmware/zephyrproject/zephyr/soc/arm/st_stm32/common -I/home/marlar/movelt_success/firmware/zephyrproject/modules/hal/cmsis/CMSIS/Core/Include -I/home/marlar/movelt_success/firmware/zephyrproject/modules/hal/st/sensor/vl53l0x/api/core/inc -I/home/marlar/movelt_success/firmware/zephyrproject/zephyr/drivers/sensor/vl53l0x -I/home/marlar/movelt_success/firmware/zephyrproject/modules/hal/stm32/stm32cube/stm32l4xx/soc -I/home/marlar/movelt_success/firmware/zephyrproject/modules/hal/stm32/stm32cube/stm32l4xx/drivers/include -I/home/marlar/movelt_success/firmware/zephyrproject/modules/hal/stm32/stm32cube/stm32l4xx/drivers/include/Legacy -I/home/marlar/movelt_success/firmware/zephyrproject/modules/hal/stm32/stm32cube/common_ll/include -DKERNEL -D__ZEPHYR__=1 -D_FORTIFY_SOURCE=2 -DBUILD_VERSION=zephyr-v2.5.0-611-g48321ef2525c -D__LINUX_ERRNO_EXTENSIONS__ -D__PROGRAM_START -DSTM32L475xx -DUSE_HAL_DRIVER -DUSE_FULL_LL_DRIVER -DCORE_CM4 -Os -fcheck-new -std=c++11 -Wno-register -fno-exceptions -fno-rtti -imacros /home/marlar/movelt_success/firmware/build/zephyr/include/generated/autoconf.h -ffreestanding -fno-common -g -mcpu=cortex-m4 -mthumb -mabi=aapcs -imacros /home/marlar/movelt_success/firmware/zephyrproject/zephyr/include/toolchain/zephyr_stdint.h -Wall -Wformat -Wformat-security -Wno-format-zero-length -Wno-main -Wpointer-arith -Wexpansion-to-defined -Wno-address-of-packed-member -Wno-unused-but-set-variable -fno-asynchronous-unwind-tables -fno-pie -fno-pic -fno-strict-overflow -fno-reorder-functions -fno-defer-pop -fmacro-prefix-map=/home/marlar/movelt_success/firmware/zephyr_apps/apps/attitude_estimator1=CMAKE_SOURCE_DIR -fmacro-prefix-map=/home/marlar/movelt_success/firmware/zephyrproject/zephyr=ZEPHYR_BASE -fmacro-prefix-map=/home/marlar/movelt_success/firmware/zephyrproject=WEST_TOPDIR -ffunction-sections -fdata-sections /usr/bin/cmake /home/marlar/movelt_success/firmware/mcu_ws/ros2/libyaml_vendor -DCMAKE_POSITION_INDEPENDENT_CODE:BOOL=OFF -DTHIRDPARTY=ON -DBUILD_SHARED_LIBS=OFF -DBUILD_TESTING=OFF -DCMAKE_BUILD_TYPE=Debug -DCMAKE_TOOLCHAIN_FILE=/home/marlar/movelt_success/firmware/zephyr_apps/microros_extensions/arm_toolchain.cmake -DCMAKE_VERBOSE_MAKEFILE=ON -DCMAKE_INSTALL_PREFIX=/home/marlar/movelt_success/firmware/mcu_ws/install
[0.781s] -- The C compiler identification is GNU 9.2.0
[0.891s] -- The CXX compiler identification is GNU 9.2.0
[0.911s] -- Detecting C compiler ABI info
[0.967s] -- Detecting C compiler ABI info - done
[0.989s] -- Check for working C compiler: /home/marlar/movelt_success/firmware/zephyr-sdk/arm-zephyr-eabi/bin/arm-zephyr-eabi-gcc - skipped
[0.989s] -- Detecting C compile features
[0.989s] -- Detecting C compile features - done
[0.994s] -- Detecting CXX compiler ABI info
[1.084s] -- Detecting CXX compiler ABI info - done
[1.111s] -- Check for working CXX compiler: /home/marlar/movelt_success/firmware/zephyr-sdk/arm-zephyr-eabi/bin/arm-zephyr-eabi-g++ - skipped
[1.111s] -- Detecting CXX compile features
[1.111s] -- Detecting CXX compile features - done
[1.111s] -- Found ament_cmake: 0.9.8 (/home/marlar/movelt_success/firmware/dev_ws/install/ament_cmake/share/ament_cmake/cmake)
[1.164s] -- Found PythonInterp: /usr/bin/python3 (found suitable version "3.8.5", minimum required is "3") 
[1.164s] -- Using PYTHON_EXECUTABLE: /usr/bin/python3
[1.530s] -- Configuring done
[1.533s] -- Generating done
[1.533s] CMake Warning:
[1.533s]   Manually-specified variables were not used by the project:
[1.534s] 
[1.534s]     BUILD_SHARED_LIBS
[1.534s]     THIRDPARTY
[1.534s] 
[1.534s] 
[1.534s] -- Build files have been written to: /home/marlar/movelt_success/firmware/mcu_ws/build/libyaml_vendor
[1.766s] Invoked command in '/home/marlar/movelt_success/firmware/mcu_ws/build/libyaml_vendor' returned '0': CFLAGS=-I/home/marlar/movelt_success/firmware/zephyrproject/zephyr/include -I/home/marlar/movelt_success/firmware/build/zephyr/include/generated -I/home/marlar/movelt_success/firmware/zephyrproject/zephyr/soc/arm/st_stm32/stm32l4 -I/home/marlar/movelt_success/firmware/zephyrproject/zephyr/lib/libc/newlib/include -I/home/marlar/movelt_success/firmware/zephyrproject/zephyr/drivers -I/home/marlar/movelt_success/firmware/zephyrproject/zephyr/soc/arm/st_stm32/common/. -I/home/marlar/movelt_success/firmware/zephyrproject/zephyr/soc/arm/st_stm32/common -I/home/marlar/movelt_success/firmware/zephyrproject/modules/hal/cmsis/CMSIS/Core/Include -I/home/marlar/movelt_success/firmware/zephyrproject/modules/hal/st/sensor/vl53l0x/api/core/inc -I/home/marlar/movelt_success/firmware/zephyrproject/zephyr/drivers/sensor/vl53l0x -I/home/marlar/movelt_success/firmware/zephyrproject/modules/hal/stm32/stm32cube/stm32l4xx/soc -I/home/marlar/movelt_success/firmware/zephyrproject/modules/hal/stm32/stm32cube/stm32l4xx/drivers/include -I/home/marlar/movelt_success/firmware/zephyrproject/modules/hal/stm32/stm32cube/stm32l4xx/drivers/include/Legacy -I/home/marlar/movelt_success/firmware/zephyrproject/modules/hal/stm32/stm32cube/common_ll/include -DKERNEL -D__ZEPHYR__=1 -D_FORTIFY_SOURCE=2 -DBUILD_VERSION=zephyr-v2.5.0-611-g48321ef2525c -D__LINUX_ERRNO_EXTENSIONS__ -D__PROGRAM_START -DSTM32L475xx -DUSE_HAL_DRIVER -DUSE_FULL_LL_DRIVER -DCORE_CM4 -Os -imacros /home/marlar/movelt_success/firmware/build/zephyr/include/generated/autoconf.h -ffreestanding -fno-common -g -mcpu=cortex-m4 -mthumb -mabi=aapcs -imacros /home/marlar/movelt_success/firmware/zephyrproject/zephyr/include/toolchain/zephyr_stdint.h -Wall -Wformat -Wformat-security -Wno-format-zero-length -Wno-main -Wno-pointer-sign -Wpointer-arith -Wexpansion-to-defined -Wno-address-of-packed-member -Wno-unused-but-set-variable -Werror=implicit-int -fno-asynchronous-unwind-tables -fno-pie -fno-pic -fno-strict-overflow -fno-reorder-functions -fno-defer-pop -fmacro-prefix-map=/home/marlar/movelt_success/firmware/zephyr_apps/apps/attitude_estimator1=CMAKE_SOURCE_DIR -fmacro-prefix-map=/home/marlar/movelt_success/firmware/zephyrproject/zephyr=ZEPHYR_BASE -fmacro-prefix-map=/home/marlar/movelt_success/firmware/zephyrproject=WEST_TOPDIR -ffunction-sections -fdata-sections -std=c99 CMAKE_PREFIX_PATH=${CMAKE_PREFIX_PATH}:/home/marlar/movelt_success/firmware/dev_ws/install/ament_uncrustify:/home/marlar/movelt_success/firmware/dev_ws/install/domain_coordinator:/home/marlar/movelt_success/firmware/dev_ws/install/ament_xmllint:/home/marlar/movelt_success/firmware/dev_ws/install/ament_pyflakes:/home/marlar/movelt_success/firmware/dev_ws/install/ament_pycodestyle:/home/marlar/movelt_success/firmware/dev_ws/install/ament_pep257:/home/marlar/movelt_success/firmware/dev_ws/install/ament_pclint:/home/marlar/movelt_success/firmware/dev_ws/install/ament_package:/home/marlar/movelt_success/firmware/dev_ws/install/ament_mypy:/home/marlar/movelt_success/firmware/dev_ws/install/ament_lint_cmake:/home/marlar/movelt_success/firmware/dev_ws/install/ament_flake8:/home/marlar/movelt_success/firmware/dev_ws/install/ament_copyright:/home/marlar/movelt_success/firmware/dev_ws/install/ament_lint:/home/marlar/movelt_success/firmware/dev_ws/install/ament_index_python:/home/marlar/movelt_success/firmware/dev_ws/install/ament_cpplint:/home/marlar/movelt_success/firmware/dev_ws/install/ament_cppcheck:/home/marlar/movelt_success/firmware/dev_ws/install/ament_clang_tidy:/home/marlar/movelt_success/firmware/dev_ws/install/ament_clang_format CXXFLAGS=-I/home/marlar/movelt_success/firmware/zephyrproject/zephyr/include -I/home/marlar/movelt_success/firmware/build/zephyr/include/generated -I/home/marlar/movelt_success/firmware/zephyrproject/zephyr/soc/arm/st_stm32/stm32l4 -I/home/marlar/movelt_success/firmware/zephyrproject/zephyr/lib/libc/newlib/include -I/home/marlar/movelt_success/firmware/zephyrproject/zephyr/drivers -I/home/marlar/movelt_success/firmware/zephyrproject/zephyr/soc/arm/st_stm32/common/. -I/home/marlar/movelt_success/firmware/zephyrproject/zephyr/soc/arm/st_stm32/common -I/home/marlar/movelt_success/firmware/zephyrproject/modules/hal/cmsis/CMSIS/Core/Include -I/home/marlar/movelt_success/firmware/zephyrproject/modules/hal/st/sensor/vl53l0x/api/core/inc -I/home/marlar/movelt_success/firmware/zephyrproject/zephyr/drivers/sensor/vl53l0x -I/home/marlar/movelt_success/firmware/zephyrproject/modules/hal/stm32/stm32cube/stm32l4xx/soc -I/home/marlar/movelt_success/firmware/zephyrproject/modules/hal/stm32/stm32cube/stm32l4xx/drivers/include -I/home/marlar/movelt_success/firmware/zephyrproject/modules/hal/stm32/stm32cube/stm32l4xx/drivers/include/Legacy -I/home/marlar/movelt_success/firmware/zephyrproject/modules/hal/stm32/stm32cube/common_ll/include -DKERNEL -D__ZEPHYR__=1 -D_FORTIFY_SOURCE=2 -DBUILD_VERSION=zephyr-v2.5.0-611-g48321ef2525c -D__LINUX_ERRNO_EXTENSIONS__ -D__PROGRAM_START -DSTM32L475xx -DUSE_HAL_DRIVER -DUSE_FULL_LL_DRIVER -DCORE_CM4 -Os -fcheck-new -std=c++11 -Wno-register -fno-exceptions -fno-rtti -imacros /home/marlar/movelt_success/firmware/build/zephyr/include/generated/autoconf.h -ffreestanding -fno-common -g -mcpu=cortex-m4 -mthumb -mabi=aapcs -imacros /home/marlar/movelt_success/firmware/zephyrproject/zephyr/include/toolchain/zephyr_stdint.h -Wall -Wformat -Wformat-security -Wno-format-zero-length -Wno-main -Wpointer-arith -Wexpansion-to-defined -Wno-address-of-packed-member -Wno-unused-but-set-variable -fno-asynchronous-unwind-tables -fno-pie -fno-pic -fno-strict-overflow -fno-reorder-functions -fno-defer-pop -fmacro-prefix-map=/home/marlar/movelt_success/firmware/zephyr_apps/apps/attitude_estimator1=CMAKE_SOURCE_DIR -fmacro-prefix-map=/home/marlar/movelt_success/firmware/zephyrproject/zephyr=ZEPHYR_BASE -fmacro-prefix-map=/home/marlar/movelt_success/firmware/zephyrproject=WEST_TOPDIR -ffunction-sections -fdata-sections /usr/bin/cmake /home/marlar/movelt_success/firmware/mcu_ws/ros2/libyaml_vendor -DCMAKE_POSITION_INDEPENDENT_CODE:BOOL=OFF -DTHIRDPARTY=ON -DBUILD_SHARED_LIBS=OFF -DBUILD_TESTING=OFF -DCMAKE_BUILD_TYPE=Debug -DCMAKE_TOOLCHAIN_FILE=/home/marlar/movelt_success/firmware/zephyr_apps/microros_extensions/arm_toolchain.cmake -DCMAKE_VERBOSE_MAKEFILE=ON -DCMAKE_INSTALL_PREFIX=/home/marlar/movelt_success/firmware/mcu_ws/install
[1.773s] Invoking command in '/home/marlar/movelt_success/firmware/mcu_ws/build/libyaml_vendor': CFLAGS=-I/home/marlar/movelt_success/firmware/zephyrproject/zephyr/include -I/home/marlar/movelt_success/firmware/build/zephyr/include/generated -I/home/marlar/movelt_success/firmware/zephyrproject/zephyr/soc/arm/st_stm32/stm32l4 -I/home/marlar/movelt_success/firmware/zephyrproject/zephyr/lib/libc/newlib/include -I/home/marlar/movelt_success/firmware/zephyrproject/zephyr/drivers -I/home/marlar/movelt_success/firmware/zephyrproject/zephyr/soc/arm/st_stm32/common/. -I/home/marlar/movelt_success/firmware/zephyrproject/zephyr/soc/arm/st_stm32/common -I/home/marlar/movelt_success/firmware/zephyrproject/modules/hal/cmsis/CMSIS/Core/Include -I/home/marlar/movelt_success/firmware/zephyrproject/modules/hal/st/sensor/vl53l0x/api/core/inc -I/home/marlar/movelt_success/firmware/zephyrproject/zephyr/drivers/sensor/vl53l0x -I/home/marlar/movelt_success/firmware/zephyrproject/modules/hal/stm32/stm32cube/stm32l4xx/soc -I/home/marlar/movelt_success/firmware/zephyrproject/modules/hal/stm32/stm32cube/stm32l4xx/drivers/include -I/home/marlar/movelt_success/firmware/zephyrproject/modules/hal/stm32/stm32cube/stm32l4xx/drivers/include/Legacy -I/home/marlar/movelt_success/firmware/zephyrproject/modules/hal/stm32/stm32cube/common_ll/include -DKERNEL -D__ZEPHYR__=1 -D_FORTIFY_SOURCE=2 -DBUILD_VERSION=zephyr-v2.5.0-611-g48321ef2525c -D__LINUX_ERRNO_EXTENSIONS__ -D__PROGRAM_START -DSTM32L475xx -DUSE_HAL_DRIVER -DUSE_FULL_LL_DRIVER -DCORE_CM4 -Os -imacros /home/marlar/movelt_success/firmware/build/zephyr/include/generated/autoconf.h -ffreestanding -fno-common -g -mcpu=cortex-m4 -mthumb -mabi=aapcs -imacros /home/marlar/movelt_success/firmware/zephyrproject/zephyr/include/toolchain/zephyr_stdint.h -Wall -Wformat -Wformat-security -Wno-format-zero-length -Wno-main -Wno-pointer-sign -Wpointer-arith -Wexpansion-to-defined -Wno-address-of-packed-member -Wno-unused-but-set-variable -Werror=implicit-int -fno-asynchronous-unwind-tables -fno-pie -fno-pic -fno-strict-overflow -fno-reorder-functions -fno-defer-pop -fmacro-prefix-map=/home/marlar/movelt_success/firmware/zephyr_apps/apps/attitude_estimator1=CMAKE_SOURCE_DIR -fmacro-prefix-map=/home/marlar/movelt_success/firmware/zephyrproject/zephyr=ZEPHYR_BASE -fmacro-prefix-map=/home/marlar/movelt_success/firmware/zephyrproject=WEST_TOPDIR -ffunction-sections -fdata-sections -std=c99 CMAKE_PREFIX_PATH=${CMAKE_PREFIX_PATH}:/home/marlar/movelt_success/firmware/dev_ws/install/ament_uncrustify:/home/marlar/movelt_success/firmware/dev_ws/install/domain_coordinator:/home/marlar/movelt_success/firmware/dev_ws/install/ament_xmllint:/home/marlar/movelt_success/firmware/dev_ws/install/ament_pyflakes:/home/marlar/movelt_success/firmware/dev_ws/install/ament_pycodestyle:/home/marlar/movelt_success/firmware/dev_ws/install/ament_pep257:/home/marlar/movelt_success/firmware/dev_ws/install/ament_pclint:/home/marlar/movelt_success/firmware/dev_ws/install/ament_package:/home/marlar/movelt_success/firmware/dev_ws/install/ament_mypy:/home/marlar/movelt_success/firmware/dev_ws/install/ament_lint_cmake:/home/marlar/movelt_success/firmware/dev_ws/install/ament_flake8:/home/marlar/movelt_success/firmware/dev_ws/install/ament_copyright:/home/marlar/movelt_success/firmware/dev_ws/install/ament_lint:/home/marlar/movelt_success/firmware/dev_ws/install/ament_index_python:/home/marlar/movelt_success/firmware/dev_ws/install/ament_cpplint:/home/marlar/movelt_success/firmware/dev_ws/install/ament_cppcheck:/home/marlar/movelt_success/firmware/dev_ws/install/ament_clang_tidy:/home/marlar/movelt_success/firmware/dev_ws/install/ament_clang_format CXXFLAGS=-I/home/marlar/movelt_success/firmware/zephyrproject/zephyr/include -I/home/marlar/movelt_success/firmware/build/zephyr/include/generated -I/home/marlar/movelt_success/firmware/zephyrproject/zephyr/soc/arm/st_stm32/stm32l4 -I/home/marlar/movelt_success/firmware/zephyrproject/zephyr/lib/libc/newlib/include -I/home/marlar/movelt_success/firmware/zephyrproject/zephyr/drivers -I/home/marlar/movelt_success/firmware/zephyrproject/zephyr/soc/arm/st_stm32/common/. -I/home/marlar/movelt_success/firmware/zephyrproject/zephyr/soc/arm/st_stm32/common -I/home/marlar/movelt_success/firmware/zephyrproject/modules/hal/cmsis/CMSIS/Core/Include -I/home/marlar/movelt_success/firmware/zephyrproject/modules/hal/st/sensor/vl53l0x/api/core/inc -I/home/marlar/movelt_success/firmware/zephyrproject/zephyr/drivers/sensor/vl53l0x -I/home/marlar/movelt_success/firmware/zephyrproject/modules/hal/stm32/stm32cube/stm32l4xx/soc -I/home/marlar/movelt_success/firmware/zephyrproject/modules/hal/stm32/stm32cube/stm32l4xx/drivers/include -I/home/marlar/movelt_success/firmware/zephyrproject/modules/hal/stm32/stm32cube/stm32l4xx/drivers/include/Legacy -I/home/marlar/movelt_success/firmware/zephyrproject/modules/hal/stm32/stm32cube/common_ll/include -DKERNEL -D__ZEPHYR__=1 -D_FORTIFY_SOURCE=2 -DBUILD_VERSION=zephyr-v2.5.0-611-g48321ef2525c -D__LINUX_ERRNO_EXTENSIONS__ -D__PROGRAM_START -DSTM32L475xx -DUSE_HAL_DRIVER -DUSE_FULL_LL_DRIVER -DCORE_CM4 -Os -fcheck-new -std=c++11 -Wno-register -fno-exceptions -fno-rtti -imacros /home/marlar/movelt_success/firmware/build/zephyr/include/generated/autoconf.h -ffreestanding -fno-common -g -mcpu=cortex-m4 -mthumb -mabi=aapcs -imacros /home/marlar/movelt_success/firmware/zephyrproject/zephyr/include/toolchain/zephyr_stdint.h -Wall -Wformat -Wformat-security -Wno-format-zero-length -Wno-main -Wpointer-arith -Wexpansion-to-defined -Wno-address-of-packed-member -Wno-unused-but-set-variable -fno-asynchronous-unwind-tables -fno-pie -fno-pic -fno-strict-overflow -fno-reorder-functions -fno-defer-pop -fmacro-prefix-map=/home/marlar/movelt_success/firmware/zephyr_apps/apps/attitude_estimator1=CMAKE_SOURCE_DIR -fmacro-prefix-map=/home/marlar/movelt_success/firmware/zephyrproject/zephyr=ZEPHYR_BASE -fmacro-prefix-map=/home/marlar/movelt_success/firmware/zephyrproject=WEST_TOPDIR -ffunction-sections -fdata-sections /usr/bin/cmake --build /home/marlar/movelt_success/firmware/mcu_ws/build/libyaml_vendor -- -j12 -l12
[1.815s] [ 12%] [34m[1mCreating directories for 'libyaml-10c9078'[0m
[1.825s] [ 25%] [34m[1mPerforming download step (download, verify and extract) for 'libyaml-10c9078'[0m
[1.828s] -- Downloading...
[1.829s]    dst='/home/marlar/movelt_success/firmware/mcu_ws/build/libyaml_vendor/libyaml-10c9078-prefix/src/10c907871f1ccd779c7fccf6b81a62762b5c4e7b.zip'
[1.829s]    timeout='60 seconds'
[1.829s]    inactivity timeout='none'
[1.829s] -- Using src='https://github.com/yaml/libyaml/archive/10c907871f1ccd779c7fccf6b81a62762b5c4e7b.zip'
[2.315s] -- [download 100% complete]
[2.909s] -- verifying file...
[2.909s]        file='/home/marlar/movelt_success/firmware/mcu_ws/build/libyaml_vendor/libyaml-10c9078-prefix/src/10c907871f1ccd779c7fccf6b81a62762b5c4e7b.zip'
[2.909s] -- Downloading... done
[2.910s] -- extracting...
[2.910s]      src='/home/marlar/movelt_success/firmware/mcu_ws/build/libyaml_vendor/libyaml-10c9078-prefix/src/10c907871f1ccd779c7fccf6b81a62762b5c4e7b.zip'
[2.910s]      dst='/home/marlar/movelt_success/firmware/mcu_ws/build/libyaml_vendor/libyaml-10c9078-prefix/src/libyaml-10c9078'
[2.910s] -- extracting... [tar xfz]
[2.926s] -- extracting... [analysis]
[2.926s] -- extracting... [rename]
[2.927s] -- extracting... [clean up]
[2.927s] -- extracting... done
[2.936s] [ 37%] [34m[1mGenerating libyaml-10c9078-prefix/src/libyaml-10c9078-stamp/libyaml-10c9078-update[0m
[2.947s] [ 50%] [34m[1mSkipping patch step (no custom command) for 'libyaml-10c9078'[0m
[2.955s] [ 62%] [34m[1mPerforming configure step for 'libyaml-10c9078'[0m
[2.959s] Re-run cmake no build system arguments
[3.008s] -- The C compiler identification is GNU 9.2.0
[3.028s] -- Detecting C compiler ABI info
[3.073s] -- Detecting C compiler ABI info - done
[3.095s] -- Check for working C compiler: /home/marlar/movelt_success/firmware/zephyr-sdk/arm-zephyr-eabi/bin/arm-zephyr-eabi-gcc - skipped
[3.095s] -- Detecting C compile features
[3.096s] -- Detecting C compile features - done
[3.096s] CMake Warning (dev) at CMakeLists.txt:55 (add_library):
[3.096s]   ADD_LIBRARY called with SHARED option but the target platform does not
[3.097s]   support dynamic linking.  Building a STATIC library instead.  This may lead
[3.097s]   to problems.
[3.097s] This warning is for project developers.  Use -Wno-dev to suppress it.
[3.097s] 
[3.098s] -- Configuring done
[3.104s] -- Generating done
[3.104s] -- Build files have been written to: /home/marlar/movelt_success/firmware/mcu_ws/build/libyaml_vendor/libyaml-10c9078-prefix/src/libyaml-10c9078-build
[3.112s] [ 75%] [34m[1mPerforming build step for 'libyaml-10c9078'[0m
[3.130s] [ 11%] [32mBuilding C object CMakeFiles/yaml.dir/src/api.c.obj[0m
[3.131s] [ 22%] [32mBuilding C object CMakeFiles/yaml.dir/src/emitter.c.obj[0m
[3.131s] [ 44%] [32mBuilding C object CMakeFiles/yaml.dir/src/loader.c.obj[0m
[3.131s] [ 44%] [32mBuilding C object CMakeFiles/yaml.dir/src/parser.c.obj[0m
[3.131s] [ 55%] [32mBuilding C object CMakeFiles/yaml.dir/src/dumper.c.obj[0m
[3.132s] [ 66%] [32mBuilding C object CMakeFiles/yaml.dir/src/reader.c.obj[0m
[3.135s] [ 77%] [32mBuilding C object CMakeFiles/yaml.dir/src/scanner.c.obj[0m
[3.137s] [ 88%] [32mBuilding C object CMakeFiles/yaml.dir/src/writer.c.obj[0m
[3.157s] [01m[K/home/marlar/movelt_success/firmware/mcu_ws/build/libyaml_vendor/libyaml-10c9078-prefix/src/libyaml-10c9078/src/api.c:[m[K In function '[01m[Kyaml_strdup[m[K':
[3.157s] [01m[K/home/marlar/movelt_success/firmware/mcu_ws/build/libyaml_vendor/libyaml-10c9078-prefix/src/libyaml-10c9078/src/api.c:66:27:[m[K [01;35m[Kwarning: [m[Kimplicit declaration of function '[01m[Kstrdup[m[K'; did you mean '[01m[Kstrcmp[m[K'? [[01;35m[K-Wimplicit-function-declaration[m[K]
[3.157s]    66 |     return (yaml_char_t *)[01;35m[Kstrdup[m[K((char *)str);
[3.157s]       |                           [01;35m[K^~~~~~[m[K
[3.158s]       |                           [32m[Kstrcmp[m[K
[3.193s] [01m[K/home/marlar/movelt_success/firmware/mcu_ws/build/libyaml_vendor/libyaml-10c9078-prefix/src/libyaml-10c9078/src/emitter.c:[m[K In function '[01m[Kyaml_emitter_write_plain_scalar[m[K':
[3.194s] [01m[K/home/marlar/movelt_success/firmware/mcu_ws/build/libyaml_vendor/libyaml-10c9078-prefix/src/libyaml-10c9078/src/emitter.c:28:6:[m[K [01;35m[Kwarning: [m[Kvalue computed is not used [[01;35m[K-Wunused-value[m[K]
[3.194s]    28 |      [01;35m[K&&[m[K ((emitter->line_break == YAML_CR_BREAK ?                                \
[3.194s]       |      [01;35m[K^~[m[K
[3.194s] [01m[K/home/marlar/movelt_success/firmware/mcu_ws/build/libyaml_vendor/libyaml-10c9078-prefix/src/libyaml-10c9078/src/emitter.c:56:11:[m[K [01;36m[Knote: [m[Kin expansion of macro '[01m[KPUT_BREAK[m[K'
[3.194s]    56 |          ([01;36m[KPUT_BREAK[m[K(emitter),                                                   \
[3.194s]       |           [01;36m[K^~~~~~~~~[m[K
[3.194s] [01m[K/home/marlar/movelt_success/firmware/mcu_ws/build/libyaml_vendor/libyaml-10c9078-prefix/src/libyaml-10c9078/src/emitter.c:1931:18:[m[K [01;36m[Knote: [m[Kin expansion of macro '[01m[KWRITE_BREAK[m[K'
[3.194s]  1931 |             if (![01;36m[KWRITE_BREAK[m[K(emitter, string)) return 0;
[3.194s]       |                  [01;36m[K^~~~~~~~~~~[m[K
[3.196s] [01m[K/home/marlar/movelt_success/firmware/mcu_ws/build/libyaml_vendor/libyaml-10c9078-prefix/src/libyaml-10c9078/src/emitter.c:[m[K In function '[01m[Kyaml_emitter_write_single_quoted_scalar[m[K':
[3.196s] [01m[K/home/marlar/movelt_success/firmware/mcu_ws/build/libyaml_vendor/libyaml-10c9078-prefix/src/libyaml-10c9078/src/emitter.c:28:6:[m[K [01;35m[Kwarning: [m[Kvalue computed is not used [[01;35m[K-Wunused-value[m[K]
[3.196s]    28 |      [01;35m[K&&[m[K ((emitter->line_break == YAML_CR_BREAK ?                                \
[3.196s]       |      [01;35m[K^~[m[K
[3.197s] [01m[K/home/marlar/movelt_success/firmware/mcu_ws/build/libyaml_vendor/libyaml-10c9078-prefix/src/libyaml-10c9078/src/emitter.c:56:11:[m[K [01;36m[Knote: [m[Kin expansion of macro '[01m[KPUT_BREAK[m[K'
[3.197s]    56 |          ([01;36m[KPUT_BREAK[m[K(emitter),                                                   \
[3.197s]       |           [01;36m[K^~~~~~~~~[m[K
[3.197s] [01m[K/home/marlar/movelt_success/firmware/mcu_ws/build/libyaml_vendor/libyaml-10c9078-prefix/src/libyaml-10c9078/src/emitter.c:1988:18:[m[K [01;36m[Knote: [m[Kin expansion of macro '[01m[KWRITE_BREAK[m[K'
[3.197s]  1988 |             if (![01;36m[KWRITE_BREAK[m[K(emitter, string)) return 0;
[3.197s]       |                  [01;36m[K^~~~~~~~~~~[m[K
[3.205s] [01m[K/home/marlar/movelt_success/firmware/mcu_ws/build/libyaml_vendor/libyaml-10c9078-prefix/src/libyaml-10c9078/src/emitter.c:[m[K In function '[01m[Kyaml_emitter_write_literal_scalar[m[K':
[3.206s] [01m[K/home/marlar/movelt_success/firmware/mcu_ws/build/libyaml_vendor/libyaml-10c9078-prefix/src/libyaml-10c9078/src/emitter.c:28:6:[m[K [01;35m[Kwarning: [m[Kvalue computed is not used [[01;35m[K-Wunused-value[m[K]
[3.206s]    28 |      [01;35m[K&&[m[K ((emitter->line_break == YAML_CR_BREAK ?                                \
[3.206s]       |      [01;35m[K^~[m[K
[3.206s] [01m[K/home/marlar/movelt_success/firmware/mcu_ws/build/libyaml_vendor/libyaml-10c9078-prefix/src/libyaml-10c9078/src/emitter.c:56:11:[m[K [01;36m[Knote: [m[Kin expansion of macro '[01m[KPUT_BREAK[m[K'
[3.206s]    56 |          ([01;36m[KPUT_BREAK[m[K(emitter),                                                   \
[3.206s]       |           [01;36m[K^~~~~~~~~[m[K
[3.206s] [01m[K/home/marlar/movelt_success/firmware/mcu_ws/build/libyaml_vendor/libyaml-10c9078-prefix/src/libyaml-10c9078/src/emitter.c:2251:18:[m[K [01;36m[Knote: [m[Kin expansion of macro '[01m[KWRITE_BREAK[m[K'
[3.206s]  2251 |             if (![01;36m[KWRITE_BREAK[m[K(emitter, string)) return 0;
[3.206s]       |                  [01;36m[K^~~~~~~~~~~[m[K
[3.207s] [01m[K/home/marlar/movelt_success/firmware/mcu_ws/build/libyaml_vendor/libyaml-10c9078-prefix/src/libyaml-10c9078/src/emitter.c:[m[K In function '[01m[Kyaml_emitter_write_folded_scalar[m[K':
[3.208s] [01m[K/home/marlar/movelt_success/firmware/mcu_ws/build/libyaml_vendor/libyaml-10c9078-prefix/src/libyaml-10c9078/src/emitter.c:28:6:[m[K [01;35m[Kwarning: [m[Kvalue computed is not used [[01;35m[K-Wunused-value[m[K]
[3.208s]    28 |      [01;35m[K&&[m[K ((emitter->line_break == YAML_CR_BREAK ?                                \
[3.208s]       |      [01;35m[K^~[m[K
[3.208s] [01m[K/home/marlar/movelt_success/firmware/mcu_ws/build/libyaml_vendor/libyaml-10c9078-prefix/src/libyaml-10c9078/src/emitter.c:56:11:[m[K [01;36m[Knote: [m[Kin expansion of macro '[01m[KPUT_BREAK[m[K'
[3.208s]    56 |          ([01;36m[KPUT_BREAK[m[K(emitter),                                                   \
[3.208s]       |           [01;36m[K^~~~~~~~~[m[K
[3.208s] [01m[K/home/marlar/movelt_success/firmware/mcu_ws/build/libyaml_vendor/libyaml-10c9078-prefix/src/libyaml-10c9078/src/emitter.c:2300:18:[m[K [01;36m[Knote: [m[Kin expansion of macro '[01m[KWRITE_BREAK[m[K'
[3.208s]  2300 |             if (![01;36m[KWRITE_BREAK[m[K(emitter, string)) return 0;
[3.208s]       |                  [01;36m[K^~~~~~~~~~~[m[K
[4.339s] [100%] [32m[1mLinking C static library libyaml.a[0m
[4.350s] /home/marlar/movelt_success/firmware/zephyr-sdk/arm-zephyr-eabi/bin/arm-zephyr-eabi-ar qc libyaml.a CMakeFiles/yaml.dir/src/api.c.obj CMakeFiles/yaml.dir/src/dumper.c.obj CMakeFiles/yaml.dir/src/emitter.c.obj CMakeFiles/yaml.dir/src/loader.c.obj CMakeFiles/yaml.dir/src/parser.c.obj CMakeFiles/yaml.dir/src/reader.c.obj CMakeFiles/yaml.dir/src/scanner.c.obj CMakeFiles/yaml.dir/src/writer.c.obj
[4.356s] /home/marlar/movelt_success/firmware/zephyr-sdk/arm-zephyr-eabi/bin/arm-zephyr-eabi-ranlib libyaml.a
[4.367s] [100%] Built target yaml
[4.385s] [ 87%] [34m[1mPerforming install step for 'libyaml-10c9078'[0m
[4.406s] Dependencies file "CMakeFiles/yaml.dir/src/api.c.obj.d" is newer than depends file "/home/marlar/movelt_success/firmware/mcu_ws/build/libyaml_vendor/libyaml-10c9078-prefix/src/libyaml-10c9078-build/CMakeFiles/yaml.dir/compiler_depend.internal".
[4.406s] Dependencies file "CMakeFiles/yaml.dir/src/dumper.c.obj.d" is newer than depends file "/home/marlar/movelt_success/firmware/mcu_ws/build/libyaml_vendor/libyaml-10c9078-prefix/src/libyaml-10c9078-build/CMakeFiles/yaml.dir/compiler_depend.internal".
[4.406s] Dependencies file "CMakeFiles/yaml.dir/src/emitter.c.obj.d" is newer than depends file "/home/marlar/movelt_success/firmware/mcu_ws/build/libyaml_vendor/libyaml-10c9078-prefix/src/libyaml-10c9078-build/CMakeFiles/yaml.dir/compiler_depend.internal".
[4.406s] Dependencies file "CMakeFiles/yaml.dir/src/loader.c.obj.d" is newer than depends file "/home/marlar/movelt_success/firmware/mcu_ws/build/libyaml_vendor/libyaml-10c9078-prefix/src/libyaml-10c9078-build/CMakeFiles/yaml.dir/compiler_depend.internal".
[4.406s] Dependencies file "CMakeFiles/yaml.dir/src/parser.c.obj.d" is newer than depends file "/home/marlar/movelt_success/firmware/mcu_ws/build/libyaml_vendor/libyaml-10c9078-prefix/src/libyaml-10c9078-build/CMakeFiles/yaml.dir/compiler_depend.internal".
[4.406s] Dependencies file "CMakeFiles/yaml.dir/src/reader.c.obj.d" is newer than depends file "/home/marlar/movelt_success/firmware/mcu_ws/build/libyaml_vendor/libyaml-10c9078-prefix/src/libyaml-10c9078-build/CMakeFiles/yaml.dir/compiler_depend.internal".
[4.407s] Dependencies file "CMakeFiles/yaml.dir/src/scanner.c.obj.d" is newer than depends file "/home/marlar/movelt_success/firmware/mcu_ws/build/libyaml_vendor/libyaml-10c9078-prefix/src/libyaml-10c9078-build/CMakeFiles/yaml.dir/compiler_depend.internal".
[4.407s] Dependencies file "CMakeFiles/yaml.dir/src/writer.c.obj.d" is newer than depends file "/home/marlar/movelt_success/firmware/mcu_ws/build/libyaml_vendor/libyaml-10c9078-prefix/src/libyaml-10c9078-build/CMakeFiles/yaml.dir/compiler_depend.internal".
[4.407s] [35m[1mConsolidate compiler generated dependencies of target yaml[0m
[4.421s] [100%] Built target yaml
[4.433s] [36mInstall the project...[0m
[4.437s] -- Install configuration: "Debug"
[4.437s] -- Installing: /home/marlar/movelt_success/firmware/mcu_ws/build/libyaml_vendor/libyaml_install/include/yaml.h
[4.437s] -- Installing: /home/marlar/movelt_success/firmware/mcu_ws/build/libyaml_vendor/libyaml_install/include/config.h
[4.438s] -- Installing: /home/marlar/movelt_success/firmware/mcu_ws/build/libyaml_vendor/libyaml_install/lib/libyaml.a
[4.438s] -- Installing: /home/marlar/movelt_success/firmware/mcu_ws/build/libyaml_vendor/libyaml_install/cmake/yamlConfig.cmake
[4.438s] -- Installing: /home/marlar/movelt_success/firmware/mcu_ws/build/libyaml_vendor/libyaml_install/cmake/yamlTargets.cmake
[4.438s] -- Installing: /home/marlar/movelt_success/firmware/mcu_ws/build/libyaml_vendor/libyaml_install/cmake/yamlTargets-debug.cmake
[4.438s] -- Installing: /home/marlar/movelt_success/firmware/mcu_ws/build/libyaml_vendor/libyaml_install/cmake/yamlConfigVersion.cmake
[4.449s] [100%] [34m[1mCompleted 'libyaml-10c9078'[0m
[4.465s] [100%] Built target libyaml-10c9078
[4.473s] Invoked command in '/home/marlar/movelt_success/firmware/mcu_ws/build/libyaml_vendor' returned '0': CFLAGS=-I/home/marlar/movelt_success/firmware/zephyrproject/zephyr/include -I/home/marlar/movelt_success/firmware/build/zephyr/include/generated -I/home/marlar/movelt_success/firmware/zephyrproject/zephyr/soc/arm/st_stm32/stm32l4 -I/home/marlar/movelt_success/firmware/zephyrproject/zephyr/lib/libc/newlib/include -I/home/marlar/movelt_success/firmware/zephyrproject/zephyr/drivers -I/home/marlar/movelt_success/firmware/zephyrproject/zephyr/soc/arm/st_stm32/common/. -I/home/marlar/movelt_success/firmware/zephyrproject/zephyr/soc/arm/st_stm32/common -I/home/marlar/movelt_success/firmware/zephyrproject/modules/hal/cmsis/CMSIS/Core/Include -I/home/marlar/movelt_success/firmware/zephyrproject/modules/hal/st/sensor/vl53l0x/api/core/inc -I/home/marlar/movelt_success/firmware/zephyrproject/zephyr/drivers/sensor/vl53l0x -I/home/marlar/movelt_success/firmware/zephyrproject/modules/hal/stm32/stm32cube/stm32l4xx/soc -I/home/marlar/movelt_success/firmware/zephyrproject/modules/hal/stm32/stm32cube/stm32l4xx/drivers/include -I/home/marlar/movelt_success/firmware/zephyrproject/modules/hal/stm32/stm32cube/stm32l4xx/drivers/include/Legacy -I/home/marlar/movelt_success/firmware/zephyrproject/modules/hal/stm32/stm32cube/common_ll/include -DKERNEL -D__ZEPHYR__=1 -D_FORTIFY_SOURCE=2 -DBUILD_VERSION=zephyr-v2.5.0-611-g48321ef2525c -D__LINUX_ERRNO_EXTENSIONS__ -D__PROGRAM_START -DSTM32L475xx -DUSE_HAL_DRIVER -DUSE_FULL_LL_DRIVER -DCORE_CM4 -Os -imacros /home/marlar/movelt_success/firmware/build/zephyr/include/generated/autoconf.h -ffreestanding -fno-common -g -mcpu=cortex-m4 -mthumb -mabi=aapcs -imacros /home/marlar/movelt_success/firmware/zephyrproject/zephyr/include/toolchain/zephyr_stdint.h -Wall -Wformat -Wformat-security -Wno-format-zero-length -Wno-main -Wno-pointer-sign -Wpointer-arith -Wexpansion-to-defined -Wno-address-of-packed-member -Wno-unused-but-set-variable -Werror=implicit-int -fno-asynchronous-unwind-tables -fno-pie -fno-pic -fno-strict-overflow -fno-reorder-functions -fno-defer-pop -fmacro-prefix-map=/home/marlar/movelt_success/firmware/zephyr_apps/apps/attitude_estimator1=CMAKE_SOURCE_DIR -fmacro-prefix-map=/home/marlar/movelt_success/firmware/zephyrproject/zephyr=ZEPHYR_BASE -fmacro-prefix-map=/home/marlar/movelt_success/firmware/zephyrproject=WEST_TOPDIR -ffunction-sections -fdata-sections -std=c99 CMAKE_PREFIX_PATH=${CMAKE_PREFIX_PATH}:/home/marlar/movelt_success/firmware/dev_ws/install/ament_uncrustify:/home/marlar/movelt_success/firmware/dev_ws/install/domain_coordinator:/home/marlar/movelt_success/firmware/dev_ws/install/ament_xmllint:/home/marlar/movelt_success/firmware/dev_ws/install/ament_pyflakes:/home/marlar/movelt_success/firmware/dev_ws/install/ament_pycodestyle:/home/marlar/movelt_success/firmware/dev_ws/install/ament_pep257:/home/marlar/movelt_success/firmware/dev_ws/install/ament_pclint:/home/marlar/movelt_success/firmware/dev_ws/install/ament_package:/home/marlar/movelt_success/firmware/dev_ws/install/ament_mypy:/home/marlar/movelt_success/firmware/dev_ws/install/ament_lint_cmake:/home/marlar/movelt_success/firmware/dev_ws/install/ament_flake8:/home/marlar/movelt_success/firmware/dev_ws/install/ament_copyright:/home/marlar/movelt_success/firmware/dev_ws/install/ament_lint:/home/marlar/movelt_success/firmware/dev_ws/install/ament_index_python:/home/marlar/movelt_success/firmware/dev_ws/install/ament_cpplint:/home/marlar/movelt_success/firmware/dev_ws/install/ament_cppcheck:/home/marlar/movelt_success/firmware/dev_ws/install/ament_clang_tidy:/home/marlar/movelt_success/firmware/dev_ws/install/ament_clang_format CXXFLAGS=-I/home/marlar/movelt_success/firmware/zephyrproject/zephyr/include -I/home/marlar/movelt_success/firmware/build/zephyr/include/generated -I/home/marlar/movelt_success/firmware/zephyrproject/zephyr/soc/arm/st_stm32/stm32l4 -I/home/marlar/movelt_success/firmware/zephyrproject/zephyr/lib/libc/newlib/include -I/home/marlar/movelt_success/firmware/zephyrproject/zephyr/drivers -I/home/marlar/movelt_success/firmware/zephyrproject/zephyr/soc/arm/st_stm32/common/. -I/home/marlar/movelt_success/firmware/zephyrproject/zephyr/soc/arm/st_stm32/common -I/home/marlar/movelt_success/firmware/zephyrproject/modules/hal/cmsis/CMSIS/Core/Include -I/home/marlar/movelt_success/firmware/zephyrproject/modules/hal/st/sensor/vl53l0x/api/core/inc -I/home/marlar/movelt_success/firmware/zephyrproject/zephyr/drivers/sensor/vl53l0x -I/home/marlar/movelt_success/firmware/zephyrproject/modules/hal/stm32/stm32cube/stm32l4xx/soc -I/home/marlar/movelt_success/firmware/zephyrproject/modules/hal/stm32/stm32cube/stm32l4xx/drivers/include -I/home/marlar/movelt_success/firmware/zephyrproject/modules/hal/stm32/stm32cube/stm32l4xx/drivers/include/Legacy -I/home/marlar/movelt_success/firmware/zephyrproject/modules/hal/stm32/stm32cube/common_ll/include -DKERNEL -D__ZEPHYR__=1 -D_FORTIFY_SOURCE=2 -DBUILD_VERSION=zephyr-v2.5.0-611-g48321ef2525c -D__LINUX_ERRNO_EXTENSIONS__ -D__PROGRAM_START -DSTM32L475xx -DUSE_HAL_DRIVER -DUSE_FULL_LL_DRIVER -DCORE_CM4 -Os -fcheck-new -std=c++11 -Wno-register -fno-exceptions -fno-rtti -imacros /home/marlar/movelt_success/firmware/build/zephyr/include/generated/autoconf.h -ffreestanding -fno-common -g -mcpu=cortex-m4 -mthumb -mabi=aapcs -imacros /home/marlar/movelt_success/firmware/zephyrproject/zephyr/include/toolchain/zephyr_stdint.h -Wall -Wformat -Wformat-security -Wno-format-zero-length -Wno-main -Wpointer-arith -Wexpansion-to-defined -Wno-address-of-packed-member -Wno-unused-but-set-variable -fno-asynchronous-unwind-tables -fno-pie -fno-pic -fno-strict-overflow -fno-reorder-functions -fno-defer-pop -fmacro-prefix-map=/home/marlar/movelt_success/firmware/zephyr_apps/apps/attitude_estimator1=CMAKE_SOURCE_DIR -fmacro-prefix-map=/home/marlar/movelt_success/firmware/zephyrproject/zephyr=ZEPHYR_BASE -fmacro-prefix-map=/home/marlar/movelt_success/firmware/zephyrproject=WEST_TOPDIR -ffunction-sections -fdata-sections /usr/bin/cmake --build /home/marlar/movelt_success/firmware/mcu_ws/build/libyaml_vendor -- -j12 -l12
[4.511s] Invoking command in '/home/marlar/movelt_success/firmware/mcu_ws/build/libyaml_vendor': CFLAGS=-I/home/marlar/movelt_success/firmware/zephyrproject/zephyr/include -I/home/marlar/movelt_success/firmware/build/zephyr/include/generated -I/home/marlar/movelt_success/firmware/zephyrproject/zephyr/soc/arm/st_stm32/stm32l4 -I/home/marlar/movelt_success/firmware/zephyrproject/zephyr/lib/libc/newlib/include -I/home/marlar/movelt_success/firmware/zephyrproject/zephyr/drivers -I/home/marlar/movelt_success/firmware/zephyrproject/zephyr/soc/arm/st_stm32/common/. -I/home/marlar/movelt_success/firmware/zephyrproject/zephyr/soc/arm/st_stm32/common -I/home/marlar/movelt_success/firmware/zephyrproject/modules/hal/cmsis/CMSIS/Core/Include -I/home/marlar/movelt_success/firmware/zephyrproject/modules/hal/st/sensor/vl53l0x/api/core/inc -I/home/marlar/movelt_success/firmware/zephyrproject/zephyr/drivers/sensor/vl53l0x -I/home/marlar/movelt_success/firmware/zephyrproject/modules/hal/stm32/stm32cube/stm32l4xx/soc -I/home/marlar/movelt_success/firmware/zephyrproject/modules/hal/stm32/stm32cube/stm32l4xx/drivers/include -I/home/marlar/movelt_success/firmware/zephyrproject/modules/hal/stm32/stm32cube/stm32l4xx/drivers/include/Legacy -I/home/marlar/movelt_success/firmware/zephyrproject/modules/hal/stm32/stm32cube/common_ll/include -DKERNEL -D__ZEPHYR__=1 -D_FORTIFY_SOURCE=2 -DBUILD_VERSION=zephyr-v2.5.0-611-g48321ef2525c -D__LINUX_ERRNO_EXTENSIONS__ -D__PROGRAM_START -DSTM32L475xx -DUSE_HAL_DRIVER -DUSE_FULL_LL_DRIVER -DCORE_CM4 -Os -imacros /home/marlar/movelt_success/firmware/build/zephyr/include/generated/autoconf.h -ffreestanding -fno-common -g -mcpu=cortex-m4 -mthumb -mabi=aapcs -imacros /home/marlar/movelt_success/firmware/zephyrproject/zephyr/include/toolchain/zephyr_stdint.h -Wall -Wformat -Wformat-security -Wno-format-zero-length -Wno-main -Wno-pointer-sign -Wpointer-arith -Wexpansion-to-defined -Wno-address-of-packed-member -Wno-unused-but-set-variable -Werror=implicit-int -fno-asynchronous-unwind-tables -fno-pie -fno-pic -fno-strict-overflow -fno-reorder-functions -fno-defer-pop -fmacro-prefix-map=/home/marlar/movelt_success/firmware/zephyr_apps/apps/attitude_estimator1=CMAKE_SOURCE_DIR -fmacro-prefix-map=/home/marlar/movelt_success/firmware/zephyrproject/zephyr=ZEPHYR_BASE -fmacro-prefix-map=/home/marlar/movelt_success/firmware/zephyrproject=WEST_TOPDIR -ffunction-sections -fdata-sections -std=c99 CMAKE_PREFIX_PATH=${CMAKE_PREFIX_PATH}:/home/marlar/movelt_success/firmware/dev_ws/install/ament_uncrustify:/home/marlar/movelt_success/firmware/dev_ws/install/domain_coordinator:/home/marlar/movelt_success/firmware/dev_ws/install/ament_xmllint:/home/marlar/movelt_success/firmware/dev_ws/install/ament_pyflakes:/home/marlar/movelt_success/firmware/dev_ws/install/ament_pycodestyle:/home/marlar/movelt_success/firmware/dev_ws/install/ament_pep257:/home/marlar/movelt_success/firmware/dev_ws/install/ament_pclint:/home/marlar/movelt_success/firmware/dev_ws/install/ament_package:/home/marlar/movelt_success/firmware/dev_ws/install/ament_mypy:/home/marlar/movelt_success/firmware/dev_ws/install/ament_lint_cmake:/home/marlar/movelt_success/firmware/dev_ws/install/ament_flake8:/home/marlar/movelt_success/firmware/dev_ws/install/ament_copyright:/home/marlar/movelt_success/firmware/dev_ws/install/ament_lint:/home/marlar/movelt_success/firmware/dev_ws/install/ament_index_python:/home/marlar/movelt_success/firmware/dev_ws/install/ament_cpplint:/home/marlar/movelt_success/firmware/dev_ws/install/ament_cppcheck:/home/marlar/movelt_success/firmware/dev_ws/install/ament_clang_tidy:/home/marlar/movelt_success/firmware/dev_ws/install/ament_clang_format CXXFLAGS=-I/home/marlar/movelt_success/firmware/zephyrproject/zephyr/include -I/home/marlar/movelt_success/firmware/build/zephyr/include/generated -I/home/marlar/movelt_success/firmware/zephyrproject/zephyr/soc/arm/st_stm32/stm32l4 -I/home/marlar/movelt_success/firmware/zephyrproject/zephyr/lib/libc/newlib/include -I/home/marlar/movelt_success/firmware/zephyrproject/zephyr/drivers -I/home/marlar/movelt_success/firmware/zephyrproject/zephyr/soc/arm/st_stm32/common/. -I/home/marlar/movelt_success/firmware/zephyrproject/zephyr/soc/arm/st_stm32/common -I/home/marlar/movelt_success/firmware/zephyrproject/modules/hal/cmsis/CMSIS/Core/Include -I/home/marlar/movelt_success/firmware/zephyrproject/modules/hal/st/sensor/vl53l0x/api/core/inc -I/home/marlar/movelt_success/firmware/zephyrproject/zephyr/drivers/sensor/vl53l0x -I/home/marlar/movelt_success/firmware/zephyrproject/modules/hal/stm32/stm32cube/stm32l4xx/soc -I/home/marlar/movelt_success/firmware/zephyrproject/modules/hal/stm32/stm32cube/stm32l4xx/drivers/include -I/home/marlar/movelt_success/firmware/zephyrproject/modules/hal/stm32/stm32cube/stm32l4xx/drivers/include/Legacy -I/home/marlar/movelt_success/firmware/zephyrproject/modules/hal/stm32/stm32cube/common_ll/include -DKERNEL -D__ZEPHYR__=1 -D_FORTIFY_SOURCE=2 -DBUILD_VERSION=zephyr-v2.5.0-611-g48321ef2525c -D__LINUX_ERRNO_EXTENSIONS__ -D__PROGRAM_START -DSTM32L475xx -DUSE_HAL_DRIVER -DUSE_FULL_LL_DRIVER -DCORE_CM4 -Os -fcheck-new -std=c++11 -Wno-register -fno-exceptions -fno-rtti -imacros /home/marlar/movelt_success/firmware/build/zephyr/include/generated/autoconf.h -ffreestanding -fno-common -g -mcpu=cortex-m4 -mthumb -mabi=aapcs -imacros /home/marlar/movelt_success/firmware/zephyrproject/zephyr/include/toolchain/zephyr_stdint.h -Wall -Wformat -Wformat-security -Wno-format-zero-length -Wno-main -Wpointer-arith -Wexpansion-to-defined -Wno-address-of-packed-member -Wno-unused-but-set-variable -fno-asynchronous-unwind-tables -fno-pie -fno-pic -fno-strict-overflow -fno-reorder-functions -fno-defer-pop -fmacro-prefix-map=/home/marlar/movelt_success/firmware/zephyr_apps/apps/attitude_estimator1=CMAKE_SOURCE_DIR -fmacro-prefix-map=/home/marlar/movelt_success/firmware/zephyrproject/zephyr=ZEPHYR_BASE -fmacro-prefix-map=/home/marlar/movelt_success/firmware/zephyrproject=WEST_TOPDIR -ffunction-sections -fdata-sections /usr/bin/cmake --install /home/marlar/movelt_success/firmware/mcu_ws/build/libyaml_vendor
[4.515s] -- Install configuration: "Debug"
[4.516s] -- Up-to-date: /home/marlar/movelt_success/firmware/mcu_ws/install
[4.517s] -- Up-to-date: /home/marlar/movelt_success/firmware/mcu_ws/install/include
[4.521s] -- Installing: /home/marlar/movelt_success/firmware/mcu_ws/install/include/yaml.h
[4.522s] -- Up-to-date: /home/marlar/movelt_success/firmware/mcu_ws/install/lib
[4.522s] -- Installing: /home/marlar/movelt_success/firmware/mcu_ws/install/lib/libyaml.a
[4.523s] -- Installing: /home/marlar/movelt_success/firmware/mcu_ws/install/cmake
[4.523s] -- Installing: /home/marlar/movelt_success/firmware/mcu_ws/install/cmake/yamlConfig.cmake
[4.523s] -- Installing: /home/marlar/movelt_success/firmware/mcu_ws/install/cmake/yamlConfigVersion.cmake
[4.524s] -- Installing: /home/marlar/movelt_success/firmware/mcu_ws/install/cmake/yamlTargets.cmake
[4.524s] -- Installing: /home/marlar/movelt_success/firmware/mcu_ws/install/cmake/yamlTargets-debug.cmake
[4.525s] -- Installing: /home/marlar/movelt_success/firmware/mcu_ws/install/share/libyaml_vendor/environment/library_path.sh
[4.525s] -- Installing: /home/marlar/movelt_success/firmware/mcu_ws/install/share/libyaml_vendor/environment/library_path.dsv
[4.525s] -- Installing: /home/marlar/movelt_success/firmware/mcu_ws/install/share/ament_index/resource_index/package_run_dependencies/libyaml_vendor
[4.525s] -- Installing: /home/marlar/movelt_success/firmware/mcu_ws/install/share/ament_index/resource_index/parent_prefix_path/libyaml_vendor
[4.526s] -- Installing: /home/marlar/movelt_success/firmware/mcu_ws/install/share/libyaml_vendor/environment/ament_prefix_path.sh
[4.526s] -- Installing: /home/marlar/movelt_success/firmware/mcu_ws/install/share/libyaml_vendor/environment/ament_prefix_path.dsv
[4.526s] -- Installing: /home/marlar/movelt_success/firmware/mcu_ws/install/share/libyaml_vendor/environment/path.sh
[4.526s] -- Installing: /home/marlar/movelt_success/firmware/mcu_ws/install/share/libyaml_vendor/environment/path.dsv
[4.527s] -- Installing: /home/marlar/movelt_success/firmware/mcu_ws/install/share/libyaml_vendor/local_setup.bash
[4.527s] -- Installing: /home/marlar/movelt_success/firmware/mcu_ws/install/share/libyaml_vendor/local_setup.sh
[4.527s] -- Installing: /home/marlar/movelt_success/firmware/mcu_ws/install/share/libyaml_vendor/local_setup.zsh
[4.527s] -- Installing: /home/marlar/movelt_success/firmware/mcu_ws/install/share/libyaml_vendor/local_setup.dsv
[4.527s] -- Installing: /home/marlar/movelt_success/firmware/mcu_ws/install/share/libyaml_vendor/package.dsv
[4.527s] -- Installing: /home/marlar/movelt_success/firmware/mcu_ws/install/share/ament_index/resource_index/packages/libyaml_vendor
[4.528s] -- Installing: /home/marlar/movelt_success/firmware/mcu_ws/install/share/libyaml_vendor/cmake/libyaml_vendor-extras.cmake
[4.528s] -- Installing: /home/marlar/movelt_success/firmware/mcu_ws/install/share/libyaml_vendor/cmake/ament_cmake_export_libraries-extras.cmake
[4.528s] -- Installing: /home/marlar/movelt_success/firmware/mcu_ws/install/share/libyaml_vendor/cmake/ament_cmake_export_dependencies-extras.cmake
[4.528s] -- Installing: /home/marlar/movelt_success/firmware/mcu_ws/install/share/libyaml_vendor/cmake/libyaml_vendorConfig.cmake
[4.528s] -- Installing: /home/marlar/movelt_success/firmware/mcu_ws/install/share/libyaml_vendor/cmake/libyaml_vendorConfig-version.cmake
[4.529s] -- Installing: /home/marlar/movelt_success/firmware/mcu_ws/install/share/libyaml_vendor/package.xml
[4.529s] Invoked command in '/home/marlar/movelt_success/firmware/mcu_ws/build/libyaml_vendor' returned '0': CFLAGS=-I/home/marlar/movelt_success/firmware/zephyrproject/zephyr/include -I/home/marlar/movelt_success/firmware/build/zephyr/include/generated -I/home/marlar/movelt_success/firmware/zephyrproject/zephyr/soc/arm/st_stm32/stm32l4 -I/home/marlar/movelt_success/firmware/zephyrproject/zephyr/lib/libc/newlib/include -I/home/marlar/movelt_success/firmware/zephyrproject/zephyr/drivers -I/home/marlar/movelt_success/firmware/zephyrproject/zephyr/soc/arm/st_stm32/common/. -I/home/marlar/movelt_success/firmware/zephyrproject/zephyr/soc/arm/st_stm32/common -I/home/marlar/movelt_success/firmware/zephyrproject/modules/hal/cmsis/CMSIS/Core/Include -I/home/marlar/movelt_success/firmware/zephyrproject/modules/hal/st/sensor/vl53l0x/api/core/inc -I/home/marlar/movelt_success/firmware/zephyrproject/zephyr/drivers/sensor/vl53l0x -I/home/marlar/movelt_success/firmware/zephyrproject/modules/hal/stm32/stm32cube/stm32l4xx/soc -I/home/marlar/movelt_success/firmware/zephyrproject/modules/hal/stm32/stm32cube/stm32l4xx/drivers/include -I/home/marlar/movelt_success/firmware/zephyrproject/modules/hal/stm32/stm32cube/stm32l4xx/drivers/include/Legacy -I/home/marlar/movelt_success/firmware/zephyrproject/modules/hal/stm32/stm32cube/common_ll/include -DKERNEL -D__ZEPHYR__=1 -D_FORTIFY_SOURCE=2 -DBUILD_VERSION=zephyr-v2.5.0-611-g48321ef2525c -D__LINUX_ERRNO_EXTENSIONS__ -D__PROGRAM_START -DSTM32L475xx -DUSE_HAL_DRIVER -DUSE_FULL_LL_DRIVER -DCORE_CM4 -Os -imacros /home/marlar/movelt_success/firmware/build/zephyr/include/generated/autoconf.h -ffreestanding -fno-common -g -mcpu=cortex-m4 -mthumb -mabi=aapcs -imacros /home/marlar/movelt_success/firmware/zephyrproject/zephyr/include/toolchain/zephyr_stdint.h -Wall -Wformat -Wformat-security -Wno-format-zero-length -Wno-main -Wno-pointer-sign -Wpointer-arith -Wexpansion-to-defined -Wno-address-of-packed-member -Wno-unused-but-set-variable -Werror=implicit-int -fno-asynchronous-unwind-tables -fno-pie -fno-pic -fno-strict-overflow -fno-reorder-functions -fno-defer-pop -fmacro-prefix-map=/home/marlar/movelt_success/firmware/zephyr_apps/apps/attitude_estimator1=CMAKE_SOURCE_DIR -fmacro-prefix-map=/home/marlar/movelt_success/firmware/zephyrproject/zephyr=ZEPHYR_BASE -fmacro-prefix-map=/home/marlar/movelt_success/firmware/zephyrproject=WEST_TOPDIR -ffunction-sections -fdata-sections -std=c99 CMAKE_PREFIX_PATH=${CMAKE_PREFIX_PATH}:/home/marlar/movelt_success/firmware/dev_ws/install/ament_uncrustify:/home/marlar/movelt_success/firmware/dev_ws/install/domain_coordinator:/home/marlar/movelt_success/firmware/dev_ws/install/ament_xmllint:/home/marlar/movelt_success/firmware/dev_ws/install/ament_pyflakes:/home/marlar/movelt_success/firmware/dev_ws/install/ament_pycodestyle:/home/marlar/movelt_success/firmware/dev_ws/install/ament_pep257:/home/marlar/movelt_success/firmware/dev_ws/install/ament_pclint:/home/marlar/movelt_success/firmware/dev_ws/install/ament_package:/home/marlar/movelt_success/firmware/dev_ws/install/ament_mypy:/home/marlar/movelt_success/firmware/dev_ws/install/ament_lint_cmake:/home/marlar/movelt_success/firmware/dev_ws/install/ament_flake8:/home/marlar/movelt_success/firmware/dev_ws/install/ament_copyright:/home/marlar/movelt_success/firmware/dev_ws/install/ament_lint:/home/marlar/movelt_success/firmware/dev_ws/install/ament_index_python:/home/marlar/movelt_success/firmware/dev_ws/install/ament_cpplint:/home/marlar/movelt_success/firmware/dev_ws/install/ament_cppcheck:/home/marlar/movelt_success/firmware/dev_ws/install/ament_clang_tidy:/home/marlar/movelt_success/firmware/dev_ws/install/ament_clang_format CXXFLAGS=-I/home/marlar/movelt_success/firmware/zephyrproject/zephyr/include -I/home/marlar/movelt_success/firmware/build/zephyr/include/generated -I/home/marlar/movelt_success/firmware/zephyrproject/zephyr/soc/arm/st_stm32/stm32l4 -I/home/marlar/movelt_success/firmware/zephyrproject/zephyr/lib/libc/newlib/include -I/home/marlar/movelt_success/firmware/zephyrproject/zephyr/drivers -I/home/marlar/movelt_success/firmware/zephyrproject/zephyr/soc/arm/st_stm32/common/. -I/home/marlar/movelt_success/firmware/zephyrproject/zephyr/soc/arm/st_stm32/common -I/home/marlar/movelt_success/firmware/zephyrproject/modules/hal/cmsis/CMSIS/Core/Include -I/home/marlar/movelt_success/firmware/zephyrproject/modules/hal/st/sensor/vl53l0x/api/core/inc -I/home/marlar/movelt_success/firmware/zephyrproject/zephyr/drivers/sensor/vl53l0x -I/home/marlar/movelt_success/firmware/zephyrproject/modules/hal/stm32/stm32cube/stm32l4xx/soc -I/home/marlar/movelt_success/firmware/zephyrproject/modules/hal/stm32/stm32cube/stm32l4xx/drivers/include -I/home/marlar/movelt_success/firmware/zephyrproject/modules/hal/stm32/stm32cube/stm32l4xx/drivers/include/Legacy -I/home/marlar/movelt_success/firmware/zephyrproject/modules/hal/stm32/stm32cube/common_ll/include -DKERNEL -D__ZEPHYR__=1 -D_FORTIFY_SOURCE=2 -DBUILD_VERSION=zephyr-v2.5.0-611-g48321ef2525c -D__LINUX_ERRNO_EXTENSIONS__ -D__PROGRAM_START -DSTM32L475xx -DUSE_HAL_DRIVER -DUSE_FULL_LL_DRIVER -DCORE_CM4 -Os -fcheck-new -std=c++11 -Wno-register -fno-exceptions -fno-rtti -imacros /home/marlar/movelt_success/firmware/build/zephyr/include/generated/autoconf.h -ffreestanding -fno-common -g -mcpu=cortex-m4 -mthumb -mabi=aapcs -imacros /home/marlar/movelt_success/firmware/zephyrproject/zephyr/include/toolchain/zephyr_stdint.h -Wall -Wformat -Wformat-security -Wno-format-zero-length -Wno-main -Wpointer-arith -Wexpansion-to-defined -Wno-address-of-packed-member -Wno-unused-but-set-variable -fno-asynchronous-unwind-tables -fno-pie -fno-pic -fno-strict-overflow -fno-reorder-functions -fno-defer-pop -fmacro-prefix-map=/home/marlar/movelt_success/firmware/zephyr_apps/apps/attitude_estimator1=CMAKE_SOURCE_DIR -fmacro-prefix-map=/home/marlar/movelt_success/firmware/zephyrproject/zephyr=ZEPHYR_BASE -fmacro-prefix-map=/home/marlar/movelt_success/firmware/zephyrproject=WEST_TOPDIR -ffunction-sections -fdata-sections /usr/bin/cmake --install /home/marlar/movelt_success/firmware/mcu_ws/build/libyaml_vendor
