Compiling the C compiler identification source file "CMakeCCompilerId.c" failed.
Compiler: /home/nuc01/zephyr_microros_pingpong/firmware/zephyr-sdk/arm-zephyr-eabi/bin/arm-zephyr-eabi-gcc 
Build flags: 
Id flags:  

The output was:
1
/home/nuc01/zephyr_microros_pingpong/firmware/zephyr-sdk/arm-zephyr-eabi/bin/../lib/gcc/arm-zephyr-eabi/9.2.0/../../../../arm-zephyr-eabi/bin/ld: /home/nuc01/zephyr_microros_pingpong/firmware/zephyr-sdk/arm-zephyr-eabi/bin/../lib/gcc/arm-zephyr-eabi/9.2.0/../../../../arm-zephyr-eabi/lib/libc.a(lib_a-exit.o): in function `exit':
exit.c:(.text.exit+0x60): undefined reference to `_exit'
collect2: error: ld returned 1 exit status


Compiling the CXX compiler identification source file "CMakeCXXCompilerId.cpp" failed.
Compiler: /home/nuc01/zephyr_microros_pingpong/firmware/zephyr-sdk/arm-zephyr-eabi/bin/arm-zephyr-eabi-g++ 
Build flags: 
Id flags:  

The output was:
1
/home/nuc01/zephyr_microros_pingpong/firmware/zephyr-sdk/arm-zephyr-eabi/bin/../lib/gcc/arm-zephyr-eabi/9.2.0/../../../../arm-zephyr-eabi/bin/ld: /home/nuc01/zephyr_microros_pingpong/firmware/zephyr-sdk/arm-zephyr-eabi/bin/../lib/gcc/arm-zephyr-eabi/9.2.0/../../../../arm-zephyr-eabi/lib/libc.a(lib_a-exit.o): in function `exit':
exit.c:(.text.exit+0x60): undefined reference to `_exit'
collect2: error: ld returned 1 exit status


Performing C++ SOURCE FILE Test check_mstack_protector_guard_global_CXX__nostartfiles__nostdlib__isystem___home_nuc01_zephyr_microros_pingpong_firmware_zephyr_sdk_arm_zephyr_eabi_bin____lib_gcc_arm_zephyr_eabi_9_2_0_include___isystem___home_nuc01_zephyr_microros_pingpong_firmware_zephyr_sdk_arm_zephyr_eabi_bin____lib_gcc_arm_zephyr_eabi_9_2_0_include_fixed___Wl___unresolved_symbols_ignore_in_object_files__Wl___entry_0 failed with the following output:
Change Dir: /home/nuc01/zephyr_microros_pingpong/firmware/build/CMakeFiles/CMakeTmp

Run Build Command(s):/usr/bin/make cmTC_52cf9/fast && /usr/bin/make  -f CMakeFiles/cmTC_52cf9.dir/build.make CMakeFiles/cmTC_52cf9.dir/build
make[1]: Entering directory '/home/nuc01/zephyr_microros_pingpong/firmware/build/CMakeFiles/CMakeTmp'
Building CXX object CMakeFiles/cmTC_52cf9.dir/src.cxx.obj
/home/nuc01/zephyr_microros_pingpong/firmware/zephyr-sdk/arm-zephyr-eabi/bin/arm-zephyr-eabi-g++ -Dcheck_mstack_protector_guard_global_CXX__nostartfiles__nostdlib__isystem___home_nuc01_zephyr_microros_pingpong_firmware_zephyr_sdk_arm_zephyr_eabi_bin____lib_gcc_arm_zephyr_eabi_9_2_0_include___isystem___home_nuc01_zephyr_microros_pingpong_firmware_zephyr_sdk_arm_zephyr_eabi_bin____lib_gcc_arm_zephyr_eabi_9_2_0_include_fixed___Wl___unresolved_symbols_ignore_in_object_files__Wl___entry_0  -nostartfiles -nostdlib -isystem "/home/nuc01/zephyr_microros_pingpong/firmware/zephyr-sdk/arm-zephyr-eabi/bin/../lib/gcc/arm-zephyr-eabi/9.2.0/include" -isystem "/home/nuc01/zephyr_microros_pingpong/firmware/zephyr-sdk/arm-zephyr-eabi/bin/../lib/gcc/arm-zephyr-eabi/9.2.0/include-fixed" -Wl,--unresolved-symbols=ignore-in-object-files -Wl,--entry=0   -mstack-protector-guard=global -o CMakeFiles/cmTC_52cf9.dir/src.cxx.obj -c /home/nuc01/zephyr_microros_pingpong/firmware/build/CMakeFiles/CMakeTmp/src.cxx
arm-zephyr-eabi-g++: error: unrecognized command line option '-mstack-protector-guard=global'; did you mean '-fstack-protector-all'?
make[1]: *** [CMakeFiles/cmTC_52cf9.dir/build.make:85: CMakeFiles/cmTC_52cf9.dir/src.cxx.obj] Error 1
make[1]: Leaving directory '/home/nuc01/zephyr_microros_pingpong/firmware/build/CMakeFiles/CMakeTmp'
make: *** [Makefile:140: cmTC_52cf9/fast] Error 2


Source file was:
int main() { return 0; }
Performing C SOURCE FILE Test check_mstack_protector_guard_global_C__nostartfiles__nostdlib__isystem___home_nuc01_zephyr_microros_pingpong_firmware_zephyr_sdk_arm_zephyr_eabi_bin____lib_gcc_arm_zephyr_eabi_9_2_0_include___isystem___home_nuc01_zephyr_microros_pingpong_firmware_zephyr_sdk_arm_zephyr_eabi_bin____lib_gcc_arm_zephyr_eabi_9_2_0_include_fixed___Wl___unresolved_symbols_ignore_in_object_files__Wl___entry_0 failed with the following output:
Change Dir: /home/nuc01/zephyr_microros_pingpong/firmware/build/CMakeFiles/CMakeTmp

Run Build Command(s):/usr/bin/make cmTC_3e55f/fast && /usr/bin/make  -f CMakeFiles/cmTC_3e55f.dir/build.make CMakeFiles/cmTC_3e55f.dir/build
make[1]: Entering directory '/home/nuc01/zephyr_microros_pingpong/firmware/build/CMakeFiles/CMakeTmp'
Building C object CMakeFiles/cmTC_3e55f.dir/src.c.obj
/home/nuc01/zephyr_microros_pingpong/firmware/zephyr-sdk/arm-zephyr-eabi/bin/arm-zephyr-eabi-gcc -Dcheck_mstack_protector_guard_global_C__nostartfiles__nostdlib__isystem___home_nuc01_zephyr_microros_pingpong_firmware_zephyr_sdk_arm_zephyr_eabi_bin____lib_gcc_arm_zephyr_eabi_9_2_0_include___isystem___home_nuc01_zephyr_microros_pingpong_firmware_zephyr_sdk_arm_zephyr_eabi_bin____lib_gcc_arm_zephyr_eabi_9_2_0_include_fixed___Wl___unresolved_symbols_ignore_in_object_files__Wl___entry_0  -nostartfiles -nostdlib -isystem "/home/nuc01/zephyr_microros_pingpong/firmware/zephyr-sdk/arm-zephyr-eabi/bin/../lib/gcc/arm-zephyr-eabi/9.2.0/include" -isystem "/home/nuc01/zephyr_microros_pingpong/firmware/zephyr-sdk/arm-zephyr-eabi/bin/../lib/gcc/arm-zephyr-eabi/9.2.0/include-fixed" -Wl,--unresolved-symbols=ignore-in-object-files -Wl,--entry=0   -mstack-protector-guard=global -o CMakeFiles/cmTC_3e55f.dir/src.c.obj -c /home/nuc01/zephyr_microros_pingpong/firmware/build/CMakeFiles/CMakeTmp/src.c
arm-zephyr-eabi-gcc: error: unrecognized command line option '-mstack-protector-guard=global'; did you mean '-fstack-protector-all'?
make[1]: *** [CMakeFiles/cmTC_3e55f.dir/build.make:85: CMakeFiles/cmTC_3e55f.dir/src.c.obj] Error 1
make[1]: Leaving directory '/home/nuc01/zephyr_microros_pingpong/firmware/build/CMakeFiles/CMakeTmp'
make: *** [Makefile:140: cmTC_3e55f/fast] Error 2


Source file was:
int main(void) { return 0; }
Performing C SOURCE FILE Test check_C__nostartfiles__nostdlib__isystem___home_nuc01_zephyr_microros_pingpong_firmware_zephyr_sdk_arm_zephyr_eabi_bin____lib_gcc_arm_zephyr_eabi_9_2_0_include___isystem___home_nuc01_zephyr_microros_pingpong_firmware_zephyr_sdk_arm_zephyr_eabi_bin____lib_gcc_arm_zephyr_eabi_9_2_0_include_fixed___Wl___unresolved_symbols_ignore_in_object_files__Wl___entry_0__lasan failed with the following output:
Change Dir: /home/nuc01/zephyr_microros_pingpong/firmware/build/CMakeFiles/CMakeTmp

Run Build Command(s):/usr/bin/make cmTC_38222/fast && /usr/bin/make  -f CMakeFiles/cmTC_38222.dir/build.make CMakeFiles/cmTC_38222.dir/build
make[1]: Entering directory '/home/nuc01/zephyr_microros_pingpong/firmware/build/CMakeFiles/CMakeTmp'
Building C object CMakeFiles/cmTC_38222.dir/src.c.obj
/home/nuc01/zephyr_microros_pingpong/firmware/zephyr-sdk/arm-zephyr-eabi/bin/arm-zephyr-eabi-gcc -Dcheck_C__nostartfiles__nostdlib__isystem___home_nuc01_zephyr_microros_pingpong_firmware_zephyr_sdk_arm_zephyr_eabi_bin____lib_gcc_arm_zephyr_eabi_9_2_0_include___isystem___home_nuc01_zephyr_microros_pingpong_firmware_zephyr_sdk_arm_zephyr_eabi_bin____lib_gcc_arm_zephyr_eabi_9_2_0_include_fixed___Wl___unresolved_symbols_ignore_in_object_files__Wl___entry_0__lasan  -nostartfiles -nostdlib -isystem "/home/nuc01/zephyr_microros_pingpong/firmware/zephyr-sdk/arm-zephyr-eabi/bin/../lib/gcc/arm-zephyr-eabi/9.2.0/include" -isystem "/home/nuc01/zephyr_microros_pingpong/firmware/zephyr-sdk/arm-zephyr-eabi/bin/../lib/gcc/arm-zephyr-eabi/9.2.0/include-fixed" -Wl,--unresolved-symbols=ignore-in-object-files -Wl,--entry=0 -lasan -o CMakeFiles/cmTC_38222.dir/src.c.obj -c /home/nuc01/zephyr_microros_pingpong/firmware/build/CMakeFiles/CMakeTmp/src.c
Linking C executable cmTC_38222
/usr/bin/cmake -E cmake_link_script CMakeFiles/cmTC_38222.dir/link.txt --verbose=1
/home/nuc01/zephyr_microros_pingpong/firmware/zephyr-sdk/arm-zephyr-eabi/bin/arm-zephyr-eabi-gcc  -nostartfiles -nostdlib -isystem "/home/nuc01/zephyr_microros_pingpong/firmware/zephyr-sdk/arm-zephyr-eabi/bin/../lib/gcc/arm-zephyr-eabi/9.2.0/include" -isystem "/home/nuc01/zephyr_microros_pingpong/firmware/zephyr-sdk/arm-zephyr-eabi/bin/../lib/gcc/arm-zephyr-eabi/9.2.0/include-fixed" -Wl,--unresolved-symbols=ignore-in-object-files -Wl,--entry=0 -lasan CMakeFiles/cmTC_38222.dir/src.c.obj -o cmTC_38222 
/home/nuc01/zephyr_microros_pingpong/firmware/zephyr-sdk/arm-zephyr-eabi/bin/../lib/gcc/arm-zephyr-eabi/9.2.0/../../../../arm-zephyr-eabi/bin/ld: cannot find -lasan
collect2: error: ld returned 1 exit status
make[1]: *** [CMakeFiles/cmTC_38222.dir/build.make:106: cmTC_38222] Error 1
make[1]: Leaving directory '/home/nuc01/zephyr_microros_pingpong/firmware/build/CMakeFiles/CMakeTmp'
make: *** [Makefile:140: cmTC_38222/fast] Error 2


Source file was:
int main(void) { return 0; }
