[0.089s] Invoking command in '/home/marlar/movelt_success/build/geometric_shapes': CMAKE_PREFIX_PATH=${CMAKE_PREFIX_PATH}:/opt/ros/foxy /usr/bin/cmake /home/marlar/movelt_success/geometric_shapes -DCMAKE_BUILD_TYPE=Release -DCMAKE_INSTALL_PREFIX=/home/marlar/movelt_success/install/geometric_shapes
[0.167s] -- The C compiler identification is GNU 9.3.0
[0.241s] -- The CXX compiler identification is GNU 9.3.0
[0.250s] -- Detecting C compiler ABI info
[0.313s] -- Detecting C compiler ABI info - done
[0.324s] -- Check for working C compiler: /usr/bin/cc - skipped
[0.324s] -- Detecting C compile features
[0.324s] -- Detecting C compile features - done
[0.327s] -- Detecting CXX compiler ABI info
[0.409s] -- Detecting CXX compiler ABI info - done
[0.421s] -- Check for working CXX compiler: /usr/bin/c++ - skipped
[0.422s] -- Detecting CXX compile features
[0.422s] -- Detecting CXX compile features - done
[0.431s] -- Found rclcpp: 2.3.0 (/opt/ros/foxy/share/rclcpp/cmake)
[0.465s] -- Found PythonInterp: /usr/bin/python3 (found suitable version "3.8.5", minimum required is "3") 
[0.465s] -- Using PYTHON_EXECUTABLE: /usr/bin/python3
[0.742s] -- Using all available rosidl_typesupport_c: rosidl_typesupport_microxrcedds_c;rosidl_typesupport_fastrtps_c;rosidl_typesupport_introspection_c
[0.748s] -- Found rosidl_adapter: 1.2.0 (/opt/ros/foxy/share/rosidl_adapter/cmake)
[0.836s] -- Found OpenSSL: /usr/lib/x86_64-linux-gnu/libcrypto.so (found version "1.1.1f")  
[0.867s] -- Found FastRTPS: /home/marlar/movelt_success/install/microxrcedds_agent/include  
[0.940s] -- Using all available rosidl_typesupport_cpp: rosidl_typesupport_fastrtps_cpp;rosidl_typesupport_introspection_cpp
[0.984s] -- Found rmw_implementation_cmake: 1.0.2 (/opt/ros/foxy/share/rmw_implementation_cmake/cmake)
[0.986s] -- Using RMW implementation 'rmw_fastrtps_cpp' as default
[0.986s] -- Looking for pthread.h
[1.042s] -- Looking for pthread.h - found
[1.043s] -- Performing Test CMAKE_HAVE_LIBC_PTHREAD
[1.121s] -- Performing Test CMAKE_HAVE_LIBC_PTHREAD - Failed
[1.121s] -- Looking for pthread_create in pthreads
[1.162s] -- Looking for pthread_create in pthreads - not found
[1.162s] -- Looking for pthread_create in pthread
[1.223s] -- Looking for pthread_create in pthread - found
[1.224s] -- Found Threads: TRUE  
[1.391s] -- Found Boost: /usr/lib/x86_64-linux-gnu/cmake/Boost-1.71.0/BoostConfig.cmake (found version "1.71.0") found components: filesystem 
[1.393s] -- Found console_bridge_vendor: 1.2.3 (/opt/ros/foxy/share/console_bridge_vendor/cmake)
[1.397s] -- Found eigen3_cmake_module: 0.1.1 (/opt/ros/foxy/share/eigen3_cmake_module/cmake)
[1.402s] -- Found Eigen3: TRUE (found version "3.3.7") 
[1.407s] -- Found eigen_stl_containers: 1.0.0 (/opt/ros/foxy/share/eigen_stl_containers/cmake)
[1.410s] -- Found random_numbers: 2.0.0 (/opt/ros/foxy/share/random_numbers/cmake)
[1.415s] -- Found resource_retriever: 2.3.4 (/opt/ros/foxy/share/resource_retriever/cmake)
[1.528s] -- library: /usr/lib/x86_64-linux-gnu/libcurl.so
[1.531s] -- Found shape_msgs: 2.0.3 (/opt/ros/foxy/share/shape_msgs/cmake)
[1.623s] -- Found visualization_msgs: 2.0.3 (/opt/ros/foxy/share/visualization_msgs/cmake)
[1.688s] -- Found QHULL: /usr/lib/x86_64-linux-gnu/libqhull_r.so  
[1.688s] -- QHULL found (include: /usr/include/libqhull_r, lib: optimized;/usr/lib/x86_64-linux-gnu/libqhull_r.so;debug;/usr/lib/x86_64-linux-gnu/libqhull_r.so)
[1.758s] -- Found ament_cmake_gtest: 0.9.8 (/opt/ros/foxy/share/ament_cmake_gtest/cmake)
[1.763s] -- Found gtest sources under '/opt/ros/foxy/src/gtest_vendor': C++ tests using 'Google Test' will be built
[1.765s] CMake Deprecation Warning at /opt/ros/foxy/src/gtest_vendor/CMakeLists.txt:2 (cmake_minimum_required):
[1.765s]   Compatibility with CMake < 2.8.12 will be removed from a future version of
[1.765s]   CMake.
[1.765s] 
[1.765s]   Update the VERSION argument <min> value or use a ...<max> suffix to tell
[1.765s]   CMake that the project does not need compatibility with older versions.
[1.766s] 
[1.766s] 
[1.766s] -- Check if compiler accepts -pthread
[1.848s] -- Check if compiler accepts -pthread - yes
[1.871s] -- Configuring done
[1.923s] -- Generating done
[1.925s] -- Build files have been written to: /home/marlar/movelt_success/build/geometric_shapes
