CMake Warning at /home/nuc01/zephyr_microros_pingpong/firmware/mcu_ws/install/share/rcutils/cmake/ament_cmake_export_libraries-extras.cmake:116 (message):
  Package 'rcutils' exports library 'dl' which couldn't be found
Call Stack (most recent call first):
  /home/nuc01/zephyr_microros_pingpong/firmware/mcu_ws/install/share/rcutils/cmake/rcutilsConfig.cmake:41 (include)
  /home/nuc01/zephyr_microros_pingpong/firmware/mcu_ws/install/share/rosidl_runtime_c/cmake/ament_cmake_export_dependencies-extras.cmake:21 (find_package)
  /home/nuc01/zephyr_microros_pingpong/firmware/mcu_ws/install/share/rosidl_runtime_c/cmake/rosidl_runtime_cConfig.cmake:41 (include)
  /home/nuc01/zephyr_microros_pingpong/firmware/mcu_ws/install/share/builtin_interfaces/cmake/ament_cmake_export_dependencies-extras.cmake:21 (find_package)
  /home/nuc01/zephyr_microros_pingpong/firmware/mcu_ws/install/share/builtin_interfaces/cmake/builtin_interfacesConfig.cmake:41 (include)
  /home/nuc01/zephyr_microros_pingpong/firmware/mcu_ws/install/share/rcl_interfaces/cmake/ament_cmake_export_dependencies-extras.cmake:21 (find_package)
  /home/nuc01/zephyr_microros_pingpong/firmware/mcu_ws/install/share/rcl_interfaces/cmake/rcl_interfacesConfig.cmake:41 (include)
  /home/nuc01/zephyr_microros_pingpong/firmware/mcu_ws/install/share/rcl/cmake/ament_cmake_export_dependencies-extras.cmake:21 (find_package)
  /home/nuc01/zephyr_microros_pingpong/firmware/mcu_ws/install/share/rcl/cmake/rclConfig.cmake:41 (include)
  CMakeLists.txt:31 (find_package)


CMake Warning:
  Manually-specified variables were not used by the project:

    THIRDPARTY


In file included from [01m[K/home/nuc01/zephyr_microros_pingpong/firmware/mcu_ws/uros/rclc/rclc/src/rclc/timer.c:20[m[K:
[01m[K/home/nuc01/zephyr_microros_pingpong/firmware/mcu_ws/uros/rclc/rclc/src/rclc/timer.c:[m[K In function '[01m[Krclc_timer_init_default[m[K':
[01m[K/home/nuc01/zephyr_microros_pingpong/firmware/mcu_ws/uros/rclc/rclc/src/rclc/timer.c:45:22:[m[K [01;35m[Kwarning: [m[Kformat '[01m[K%ld[m[K' expects argument of type '[01m[Klong int[m[K', but argument 5 has type '[01m[Klong long unsigned int[m[K' [[01;35m[K-Wformat=[m[K]
   45 |     RCUTILS_LOG_INFO([01;35m[K"Created a timer with period %ld ms.\n"[m[K, [32m[Ktimeout_ns / 1000000[m[K);
      |                      [01;35m[K^~~~~~~~~~~~~~~~~~~~~~~~~~~~~~~~~~~~~~~[m[K  [32m[K~~~~~~~~~~~~~~~~~~~~[m[K
      |                                                                          [32m[K|[m[K
      |                                                                          [32m[Klong long unsigned int[m[K
[01m[K/home/nuc01/zephyr_microros_pingpong/firmware/mcu_ws/uros/rclc/rclc/src/rclc/timer.c:45:53:[m[K [01;36m[Knote: [m[Kformat string is defined here
   45 |     RCUTILS_LOG_INFO("Created a timer with period [01;36m[K%ld[m[K ms.\n", timeout_ns / 1000000);
      |                                                   [01;36m[K~~^[m[K
      |                                                     [01;36m[K|[m[K
      |                                                     [01;36m[Klong int[m[K
      |                                                   [32m[K%lld[m[K
In file included from [01m[K/home/nuc01/zephyr_microros_pingpong/firmware/zephyrproject/zephyr/include/toolchain.h:41[m[K,
                 from [01m[K/home/nuc01/zephyr_microros_pingpong/firmware/zephyrproject/zephyr/include/kernel_includes.h:19[m[K,
                 from [01m[K/home/nuc01/zephyr_microros_pingpong/firmware/zephyrproject/zephyr/include/kernel.h:17[m[K,
                 from [01m[K/home/nuc01/zephyr_microros_pingpong/firmware/zephyr_apps/microros_extensions/../../zephyrproject/zephyr/include/posix/posix_types.h:14[m[K,
                 from [01m[K/home/nuc01/zephyr_microros_pingpong/firmware/zephyr_apps/microros_extensions/../../zephyrproject/zephyr/include/posix/unistd.h:9[m[K,
                 from [01m[K/home/nuc01/zephyr_microros_pingpong/firmware/mcu_ws/uros/rclc/rclc/src/rclc/executor.c:19[m[K:
[01m[K/home/nuc01/zephyr_microros_pingpong/firmware/zephyrproject/zephyr/include/toolchain/gcc.h:62:31:[m[K [01;35m[Kwarning: [m[KISO C does not permit named variadic macros [[01;35m[K-Wvariadic-macros[m[K]
   62 | #define BUILD_ASSERT(EXPR, MSG[01;35m[K...[m[K) _Static_assert(EXPR, "" MSG)
      |                               [01;35m[K^~~[m[K
In file included from [01m[K/home/nuc01/zephyr_microros_pingpong/firmware/zephyr_apps/microros_extensions/../../zephyrproject/zephyr/include/posix/posix_types.h:14[m[K,
                 from [01m[K/home/nuc01/zephyr_microros_pingpong/firmware/zephyr_apps/microros_extensions/../../zephyrproject/zephyr/include/posix/unistd.h:9[m[K,
                 from [01m[K/home/nuc01/zephyr_microros_pingpong/firmware/mcu_ws/uros/rclc/rclc/src/rclc/executor.c:19[m[K:
[01m[K/home/nuc01/zephyr_microros_pingpong/firmware/zephyrproject/zephyr/include/kernel.h:1633:13:[m[K [01;35m[Kwarning: [m[Kextra semicolon in struct or union specified [[01;35m[K-Wpedantic[m[K]
 1633 |  _POLL_EVENT[01;35m[K;[m[K
      |             [01;35m[K^[m[K
      |             [31m[K-[m[K
[01m[K/home/nuc01/zephyr_microros_pingpong/firmware/zephyrproject/zephyr/include/kernel.h:[m[K In function '[01m[Kk_delayed_work_init[m[K':
[01m[K/home/nuc01/zephyr_microros_pingpong/firmware/zephyrproject/zephyr/include/kernel.h:2714:12:[m[K [01;35m[Kwarning: [m[KISO C forbids empty initializer braces [[01;35m[K-Wpedantic[m[K]
 2714 |    .node = [01;35m[K{[m[K},\
      |            [01;35m[K^[m[K
[01m[K/home/nuc01/zephyr_microros_pingpong/firmware/zephyrproject/zephyr/include/kernel.h:2749:33:[m[K [01;36m[Knote: [m[Kin expansion of macro '[01m[KZ_DELAYED_WORK_INITIALIZER[m[K'
 2749 |  *work = (struct k_delayed_work)[01;36m[KZ_DELAYED_WORK_INITIALIZER[m[K(handler);
      |                                 [01;36m[K^~~~~~~~~~~~~~~~~~~~~~~~~~[m[K
[01m[K/home/nuc01/zephyr_microros_pingpong/firmware/zephyrproject/zephyr/include/kernel.h:[m[K At top level:
[01m[K/home/nuc01/zephyr_microros_pingpong/firmware/zephyrproject/zephyr/include/kernel.h:3259:13:[m[K [01;35m[Kwarning: [m[Kextra semicolon in struct or union specified [[01;35m[K-Wpedantic[m[K]
 3259 |  _POLL_EVENT[01;35m[K;[m[K
      |             [01;35m[K^[m[K
      |             [31m[K-[m[K
In file included from [01m[K/home/nuc01/zephyr_microros_pingpong/firmware/mcu_ws/uros/rclc/rclc/include/rclc/executor.h:28[m[K,
                 from [01m[K/home/nuc01/zephyr_microros_pingpong/firmware/mcu_ws/uros/rclc/rclc/src/rclc/executor.c:17[m[K:
[01m[K/home/nuc01/zephyr_microros_pingpong/firmware/mcu_ws/uros/rclc/rclc/src/rclc/executor.c:[m[K In function '[01m[Krclc_executor_spin_some[m[K':
[01m[K/home/nuc01/zephyr_microros_pingpong/firmware/mcu_ws/uros/rclc/rclc/src/rclc/executor.c:893:13:[m[K [01;35m[Kwarning: [m[Kformat '[01m[K%ld[m[K' expects argument of type '[01m[Klong int[m[K', but argument 5 has type '[01m[Ksize_t[m[K' {aka '[01m[Kunsigned int[m[K'} [[01;35m[K-Wformat=[m[K]
  893 |             [01;35m[K"Subscription added to wait_set_subscription[%ld]"[m[K,
      |             [01;35m[K^~~~~~~~~~~~~~~~~~~~~~~~~~~~~~~~~~~~~~~~~~~~~~~~~~[m[K
  894 |             [32m[Kexecutor->handles[i].index[m[K);
      |             [32m[K~~~~~~~~~~~~~~~~~~~~~~~~~~[m[K
      |                                 [32m[K|[m[K
      |                                 [32m[Ksize_t {aka unsigned int}[m[K
[01m[K/home/nuc01/zephyr_microros_pingpong/firmware/mcu_ws/uros/rclc/rclc/src/rclc/executor.c:893:60:[m[K [01;36m[Knote: [m[Kformat string is defined here
  893 |             "Subscription added to wait_set_subscription[[01;36m[K%ld[m[K]",
      |                                                          [01;36m[K~~^[m[K
      |                                                            [01;36m[K|[m[K
      |                                                            [01;36m[Klong int[m[K
      |                                                          [32m[K%d[m[K
In file included from [01m[K/home/nuc01/zephyr_microros_pingpong/firmware/mcu_ws/uros/rclc/rclc/include/rclc/executor.h:28[m[K,
                 from [01m[K/home/nuc01/zephyr_microros_pingpong/firmware/mcu_ws/uros/rclc/rclc/src/rclc/executor.c:17[m[K:
[01m[K/home/nuc01/zephyr_microros_pingpong/firmware/mcu_ws/uros/rclc/rclc/src/rclc/executor.c:908:31:[m[K [01;35m[Kwarning: [m[Kformat '[01m[K%ld[m[K' expects argument of type '[01m[Klong int[m[K', but argument 5 has type '[01m[Ksize_t[m[K' {aka '[01m[Kunsigned int[m[K'} [[01;35m[K-Wformat=[m[K]
  908 |             ROS_PACKAGE_NAME, [01;35m[K"Timer added to wait_set_timers[%ld]"[m[K,
      |                               [01;35m[K^~~~~~~~~~~~~~~~~~~~~~~~~~~~~~~~~~~~~[m[K
  909 |             [32m[Kexecutor->handles[i].index[m[K);
      |             [32m[K~~~~~~~~~~~~~~~~~~~~~~~~~~[m[K
      |                                 [32m[K|[m[K
      |                                 [32m[Ksize_t {aka unsigned int}[m[K
[01m[K/home/nuc01/zephyr_microros_pingpong/firmware/mcu_ws/uros/rclc/rclc/src/rclc/executor.c:908:65:[m[K [01;36m[Knote: [m[Kformat string is defined here
  908 |             ROS_PACKAGE_NAME, "Timer added to wait_set_timers[[01;36m[K%ld[m[K]",
      |                                                               [01;36m[K~~^[m[K
      |                                                                 [01;36m[K|[m[K
      |                                                                 [01;36m[Klong int[m[K
      |                                                               [32m[K%d[m[K
In file included from [01m[K/home/nuc01/zephyr_microros_pingpong/firmware/mcu_ws/uros/rclc/rclc/include/rclc/executor.h:28[m[K,
                 from [01m[K/home/nuc01/zephyr_microros_pingpong/firmware/mcu_ws/uros/rclc/rclc/src/rclc/executor.c:17[m[K:
[01m[K/home/nuc01/zephyr_microros_pingpong/firmware/mcu_ws/uros/rclc/rclc/src/rclc/executor.c:923:31:[m[K [01;35m[Kwarning: [m[Kformat '[01m[K%ld[m[K' expects argument of type '[01m[Klong int[m[K', but argument 5 has type '[01m[Ksize_t[m[K' {aka '[01m[Kunsigned int[m[K'} [[01;35m[K-Wformat=[m[K]
  923 |             ROS_PACKAGE_NAME, [01;35m[K"Service added to wait_set_service[%ld]"[m[K,
      |                               [01;35m[K^~~~~~~~~~~~~~~~~~~~~~~~~~~~~~~~~~~~~~~~[m[K
  924 |             [32m[Kexecutor->handles[i].index[m[K);
      |             [32m[K~~~~~~~~~~~~~~~~~~~~~~~~~~[m[K
      |                                 [32m[K|[m[K
      |                                 [32m[Ksize_t {aka unsigned int}[m[K
[01m[K/home/nuc01/zephyr_microros_pingpong/firmware/mcu_ws/uros/rclc/rclc/src/rclc/executor.c:923:68:[m[K [01;36m[Knote: [m[Kformat string is defined here
  923 |             ROS_PACKAGE_NAME, "Service added to wait_set_service[[01;36m[K%ld[m[K]",
      |                                                                  [01;36m[K~~^[m[K
      |                                                                    [01;36m[K|[m[K
      |                                                                    [01;36m[Klong int[m[K
      |                                                                  [32m[K%d[m[K
In file included from [01m[K/home/nuc01/zephyr_microros_pingpong/firmware/mcu_ws/uros/rclc/rclc/include/rclc/executor.h:28[m[K,
                 from [01m[K/home/nuc01/zephyr_microros_pingpong/firmware/mcu_ws/uros/rclc/rclc/src/rclc/executor.c:17[m[K:
[01m[K/home/nuc01/zephyr_microros_pingpong/firmware/mcu_ws/uros/rclc/rclc/src/rclc/executor.c:939:31:[m[K [01;35m[Kwarning: [m[Kformat '[01m[K%ld[m[K' expects argument of type '[01m[Klong int[m[K', but argument 5 has type '[01m[Ksize_t[m[K' {aka '[01m[Kunsigned int[m[K'} [[01;35m[K-Wformat=[m[K]
  939 |             ROS_PACKAGE_NAME, [01;35m[K"Client added to wait_set_client[%ld]"[m[K,
      |                               [01;35m[K^~~~~~~~~~~~~~~~~~~~~~~~~~~~~~~~~~~~~~[m[K
  940 |             [32m[Kexecutor->handles[i].index[m[K);
      |             [32m[K~~~~~~~~~~~~~~~~~~~~~~~~~~[m[K
      |                                 [32m[K|[m[K
      |                                 [32m[Ksize_t {aka unsigned int}[m[K
[01m[K/home/nuc01/zephyr_microros_pingpong/firmware/mcu_ws/uros/rclc/rclc/src/rclc/executor.c:939:66:[m[K [01;36m[Knote: [m[Kformat string is defined here
  939 |             ROS_PACKAGE_NAME, "Client added to wait_set_client[[01;36m[K%ld[m[K]",
      |                                                                [01;36m[K~~^[m[K
      |                                                                  [01;36m[K|[m[K
      |                                                                  [01;36m[Klong int[m[K
      |                                                                [32m[K%d[m[K
In file included from [01m[K/home/nuc01/zephyr_microros_pingpong/firmware/mcu_ws/uros/rclc/rclc/include/rclc/executor.h:28[m[K,
                 from [01m[K/home/nuc01/zephyr_microros_pingpong/firmware/mcu_ws/uros/rclc/rclc/src/rclc/executor.c:17[m[K:
[01m[K/home/nuc01/zephyr_microros_pingpong/firmware/mcu_ws/uros/rclc/rclc/src/rclc/executor.c:954:31:[m[K [01;35m[Kwarning: [m[Kformat '[01m[K%ld[m[K' expects argument of type '[01m[Klong int[m[K', but argument 5 has type '[01m[Ksize_t[m[K' {aka '[01m[Kunsigned int[m[K'} [[01;35m[K-Wformat=[m[K]
  954 |             ROS_PACKAGE_NAME, [01;35m[K"Guard_condition added to wait_set_client[%ld]"[m[K,
      |                               [01;35m[K^~~~~~~~~~~~~~~~~~~~~~~~~~~~~~~~~~~~~~~~~~~~~~~[m[K
  955 |             [32m[Kexecutor->handles[i].index[m[K);
      |             [32m[K~~~~~~~~~~~~~~~~~~~~~~~~~~[m[K
      |                                 [32m[K|[m[K
      |                                 [32m[Ksize_t {aka unsigned int}[m[K
[01m[K/home/nuc01/zephyr_microros_pingpong/firmware/mcu_ws/uros/rclc/rclc/src/rclc/executor.c:954:75:[m[K [01;36m[Knote: [m[Kformat string is defined here
  954 |             ROS_PACKAGE_NAME, "Guard_condition added to wait_set_client[[01;36m[K%ld[m[K]",
      |                                                                         [01;36m[K~~^[m[K
      |                                                                           [01;36m[K|[m[K
      |                                                                           [01;36m[Klong int[m[K
      |                                                                         [32m[K%d[m[K
[01m[K/home/nuc01/zephyr_microros_pingpong/firmware/mcu_ws/uros/rclc/rclc/src/rclc/executor.c:[m[K In function '[01m[Krclc_executor_spin[m[K':
[01m[K/home/nuc01/zephyr_microros_pingpong/firmware/mcu_ws/uros/rclc/rclc/src/rclc/executor.c:998:36:[m[K [01;35m[Kwarning: [m[Kformat '[01m[K%ld[m[K' expects argument of type '[01m[Klong int[m[K', but argument 2 has type '[01m[Kuint64_t[m[K' {aka '[01m[Klong long unsigned int[m[K'} [[01;35m[K-Wformat=[m[K]
  998 |   printf("INFO: rcl_wait timeout [01;35m[K%ld[m[K ms\n", [32m[K((executor->timeout_ns / 1000) / 1000)[m[K);
      |                                  [01;35m[K~~^[m[K        [32m[K~~~~~~~~~~~~~~~~~~~~~~~~~~~~~~~~~~~~~~[m[K
      |                                    [01;35m[K|[m[K                                       [32m[K|[m[K
      |                                    [01;35m[Klong int[m[K                                [32m[Kuint64_t {aka long long unsigned int}[m[K
      |                                  [32m[K%lld[m[K
