-- The C compiler identification is GNU 9.2.0
-- The CXX compiler identification is GNU 9.2.0
-- Detecting C compiler ABI info
-- Detecting C compiler ABI info - done
-- Check for working C compiler: /home/nuc01/zephyr_microros_pingpong/firmware/zephyr-sdk/arm-zephyr-eabi/bin/arm-zephyr-eabi-gcc - skipped
-- Detecting C compile features
-- Detecting C compile features - done
-- Detecting CXX compiler ABI info
-- Detecting CXX compiler ABI info - done
-- Check for working CXX compiler: /home/nuc01/zephyr_microros_pingpong/firmware/zephyr-sdk/arm-zephyr-eabi/bin/arm-zephyr-eabi-g++ - skipped
-- Detecting CXX compile features
-- Detecting CXX compile features - done
-- Found ament_cmake_ros: 0.9.1 (/home/nuc01/zephyr_microros_pingpong/firmware/dev_ws/install/ament_cmake_ros/share/ament_cmake_ros/cmake)
-- Found PythonInterp: /usr/bin/python3 (found suitable version "3.8.5", minimum required is "3") 
-- Using PYTHON_EXECUTABLE: /usr/bin/python3
-- Found rcl: 1.1.10 (/home/nuc01/zephyr_microros_pingpong/firmware/mcu_ws/install/share/rcl/cmake)
-- Using single rosidl_typesupport_c: rosidl_typesupport_microxrcedds_c
-- Found rosidl_adapter: 1.2.0 (/home/nuc01/zephyr_microros_pingpong/firmware/mcu_ws/install/share/rosidl_adapter/cmake)
-- Found rmw_implementation_cmake: 1.0.2 (/home/nuc01/zephyr_microros_pingpong/firmware/mcu_ws/install/share/rmw_implementation_cmake/cmake)
-- Using RMW implementation 'rmw_microxrcedds'
-- Found rmw_microxrcedds: 0.0.1 (/home/nuc01/zephyr_microros_pingpong/firmware/mcu_ws/install/share/rmw_microxrcedds/cmake)
-- Looking for pthread.h
-- Looking for pthread.h - not found
-- Found Threads: TRUE  
-- Found std_msgs: 2.0.3 (/home/nuc01/zephyr_microros_pingpong/firmware/mcu_ws/install/share/std_msgs/cmake)
-- Found rcl version 1.1.10, which belongs to Foxy or later
-- Configuring done
-- Generating done
-- Build files have been written to: /home/nuc01/zephyr_microros_pingpong/firmware/mcu_ws/build/rclc
Dependee "/home/nuc01/zephyr_microros_pingpong/firmware/mcu_ws/build/rclc/CMakeFiles/rclc.dir/DependInfo.cmake" is newer than depender "/home/nuc01/zephyr_microros_pingpong/firmware/mcu_ws/build/rclc/CMakeFiles/rclc.dir/depend.internal".
Dependee "/home/nuc01/zephyr_microros_pingpong/firmware/mcu_ws/build/rclc/CMakeFiles/CMakeDirectoryInformation.cmake" is newer than depender "/home/nuc01/zephyr_microros_pingpong/firmware/mcu_ws/build/rclc/CMakeFiles/rclc.dir/depend.internal".
[35m[1mScanning dependencies of target rclc[0m
[ 10%] [32mBuilding C object CMakeFiles/rclc.dir/src/rclc/init.c.obj[0m
[ 20%] [32mBuilding C object CMakeFiles/rclc.dir/src/rclc/publisher.c.obj[0m
[ 30%] [32mBuilding C object CMakeFiles/rclc.dir/src/rclc/client.c.obj[0m
[ 40%] [32mBuilding C object CMakeFiles/rclc.dir/src/rclc/service.c.obj[0m
[ 50%] [32mBuilding C object CMakeFiles/rclc.dir/src/rclc/timer.c.obj[0m
[ 60%] [32mBuilding C object CMakeFiles/rclc.dir/src/rclc/node.c.obj[0m
[ 70%] [32mBuilding C object CMakeFiles/rclc.dir/src/rclc/executor_handle.c.obj[0m
[ 80%] [32mBuilding C object CMakeFiles/rclc.dir/src/rclc/executor.c.obj[0m
[ 90%] [32mBuilding C object CMakeFiles/rclc.dir/src/rclc/subscription.c.obj[0m
[100%] [32m[1mLinking CXX static library librclc.a[0m
/home/nuc01/zephyr_microros_pingpong/firmware/zephyr-sdk/arm-zephyr-eabi/bin/arm-zephyr-eabi-ar qc librclc.a CMakeFiles/rclc.dir/src/rclc/init.c.obj CMakeFiles/rclc.dir/src/rclc/publisher.c.obj CMakeFiles/rclc.dir/src/rclc/subscription.c.obj CMakeFiles/rclc.dir/src/rclc/client.c.obj CMakeFiles/rclc.dir/src/rclc/service.c.obj CMakeFiles/rclc.dir/src/rclc/timer.c.obj CMakeFiles/rclc.dir/src/rclc/node.c.obj CMakeFiles/rclc.dir/src/rclc/executor_handle.c.obj CMakeFiles/rclc.dir/src/rclc/executor.c.obj
/home/nuc01/zephyr_microros_pingpong/firmware/zephyr-sdk/arm-zephyr-eabi/bin/arm-zephyr-eabi-ranlib librclc.a
[100%] Built target rclc
-- Install configuration: "Debug"
-- Up-to-date: /home/nuc01/zephyr_microros_pingpong/firmware/mcu_ws/install/include
-- Installing: /home/nuc01/zephyr_microros_pingpong/firmware/mcu_ws/install/include/rclc
-- Installing: /home/nuc01/zephyr_microros_pingpong/firmware/mcu_ws/install/include/rclc/client.h
-- Installing: /home/nuc01/zephyr_microros_pingpong/firmware/mcu_ws/install/include/rclc/publisher.h
-- Installing: /home/nuc01/zephyr_microros_pingpong/firmware/mcu_ws/install/include/rclc/subscription.h
-- Installing: /home/nuc01/zephyr_microros_pingpong/firmware/mcu_ws/install/include/rclc/rclc.h
-- Installing: /home/nuc01/zephyr_microros_pingpong/firmware/mcu_ws/install/include/rclc/init.h
-- Installing: /home/nuc01/zephyr_microros_pingpong/firmware/mcu_ws/install/include/rclc/types.h
-- Installing: /home/nuc01/zephyr_microros_pingpong/firmware/mcu_ws/install/include/rclc/executor.h
-- Installing: /home/nuc01/zephyr_microros_pingpong/firmware/mcu_ws/install/include/rclc/timer.h
-- Installing: /home/nuc01/zephyr_microros_pingpong/firmware/mcu_ws/install/include/rclc/node.h
-- Installing: /home/nuc01/zephyr_microros_pingpong/firmware/mcu_ws/install/include/rclc/service.h
-- Installing: /home/nuc01/zephyr_microros_pingpong/firmware/mcu_ws/install/include/rclc/executor_handle.h
-- Installing: /home/nuc01/zephyr_microros_pingpong/firmware/mcu_ws/install/lib/librclc.a
-- Installing: /home/nuc01/zephyr_microros_pingpong/firmware/mcu_ws/install/share/rclc/environment/library_path.sh
-- Installing: /home/nuc01/zephyr_microros_pingpong/firmware/mcu_ws/install/share/rclc/environment/library_path.dsv
-- Installing: /home/nuc01/zephyr_microros_pingpong/firmware/mcu_ws/install/share/ament_index/resource_index/package_run_dependencies/rclc
-- Installing: /home/nuc01/zephyr_microros_pingpong/firmware/mcu_ws/install/share/ament_index/resource_index/parent_prefix_path/rclc
-- Installing: /home/nuc01/zephyr_microros_pingpong/firmware/mcu_ws/install/share/rclc/environment/ament_prefix_path.sh
-- Installing: /home/nuc01/zephyr_microros_pingpong/firmware/mcu_ws/install/share/rclc/environment/ament_prefix_path.dsv
-- Installing: /home/nuc01/zephyr_microros_pingpong/firmware/mcu_ws/install/share/rclc/environment/path.sh
-- Installing: /home/nuc01/zephyr_microros_pingpong/firmware/mcu_ws/install/share/rclc/environment/path.dsv
-- Installing: /home/nuc01/zephyr_microros_pingpong/firmware/mcu_ws/install/share/rclc/local_setup.bash
-- Installing: /home/nuc01/zephyr_microros_pingpong/firmware/mcu_ws/install/share/rclc/local_setup.sh
-- Installing: /home/nuc01/zephyr_microros_pingpong/firmware/mcu_ws/install/share/rclc/local_setup.zsh
-- Installing: /home/nuc01/zephyr_microros_pingpong/firmware/mcu_ws/install/share/rclc/local_setup.dsv
-- Installing: /home/nuc01/zephyr_microros_pingpong/firmware/mcu_ws/install/share/rclc/package.dsv
-- Installing: /home/nuc01/zephyr_microros_pingpong/firmware/mcu_ws/install/share/ament_index/resource_index/packages/rclc
-- Installing: /home/nuc01/zephyr_microros_pingpong/firmware/mcu_ws/install/share/rclc/cmake/ament_cmake_export_include_directories-extras.cmake
-- Installing: /home/nuc01/zephyr_microros_pingpong/firmware/mcu_ws/install/share/rclc/cmake/ament_cmake_export_libraries-extras.cmake
-- Installing: /home/nuc01/zephyr_microros_pingpong/firmware/mcu_ws/install/share/rclc/cmake/ament_cmake_export_dependencies-extras.cmake
-- Installing: /home/nuc01/zephyr_microros_pingpong/firmware/mcu_ws/install/share/rclc/cmake/rclcConfig.cmake
-- Installing: /home/nuc01/zephyr_microros_pingpong/firmware/mcu_ws/install/share/rclc/cmake/rclcConfig-version.cmake
-- Installing: /home/nuc01/zephyr_microros_pingpong/firmware/mcu_ws/install/share/rclc/package.xml
