-- The C compiler identification is GNU 9.2.0
-- The CXX compiler identification is GNU 9.2.0
-- Detecting C compiler ABI info
-- Detecting C compiler ABI info - done
-- Check for working C compiler: /home/marlar/movelt_success/firmware/zephyr-sdk/arm-zephyr-eabi/bin/arm-zephyr-eabi-gcc - skipped
-- Detecting C compile features
-- Detecting C compile features - done
-- Detecting CXX compiler ABI info
-- Detecting CXX compiler ABI info - done
-- Check for working CXX compiler: /home/marlar/movelt_success/firmware/zephyr-sdk/arm-zephyr-eabi/bin/arm-zephyr-eabi-g++ - skipped
-- Detecting CXX compile features
-- Detecting CXX compile features - done
-- Found ament_cmake: 0.9.8 (/home/marlar/movelt_success/firmware/dev_ws/install/ament_cmake/share/ament_cmake/cmake)
-- Found PythonInterp: /usr/bin/python3 (found suitable version "3.8.5", minimum required is "3") 
-- Using PYTHON_EXECUTABLE: /usr/bin/python3
-- Found builtin_interfaces: 1.0.0 (/home/marlar/movelt_success/firmware/mcu_ws/install/share/builtin_interfaces/cmake)
-- Using single rosidl_typesupport_c: rosidl_typesupport_microxrcedds_c
-- Found rosidl_adapter: 1.2.0 (/home/marlar/movelt_success/firmware/mcu_ws/install/share/rosidl_adapter/cmake)
-- Found geometry_msgs: 2.0.3 (/home/marlar/movelt_success/firmware/mcu_ws/install/share/geometry_msgs/cmake)
-- Found rosidl_default_generators: 1.0.0 (/home/marlar/movelt_success/firmware/mcu_ws/install/share/rosidl_default_generators/cmake)
-- Found PythonInterp: /usr/bin/python3 (found version "3.8.5") 
-- Found ament_cmake_ros: 0.9.1 (/home/marlar/movelt_success/firmware/dev_ws/install/ament_cmake_ros/share/ament_cmake_ros/cmake)
-- Using single rosidl_typesupport_c: rosidl_typesupport_microxrcedds_c
-- Configuring done
-- Generating done
-- Build files have been written to: /home/marlar/movelt_success/firmware/mcu_ws/build/nav_msgs
[  3%] [34m[1mGenerating C code for ROS interfaces[0m
[  6%] [32mBuilding C object CMakeFiles/nav_msgs__rosidl_generator_c.dir/rosidl_generator_c/nav_msgs/msg/detail/grid_cells__functions.c.obj[0m
[ 10%] [32mBuilding C object CMakeFiles/nav_msgs__rosidl_generator_c.dir/rosidl_generator_c/nav_msgs/msg/detail/occupancy_grid__functions.c.obj[0m
[ 13%] [32mBuilding C object CMakeFiles/nav_msgs__rosidl_generator_c.dir/rosidl_generator_c/nav_msgs/msg/detail/map_meta_data__functions.c.obj[0m
[ 16%] [32mBuilding C object CMakeFiles/nav_msgs__rosidl_generator_c.dir/rosidl_generator_c/nav_msgs/msg/detail/odometry__functions.c.obj[0m
[ 20%] [32mBuilding C object CMakeFiles/nav_msgs__rosidl_generator_c.dir/rosidl_generator_c/nav_msgs/msg/detail/path__functions.c.obj[0m
[ 23%] [32mBuilding C object CMakeFiles/nav_msgs__rosidl_generator_c.dir/rosidl_generator_c/nav_msgs/srv/detail/get_map__functions.c.obj[0m
[ 26%] [32mBuilding C object CMakeFiles/nav_msgs__rosidl_generator_c.dir/rosidl_generator_c/nav_msgs/srv/detail/get_plan__functions.c.obj[0m
[ 30%] [32mBuilding C object CMakeFiles/nav_msgs__rosidl_generator_c.dir/rosidl_generator_c/nav_msgs/srv/detail/set_map__functions.c.obj[0m
[ 33%] [32m[1mLinking CXX static library libnav_msgs__rosidl_generator_c.a[0m
/home/marlar/movelt_success/firmware/zephyr-sdk/arm-zephyr-eabi/bin/arm-zephyr-eabi-ar qc libnav_msgs__rosidl_generator_c.a CMakeFiles/nav_msgs__rosidl_generator_c.dir/rosidl_generator_c/nav_msgs/msg/detail/grid_cells__functions.c.obj CMakeFiles/nav_msgs__rosidl_generator_c.dir/rosidl_generator_c/nav_msgs/msg/detail/map_meta_data__functions.c.obj CMakeFiles/nav_msgs__rosidl_generator_c.dir/rosidl_generator_c/nav_msgs/msg/detail/occupancy_grid__functions.c.obj CMakeFiles/nav_msgs__rosidl_generator_c.dir/rosidl_generator_c/nav_msgs/msg/detail/odometry__functions.c.obj CMakeFiles/nav_msgs__rosidl_generator_c.dir/rosidl_generator_c/nav_msgs/msg/detail/path__functions.c.obj CMakeFiles/nav_msgs__rosidl_generator_c.dir/rosidl_generator_c/nav_msgs/srv/detail/get_map__functions.c.obj CMakeFiles/nav_msgs__rosidl_generator_c.dir/rosidl_generator_c/nav_msgs/srv/detail/get_plan__functions.c.obj CMakeFiles/nav_msgs__rosidl_generator_c.dir/rosidl_generator_c/nav_msgs/srv/detail/set_map__functions.c.obj
/home/marlar/movelt_success/firmware/zephyr-sdk/arm-zephyr-eabi/bin/arm-zephyr-eabi-ranlib libnav_msgs__rosidl_generator_c.a
[ 33%] Built target nav_msgs__rosidl_generator_c
[ 36%] [34m[1mGenerating C type support for eProsima Micro XRCE-DDS[0m
[ 40%] [32mBuilding C object CMakeFiles/nav_msgs__rosidl_typesupport_microxrcedds_c.dir/rosidl_typesupport_microxrcedds_c/nav_msgs/msg/detail/microxrcedds/grid_cells__type_support_c.c.obj[0m
[ 43%] [32mBuilding C object CMakeFiles/nav_msgs__rosidl_typesupport_microxrcedds_c.dir/rosidl_typesupport_microxrcedds_c/nav_msgs/msg/detail/microxrcedds/map_meta_data__type_support_c.c.obj[0m
[ 46%] [32mBuilding C object CMakeFiles/nav_msgs__rosidl_typesupport_microxrcedds_c.dir/rosidl_typesupport_microxrcedds_c/nav_msgs/msg/detail/microxrcedds/occupancy_grid__type_support_c.c.obj[0m
[ 50%] [32mBuilding C object CMakeFiles/nav_msgs__rosidl_typesupport_microxrcedds_c.dir/rosidl_typesupport_microxrcedds_c/nav_msgs/msg/detail/microxrcedds/odometry__type_support_c.c.obj[0m
[ 53%] [32mBuilding C object CMakeFiles/nav_msgs__rosidl_typesupport_microxrcedds_c.dir/rosidl_typesupport_microxrcedds_c/nav_msgs/msg/detail/microxrcedds/path__type_support_c.c.obj[0m
[ 56%] [32mBuilding C object CMakeFiles/nav_msgs__rosidl_typesupport_microxrcedds_c.dir/rosidl_typesupport_microxrcedds_c/nav_msgs/srv/detail/microxrcedds/get_map__type_support_c.c.obj[0m
[ 60%] [32mBuilding C object CMakeFiles/nav_msgs__rosidl_typesupport_microxrcedds_c.dir/rosidl_typesupport_microxrcedds_c/nav_msgs/srv/detail/microxrcedds/get_plan__type_support_c.c.obj[0m
[ 63%] [32mBuilding C object CMakeFiles/nav_msgs__rosidl_typesupport_microxrcedds_c.dir/rosidl_typesupport_microxrcedds_c/nav_msgs/srv/detail/microxrcedds/set_map__type_support_c.c.obj[0m
[ 66%] [32m[1mLinking CXX static library libnav_msgs__rosidl_typesupport_microxrcedds_c.a[0m
/home/marlar/movelt_success/firmware/zephyr-sdk/arm-zephyr-eabi/bin/arm-zephyr-eabi-ar qc libnav_msgs__rosidl_typesupport_microxrcedds_c.a CMakeFiles/nav_msgs__rosidl_typesupport_microxrcedds_c.dir/rosidl_typesupport_microxrcedds_c/nav_msgs/msg/detail/microxrcedds/grid_cells__type_support_c.c.obj CMakeFiles/nav_msgs__rosidl_typesupport_microxrcedds_c.dir/rosidl_typesupport_microxrcedds_c/nav_msgs/msg/detail/microxrcedds/map_meta_data__type_support_c.c.obj CMakeFiles/nav_msgs__rosidl_typesupport_microxrcedds_c.dir/rosidl_typesupport_microxrcedds_c/nav_msgs/msg/detail/microxrcedds/occupancy_grid__type_support_c.c.obj CMakeFiles/nav_msgs__rosidl_typesupport_microxrcedds_c.dir/rosidl_typesupport_microxrcedds_c/nav_msgs/msg/detail/microxrcedds/odometry__type_support_c.c.obj CMakeFiles/nav_msgs__rosidl_typesupport_microxrcedds_c.dir/rosidl_typesupport_microxrcedds_c/nav_msgs/msg/detail/microxrcedds/path__type_support_c.c.obj CMakeFiles/nav_msgs__rosidl_typesupport_microxrcedds_c.dir/rosidl_typesupport_microxrcedds_c/nav_msgs/srv/detail/microxrcedds/get_map__type_support_c.c.obj CMakeFiles/nav_msgs__rosidl_typesupport_microxrcedds_c.dir/rosidl_typesupport_microxrcedds_c/nav_msgs/srv/detail/microxrcedds/get_plan__type_support_c.c.obj CMakeFiles/nav_msgs__rosidl_typesupport_microxrcedds_c.dir/rosidl_typesupport_microxrcedds_c/nav_msgs/srv/detail/microxrcedds/set_map__type_support_c.c.obj
/home/marlar/movelt_success/firmware/zephyr-sdk/arm-zephyr-eabi/bin/arm-zephyr-eabi-ranlib libnav_msgs__rosidl_typesupport_microxrcedds_c.a
[ 66%] Built target nav_msgs__rosidl_typesupport_microxrcedds_c
[ 70%] [34m[1mGenerating C type support dispatch for ROS interfaces[0m
[ 76%] [32mBuilding CXX object CMakeFiles/nav_msgs__rosidl_typesupport_c.dir/rosidl_typesupport_c/nav_msgs/msg/grid_cells__type_support.cpp.obj[0m
[ 76%] [32mBuilding CXX object CMakeFiles/nav_msgs__rosidl_typesupport_c.dir/rosidl_typesupport_c/nav_msgs/msg/map_meta_data__type_support.cpp.obj[0m
[ 83%] [32mBuilding CXX object CMakeFiles/nav_msgs__rosidl_typesupport_c.dir/rosidl_typesupport_c/nav_msgs/msg/odometry__type_support.cpp.obj[0m
[ 83%] [32mBuilding CXX object CMakeFiles/nav_msgs__rosidl_typesupport_c.dir/rosidl_typesupport_c/nav_msgs/msg/occupancy_grid__type_support.cpp.obj[0m
[ 86%] [32mBuilding CXX object CMakeFiles/nav_msgs__rosidl_typesupport_c.dir/rosidl_typesupport_c/nav_msgs/srv/get_map__type_support.cpp.obj[0m
[ 90%] [32mBuilding CXX object CMakeFiles/nav_msgs__rosidl_typesupport_c.dir/rosidl_typesupport_c/nav_msgs/msg/path__type_support.cpp.obj[0m
[ 93%] [32mBuilding CXX object CMakeFiles/nav_msgs__rosidl_typesupport_c.dir/rosidl_typesupport_c/nav_msgs/srv/set_map__type_support.cpp.obj[0m
[ 96%] [32mBuilding CXX object CMakeFiles/nav_msgs__rosidl_typesupport_c.dir/rosidl_typesupport_c/nav_msgs/srv/get_plan__type_support.cpp.obj[0m
[100%] [32m[1mLinking CXX static library libnav_msgs__rosidl_typesupport_c.a[0m
/home/marlar/movelt_success/firmware/zephyr-sdk/arm-zephyr-eabi/bin/arm-zephyr-eabi-ar qc libnav_msgs__rosidl_typesupport_c.a CMakeFiles/nav_msgs__rosidl_typesupport_c.dir/rosidl_typesupport_c/nav_msgs/msg/grid_cells__type_support.cpp.obj CMakeFiles/nav_msgs__rosidl_typesupport_c.dir/rosidl_typesupport_c/nav_msgs/msg/map_meta_data__type_support.cpp.obj CMakeFiles/nav_msgs__rosidl_typesupport_c.dir/rosidl_typesupport_c/nav_msgs/msg/occupancy_grid__type_support.cpp.obj CMakeFiles/nav_msgs__rosidl_typesupport_c.dir/rosidl_typesupport_c/nav_msgs/msg/odometry__type_support.cpp.obj CMakeFiles/nav_msgs__rosidl_typesupport_c.dir/rosidl_typesupport_c/nav_msgs/msg/path__type_support.cpp.obj CMakeFiles/nav_msgs__rosidl_typesupport_c.dir/rosidl_typesupport_c/nav_msgs/srv/get_map__type_support.cpp.obj CMakeFiles/nav_msgs__rosidl_typesupport_c.dir/rosidl_typesupport_c/nav_msgs/srv/get_plan__type_support.cpp.obj CMakeFiles/nav_msgs__rosidl_typesupport_c.dir/rosidl_typesupport_c/nav_msgs/srv/set_map__type_support.cpp.obj
/home/marlar/movelt_success/firmware/zephyr-sdk/arm-zephyr-eabi/bin/arm-zephyr-eabi-ranlib libnav_msgs__rosidl_typesupport_c.a
[100%] Built target nav_msgs__rosidl_typesupport_c
[100%] Built target nav_msgs
-- Install configuration: "Debug"
-- Installing: /home/marlar/movelt_success/firmware/mcu_ws/install/share/ament_index/resource_index/rosidl_interfaces/nav_msgs
-- Installing: /home/marlar/movelt_success/firmware/mcu_ws/install/include/nav_msgs
-- Installing: /home/marlar/movelt_success/firmware/mcu_ws/install/include/nav_msgs/msg
-- Installing: /home/marlar/movelt_success/firmware/mcu_ws/install/include/nav_msgs/msg/grid_cells.h
-- Installing: /home/marlar/movelt_success/firmware/mcu_ws/install/include/nav_msgs/msg/detail
-- Installing: /home/marlar/movelt_success/firmware/mcu_ws/install/include/nav_msgs/msg/detail/map_meta_data__functions.c
-- Installing: /home/marlar/movelt_success/firmware/mcu_ws/install/include/nav_msgs/msg/detail/map_meta_data__type_support.h
-- Installing: /home/marlar/movelt_success/firmware/mcu_ws/install/include/nav_msgs/msg/detail/occupancy_grid__functions.c
-- Installing: /home/marlar/movelt_success/firmware/mcu_ws/install/include/nav_msgs/msg/detail/odometry__functions.h
-- Installing: /home/marlar/movelt_success/firmware/mcu_ws/install/include/nav_msgs/msg/detail/odometry__functions.c
-- Installing: /home/marlar/movelt_success/firmware/mcu_ws/install/include/nav_msgs/msg/detail/map_meta_data__struct.h
-- Installing: /home/marlar/movelt_success/firmware/mcu_ws/install/include/nav_msgs/msg/detail/map_meta_data__functions.h
-- Installing: /home/marlar/movelt_success/firmware/mcu_ws/install/include/nav_msgs/msg/detail/grid_cells__struct.h
-- Installing: /home/marlar/movelt_success/firmware/mcu_ws/install/include/nav_msgs/msg/detail/path__type_support.h
-- Installing: /home/marlar/movelt_success/firmware/mcu_ws/install/include/nav_msgs/msg/detail/odometry__struct.h
-- Installing: /home/marlar/movelt_success/firmware/mcu_ws/install/include/nav_msgs/msg/detail/odometry__type_support.h
-- Installing: /home/marlar/movelt_success/firmware/mcu_ws/install/include/nav_msgs/msg/detail/grid_cells__type_support.h
-- Installing: /home/marlar/movelt_success/firmware/mcu_ws/install/include/nav_msgs/msg/detail/path__struct.h
-- Installing: /home/marlar/movelt_success/firmware/mcu_ws/install/include/nav_msgs/msg/detail/occupancy_grid__struct.h
-- Installing: /home/marlar/movelt_success/firmware/mcu_ws/install/include/nav_msgs/msg/detail/path__functions.c
-- Installing: /home/marlar/movelt_success/firmware/mcu_ws/install/include/nav_msgs/msg/detail/occupancy_grid__functions.h
-- Installing: /home/marlar/movelt_success/firmware/mcu_ws/install/include/nav_msgs/msg/detail/grid_cells__functions.h
-- Installing: /home/marlar/movelt_success/firmware/mcu_ws/install/include/nav_msgs/msg/detail/grid_cells__functions.c
-- Installing: /home/marlar/movelt_success/firmware/mcu_ws/install/include/nav_msgs/msg/detail/path__functions.h
-- Installing: /home/marlar/movelt_success/firmware/mcu_ws/install/include/nav_msgs/msg/detail/occupancy_grid__type_support.h
-- Installing: /home/marlar/movelt_success/firmware/mcu_ws/install/include/nav_msgs/msg/occupancy_grid.h
-- Installing: /home/marlar/movelt_success/firmware/mcu_ws/install/include/nav_msgs/msg/odometry.h
-- Installing: /home/marlar/movelt_success/firmware/mcu_ws/install/include/nav_msgs/msg/path.h
-- Installing: /home/marlar/movelt_success/firmware/mcu_ws/install/include/nav_msgs/msg/map_meta_data.h
-- Installing: /home/marlar/movelt_success/firmware/mcu_ws/install/include/nav_msgs/msg/rosidl_generator_c__visibility_control.h
-- Installing: /home/marlar/movelt_success/firmware/mcu_ws/install/include/nav_msgs/srv
-- Installing: /home/marlar/movelt_success/firmware/mcu_ws/install/include/nav_msgs/srv/detail
-- Installing: /home/marlar/movelt_success/firmware/mcu_ws/install/include/nav_msgs/srv/detail/get_map__struct.h
-- Installing: /home/marlar/movelt_success/firmware/mcu_ws/install/include/nav_msgs/srv/detail/set_map__functions.h
-- Installing: /home/marlar/movelt_success/firmware/mcu_ws/install/include/nav_msgs/srv/detail/get_plan__functions.h
-- Installing: /home/marlar/movelt_success/firmware/mcu_ws/install/include/nav_msgs/srv/detail/set_map__type_support.h
-- Installing: /home/marlar/movelt_success/firmware/mcu_ws/install/include/nav_msgs/srv/detail/get_map__functions.c
-- Installing: /home/marlar/movelt_success/firmware/mcu_ws/install/include/nav_msgs/srv/detail/set_map__functions.c
-- Installing: /home/marlar/movelt_success/firmware/mcu_ws/install/include/nav_msgs/srv/detail/get_map__functions.h
-- Installing: /home/marlar/movelt_success/firmware/mcu_ws/install/include/nav_msgs/srv/detail/get_plan__functions.c
-- Installing: /home/marlar/movelt_success/firmware/mcu_ws/install/include/nav_msgs/srv/detail/set_map__struct.h
-- Installing: /home/marlar/movelt_success/firmware/mcu_ws/install/include/nav_msgs/srv/detail/get_plan__struct.h
-- Installing: /home/marlar/movelt_success/firmware/mcu_ws/install/include/nav_msgs/srv/detail/get_map__type_support.h
-- Installing: /home/marlar/movelt_success/firmware/mcu_ws/install/include/nav_msgs/srv/detail/get_plan__type_support.h
-- Installing: /home/marlar/movelt_success/firmware/mcu_ws/install/include/nav_msgs/srv/set_map.h
-- Installing: /home/marlar/movelt_success/firmware/mcu_ws/install/include/nav_msgs/srv/get_plan.h
-- Installing: /home/marlar/movelt_success/firmware/mcu_ws/install/include/nav_msgs/srv/get_map.h
-- Installing: /home/marlar/movelt_success/firmware/mcu_ws/install/share/nav_msgs/environment/library_path.sh
-- Installing: /home/marlar/movelt_success/firmware/mcu_ws/install/share/nav_msgs/environment/library_path.dsv
-- Installing: /home/marlar/movelt_success/firmware/mcu_ws/install/lib/libnav_msgs__rosidl_generator_c.a
-- Up-to-date: /home/marlar/movelt_success/firmware/mcu_ws/install/include/nav_msgs
-- Up-to-date: /home/marlar/movelt_success/firmware/mcu_ws/install/include/nav_msgs/msg
-- Installing: /home/marlar/movelt_success/firmware/mcu_ws/install/include/nav_msgs/msg/rosidl_typesupport_microxrcedds_c__visibility_control.h
-- Up-to-date: /home/marlar/movelt_success/firmware/mcu_ws/install/include/nav_msgs/msg/detail
-- Installing: /home/marlar/movelt_success/firmware/mcu_ws/install/include/nav_msgs/msg/detail/occupancy_grid__rosidl_typesupport_microxrcedds_c.h
-- Installing: /home/marlar/movelt_success/firmware/mcu_ws/install/include/nav_msgs/msg/detail/odometry__rosidl_typesupport_microxrcedds_c.h
-- Installing: /home/marlar/movelt_success/firmware/mcu_ws/install/include/nav_msgs/msg/detail/path__rosidl_typesupport_microxrcedds_c.h
-- Installing: /home/marlar/movelt_success/firmware/mcu_ws/install/include/nav_msgs/msg/detail/map_meta_data__rosidl_typesupport_microxrcedds_c.h
-- Installing: /home/marlar/movelt_success/firmware/mcu_ws/install/include/nav_msgs/msg/detail/microxrcedds
-- Installing: /home/marlar/movelt_success/firmware/mcu_ws/install/include/nav_msgs/msg/detail/grid_cells__rosidl_typesupport_microxrcedds_c.h
-- Up-to-date: /home/marlar/movelt_success/firmware/mcu_ws/install/include/nav_msgs/srv
-- Up-to-date: /home/marlar/movelt_success/firmware/mcu_ws/install/include/nav_msgs/srv/detail
-- Installing: /home/marlar/movelt_success/firmware/mcu_ws/install/include/nav_msgs/srv/detail/get_plan__rosidl_typesupport_microxrcedds_c.h
-- Installing: /home/marlar/movelt_success/firmware/mcu_ws/install/include/nav_msgs/srv/detail/get_map__rosidl_typesupport_microxrcedds_c.h
-- Installing: /home/marlar/movelt_success/firmware/mcu_ws/install/include/nav_msgs/srv/detail/microxrcedds
-- Installing: /home/marlar/movelt_success/firmware/mcu_ws/install/include/nav_msgs/srv/detail/set_map__rosidl_typesupport_microxrcedds_c.h
-- Installing: /home/marlar/movelt_success/firmware/mcu_ws/install/lib/libnav_msgs__rosidl_typesupport_microxrcedds_c.a
-- Installing: /home/marlar/movelt_success/firmware/mcu_ws/install/lib/libnav_msgs__rosidl_typesupport_c.a
-- Up-to-date: /home/marlar/movelt_success/firmware/mcu_ws/install/lib/libnav_msgs__rosidl_typesupport_microxrcedds_c.a
-- Installing: /home/marlar/movelt_success/firmware/mcu_ws/install/share/nav_msgs/msg/GridCells.idl
-- Installing: /home/marlar/movelt_success/firmware/mcu_ws/install/share/nav_msgs/msg/MapMetaData.idl
-- Installing: /home/marlar/movelt_success/firmware/mcu_ws/install/share/nav_msgs/msg/OccupancyGrid.idl
-- Installing: /home/marlar/movelt_success/firmware/mcu_ws/install/share/nav_msgs/msg/Odometry.idl
-- Installing: /home/marlar/movelt_success/firmware/mcu_ws/install/share/nav_msgs/msg/Path.idl
-- Installing: /home/marlar/movelt_success/firmware/mcu_ws/install/share/nav_msgs/srv/GetMap.idl
-- Installing: /home/marlar/movelt_success/firmware/mcu_ws/install/share/nav_msgs/srv/GetPlan.idl
-- Installing: /home/marlar/movelt_success/firmware/mcu_ws/install/share/nav_msgs/srv/SetMap.idl
-- Installing: /home/marlar/movelt_success/firmware/mcu_ws/install/share/nav_msgs/msg/GridCells.msg
-- Installing: /home/marlar/movelt_success/firmware/mcu_ws/install/share/nav_msgs/msg/MapMetaData.msg
-- Installing: /home/marlar/movelt_success/firmware/mcu_ws/install/share/nav_msgs/msg/OccupancyGrid.msg
-- Installing: /home/marlar/movelt_success/firmware/mcu_ws/install/share/nav_msgs/msg/Odometry.msg
-- Installing: /home/marlar/movelt_success/firmware/mcu_ws/install/share/nav_msgs/msg/Path.msg
-- Installing: /home/marlar/movelt_success/firmware/mcu_ws/install/share/nav_msgs/srv/GetMap.srv
-- Installing: /home/marlar/movelt_success/firmware/mcu_ws/install/share/nav_msgs/srv/GetMap_Request.msg
-- Installing: /home/marlar/movelt_success/firmware/mcu_ws/install/share/nav_msgs/srv/GetMap_Response.msg
-- Installing: /home/marlar/movelt_success/firmware/mcu_ws/install/share/nav_msgs/srv/GetPlan.srv
-- Installing: /home/marlar/movelt_success/firmware/mcu_ws/install/share/nav_msgs/srv/GetPlan_Request.msg
-- Installing: /home/marlar/movelt_success/firmware/mcu_ws/install/share/nav_msgs/srv/GetPlan_Response.msg
-- Installing: /home/marlar/movelt_success/firmware/mcu_ws/install/share/nav_msgs/srv/SetMap.srv
-- Installing: /home/marlar/movelt_success/firmware/mcu_ws/install/share/nav_msgs/srv/SetMap_Request.msg
-- Installing: /home/marlar/movelt_success/firmware/mcu_ws/install/share/nav_msgs/srv/SetMap_Response.msg
-- Installing: /home/marlar/movelt_success/firmware/mcu_ws/install/share/ament_index/resource_index/package_run_dependencies/nav_msgs
-- Installing: /home/marlar/movelt_success/firmware/mcu_ws/install/share/ament_index/resource_index/parent_prefix_path/nav_msgs
-- Installing: /home/marlar/movelt_success/firmware/mcu_ws/install/share/nav_msgs/environment/ament_prefix_path.sh
-- Installing: /home/marlar/movelt_success/firmware/mcu_ws/install/share/nav_msgs/environment/ament_prefix_path.dsv
-- Installing: /home/marlar/movelt_success/firmware/mcu_ws/install/share/nav_msgs/environment/path.sh
-- Installing: /home/marlar/movelt_success/firmware/mcu_ws/install/share/nav_msgs/environment/path.dsv
-- Installing: /home/marlar/movelt_success/firmware/mcu_ws/install/share/nav_msgs/local_setup.bash
-- Installing: /home/marlar/movelt_success/firmware/mcu_ws/install/share/nav_msgs/local_setup.sh
-- Installing: /home/marlar/movelt_success/firmware/mcu_ws/install/share/nav_msgs/local_setup.zsh
-- Installing: /home/marlar/movelt_success/firmware/mcu_ws/install/share/nav_msgs/local_setup.dsv
-- Installing: /home/marlar/movelt_success/firmware/mcu_ws/install/share/nav_msgs/package.dsv
-- Installing: /home/marlar/movelt_success/firmware/mcu_ws/install/share/ament_index/resource_index/packages/nav_msgs
-- Installing: /home/marlar/movelt_success/firmware/mcu_ws/install/share/nav_msgs/cmake/nav_msgs__rosidl_generator_cExport.cmake
-- Installing: /home/marlar/movelt_success/firmware/mcu_ws/install/share/nav_msgs/cmake/nav_msgs__rosidl_generator_cExport-debug.cmake
-- Installing: /home/marlar/movelt_success/firmware/mcu_ws/install/share/nav_msgs/cmake/nav_msgs__rosidl_typesupport_cExport.cmake
-- Installing: /home/marlar/movelt_success/firmware/mcu_ws/install/share/nav_msgs/cmake/nav_msgs__rosidl_typesupport_cExport-debug.cmake
-- Installing: /home/marlar/movelt_success/firmware/mcu_ws/install/share/nav_msgs/cmake/rosidl_cmake-extras.cmake
-- Installing: /home/marlar/movelt_success/firmware/mcu_ws/install/share/nav_msgs/cmake/ament_cmake_export_dependencies-extras.cmake
-- Installing: /home/marlar/movelt_success/firmware/mcu_ws/install/share/nav_msgs/cmake/ament_cmake_export_libraries-extras.cmake
-- Installing: /home/marlar/movelt_success/firmware/mcu_ws/install/share/nav_msgs/cmake/ament_cmake_export_targets-extras.cmake
-- Installing: /home/marlar/movelt_success/firmware/mcu_ws/install/share/nav_msgs/cmake/ament_cmake_export_include_directories-extras.cmake
-- Installing: /home/marlar/movelt_success/firmware/mcu_ws/install/share/nav_msgs/cmake/rosidl_cmake_export_typesupport_libraries-extras.cmake
-- Installing: /home/marlar/movelt_success/firmware/mcu_ws/install/share/nav_msgs/cmake/nav_msgsConfig.cmake
-- Installing: /home/marlar/movelt_success/firmware/mcu_ws/install/share/nav_msgs/cmake/nav_msgsConfig-version.cmake
-- Installing: /home/marlar/movelt_success/firmware/mcu_ws/install/share/nav_msgs/package.xml
