-- The C compiler identification is GNU 9.2.0
-- The CXX compiler identification is GNU 9.2.0
-- Detecting C compiler ABI info
-- Detecting C compiler ABI info - done
-- Check for working C compiler: /home/marlar/movelt_success/firmware/zephyr-sdk/arm-zephyr-eabi/bin/arm-zephyr-eabi-gcc - skipped
-- Detecting C compile features
-- Detecting C compile features - done
-- Detecting CXX compiler ABI info
-- Detecting CXX compiler ABI info - done
-- Check for working CXX compiler: /home/marlar/movelt_success/firmware/zephyr-sdk/arm-zephyr-eabi/bin/arm-zephyr-eabi-g++ - skipped
-- Detecting CXX compile features
-- Detecting CXX compile features - done
-- Found ament_cmake_python: 0.9.8 (/home/marlar/movelt_success/firmware/dev_ws/install/ament_cmake_python/share/ament_cmake_python/cmake)
-- Found ament_cmake_ros: 0.9.1 (/home/marlar/movelt_success/firmware/dev_ws/install/ament_cmake_ros/share/ament_cmake_ros/cmake)
-- Found PythonInterp: /usr/bin/python3 (found suitable version "3.8.5", minimum required is "3") 
-- Using PYTHON_EXECUTABLE: /usr/bin/python3
-- Found tinydir_vendor:  (/home/marlar/movelt_success/firmware/mcu_ws/install/share/tinydir_vendor/cmake)
-- Configuring done
-- Generating done
-- Build files have been written to: /home/marlar/movelt_success/firmware/mcu_ws/build/rcutils
[  3%] [34m[1mExpanding logging_macros.h.em[0m
[ 13%] [32mBuilding C object CMakeFiles/rcutils.dir/src/array_list.c.obj[0m
[ 13%] [32mBuilding C object CMakeFiles/rcutils.dir/src/allocator.c.obj[0m
[ 13%] [32mBuilding C object CMakeFiles/rcutils.dir/src/char_array.c.obj[0m
[ 17%] [32mBuilding C object CMakeFiles/rcutils.dir/src/cmdline_parser.c.obj[0m
[ 20%] [32mBuilding C object CMakeFiles/rcutils.dir/src/format_string.c.obj[0m
[ 24%] [32mBuilding C object CMakeFiles/rcutils.dir/src/logging.c.obj[0m
[ 27%] [32mBuilding C object CMakeFiles/rcutils.dir/src/filesystem.c.obj[0m
[ 31%] [32mBuilding C object CMakeFiles/rcutils.dir/src/env.c.obj[0m
[ 34%] [32mBuilding C object CMakeFiles/rcutils.dir/src/get_env.c.obj[0m
[ 37%] [32mBuilding C object CMakeFiles/rcutils.dir/src/error_handling.c.obj[0m
[ 41%] [32mBuilding C object CMakeFiles/rcutils.dir/src/find.c.obj[0m
[ 44%] [32mBuilding C object CMakeFiles/rcutils.dir/src/hash_map.c.obj[0m
[ 48%] [32mBuilding C object CMakeFiles/rcutils.dir/src/process.c.obj[0m
[ 51%] [32mBuilding C object CMakeFiles/rcutils.dir/src/qsort.c.obj[0m
[ 55%] [32mBuilding C object CMakeFiles/rcutils.dir/src/shared_library.c.obj[0m
[ 58%] [32mBuilding C object CMakeFiles/rcutils.dir/src/snprintf.c.obj[0m
[ 62%] [32mBuilding C object CMakeFiles/rcutils.dir/src/repl_str.c.obj[0m
[ 65%] [32mBuilding C object CMakeFiles/rcutils.dir/src/split.c.obj[0m
[ 68%] [32mBuilding C object CMakeFiles/rcutils.dir/src/strdup.c.obj[0m
[ 72%] [32mBuilding C object CMakeFiles/rcutils.dir/src/strerror.c.obj[0m
[ 75%] [32mBuilding C object CMakeFiles/rcutils.dir/src/string_array.c.obj[0m
[ 79%] [32mBuilding C object CMakeFiles/rcutils.dir/src/testing/fault_injection.c.obj[0m
[ 82%] [32mBuilding C object CMakeFiles/rcutils.dir/src/string_map.c.obj[0m
[ 86%] [32mBuilding C object CMakeFiles/rcutils.dir/src/time.c.obj[0m
[ 89%] [32mBuilding C object CMakeFiles/rcutils.dir/src/uint8_array.c.obj[0m
[ 93%] [32mBuilding C object CMakeFiles/rcutils.dir/src/atomic_64bits.c.obj[0m
[ 96%] [32mBuilding C object CMakeFiles/rcutils.dir/src/time_unix.c.obj[0m
[100%] [32m[1mLinking C static library librcutils.a[0m
/home/marlar/movelt_success/firmware/zephyr-sdk/arm-zephyr-eabi/bin/arm-zephyr-eabi-ar qc librcutils.a CMakeFiles/rcutils.dir/src/allocator.c.obj CMakeFiles/rcutils.dir/src/array_list.c.obj CMakeFiles/rcutils.dir/src/char_array.c.obj CMakeFiles/rcutils.dir/src/cmdline_parser.c.obj CMakeFiles/rcutils.dir/src/env.c.obj CMakeFiles/rcutils.dir/src/error_handling.c.obj CMakeFiles/rcutils.dir/src/filesystem.c.obj CMakeFiles/rcutils.dir/src/find.c.obj CMakeFiles/rcutils.dir/src/format_string.c.obj CMakeFiles/rcutils.dir/src/get_env.c.obj CMakeFiles/rcutils.dir/src/hash_map.c.obj CMakeFiles/rcutils.dir/src/logging.c.obj CMakeFiles/rcutils.dir/src/process.c.obj CMakeFiles/rcutils.dir/src/qsort.c.obj CMakeFiles/rcutils.dir/src/repl_str.c.obj CMakeFiles/rcutils.dir/src/shared_library.c.obj CMakeFiles/rcutils.dir/src/snprintf.c.obj CMakeFiles/rcutils.dir/src/split.c.obj CMakeFiles/rcutils.dir/src/strdup.c.obj CMakeFiles/rcutils.dir/src/strerror.c.obj CMakeFiles/rcutils.dir/src/string_array.c.obj CMakeFiles/rcutils.dir/src/string_map.c.obj CMakeFiles/rcutils.dir/src/testing/fault_injection.c.obj CMakeFiles/rcutils.dir/src/time.c.obj CMakeFiles/rcutils.dir/src/time_unix.c.obj CMakeFiles/rcutils.dir/src/uint8_array.c.obj CMakeFiles/rcutils.dir/src/atomic_64bits.c.obj
/home/marlar/movelt_success/firmware/zephyr-sdk/arm-zephyr-eabi/bin/arm-zephyr-eabi-ranlib librcutils.a
[100%] Built target rcutils
-- Install configuration: "Debug"
-- Installing: /home/marlar/movelt_success/firmware/mcu_ws/install/share/rcutils/environment/pythonpath.sh
-- Installing: /home/marlar/movelt_success/firmware/mcu_ws/install/share/rcutils/environment/pythonpath.dsv
-- Installing: /home/marlar/movelt_success/firmware/mcu_ws/install/lib/python3.8/site-packages/rcutils
-- Installing: /home/marlar/movelt_success/firmware/mcu_ws/install/lib/python3.8/site-packages/rcutils/__init__.py
-- Installing: /home/marlar/movelt_success/firmware/mcu_ws/install/lib/python3.8/site-packages/rcutils/logging.py
Listing '/home/marlar/movelt_success/firmware/mcu_ws/install/lib/python3.8/site-packages/rcutils'...
Compiling '/home/marlar/movelt_success/firmware/mcu_ws/install/lib/python3.8/site-packages/rcutils/__init__.py'...
Compiling '/home/marlar/movelt_success/firmware/mcu_ws/install/lib/python3.8/site-packages/rcutils/logging.py'...
-- Installing: /home/marlar/movelt_success/firmware/mcu_ws/install/lib/librcutils.a
-- Installing: /home/marlar/movelt_success/firmware/mcu_ws/install/share/rcutils/environment/library_path.sh
-- Installing: /home/marlar/movelt_success/firmware/mcu_ws/install/share/rcutils/environment/library_path.dsv
-- Installing: /home/marlar/movelt_success/firmware/mcu_ws/install/share/ament_index/resource_index/package_run_dependencies/rcutils
-- Installing: /home/marlar/movelt_success/firmware/mcu_ws/install/share/ament_index/resource_index/parent_prefix_path/rcutils
-- Installing: /home/marlar/movelt_success/firmware/mcu_ws/install/share/rcutils/environment/ament_prefix_path.sh
-- Installing: /home/marlar/movelt_success/firmware/mcu_ws/install/share/rcutils/environment/ament_prefix_path.dsv
-- Installing: /home/marlar/movelt_success/firmware/mcu_ws/install/share/rcutils/environment/path.sh
-- Installing: /home/marlar/movelt_success/firmware/mcu_ws/install/share/rcutils/environment/path.dsv
-- Installing: /home/marlar/movelt_success/firmware/mcu_ws/install/share/rcutils/local_setup.bash
-- Installing: /home/marlar/movelt_success/firmware/mcu_ws/install/share/rcutils/local_setup.sh
-- Installing: /home/marlar/movelt_success/firmware/mcu_ws/install/share/rcutils/local_setup.zsh
-- Installing: /home/marlar/movelt_success/firmware/mcu_ws/install/share/rcutils/local_setup.dsv
-- Installing: /home/marlar/movelt_success/firmware/mcu_ws/install/share/rcutils/package.dsv
-- Installing: /home/marlar/movelt_success/firmware/mcu_ws/install/share/ament_index/resource_index/packages/rcutils
-- Installing: /home/marlar/movelt_success/firmware/mcu_ws/install/share/rcutils/cmake/rcutilsExport.cmake
-- Installing: /home/marlar/movelt_success/firmware/mcu_ws/install/share/rcutils/cmake/rcutilsExport-debug.cmake
-- Installing: /home/marlar/movelt_success/firmware/mcu_ws/install/share/rcutils/cmake/ament_cmake_export_dependencies-extras.cmake
-- Installing: /home/marlar/movelt_success/firmware/mcu_ws/install/share/rcutils/cmake/ament_cmake_export_include_directories-extras.cmake
-- Installing: /home/marlar/movelt_success/firmware/mcu_ws/install/share/rcutils/cmake/ament_cmake_export_libraries-extras.cmake
-- Installing: /home/marlar/movelt_success/firmware/mcu_ws/install/share/rcutils/cmake/ament_cmake_export_targets-extras.cmake
-- Installing: /home/marlar/movelt_success/firmware/mcu_ws/install/share/rcutils/cmake/rcutilsConfig.cmake
-- Installing: /home/marlar/movelt_success/firmware/mcu_ws/install/share/rcutils/cmake/rcutilsConfig-version.cmake
-- Installing: /home/marlar/movelt_success/firmware/mcu_ws/install/share/rcutils/package.xml
-- Up-to-date: /home/marlar/movelt_success/firmware/mcu_ws/install/include
-- Installing: /home/marlar/movelt_success/firmware/mcu_ws/install/include/rcutils
-- Installing: /home/marlar/movelt_success/firmware/mcu_ws/install/include/rcutils/visibility_control.h
-- Installing: /home/marlar/movelt_success/firmware/mcu_ws/install/include/rcutils/macros.h
-- Installing: /home/marlar/movelt_success/firmware/mcu_ws/install/include/rcutils/types
-- Installing: /home/marlar/movelt_success/firmware/mcu_ws/install/include/rcutils/types/string_array.h
-- Installing: /home/marlar/movelt_success/firmware/mcu_ws/install/include/rcutils/types/rcutils_ret.h
-- Installing: /home/marlar/movelt_success/firmware/mcu_ws/install/include/rcutils/types/string_map.h
-- Installing: /home/marlar/movelt_success/firmware/mcu_ws/install/include/rcutils/types/uint8_array.h
-- Installing: /home/marlar/movelt_success/firmware/mcu_ws/install/include/rcutils/types/char_array.h
-- Installing: /home/marlar/movelt_success/firmware/mcu_ws/install/include/rcutils/types/array_list.h
-- Installing: /home/marlar/movelt_success/firmware/mcu_ws/install/include/rcutils/types/hash_map.h
-- Installing: /home/marlar/movelt_success/firmware/mcu_ws/install/include/rcutils/types.h
-- Installing: /home/marlar/movelt_success/firmware/mcu_ws/install/include/rcutils/qsort.h
-- Installing: /home/marlar/movelt_success/firmware/mcu_ws/install/include/rcutils/snprintf.h
-- Installing: /home/marlar/movelt_success/firmware/mcu_ws/install/include/rcutils/filesystem.h
-- Installing: /home/marlar/movelt_success/firmware/mcu_ws/install/include/rcutils/cmdline_parser.h
-- Installing: /home/marlar/movelt_success/firmware/mcu_ws/install/include/rcutils/visibility_control_macros.h
-- Installing: /home/marlar/movelt_success/firmware/mcu_ws/install/include/rcutils/strerror.h
-- Installing: /home/marlar/movelt_success/firmware/mcu_ws/install/include/rcutils/isalnum_no_locale.h
-- Installing: /home/marlar/movelt_success/firmware/mcu_ws/install/include/rcutils/split.h
-- Installing: /home/marlar/movelt_success/firmware/mcu_ws/install/include/rcutils/stdatomic_helper.h
-- Installing: /home/marlar/movelt_success/firmware/mcu_ws/install/include/rcutils/testing
-- Installing: /home/marlar/movelt_success/firmware/mcu_ws/install/include/rcutils/testing/fault_injection.h
-- Installing: /home/marlar/movelt_success/firmware/mcu_ws/install/include/rcutils/format_string.h
-- Installing: /home/marlar/movelt_success/firmware/mcu_ws/install/include/rcutils/repl_str.h
-- Installing: /home/marlar/movelt_success/firmware/mcu_ws/install/include/rcutils/error_handling.h
-- Installing: /home/marlar/movelt_success/firmware/mcu_ws/install/include/rcutils/shared_library.h
-- Installing: /home/marlar/movelt_success/firmware/mcu_ws/install/include/rcutils/process.h
-- Installing: /home/marlar/movelt_success/firmware/mcu_ws/install/include/rcutils/configuration_flags.h.in
-- Installing: /home/marlar/movelt_success/firmware/mcu_ws/install/include/rcutils/allocator.h
-- Installing: /home/marlar/movelt_success/firmware/mcu_ws/install/include/rcutils/security_directory.h
-- Installing: /home/marlar/movelt_success/firmware/mcu_ws/install/include/rcutils/strdup.h
-- Installing: /home/marlar/movelt_success/firmware/mcu_ws/install/include/rcutils/get_env.h
-- Installing: /home/marlar/movelt_success/firmware/mcu_ws/install/include/rcutils/find.h
-- Installing: /home/marlar/movelt_success/firmware/mcu_ws/install/include/rcutils/stdatomic_helper
-- Installing: /home/marlar/movelt_success/firmware/mcu_ws/install/include/rcutils/stdatomic_helper/win32
-- Installing: /home/marlar/movelt_success/firmware/mcu_ws/install/include/rcutils/stdatomic_helper/win32/stdatomic.h
-- Installing: /home/marlar/movelt_success/firmware/mcu_ws/install/include/rcutils/stdatomic_helper/gcc
-- Installing: /home/marlar/movelt_success/firmware/mcu_ws/install/include/rcutils/stdatomic_helper/gcc/stdatomic.h
-- Installing: /home/marlar/movelt_success/firmware/mcu_ws/install/include/rcutils/time.h
-- Installing: /home/marlar/movelt_success/firmware/mcu_ws/install/include/rcutils/logging.h
-- Installing: /home/marlar/movelt_success/firmware/mcu_ws/install/include/rcutils/env.h
-- Up-to-date: /home/marlar/movelt_success/firmware/mcu_ws/install/include
-- Up-to-date: /home/marlar/movelt_success/firmware/mcu_ws/install/include/rcutils
-- Installing: /home/marlar/movelt_success/firmware/mcu_ws/install/include/rcutils/logging_macros.h
-- Installing: /home/marlar/movelt_success/firmware/mcu_ws/install/include/rcutils/configuration_flags.h
