-- Found ament_cmake: 0.9.8 (/home/marlar/movelt_success/firmware/dev_ws/install/ament_cmake/share/ament_cmake/cmake)
-- Found PythonInterp: /usr/bin/python3 (found suitable version "3.8.5", minimum required is "3") 
-- Using PYTHON_EXECUTABLE: /usr/bin/python3
-- Configuring done
-- Generating done
CMake Warning:
  Manually-specified variables were not used by the project:

    BUILD_SHARED_LIBS
    CMAKE_POSITION_INDEPENDENT_CODE
    THIRDPARTY


-- Build files have been written to: /home/marlar/movelt_success/firmware/mcu_ws/build/rosidl_generator_dds_idl
-- Install configuration: "Debug"
-- Installing: /home/marlar/movelt_success/firmware/mcu_ws/install/share/rosidl_generator_dds_idl/environment/pythonpath.sh
-- Installing: /home/marlar/movelt_success/firmware/mcu_ws/install/share/rosidl_generator_dds_idl/environment/pythonpath.dsv
-- Installing: /home/marlar/movelt_success/firmware/mcu_ws/install/lib/python3.8/site-packages/rosidl_generator_dds_idl
-- Installing: /home/marlar/movelt_success/firmware/mcu_ws/install/lib/python3.8/site-packages/rosidl_generator_dds_idl/__init__.py
Listing '/home/marlar/movelt_success/firmware/mcu_ws/install/lib/python3.8/site-packages/rosidl_generator_dds_idl'...
Compiling '/home/marlar/movelt_success/firmware/mcu_ws/install/lib/python3.8/site-packages/rosidl_generator_dds_idl/__init__.py'...
-- Installing: /home/marlar/movelt_success/firmware/mcu_ws/install/share/ament_index/resource_index/package_run_dependencies/rosidl_generator_dds_idl
-- Installing: /home/marlar/movelt_success/firmware/mcu_ws/install/share/ament_index/resource_index/parent_prefix_path/rosidl_generator_dds_idl
-- Installing: /home/marlar/movelt_success/firmware/mcu_ws/install/share/rosidl_generator_dds_idl/environment/ament_prefix_path.sh
-- Installing: /home/marlar/movelt_success/firmware/mcu_ws/install/share/rosidl_generator_dds_idl/environment/ament_prefix_path.dsv
-- Installing: /home/marlar/movelt_success/firmware/mcu_ws/install/share/rosidl_generator_dds_idl/environment/path.sh
-- Installing: /home/marlar/movelt_success/firmware/mcu_ws/install/share/rosidl_generator_dds_idl/environment/path.dsv
-- Installing: /home/marlar/movelt_success/firmware/mcu_ws/install/share/rosidl_generator_dds_idl/local_setup.bash
-- Installing: /home/marlar/movelt_success/firmware/mcu_ws/install/share/rosidl_generator_dds_idl/local_setup.sh
-- Installing: /home/marlar/movelt_success/firmware/mcu_ws/install/share/rosidl_generator_dds_idl/local_setup.zsh
-- Installing: /home/marlar/movelt_success/firmware/mcu_ws/install/share/rosidl_generator_dds_idl/local_setup.dsv
-- Installing: /home/marlar/movelt_success/firmware/mcu_ws/install/share/rosidl_generator_dds_idl/package.dsv
-- Installing: /home/marlar/movelt_success/firmware/mcu_ws/install/share/ament_index/resource_index/packages/rosidl_generator_dds_idl
-- Installing: /home/marlar/movelt_success/firmware/mcu_ws/install/share/rosidl_generator_dds_idl/cmake/rosidl_generator_dds_idl-extras.cmake
-- Installing: /home/marlar/movelt_success/firmware/mcu_ws/install/share/rosidl_generator_dds_idl/cmake/rosidl_generator_dds_idlConfig.cmake
-- Installing: /home/marlar/movelt_success/firmware/mcu_ws/install/share/rosidl_generator_dds_idl/cmake/rosidl_generator_dds_idlConfig-version.cmake
-- Installing: /home/marlar/movelt_success/firmware/mcu_ws/install/share/rosidl_generator_dds_idl/package.xml
-- Installing: /home/marlar/movelt_success/firmware/mcu_ws/install/lib/rosidl_generator_dds_idl/rosidl_generator_dds_idl
-- Up-to-date: /home/marlar/movelt_success/firmware/mcu_ws/install/share/rosidl_generator_dds_idl/cmake
-- Installing: /home/marlar/movelt_success/firmware/mcu_ws/install/share/rosidl_generator_dds_idl/cmake/rosidl_generate_dds_interfaces.cmake
-- Installing: /home/marlar/movelt_success/firmware/mcu_ws/install/share/rosidl_generator_dds_idl/resource
-- Installing: /home/marlar/movelt_success/firmware/mcu_ws/install/share/rosidl_generator_dds_idl/resource/msg.idl.em
-- Installing: /home/marlar/movelt_success/firmware/mcu_ws/install/share/rosidl_generator_dds_idl/resource/srv.idl.em
-- Installing: /home/marlar/movelt_success/firmware/mcu_ws/install/share/rosidl_generator_dds_idl/resource/idl.idl.em
-- Installing: /home/marlar/movelt_success/firmware/mcu_ws/install/share/rosidl_generator_dds_idl/resource/action.idl.em
