-- The C compiler identification is GNU 9.2.0
-- Detecting C compiler ABI info
-- Detecting C compiler ABI info - done
-- Check for working C compiler: /home/marlar/movelt_success/firmware/zephyr-sdk/arm-zephyr-eabi/bin/arm-zephyr-eabi-gcc - skipped
-- Detecting C compile features
-- Detecting C compile features - done
-- Found ament_cmake_python: 0.9.8 (/home/marlar/movelt_success/firmware/dev_ws/install/ament_cmake_python/share/ament_cmake_python/cmake)
-- Found ament_cmake_ros: 0.9.1 (/home/marlar/movelt_success/firmware/dev_ws/install/ament_cmake_ros/share/ament_cmake_ros/cmake)
-- Found PythonInterp: /usr/bin/python3 (found suitable version "3.8.5", minimum required is "3") 
-- Using PYTHON_EXECUTABLE: /usr/bin/python3
-- Configuring done
-- Generating done
CMake Warning:
  Manually-specified variables were not used by the project:

    THIRDPARTY


-- Build files have been written to: /home/marlar/movelt_success/firmware/mcu_ws/build/rosidl_generator_c
-- Install configuration: "Debug"
-- Installing: /home/marlar/movelt_success/firmware/mcu_ws/install/share/ament_index/resource_index/rosidl_generator_packages/rosidl_generator_c
-- Installing: /home/marlar/movelt_success/firmware/mcu_ws/install/share/rosidl_generator_c/environment/pythonpath.sh
-- Installing: /home/marlar/movelt_success/firmware/mcu_ws/install/share/rosidl_generator_c/environment/pythonpath.dsv
-- Installing: /home/marlar/movelt_success/firmware/mcu_ws/install/lib/python3.8/site-packages/rosidl_generator_c
-- Installing: /home/marlar/movelt_success/firmware/mcu_ws/install/lib/python3.8/site-packages/rosidl_generator_c/__init__.py
Listing '/home/marlar/movelt_success/firmware/mcu_ws/install/lib/python3.8/site-packages/rosidl_generator_c'...
Compiling '/home/marlar/movelt_success/firmware/mcu_ws/install/lib/python3.8/site-packages/rosidl_generator_c/__init__.py'...
-- Installing: /home/marlar/movelt_success/firmware/mcu_ws/install/share/ament_index/resource_index/package_run_dependencies/rosidl_generator_c
-- Installing: /home/marlar/movelt_success/firmware/mcu_ws/install/share/ament_index/resource_index/parent_prefix_path/rosidl_generator_c
-- Installing: /home/marlar/movelt_success/firmware/mcu_ws/install/share/rosidl_generator_c/environment/ament_prefix_path.sh
-- Installing: /home/marlar/movelt_success/firmware/mcu_ws/install/share/rosidl_generator_c/environment/ament_prefix_path.dsv
-- Installing: /home/marlar/movelt_success/firmware/mcu_ws/install/share/rosidl_generator_c/environment/path.sh
-- Installing: /home/marlar/movelt_success/firmware/mcu_ws/install/share/rosidl_generator_c/environment/path.dsv
-- Installing: /home/marlar/movelt_success/firmware/mcu_ws/install/share/rosidl_generator_c/local_setup.bash
-- Installing: /home/marlar/movelt_success/firmware/mcu_ws/install/share/rosidl_generator_c/local_setup.sh
-- Installing: /home/marlar/movelt_success/firmware/mcu_ws/install/share/rosidl_generator_c/local_setup.zsh
-- Installing: /home/marlar/movelt_success/firmware/mcu_ws/install/share/rosidl_generator_c/local_setup.dsv
-- Installing: /home/marlar/movelt_success/firmware/mcu_ws/install/share/rosidl_generator_c/package.dsv
-- Installing: /home/marlar/movelt_success/firmware/mcu_ws/install/share/ament_index/resource_index/packages/rosidl_generator_c
-- Installing: /home/marlar/movelt_success/firmware/mcu_ws/install/share/rosidl_generator_c/cmake/rosidl_generator_c-extras.cmake
-- Installing: /home/marlar/movelt_success/firmware/mcu_ws/install/share/rosidl_generator_c/cmake/ament_cmake_export_dependencies-extras.cmake
-- Installing: /home/marlar/movelt_success/firmware/mcu_ws/install/share/rosidl_generator_c/cmake/rosidl_generator_cConfig.cmake
-- Installing: /home/marlar/movelt_success/firmware/mcu_ws/install/share/rosidl_generator_c/cmake/rosidl_generator_cConfig-version.cmake
-- Installing: /home/marlar/movelt_success/firmware/mcu_ws/install/share/rosidl_generator_c/package.xml
-- Installing: /home/marlar/movelt_success/firmware/mcu_ws/install/lib/rosidl_generator_c/rosidl_generator_c
-- Up-to-date: /home/marlar/movelt_success/firmware/mcu_ws/install/share/rosidl_generator_c/cmake
-- Installing: /home/marlar/movelt_success/firmware/mcu_ws/install/share/rosidl_generator_c/cmake/rosidl_generator_c_generate_interfaces.cmake
-- Installing: /home/marlar/movelt_success/firmware/mcu_ws/install/share/rosidl_generator_c/cmake/register_c.cmake
-- Installing: /home/marlar/movelt_success/firmware/mcu_ws/install/share/rosidl_generator_c/resource
-- Installing: /home/marlar/movelt_success/firmware/mcu_ws/install/share/rosidl_generator_c/resource/idl.h.em
-- Installing: /home/marlar/movelt_success/firmware/mcu_ws/install/share/rosidl_generator_c/resource/idl__functions.h.em
-- Installing: /home/marlar/movelt_success/firmware/mcu_ws/install/share/rosidl_generator_c/resource/idl__type_support.h.em
-- Installing: /home/marlar/movelt_success/firmware/mcu_ws/install/share/rosidl_generator_c/resource/idl__functions.c.em
-- Installing: /home/marlar/movelt_success/firmware/mcu_ws/install/share/rosidl_generator_c/resource/action__type_support.h.em
-- Installing: /home/marlar/movelt_success/firmware/mcu_ws/install/share/rosidl_generator_c/resource/msg__type_support.h.em
-- Installing: /home/marlar/movelt_success/firmware/mcu_ws/install/share/rosidl_generator_c/resource/rosidl_generator_c__visibility_control.h.in
-- Installing: /home/marlar/movelt_success/firmware/mcu_ws/install/share/rosidl_generator_c/resource/idl__struct.h.em
-- Installing: /home/marlar/movelt_success/firmware/mcu_ws/install/share/rosidl_generator_c/resource/msg__struct.h.em
-- Installing: /home/marlar/movelt_success/firmware/mcu_ws/install/share/rosidl_generator_c/resource/msg__functions.h.em
-- Installing: /home/marlar/movelt_success/firmware/mcu_ws/install/share/rosidl_generator_c/resource/srv__type_support.h.em
-- Installing: /home/marlar/movelt_success/firmware/mcu_ws/install/share/rosidl_generator_c/resource/msg__functions.c.em
