[0.026s] Invoking command in '/home/nuc01/zephyr_microros_pingpong/firmware/mcu_ws/build/libyaml_vendor': CFLAGS=-I/home/nuc01/zephyr_microros_pingpong/firmware/zephyrproject/zephyr/include -I/home/nuc01/zephyr_microros_pingpong/firmware/build/zephyr/include/generated -I/home/nuc01/zephyr_microros_pingpong/firmware/zephyrproject/zephyr/soc/arm/st_stm32/stm32f4 -I/home/nuc01/zephyr_microros_pingpong/firmware/zephyrproject/zephyr/lib/libc/newlib/include -I/home/nuc01/zephyr_microros_pingpong/firmware/zephyrproject/zephyr/drivers -I/home/nuc01/zephyr_microros_pingpong/firmware/zephyrproject/zephyr/soc/arm/st_stm32/common/. -I/home/nuc01/zephyr_microros_pingpong/firmware/zephyrproject/zephyr/soc/arm/st_stm32/common -I/home/nuc01/zephyr_microros_pingpong/firmware/zephyrproject/modules/hal/cmsis/CMSIS/Core/Include -I/home/nuc01/zephyr_microros_pingpong/firmware/zephyrproject/modules/hal/stm32/stm32cube/stm32f4xx/soc -I/home/nuc01/zephyr_microros_pingpong/firmware/zephyrproject/modules/hal/stm32/stm32cube/stm32f4xx/drivers/include -I/home/nuc01/zephyr_microros_pingpong/firmware/zephyrproject/modules/hal/stm32/stm32cube/stm32f4xx/drivers/include/Legacy -I/home/nuc01/zephyr_microros_pingpong/firmware/zephyrproject/modules/hal/stm32/stm32cube/common_ll/include -DKERNEL -D__ZEPHYR__=1 -D_FORTIFY_SOURCE=2 -DBUILD_VERSION=v2.5.0-rc1-167-g3740f6063148 -D__LINUX_ERRNO_EXTENSIONS__ -D__PROGRAM_START -DSTM32F429xx -DUSE_HAL_DRIVER -DUSE_FULL_LL_DRIVER -DCORE_CM4 -DHSE_VALUE=8000000 -Os -imacros /home/nuc01/zephyr_microros_pingpong/firmware/build/zephyr/include/generated/autoconf.h -ffreestanding -fno-common -g -mcpu=cortex-m4 -mthumb -mabi=aapcs -imacros /home/nuc01/zephyr_microros_pingpong/firmware/zephyrproject/zephyr/include/toolchain/zephyr_stdint.h -Wall -Wformat -Wformat-security -Wno-format-zero-length -Wno-main -Wno-pointer-sign -Wpointer-arith -Wno-address-of-packed-member -Wno-unused-but-set-variable -Werror=implicit-int -fno-asynchronous-unwind-tables -fno-pie -fno-pic -fno-strict-overflow -fno-reorder-functions -fno-defer-pop -fmacro-prefix-map=/home/nuc01/zephyr_microros_pingpong/firmware/zephyr_apps/apps/ping_pong=CMAKE_SOURCE_DIR -fmacro-prefix-map=/home/nuc01/zephyr_microros_pingpong/firmware/zephyrproject/zephyr=ZEPHYR_BASE -fmacro-prefix-map=/home/nuc01/zephyr_microros_pingpong/firmware/zephyrproject=WEST_TOPDIR -ffunction-sections -fdata-sections -std=c99 CMAKE_PREFIX_PATH=${CMAKE_PREFIX_PATH}:/home/nuc01/zephyr_microros_pingpong/firmware/dev_ws/install/ament_uncrustify:/home/nuc01/zephyr_microros_pingpong/firmware/dev_ws/install/domain_coordinator:/home/nuc01/zephyr_microros_pingpong/firmware/dev_ws/install/ament_xmllint:/home/nuc01/zephyr_microros_pingpong/firmware/dev_ws/install/ament_pyflakes:/home/nuc01/zephyr_microros_pingpong/firmware/dev_ws/install/ament_pycodestyle:/home/nuc01/zephyr_microros_pingpong/firmware/dev_ws/install/ament_pep257:/home/nuc01/zephyr_microros_pingpong/firmware/dev_ws/install/ament_pclint:/home/nuc01/zephyr_microros_pingpong/firmware/dev_ws/install/ament_package:/home/nuc01/zephyr_microros_pingpong/firmware/dev_ws/install/ament_mypy:/home/nuc01/zephyr_microros_pingpong/firmware/dev_ws/install/ament_lint_cmake:/home/nuc01/zephyr_microros_pingpong/firmware/dev_ws/install/ament_flake8:/home/nuc01/zephyr_microros_pingpong/firmware/dev_ws/install/ament_copyright:/home/nuc01/zephyr_microros_pingpong/firmware/dev_ws/install/ament_lint:/home/nuc01/zephyr_microros_pingpong/firmware/dev_ws/install/ament_index_python:/home/nuc01/zephyr_microros_pingpong/firmware/dev_ws/install/ament_cpplint:/home/nuc01/zephyr_microros_pingpong/firmware/dev_ws/install/ament_cppcheck:/home/nuc01/zephyr_microros_pingpong/firmware/dev_ws/install/ament_clang_tidy:/home/nuc01/zephyr_microros_pingpong/firmware/dev_ws/install/ament_clang_format CXXFLAGS=-I/home/nuc01/zephyr_microros_pingpong/firmware/zephyrproject/zephyr/include -I/home/nuc01/zephyr_microros_pingpong/firmware/build/zephyr/include/generated -I/home/nuc01/zephyr_microros_pingpong/firmware/zephyrproject/zephyr/soc/arm/st_stm32/stm32f4 -I/home/nuc01/zephyr_microros_pingpong/firmware/zephyrproject/zephyr/lib/libc/newlib/include -I/home/nuc01/zephyr_microros_pingpong/firmware/zephyrproject/zephyr/drivers -I/home/nuc01/zephyr_microros_pingpong/firmware/zephyrproject/zephyr/soc/arm/st_stm32/common/. -I/home/nuc01/zephyr_microros_pingpong/firmware/zephyrproject/zephyr/soc/arm/st_stm32/common -I/home/nuc01/zephyr_microros_pingpong/firmware/zephyrproject/modules/hal/cmsis/CMSIS/Core/Include -I/home/nuc01/zephyr_microros_pingpong/firmware/zephyrproject/modules/hal/stm32/stm32cube/stm32f4xx/soc -I/home/nuc01/zephyr_microros_pingpong/firmware/zephyrproject/modules/hal/stm32/stm32cube/stm32f4xx/drivers/include -I/home/nuc01/zephyr_microros_pingpong/firmware/zephyrproject/modules/hal/stm32/stm32cube/stm32f4xx/drivers/include/Legacy -I/home/nuc01/zephyr_microros_pingpong/firmware/zephyrproject/modules/hal/stm32/stm32cube/common_ll/include -DKERNEL -D__ZEPHYR__=1 -D_FORTIFY_SOURCE=2 -DBUILD_VERSION=v2.5.0-rc1-167-g3740f6063148 -D__LINUX_ERRNO_EXTENSIONS__ -D__PROGRAM_START -DSTM32F429xx -DUSE_HAL_DRIVER -DUSE_FULL_LL_DRIVER -DCORE_CM4 -DHSE_VALUE=8000000 -Os -fcheck-new -std=c++11 -Wno-register -fno-exceptions -fno-rtti -imacros /home/nuc01/zephyr_microros_pingpong/firmware/build/zephyr/include/generated/autoconf.h -ffreestanding -fno-common -g -mcpu=cortex-m4 -mthumb -mabi=aapcs -imacros /home/nuc01/zephyr_microros_pingpong/firmware/zephyrproject/zephyr/include/toolchain/zephyr_stdint.h -Wall -Wformat -Wformat-security -Wno-format-zero-length -Wno-main -Wpointer-arith -Wno-address-of-packed-member -Wno-unused-but-set-variable -fno-asynchronous-unwind-tables -fno-pie -fno-pic -fno-strict-overflow -fno-reorder-functions -fno-defer-pop -fmacro-prefix-map=/home/nuc01/zephyr_microros_pingpong/firmware/zephyr_apps/apps/ping_pong=CMAKE_SOURCE_DIR -fmacro-prefix-map=/home/nuc01/zephyr_microros_pingpong/firmware/zephyrproject/zephyr=ZEPHYR_BASE -fmacro-prefix-map=/home/nuc01/zephyr_microros_pingpong/firmware/zephyrproject=WEST_TOPDIR -ffunction-sections -fdata-sections /usr/bin/cmake /home/nuc01/zephyr_microros_pingpong/firmware/mcu_ws/ros2/libyaml_vendor -DCMAKE_POSITION_INDEPENDENT_CODE:BOOL=OFF -DTHIRDPARTY=ON -DBUILD_SHARED_LIBS=OFF -DBUILD_TESTING=OFF -DCMAKE_BUILD_TYPE=Debug -DCMAKE_TOOLCHAIN_FILE=/home/nuc01/zephyr_microros_pingpong/firmware/zephyr_apps/microros_extensions/arm_toolchain.cmake -DCMAKE_VERBOSE_MAKEFILE=ON -DCMAKE_INSTALL_PREFIX=/home/nuc01/zephyr_microros_pingpong/firmware/mcu_ws/install
[0.126s] -- The C compiler identification is GNU 9.2.0
[0.240s] -- The CXX compiler identification is GNU 9.2.0
[0.258s] -- Detecting C compiler ABI info
[0.311s] -- Detecting C compiler ABI info - done
[0.336s] -- Check for working C compiler: /home/nuc01/zephyr_microros_pingpong/firmware/zephyr-sdk/arm-zephyr-eabi/bin/arm-zephyr-eabi-gcc - skipped
[0.336s] -- Detecting C compile features
[0.336s] -- Detecting C compile features - done
[0.341s] -- Detecting CXX compiler ABI info
[0.388s] -- Detecting CXX compiler ABI info - done
[0.401s] -- Check for working CXX compiler: /home/nuc01/zephyr_microros_pingpong/firmware/zephyr-sdk/arm-zephyr-eabi/bin/arm-zephyr-eabi-g++ - skipped
[0.402s] -- Detecting CXX compile features
[0.402s] -- Detecting CXX compile features - done
[0.404s] -- Found ament_cmake: 0.9.8 (/home/nuc01/zephyr_microros_pingpong/firmware/dev_ws/install/ament_cmake/share/ament_cmake/cmake)
[0.437s] -- Found PythonInterp: /usr/bin/python3 (found suitable version "3.8.5", minimum required is "3") 
[0.438s] -- Using PYTHON_EXECUTABLE: /usr/bin/python3
[1.049s] -- Configuring done
[1.054s] -- Generating done
[1.056s] CMake Warning:
[1.056s]   Manually-specified variables were not used by the project:
[1.056s] 
[1.056s]     BUILD_SHARED_LIBS
[1.056s]     THIRDPARTY
[1.056s] 
[1.056s] 
[1.057s] -- Build files have been written to: /home/nuc01/zephyr_microros_pingpong/firmware/mcu_ws/build/libyaml_vendor
[1.068s] Invoked command in '/home/nuc01/zephyr_microros_pingpong/firmware/mcu_ws/build/libyaml_vendor' returned '0': CFLAGS=-I/home/nuc01/zephyr_microros_pingpong/firmware/zephyrproject/zephyr/include -I/home/nuc01/zephyr_microros_pingpong/firmware/build/zephyr/include/generated -I/home/nuc01/zephyr_microros_pingpong/firmware/zephyrproject/zephyr/soc/arm/st_stm32/stm32f4 -I/home/nuc01/zephyr_microros_pingpong/firmware/zephyrproject/zephyr/lib/libc/newlib/include -I/home/nuc01/zephyr_microros_pingpong/firmware/zephyrproject/zephyr/drivers -I/home/nuc01/zephyr_microros_pingpong/firmware/zephyrproject/zephyr/soc/arm/st_stm32/common/. -I/home/nuc01/zephyr_microros_pingpong/firmware/zephyrproject/zephyr/soc/arm/st_stm32/common -I/home/nuc01/zephyr_microros_pingpong/firmware/zephyrproject/modules/hal/cmsis/CMSIS/Core/Include -I/home/nuc01/zephyr_microros_pingpong/firmware/zephyrproject/modules/hal/stm32/stm32cube/stm32f4xx/soc -I/home/nuc01/zephyr_microros_pingpong/firmware/zephyrproject/modules/hal/stm32/stm32cube/stm32f4xx/drivers/include -I/home/nuc01/zephyr_microros_pingpong/firmware/zephyrproject/modules/hal/stm32/stm32cube/stm32f4xx/drivers/include/Legacy -I/home/nuc01/zephyr_microros_pingpong/firmware/zephyrproject/modules/hal/stm32/stm32cube/common_ll/include -DKERNEL -D__ZEPHYR__=1 -D_FORTIFY_SOURCE=2 -DBUILD_VERSION=v2.5.0-rc1-167-g3740f6063148 -D__LINUX_ERRNO_EXTENSIONS__ -D__PROGRAM_START -DSTM32F429xx -DUSE_HAL_DRIVER -DUSE_FULL_LL_DRIVER -DCORE_CM4 -DHSE_VALUE=8000000 -Os -imacros /home/nuc01/zephyr_microros_pingpong/firmware/build/zephyr/include/generated/autoconf.h -ffreestanding -fno-common -g -mcpu=cortex-m4 -mthumb -mabi=aapcs -imacros /home/nuc01/zephyr_microros_pingpong/firmware/zephyrproject/zephyr/include/toolchain/zephyr_stdint.h -Wall -Wformat -Wformat-security -Wno-format-zero-length -Wno-main -Wno-pointer-sign -Wpointer-arith -Wno-address-of-packed-member -Wno-unused-but-set-variable -Werror=implicit-int -fno-asynchronous-unwind-tables -fno-pie -fno-pic -fno-strict-overflow -fno-reorder-functions -fno-defer-pop -fmacro-prefix-map=/home/nuc01/zephyr_microros_pingpong/firmware/zephyr_apps/apps/ping_pong=CMAKE_SOURCE_DIR -fmacro-prefix-map=/home/nuc01/zephyr_microros_pingpong/firmware/zephyrproject/zephyr=ZEPHYR_BASE -fmacro-prefix-map=/home/nuc01/zephyr_microros_pingpong/firmware/zephyrproject=WEST_TOPDIR -ffunction-sections -fdata-sections -std=c99 CMAKE_PREFIX_PATH=${CMAKE_PREFIX_PATH}:/home/nuc01/zephyr_microros_pingpong/firmware/dev_ws/install/ament_uncrustify:/home/nuc01/zephyr_microros_pingpong/firmware/dev_ws/install/domain_coordinator:/home/nuc01/zephyr_microros_pingpong/firmware/dev_ws/install/ament_xmllint:/home/nuc01/zephyr_microros_pingpong/firmware/dev_ws/install/ament_pyflakes:/home/nuc01/zephyr_microros_pingpong/firmware/dev_ws/install/ament_pycodestyle:/home/nuc01/zephyr_microros_pingpong/firmware/dev_ws/install/ament_pep257:/home/nuc01/zephyr_microros_pingpong/firmware/dev_ws/install/ament_pclint:/home/nuc01/zephyr_microros_pingpong/firmware/dev_ws/install/ament_package:/home/nuc01/zephyr_microros_pingpong/firmware/dev_ws/install/ament_mypy:/home/nuc01/zephyr_microros_pingpong/firmware/dev_ws/install/ament_lint_cmake:/home/nuc01/zephyr_microros_pingpong/firmware/dev_ws/install/ament_flake8:/home/nuc01/zephyr_microros_pingpong/firmware/dev_ws/install/ament_copyright:/home/nuc01/zephyr_microros_pingpong/firmware/dev_ws/install/ament_lint:/home/nuc01/zephyr_microros_pingpong/firmware/dev_ws/install/ament_index_python:/home/nuc01/zephyr_microros_pingpong/firmware/dev_ws/install/ament_cpplint:/home/nuc01/zephyr_microros_pingpong/firmware/dev_ws/install/ament_cppcheck:/home/nuc01/zephyr_microros_pingpong/firmware/dev_ws/install/ament_clang_tidy:/home/nuc01/zephyr_microros_pingpong/firmware/dev_ws/install/ament_clang_format CXXFLAGS=-I/home/nuc01/zephyr_microros_pingpong/firmware/zephyrproject/zephyr/include -I/home/nuc01/zephyr_microros_pingpong/firmware/build/zephyr/include/generated -I/home/nuc01/zephyr_microros_pingpong/firmware/zephyrproject/zephyr/soc/arm/st_stm32/stm32f4 -I/home/nuc01/zephyr_microros_pingpong/firmware/zephyrproject/zephyr/lib/libc/newlib/include -I/home/nuc01/zephyr_microros_pingpong/firmware/zephyrproject/zephyr/drivers -I/home/nuc01/zephyr_microros_pingpong/firmware/zephyrproject/zephyr/soc/arm/st_stm32/common/. -I/home/nuc01/zephyr_microros_pingpong/firmware/zephyrproject/zephyr/soc/arm/st_stm32/common -I/home/nuc01/zephyr_microros_pingpong/firmware/zephyrproject/modules/hal/cmsis/CMSIS/Core/Include -I/home/nuc01/zephyr_microros_pingpong/firmware/zephyrproject/modules/hal/stm32/stm32cube/stm32f4xx/soc -I/home/nuc01/zephyr_microros_pingpong/firmware/zephyrproject/modules/hal/stm32/stm32cube/stm32f4xx/drivers/include -I/home/nuc01/zephyr_microros_pingpong/firmware/zephyrproject/modules/hal/stm32/stm32cube/stm32f4xx/drivers/include/Legacy -I/home/nuc01/zephyr_microros_pingpong/firmware/zephyrproject/modules/hal/stm32/stm32cube/common_ll/include -DKERNEL -D__ZEPHYR__=1 -D_FORTIFY_SOURCE=2 -DBUILD_VERSION=v2.5.0-rc1-167-g3740f6063148 -D__LINUX_ERRNO_EXTENSIONS__ -D__PROGRAM_START -DSTM32F429xx -DUSE_HAL_DRIVER -DUSE_FULL_LL_DRIVER -DCORE_CM4 -DHSE_VALUE=8000000 -Os -fcheck-new -std=c++11 -Wno-register -fno-exceptions -fno-rtti -imacros /home/nuc01/zephyr_microros_pingpong/firmware/build/zephyr/include/generated/autoconf.h -ffreestanding -fno-common -g -mcpu=cortex-m4 -mthumb -mabi=aapcs -imacros /home/nuc01/zephyr_microros_pingpong/firmware/zephyrproject/zephyr/include/toolchain/zephyr_stdint.h -Wall -Wformat -Wformat-security -Wno-format-zero-length -Wno-main -Wpointer-arith -Wno-address-of-packed-member -Wno-unused-but-set-variable -fno-asynchronous-unwind-tables -fno-pie -fno-pic -fno-strict-overflow -fno-reorder-functions -fno-defer-pop -fmacro-prefix-map=/home/nuc01/zephyr_microros_pingpong/firmware/zephyr_apps/apps/ping_pong=CMAKE_SOURCE_DIR -fmacro-prefix-map=/home/nuc01/zephyr_microros_pingpong/firmware/zephyrproject/zephyr=ZEPHYR_BASE -fmacro-prefix-map=/home/nuc01/zephyr_microros_pingpong/firmware/zephyrproject=WEST_TOPDIR -ffunction-sections -fdata-sections /usr/bin/cmake /home/nuc01/zephyr_microros_pingpong/firmware/mcu_ws/ros2/libyaml_vendor -DCMAKE_POSITION_INDEPENDENT_CODE:BOOL=OFF -DTHIRDPARTY=ON -DBUILD_SHARED_LIBS=OFF -DBUILD_TESTING=OFF -DCMAKE_BUILD_TYPE=Debug -DCMAKE_TOOLCHAIN_FILE=/home/nuc01/zephyr_microros_pingpong/firmware/zephyr_apps/microros_extensions/arm_toolchain.cmake -DCMAKE_VERBOSE_MAKEFILE=ON -DCMAKE_INSTALL_PREFIX=/home/nuc01/zephyr_microros_pingpong/firmware/mcu_ws/install
[1.069s] Invoking command in '/home/nuc01/zephyr_microros_pingpong/firmware/mcu_ws/build/libyaml_vendor': CFLAGS=-I/home/nuc01/zephyr_microros_pingpong/firmware/zephyrproject/zephyr/include -I/home/nuc01/zephyr_microros_pingpong/firmware/build/zephyr/include/generated -I/home/nuc01/zephyr_microros_pingpong/firmware/zephyrproject/zephyr/soc/arm/st_stm32/stm32f4 -I/home/nuc01/zephyr_microros_pingpong/firmware/zephyrproject/zephyr/lib/libc/newlib/include -I/home/nuc01/zephyr_microros_pingpong/firmware/zephyrproject/zephyr/drivers -I/home/nuc01/zephyr_microros_pingpong/firmware/zephyrproject/zephyr/soc/arm/st_stm32/common/. -I/home/nuc01/zephyr_microros_pingpong/firmware/zephyrproject/zephyr/soc/arm/st_stm32/common -I/home/nuc01/zephyr_microros_pingpong/firmware/zephyrproject/modules/hal/cmsis/CMSIS/Core/Include -I/home/nuc01/zephyr_microros_pingpong/firmware/zephyrproject/modules/hal/stm32/stm32cube/stm32f4xx/soc -I/home/nuc01/zephyr_microros_pingpong/firmware/zephyrproject/modules/hal/stm32/stm32cube/stm32f4xx/drivers/include -I/home/nuc01/zephyr_microros_pingpong/firmware/zephyrproject/modules/hal/stm32/stm32cube/stm32f4xx/drivers/include/Legacy -I/home/nuc01/zephyr_microros_pingpong/firmware/zephyrproject/modules/hal/stm32/stm32cube/common_ll/include -DKERNEL -D__ZEPHYR__=1 -D_FORTIFY_SOURCE=2 -DBUILD_VERSION=v2.5.0-rc1-167-g3740f6063148 -D__LINUX_ERRNO_EXTENSIONS__ -D__PROGRAM_START -DSTM32F429xx -DUSE_HAL_DRIVER -DUSE_FULL_LL_DRIVER -DCORE_CM4 -DHSE_VALUE=8000000 -Os -imacros /home/nuc01/zephyr_microros_pingpong/firmware/build/zephyr/include/generated/autoconf.h -ffreestanding -fno-common -g -mcpu=cortex-m4 -mthumb -mabi=aapcs -imacros /home/nuc01/zephyr_microros_pingpong/firmware/zephyrproject/zephyr/include/toolchain/zephyr_stdint.h -Wall -Wformat -Wformat-security -Wno-format-zero-length -Wno-main -Wno-pointer-sign -Wpointer-arith -Wno-address-of-packed-member -Wno-unused-but-set-variable -Werror=implicit-int -fno-asynchronous-unwind-tables -fno-pie -fno-pic -fno-strict-overflow -fno-reorder-functions -fno-defer-pop -fmacro-prefix-map=/home/nuc01/zephyr_microros_pingpong/firmware/zephyr_apps/apps/ping_pong=CMAKE_SOURCE_DIR -fmacro-prefix-map=/home/nuc01/zephyr_microros_pingpong/firmware/zephyrproject/zephyr=ZEPHYR_BASE -fmacro-prefix-map=/home/nuc01/zephyr_microros_pingpong/firmware/zephyrproject=WEST_TOPDIR -ffunction-sections -fdata-sections -std=c99 CMAKE_PREFIX_PATH=${CMAKE_PREFIX_PATH}:/home/nuc01/zephyr_microros_pingpong/firmware/dev_ws/install/ament_uncrustify:/home/nuc01/zephyr_microros_pingpong/firmware/dev_ws/install/domain_coordinator:/home/nuc01/zephyr_microros_pingpong/firmware/dev_ws/install/ament_xmllint:/home/nuc01/zephyr_microros_pingpong/firmware/dev_ws/install/ament_pyflakes:/home/nuc01/zephyr_microros_pingpong/firmware/dev_ws/install/ament_pycodestyle:/home/nuc01/zephyr_microros_pingpong/firmware/dev_ws/install/ament_pep257:/home/nuc01/zephyr_microros_pingpong/firmware/dev_ws/install/ament_pclint:/home/nuc01/zephyr_microros_pingpong/firmware/dev_ws/install/ament_package:/home/nuc01/zephyr_microros_pingpong/firmware/dev_ws/install/ament_mypy:/home/nuc01/zephyr_microros_pingpong/firmware/dev_ws/install/ament_lint_cmake:/home/nuc01/zephyr_microros_pingpong/firmware/dev_ws/install/ament_flake8:/home/nuc01/zephyr_microros_pingpong/firmware/dev_ws/install/ament_copyright:/home/nuc01/zephyr_microros_pingpong/firmware/dev_ws/install/ament_lint:/home/nuc01/zephyr_microros_pingpong/firmware/dev_ws/install/ament_index_python:/home/nuc01/zephyr_microros_pingpong/firmware/dev_ws/install/ament_cpplint:/home/nuc01/zephyr_microros_pingpong/firmware/dev_ws/install/ament_cppcheck:/home/nuc01/zephyr_microros_pingpong/firmware/dev_ws/install/ament_clang_tidy:/home/nuc01/zephyr_microros_pingpong/firmware/dev_ws/install/ament_clang_format CXXFLAGS=-I/home/nuc01/zephyr_microros_pingpong/firmware/zephyrproject/zephyr/include -I/home/nuc01/zephyr_microros_pingpong/firmware/build/zephyr/include/generated -I/home/nuc01/zephyr_microros_pingpong/firmware/zephyrproject/zephyr/soc/arm/st_stm32/stm32f4 -I/home/nuc01/zephyr_microros_pingpong/firmware/zephyrproject/zephyr/lib/libc/newlib/include -I/home/nuc01/zephyr_microros_pingpong/firmware/zephyrproject/zephyr/drivers -I/home/nuc01/zephyr_microros_pingpong/firmware/zephyrproject/zephyr/soc/arm/st_stm32/common/. -I/home/nuc01/zephyr_microros_pingpong/firmware/zephyrproject/zephyr/soc/arm/st_stm32/common -I/home/nuc01/zephyr_microros_pingpong/firmware/zephyrproject/modules/hal/cmsis/CMSIS/Core/Include -I/home/nuc01/zephyr_microros_pingpong/firmware/zephyrproject/modules/hal/stm32/stm32cube/stm32f4xx/soc -I/home/nuc01/zephyr_microros_pingpong/firmware/zephyrproject/modules/hal/stm32/stm32cube/stm32f4xx/drivers/include -I/home/nuc01/zephyr_microros_pingpong/firmware/zephyrproject/modules/hal/stm32/stm32cube/stm32f4xx/drivers/include/Legacy -I/home/nuc01/zephyr_microros_pingpong/firmware/zephyrproject/modules/hal/stm32/stm32cube/common_ll/include -DKERNEL -D__ZEPHYR__=1 -D_FORTIFY_SOURCE=2 -DBUILD_VERSION=v2.5.0-rc1-167-g3740f6063148 -D__LINUX_ERRNO_EXTENSIONS__ -D__PROGRAM_START -DSTM32F429xx -DUSE_HAL_DRIVER -DUSE_FULL_LL_DRIVER -DCORE_CM4 -DHSE_VALUE=8000000 -Os -fcheck-new -std=c++11 -Wno-register -fno-exceptions -fno-rtti -imacros /home/nuc01/zephyr_microros_pingpong/firmware/build/zephyr/include/generated/autoconf.h -ffreestanding -fno-common -g -mcpu=cortex-m4 -mthumb -mabi=aapcs -imacros /home/nuc01/zephyr_microros_pingpong/firmware/zephyrproject/zephyr/include/toolchain/zephyr_stdint.h -Wall -Wformat -Wformat-security -Wno-format-zero-length -Wno-main -Wpointer-arith -Wno-address-of-packed-member -Wno-unused-but-set-variable -fno-asynchronous-unwind-tables -fno-pie -fno-pic -fno-strict-overflow -fno-reorder-functions -fno-defer-pop -fmacro-prefix-map=/home/nuc01/zephyr_microros_pingpong/firmware/zephyr_apps/apps/ping_pong=CMAKE_SOURCE_DIR -fmacro-prefix-map=/home/nuc01/zephyr_microros_pingpong/firmware/zephyrproject/zephyr=ZEPHYR_BASE -fmacro-prefix-map=/home/nuc01/zephyr_microros_pingpong/firmware/zephyrproject=WEST_TOPDIR -ffunction-sections -fdata-sections /usr/bin/cmake --build /home/nuc01/zephyr_microros_pingpong/firmware/mcu_ws/build/libyaml_vendor -- -j4 -l4
[1.132s] Dependee "/home/nuc01/zephyr_microros_pingpong/firmware/mcu_ws/build/libyaml_vendor/CMakeFiles/libyaml-10c9078.dir/DependInfo.cmake" is newer than depender "/home/nuc01/zephyr_microros_pingpong/firmware/mcu_ws/build/libyaml_vendor/CMakeFiles/libyaml-10c9078.dir/depend.internal".
[1.132s] Dependee "/home/nuc01/zephyr_microros_pingpong/firmware/mcu_ws/build/libyaml_vendor/CMakeFiles/CMakeDirectoryInformation.cmake" is newer than depender "/home/nuc01/zephyr_microros_pingpong/firmware/mcu_ws/build/libyaml_vendor/CMakeFiles/libyaml-10c9078.dir/depend.internal".
[1.132s] [35m[1mScanning dependencies of target libyaml-10c9078[0m
[1.159s] [ 12%] [34m[1mCreating directories for 'libyaml-10c9078'[0m
[1.366s] [ 25%] [34m[1mPerforming download step (download, verify and extract) for 'libyaml-10c9078'[0m
[1.366s] -- Downloading...
[1.366s]    dst='/home/nuc01/zephyr_microros_pingpong/firmware/mcu_ws/build/libyaml_vendor/libyaml-10c9078-prefix/src/10c907871f1ccd779c7fccf6b81a62762b5c4e7b.zip'
[1.366s]    timeout='60 seconds'
[1.366s]    inactivity timeout='none'
[1.366s] -- Using src='https://github.com/yaml/libyaml/archive/10c907871f1ccd779c7fccf6b81a62762b5c4e7b.zip'
[1.722s] -- [download 100% complete]
[2.855s] -- verifying file...
[2.855s]        file='/home/nuc01/zephyr_microros_pingpong/firmware/mcu_ws/build/libyaml_vendor/libyaml-10c9078-prefix/src/10c907871f1ccd779c7fccf6b81a62762b5c4e7b.zip'
[2.855s] -- Downloading... done
[2.871s] -- extracting...
[2.871s]      src='/home/nuc01/zephyr_microros_pingpong/firmware/mcu_ws/build/libyaml_vendor/libyaml-10c9078-prefix/src/10c907871f1ccd779c7fccf6b81a62762b5c4e7b.zip'
[2.871s]      dst='/home/nuc01/zephyr_microros_pingpong/firmware/mcu_ws/build/libyaml_vendor/libyaml-10c9078-prefix/src/libyaml-10c9078'
[2.872s] -- extracting... [tar xfz]
[2.872s] -- extracting... [analysis]
[2.872s] -- extracting... [rename]
[2.872s] -- extracting... [clean up]
[2.873s] -- extracting... done
[2.873s] [ 37%] [34m[1mNo update step for 'libyaml-10c9078'[0m
[2.882s] [ 50%] [34m[1mNo patch step for 'libyaml-10c9078'[0m
[2.891s] [ 62%] [34m[1mPerforming configure step for 'libyaml-10c9078'[0m
[2.895s] Re-run cmake no build system arguments
[2.943s] -- The C compiler identification is GNU 9.2.0
[2.970s] -- Detecting C compiler ABI info
[3.011s] -- Detecting C compiler ABI info - done
[3.027s] -- Check for working C compiler: /home/nuc01/zephyr_microros_pingpong/firmware/zephyr-sdk/arm-zephyr-eabi/bin/arm-zephyr-eabi-gcc - skipped
[3.028s] -- Detecting C compile features
[3.029s] -- Detecting C compile features - done
[3.030s] CMake Warning (dev) at CMakeLists.txt:55 (add_library):
[3.030s]   ADD_LIBRARY called with SHARED option but the target platform does not
[3.030s]   support dynamic linking.  Building a STATIC library instead.  This may lead
[3.030s]   to problems.
[3.030s] This warning is for project developers.  Use -Wno-dev to suppress it.
[3.030s] 
[3.033s] -- Configuring done
[3.038s] -- Generating done
[3.039s] -- Build files have been written to: /home/nuc01/zephyr_microros_pingpong/firmware/mcu_ws/build/libyaml_vendor/libyaml-10c9078-prefix/src/libyaml-10c9078-build
[3.049s] [ 75%] [34m[1mPerforming build step for 'libyaml-10c9078'[0m
[3.060s] Dependee "/home/nuc01/zephyr_microros_pingpong/firmware/mcu_ws/build/libyaml_vendor/libyaml-10c9078-prefix/src/libyaml-10c9078-build/CMakeFiles/yaml.dir/DependInfo.cmake" is newer than depender "/home/nuc01/zephyr_microros_pingpong/firmware/mcu_ws/build/libyaml_vendor/libyaml-10c9078-prefix/src/libyaml-10c9078-build/CMakeFiles/yaml.dir/depend.internal".
[3.061s] Dependee "/home/nuc01/zephyr_microros_pingpong/firmware/mcu_ws/build/libyaml_vendor/libyaml-10c9078-prefix/src/libyaml-10c9078-build/CMakeFiles/CMakeDirectoryInformation.cmake" is newer than depender "/home/nuc01/zephyr_microros_pingpong/firmware/mcu_ws/build/libyaml_vendor/libyaml-10c9078-prefix/src/libyaml-10c9078-build/CMakeFiles/yaml.dir/depend.internal".
[3.061s] [35m[1mScanning dependencies of target yaml[0m
[3.067s] [ 11%] [32mBuilding C object CMakeFiles/yaml.dir/src/api.c.obj[0m
[3.070s] [ 22%] [32mBuilding C object CMakeFiles/yaml.dir/src/dumper.c.obj[0m
[3.071s] [ 33%] [32mBuilding C object CMakeFiles/yaml.dir/src/loader.c.obj[0m
[3.074s] [ 44%] [32mBuilding C object CMakeFiles/yaml.dir/src/emitter.c.obj[0m
[3.102s] [01m[K/home/nuc01/zephyr_microros_pingpong/firmware/mcu_ws/build/libyaml_vendor/libyaml-10c9078-prefix/src/libyaml-10c9078/src/api.c:[m[K In function '[01m[Kyaml_strdup[m[K':
[3.102s] [01m[K/home/nuc01/zephyr_microros_pingpong/firmware/mcu_ws/build/libyaml_vendor/libyaml-10c9078-prefix/src/libyaml-10c9078/src/api.c:66:27:[m[K [01;35m[Kwarning: [m[Kimplicit declaration of function '[01m[Kstrdup[m[K'; did you mean '[01m[Kstrcmp[m[K'? [[01;35m[K-Wimplicit-function-declaration[m[K]
[3.102s]    66 |     return (yaml_char_t *)[01;35m[Kstrdup[m[K((char *)str);
[3.102s]       |                           [01;35m[K^~~~~~[m[K
[3.102s]       |                           [32m[Kstrcmp[m[K
[3.175s] [01m[K/home/nuc01/zephyr_microros_pingpong/firmware/mcu_ws/build/libyaml_vendor/libyaml-10c9078-prefix/src/libyaml-10c9078/src/emitter.c:[m[K In function '[01m[Kyaml_emitter_write_plain_scalar[m[K':
[3.175s] [01m[K/home/nuc01/zephyr_microros_pingpong/firmware/mcu_ws/build/libyaml_vendor/libyaml-10c9078-prefix/src/libyaml-10c9078/src/emitter.c:28:6:[m[K [01;35m[Kwarning: [m[Kvalue computed is not used [[01;35m[K-Wunused-value[m[K]
[3.175s]    28 |      [01;35m[K&&[m[K ((emitter->line_break == YAML_CR_BREAK ?                                \
[3.175s]       |      [01;35m[K^~[m[K
[3.175s] [01m[K/home/nuc01/zephyr_microros_pingpong/firmware/mcu_ws/build/libyaml_vendor/libyaml-10c9078-prefix/src/libyaml-10c9078/src/emitter.c:56:11:[m[K [01;36m[Knote: [m[Kin expansion of macro '[01m[KPUT_BREAK[m[K'
[3.175s]    56 |          ([01;36m[KPUT_BREAK[m[K(emitter),                                                   \
[3.175s]       |           [01;36m[K^~~~~~~~~[m[K
[3.175s] [01m[K/home/nuc01/zephyr_microros_pingpong/firmware/mcu_ws/build/libyaml_vendor/libyaml-10c9078-prefix/src/libyaml-10c9078/src/emitter.c:1931:18:[m[K [01;36m[Knote: [m[Kin expansion of macro '[01m[KWRITE_BREAK[m[K'
[3.176s]  1931 |             if (![01;36m[KWRITE_BREAK[m[K(emitter, string)) return 0;
[3.176s]       |                  [01;36m[K^~~~~~~~~~~[m[K
[3.177s] [01m[K/home/nuc01/zephyr_microros_pingpong/firmware/mcu_ws/build/libyaml_vendor/libyaml-10c9078-prefix/src/libyaml-10c9078/src/emitter.c:[m[K In function '[01m[Kyaml_emitter_write_single_quoted_scalar[m[K':
[3.178s] [01m[K/home/nuc01/zephyr_microros_pingpong/firmware/mcu_ws/build/libyaml_vendor/libyaml-10c9078-prefix/src/libyaml-10c9078/src/emitter.c:28:6:[m[K [01;35m[Kwarning: [m[Kvalue computed is not used [[01;35m[K-Wunused-value[m[K]
[3.178s]    28 |      [01;35m[K&&[m[K ((emitter->line_break == YAML_CR_BREAK ?                                \
[3.178s]       |      [01;35m[K^~[m[K
[3.178s] [01m[K/home/nuc01/zephyr_microros_pingpong/firmware/mcu_ws/build/libyaml_vendor/libyaml-10c9078-prefix/src/libyaml-10c9078/src/emitter.c:56:11:[m[K [01;36m[Knote: [m[Kin expansion of macro '[01m[KPUT_BREAK[m[K'
[3.178s]    56 |          ([01;36m[KPUT_BREAK[m[K(emitter),                                                   \
[3.178s]       |           [01;36m[K^~~~~~~~~[m[K
[3.178s] [01m[K/home/nuc01/zephyr_microros_pingpong/firmware/mcu_ws/build/libyaml_vendor/libyaml-10c9078-prefix/src/libyaml-10c9078/src/emitter.c:1988:18:[m[K [01;36m[Knote: [m[Kin expansion of macro '[01m[KWRITE_BREAK[m[K'
[3.178s]  1988 |             if (![01;36m[KWRITE_BREAK[m[K(emitter, string)) return 0;
[3.179s]       |                  [01;36m[K^~~~~~~~~~~[m[K
[3.193s] [01m[K/home/nuc01/zephyr_microros_pingpong/firmware/mcu_ws/build/libyaml_vendor/libyaml-10c9078-prefix/src/libyaml-10c9078/src/emitter.c:[m[K In function '[01m[Kyaml_emitter_write_literal_scalar[m[K':
[3.193s] [01m[K/home/nuc01/zephyr_microros_pingpong/firmware/mcu_ws/build/libyaml_vendor/libyaml-10c9078-prefix/src/libyaml-10c9078/src/emitter.c:28:6:[m[K [01;35m[Kwarning: [m[Kvalue computed is not used [[01;35m[K-Wunused-value[m[K]
[3.193s]    28 |      [01;35m[K&&[m[K ((emitter->line_break == YAML_CR_BREAK ?                                \
[3.193s]       |      [01;35m[K^~[m[K
[3.193s] [01m[K/home/nuc01/zephyr_microros_pingpong/firmware/mcu_ws/build/libyaml_vendor/libyaml-10c9078-prefix/src/libyaml-10c9078/src/emitter.c:56:11:[m[K [01;36m[Knote: [m[Kin expansion of macro '[01m[KPUT_BREAK[m[K'
[3.193s]    56 |          ([01;36m[KPUT_BREAK[m[K(emitter),                                                   \
[3.193s]       |           [01;36m[K^~~~~~~~~[m[K
[3.193s] [01m[K/home/nuc01/zephyr_microros_pingpong/firmware/mcu_ws/build/libyaml_vendor/libyaml-10c9078-prefix/src/libyaml-10c9078/src/emitter.c:2251:18:[m[K [01;36m[Knote: [m[Kin expansion of macro '[01m[KWRITE_BREAK[m[K'
[3.194s]  2251 |             if (![01;36m[KWRITE_BREAK[m[K(emitter, string)) return 0;
[3.194s]       |                  [01;36m[K^~~~~~~~~~~[m[K
[3.196s] [01m[K/home/nuc01/zephyr_microros_pingpong/firmware/mcu_ws/build/libyaml_vendor/libyaml-10c9078-prefix/src/libyaml-10c9078/src/emitter.c:[m[K In function '[01m[Kyaml_emitter_write_folded_scalar[m[K':
[3.196s] [01m[K/home/nuc01/zephyr_microros_pingpong/firmware/mcu_ws/build/libyaml_vendor/libyaml-10c9078-prefix/src/libyaml-10c9078/src/emitter.c:28:6:[m[K [01;35m[Kwarning: [m[Kvalue computed is not used [[01;35m[K-Wunused-value[m[K]
[3.196s]    28 |      [01;35m[K&&[m[K ((emitter->line_break == YAML_CR_BREAK ?                                \
[3.196s]       |      [01;35m[K^~[m[K
[3.196s] [01m[K/home/nuc01/zephyr_microros_pingpong/firmware/mcu_ws/build/libyaml_vendor/libyaml-10c9078-prefix/src/libyaml-10c9078/src/emitter.c:56:11:[m[K [01;36m[Knote: [m[Kin expansion of macro '[01m[KPUT_BREAK[m[K'
[3.196s]    56 |          ([01;36m[KPUT_BREAK[m[K(emitter),                                                   \
[3.197s]       |           [01;36m[K^~~~~~~~~[m[K
[3.197s] [01m[K/home/nuc01/zephyr_microros_pingpong/firmware/mcu_ws/build/libyaml_vendor/libyaml-10c9078-prefix/src/libyaml-10c9078/src/emitter.c:2300:18:[m[K [01;36m[Knote: [m[Kin expansion of macro '[01m[KWRITE_BREAK[m[K'
[3.197s]  2300 |             if (![01;36m[KWRITE_BREAK[m[K(emitter, string)) return 0;
[3.197s]       |                  [01;36m[K^~~~~~~~~~~[m[K
[3.272s] [ 55%] [32mBuilding C object CMakeFiles/yaml.dir/src/parser.c.obj[0m
[3.283s] [ 66%] [32mBuilding C object CMakeFiles/yaml.dir/src/reader.c.obj[0m
[3.553s] [ 77%] [32mBuilding C object CMakeFiles/yaml.dir/src/scanner.c.obj[0m
[3.814s] [ 88%] [32mBuilding C object CMakeFiles/yaml.dir/src/writer.c.obj[0m
[5.228s] [100%] [32m[1mLinking C static library libyaml.a[0m
[5.233s] /home/nuc01/zephyr_microros_pingpong/firmware/zephyr-sdk/arm-zephyr-eabi/bin/arm-zephyr-eabi-ar qc libyaml.a CMakeFiles/yaml.dir/src/api.c.obj CMakeFiles/yaml.dir/src/dumper.c.obj CMakeFiles/yaml.dir/src/emitter.c.obj CMakeFiles/yaml.dir/src/loader.c.obj CMakeFiles/yaml.dir/src/parser.c.obj CMakeFiles/yaml.dir/src/reader.c.obj CMakeFiles/yaml.dir/src/scanner.c.obj CMakeFiles/yaml.dir/src/writer.c.obj
[5.235s] /home/nuc01/zephyr_microros_pingpong/firmware/zephyr-sdk/arm-zephyr-eabi/bin/arm-zephyr-eabi-ranlib libyaml.a
[5.241s] [100%] Built target yaml
[5.249s] [ 87%] [34m[1mPerforming install step for 'libyaml-10c9078'[0m
[5.265s] [100%] Built target yaml
[5.271s] [36mInstall the project...[0m
[5.274s] -- Install configuration: "Debug"
[5.274s] -- Installing: /home/nuc01/zephyr_microros_pingpong/firmware/mcu_ws/build/libyaml_vendor/libyaml_install/include/yaml.h
[5.274s] -- Installing: /home/nuc01/zephyr_microros_pingpong/firmware/mcu_ws/build/libyaml_vendor/libyaml_install/include/config.h
[5.274s] -- Installing: /home/nuc01/zephyr_microros_pingpong/firmware/mcu_ws/build/libyaml_vendor/libyaml_install/lib/libyaml.a
[5.275s] -- Installing: /home/nuc01/zephyr_microros_pingpong/firmware/mcu_ws/build/libyaml_vendor/libyaml_install/cmake/yamlConfig.cmake
[5.275s] -- Installing: /home/nuc01/zephyr_microros_pingpong/firmware/mcu_ws/build/libyaml_vendor/libyaml_install/cmake/yamlTargets.cmake
[5.275s] -- Installing: /home/nuc01/zephyr_microros_pingpong/firmware/mcu_ws/build/libyaml_vendor/libyaml_install/cmake/yamlTargets-debug.cmake
[5.275s] -- Installing: /home/nuc01/zephyr_microros_pingpong/firmware/mcu_ws/build/libyaml_vendor/libyaml_install/cmake/yamlConfigVersion.cmake
[5.281s] [100%] [34m[1mCompleted 'libyaml-10c9078'[0m
[5.290s] [100%] Built target libyaml-10c9078
[5.295s] Invoked command in '/home/nuc01/zephyr_microros_pingpong/firmware/mcu_ws/build/libyaml_vendor' returned '0': CFLAGS=-I/home/nuc01/zephyr_microros_pingpong/firmware/zephyrproject/zephyr/include -I/home/nuc01/zephyr_microros_pingpong/firmware/build/zephyr/include/generated -I/home/nuc01/zephyr_microros_pingpong/firmware/zephyrproject/zephyr/soc/arm/st_stm32/stm32f4 -I/home/nuc01/zephyr_microros_pingpong/firmware/zephyrproject/zephyr/lib/libc/newlib/include -I/home/nuc01/zephyr_microros_pingpong/firmware/zephyrproject/zephyr/drivers -I/home/nuc01/zephyr_microros_pingpong/firmware/zephyrproject/zephyr/soc/arm/st_stm32/common/. -I/home/nuc01/zephyr_microros_pingpong/firmware/zephyrproject/zephyr/soc/arm/st_stm32/common -I/home/nuc01/zephyr_microros_pingpong/firmware/zephyrproject/modules/hal/cmsis/CMSIS/Core/Include -I/home/nuc01/zephyr_microros_pingpong/firmware/zephyrproject/modules/hal/stm32/stm32cube/stm32f4xx/soc -I/home/nuc01/zephyr_microros_pingpong/firmware/zephyrproject/modules/hal/stm32/stm32cube/stm32f4xx/drivers/include -I/home/nuc01/zephyr_microros_pingpong/firmware/zephyrproject/modules/hal/stm32/stm32cube/stm32f4xx/drivers/include/Legacy -I/home/nuc01/zephyr_microros_pingpong/firmware/zephyrproject/modules/hal/stm32/stm32cube/common_ll/include -DKERNEL -D__ZEPHYR__=1 -D_FORTIFY_SOURCE=2 -DBUILD_VERSION=v2.5.0-rc1-167-g3740f6063148 -D__LINUX_ERRNO_EXTENSIONS__ -D__PROGRAM_START -DSTM32F429xx -DUSE_HAL_DRIVER -DUSE_FULL_LL_DRIVER -DCORE_CM4 -DHSE_VALUE=8000000 -Os -imacros /home/nuc01/zephyr_microros_pingpong/firmware/build/zephyr/include/generated/autoconf.h -ffreestanding -fno-common -g -mcpu=cortex-m4 -mthumb -mabi=aapcs -imacros /home/nuc01/zephyr_microros_pingpong/firmware/zephyrproject/zephyr/include/toolchain/zephyr_stdint.h -Wall -Wformat -Wformat-security -Wno-format-zero-length -Wno-main -Wno-pointer-sign -Wpointer-arith -Wno-address-of-packed-member -Wno-unused-but-set-variable -Werror=implicit-int -fno-asynchronous-unwind-tables -fno-pie -fno-pic -fno-strict-overflow -fno-reorder-functions -fno-defer-pop -fmacro-prefix-map=/home/nuc01/zephyr_microros_pingpong/firmware/zephyr_apps/apps/ping_pong=CMAKE_SOURCE_DIR -fmacro-prefix-map=/home/nuc01/zephyr_microros_pingpong/firmware/zephyrproject/zephyr=ZEPHYR_BASE -fmacro-prefix-map=/home/nuc01/zephyr_microros_pingpong/firmware/zephyrproject=WEST_TOPDIR -ffunction-sections -fdata-sections -std=c99 CMAKE_PREFIX_PATH=${CMAKE_PREFIX_PATH}:/home/nuc01/zephyr_microros_pingpong/firmware/dev_ws/install/ament_uncrustify:/home/nuc01/zephyr_microros_pingpong/firmware/dev_ws/install/domain_coordinator:/home/nuc01/zephyr_microros_pingpong/firmware/dev_ws/install/ament_xmllint:/home/nuc01/zephyr_microros_pingpong/firmware/dev_ws/install/ament_pyflakes:/home/nuc01/zephyr_microros_pingpong/firmware/dev_ws/install/ament_pycodestyle:/home/nuc01/zephyr_microros_pingpong/firmware/dev_ws/install/ament_pep257:/home/nuc01/zephyr_microros_pingpong/firmware/dev_ws/install/ament_pclint:/home/nuc01/zephyr_microros_pingpong/firmware/dev_ws/install/ament_package:/home/nuc01/zephyr_microros_pingpong/firmware/dev_ws/install/ament_mypy:/home/nuc01/zephyr_microros_pingpong/firmware/dev_ws/install/ament_lint_cmake:/home/nuc01/zephyr_microros_pingpong/firmware/dev_ws/install/ament_flake8:/home/nuc01/zephyr_microros_pingpong/firmware/dev_ws/install/ament_copyright:/home/nuc01/zephyr_microros_pingpong/firmware/dev_ws/install/ament_lint:/home/nuc01/zephyr_microros_pingpong/firmware/dev_ws/install/ament_index_python:/home/nuc01/zephyr_microros_pingpong/firmware/dev_ws/install/ament_cpplint:/home/nuc01/zephyr_microros_pingpong/firmware/dev_ws/install/ament_cppcheck:/home/nuc01/zephyr_microros_pingpong/firmware/dev_ws/install/ament_clang_tidy:/home/nuc01/zephyr_microros_pingpong/firmware/dev_ws/install/ament_clang_format CXXFLAGS=-I/home/nuc01/zephyr_microros_pingpong/firmware/zephyrproject/zephyr/include -I/home/nuc01/zephyr_microros_pingpong/firmware/build/zephyr/include/generated -I/home/nuc01/zephyr_microros_pingpong/firmware/zephyrproject/zephyr/soc/arm/st_stm32/stm32f4 -I/home/nuc01/zephyr_microros_pingpong/firmware/zephyrproject/zephyr/lib/libc/newlib/include -I/home/nuc01/zephyr_microros_pingpong/firmware/zephyrproject/zephyr/drivers -I/home/nuc01/zephyr_microros_pingpong/firmware/zephyrproject/zephyr/soc/arm/st_stm32/common/. -I/home/nuc01/zephyr_microros_pingpong/firmware/zephyrproject/zephyr/soc/arm/st_stm32/common -I/home/nuc01/zephyr_microros_pingpong/firmware/zephyrproject/modules/hal/cmsis/CMSIS/Core/Include -I/home/nuc01/zephyr_microros_pingpong/firmware/zephyrproject/modules/hal/stm32/stm32cube/stm32f4xx/soc -I/home/nuc01/zephyr_microros_pingpong/firmware/zephyrproject/modules/hal/stm32/stm32cube/stm32f4xx/drivers/include -I/home/nuc01/zephyr_microros_pingpong/firmware/zephyrproject/modules/hal/stm32/stm32cube/stm32f4xx/drivers/include/Legacy -I/home/nuc01/zephyr_microros_pingpong/firmware/zephyrproject/modules/hal/stm32/stm32cube/common_ll/include -DKERNEL -D__ZEPHYR__=1 -D_FORTIFY_SOURCE=2 -DBUILD_VERSION=v2.5.0-rc1-167-g3740f6063148 -D__LINUX_ERRNO_EXTENSIONS__ -D__PROGRAM_START -DSTM32F429xx -DUSE_HAL_DRIVER -DUSE_FULL_LL_DRIVER -DCORE_CM4 -DHSE_VALUE=8000000 -Os -fcheck-new -std=c++11 -Wno-register -fno-exceptions -fno-rtti -imacros /home/nuc01/zephyr_microros_pingpong/firmware/build/zephyr/include/generated/autoconf.h -ffreestanding -fno-common -g -mcpu=cortex-m4 -mthumb -mabi=aapcs -imacros /home/nuc01/zephyr_microros_pingpong/firmware/zephyrproject/zephyr/include/toolchain/zephyr_stdint.h -Wall -Wformat -Wformat-security -Wno-format-zero-length -Wno-main -Wpointer-arith -Wno-address-of-packed-member -Wno-unused-but-set-variable -fno-asynchronous-unwind-tables -fno-pie -fno-pic -fno-strict-overflow -fno-reorder-functions -fno-defer-pop -fmacro-prefix-map=/home/nuc01/zephyr_microros_pingpong/firmware/zephyr_apps/apps/ping_pong=CMAKE_SOURCE_DIR -fmacro-prefix-map=/home/nuc01/zephyr_microros_pingpong/firmware/zephyrproject/zephyr=ZEPHYR_BASE -fmacro-prefix-map=/home/nuc01/zephyr_microros_pingpong/firmware/zephyrproject=WEST_TOPDIR -ffunction-sections -fdata-sections /usr/bin/cmake --build /home/nuc01/zephyr_microros_pingpong/firmware/mcu_ws/build/libyaml_vendor -- -j4 -l4
[5.312s] Invoking command in '/home/nuc01/zephyr_microros_pingpong/firmware/mcu_ws/build/libyaml_vendor': CFLAGS=-I/home/nuc01/zephyr_microros_pingpong/firmware/zephyrproject/zephyr/include -I/home/nuc01/zephyr_microros_pingpong/firmware/build/zephyr/include/generated -I/home/nuc01/zephyr_microros_pingpong/firmware/zephyrproject/zephyr/soc/arm/st_stm32/stm32f4 -I/home/nuc01/zephyr_microros_pingpong/firmware/zephyrproject/zephyr/lib/libc/newlib/include -I/home/nuc01/zephyr_microros_pingpong/firmware/zephyrproject/zephyr/drivers -I/home/nuc01/zephyr_microros_pingpong/firmware/zephyrproject/zephyr/soc/arm/st_stm32/common/. -I/home/nuc01/zephyr_microros_pingpong/firmware/zephyrproject/zephyr/soc/arm/st_stm32/common -I/home/nuc01/zephyr_microros_pingpong/firmware/zephyrproject/modules/hal/cmsis/CMSIS/Core/Include -I/home/nuc01/zephyr_microros_pingpong/firmware/zephyrproject/modules/hal/stm32/stm32cube/stm32f4xx/soc -I/home/nuc01/zephyr_microros_pingpong/firmware/zephyrproject/modules/hal/stm32/stm32cube/stm32f4xx/drivers/include -I/home/nuc01/zephyr_microros_pingpong/firmware/zephyrproject/modules/hal/stm32/stm32cube/stm32f4xx/drivers/include/Legacy -I/home/nuc01/zephyr_microros_pingpong/firmware/zephyrproject/modules/hal/stm32/stm32cube/common_ll/include -DKERNEL -D__ZEPHYR__=1 -D_FORTIFY_SOURCE=2 -DBUILD_VERSION=v2.5.0-rc1-167-g3740f6063148 -D__LINUX_ERRNO_EXTENSIONS__ -D__PROGRAM_START -DSTM32F429xx -DUSE_HAL_DRIVER -DUSE_FULL_LL_DRIVER -DCORE_CM4 -DHSE_VALUE=8000000 -Os -imacros /home/nuc01/zephyr_microros_pingpong/firmware/build/zephyr/include/generated/autoconf.h -ffreestanding -fno-common -g -mcpu=cortex-m4 -mthumb -mabi=aapcs -imacros /home/nuc01/zephyr_microros_pingpong/firmware/zephyrproject/zephyr/include/toolchain/zephyr_stdint.h -Wall -Wformat -Wformat-security -Wno-format-zero-length -Wno-main -Wno-pointer-sign -Wpointer-arith -Wno-address-of-packed-member -Wno-unused-but-set-variable -Werror=implicit-int -fno-asynchronous-unwind-tables -fno-pie -fno-pic -fno-strict-overflow -fno-reorder-functions -fno-defer-pop -fmacro-prefix-map=/home/nuc01/zephyr_microros_pingpong/firmware/zephyr_apps/apps/ping_pong=CMAKE_SOURCE_DIR -fmacro-prefix-map=/home/nuc01/zephyr_microros_pingpong/firmware/zephyrproject/zephyr=ZEPHYR_BASE -fmacro-prefix-map=/home/nuc01/zephyr_microros_pingpong/firmware/zephyrproject=WEST_TOPDIR -ffunction-sections -fdata-sections -std=c99 CMAKE_PREFIX_PATH=${CMAKE_PREFIX_PATH}:/home/nuc01/zephyr_microros_pingpong/firmware/dev_ws/install/ament_uncrustify:/home/nuc01/zephyr_microros_pingpong/firmware/dev_ws/install/domain_coordinator:/home/nuc01/zephyr_microros_pingpong/firmware/dev_ws/install/ament_xmllint:/home/nuc01/zephyr_microros_pingpong/firmware/dev_ws/install/ament_pyflakes:/home/nuc01/zephyr_microros_pingpong/firmware/dev_ws/install/ament_pycodestyle:/home/nuc01/zephyr_microros_pingpong/firmware/dev_ws/install/ament_pep257:/home/nuc01/zephyr_microros_pingpong/firmware/dev_ws/install/ament_pclint:/home/nuc01/zephyr_microros_pingpong/firmware/dev_ws/install/ament_package:/home/nuc01/zephyr_microros_pingpong/firmware/dev_ws/install/ament_mypy:/home/nuc01/zephyr_microros_pingpong/firmware/dev_ws/install/ament_lint_cmake:/home/nuc01/zephyr_microros_pingpong/firmware/dev_ws/install/ament_flake8:/home/nuc01/zephyr_microros_pingpong/firmware/dev_ws/install/ament_copyright:/home/nuc01/zephyr_microros_pingpong/firmware/dev_ws/install/ament_lint:/home/nuc01/zephyr_microros_pingpong/firmware/dev_ws/install/ament_index_python:/home/nuc01/zephyr_microros_pingpong/firmware/dev_ws/install/ament_cpplint:/home/nuc01/zephyr_microros_pingpong/firmware/dev_ws/install/ament_cppcheck:/home/nuc01/zephyr_microros_pingpong/firmware/dev_ws/install/ament_clang_tidy:/home/nuc01/zephyr_microros_pingpong/firmware/dev_ws/install/ament_clang_format CXXFLAGS=-I/home/nuc01/zephyr_microros_pingpong/firmware/zephyrproject/zephyr/include -I/home/nuc01/zephyr_microros_pingpong/firmware/build/zephyr/include/generated -I/home/nuc01/zephyr_microros_pingpong/firmware/zephyrproject/zephyr/soc/arm/st_stm32/stm32f4 -I/home/nuc01/zephyr_microros_pingpong/firmware/zephyrproject/zephyr/lib/libc/newlib/include -I/home/nuc01/zephyr_microros_pingpong/firmware/zephyrproject/zephyr/drivers -I/home/nuc01/zephyr_microros_pingpong/firmware/zephyrproject/zephyr/soc/arm/st_stm32/common/. -I/home/nuc01/zephyr_microros_pingpong/firmware/zephyrproject/zephyr/soc/arm/st_stm32/common -I/home/nuc01/zephyr_microros_pingpong/firmware/zephyrproject/modules/hal/cmsis/CMSIS/Core/Include -I/home/nuc01/zephyr_microros_pingpong/firmware/zephyrproject/modules/hal/stm32/stm32cube/stm32f4xx/soc -I/home/nuc01/zephyr_microros_pingpong/firmware/zephyrproject/modules/hal/stm32/stm32cube/stm32f4xx/drivers/include -I/home/nuc01/zephyr_microros_pingpong/firmware/zephyrproject/modules/hal/stm32/stm32cube/stm32f4xx/drivers/include/Legacy -I/home/nuc01/zephyr_microros_pingpong/firmware/zephyrproject/modules/hal/stm32/stm32cube/common_ll/include -DKERNEL -D__ZEPHYR__=1 -D_FORTIFY_SOURCE=2 -DBUILD_VERSION=v2.5.0-rc1-167-g3740f6063148 -D__LINUX_ERRNO_EXTENSIONS__ -D__PROGRAM_START -DSTM32F429xx -DUSE_HAL_DRIVER -DUSE_FULL_LL_DRIVER -DCORE_CM4 -DHSE_VALUE=8000000 -Os -fcheck-new -std=c++11 -Wno-register -fno-exceptions -fno-rtti -imacros /home/nuc01/zephyr_microros_pingpong/firmware/build/zephyr/include/generated/autoconf.h -ffreestanding -fno-common -g -mcpu=cortex-m4 -mthumb -mabi=aapcs -imacros /home/nuc01/zephyr_microros_pingpong/firmware/zephyrproject/zephyr/include/toolchain/zephyr_stdint.h -Wall -Wformat -Wformat-security -Wno-format-zero-length -Wno-main -Wpointer-arith -Wno-address-of-packed-member -Wno-unused-but-set-variable -fno-asynchronous-unwind-tables -fno-pie -fno-pic -fno-strict-overflow -fno-reorder-functions -fno-defer-pop -fmacro-prefix-map=/home/nuc01/zephyr_microros_pingpong/firmware/zephyr_apps/apps/ping_pong=CMAKE_SOURCE_DIR -fmacro-prefix-map=/home/nuc01/zephyr_microros_pingpong/firmware/zephyrproject/zephyr=ZEPHYR_BASE -fmacro-prefix-map=/home/nuc01/zephyr_microros_pingpong/firmware/zephyrproject=WEST_TOPDIR -ffunction-sections -fdata-sections /usr/bin/cmake --install /home/nuc01/zephyr_microros_pingpong/firmware/mcu_ws/build/libyaml_vendor
[5.315s] -- Install configuration: "Debug"
[5.315s] -- Up-to-date: /home/nuc01/zephyr_microros_pingpong/firmware/mcu_ws/install
[5.315s] -- Up-to-date: /home/nuc01/zephyr_microros_pingpong/firmware/mcu_ws/install/include
[5.316s] -- Installing: /home/nuc01/zephyr_microros_pingpong/firmware/mcu_ws/install/include/yaml.h
[5.316s] -- Installing: /home/nuc01/zephyr_microros_pingpong/firmware/mcu_ws/install/cmake
[5.316s] -- Installing: /home/nuc01/zephyr_microros_pingpong/firmware/mcu_ws/install/cmake/yamlConfigVersion.cmake
[5.316s] -- Installing: /home/nuc01/zephyr_microros_pingpong/firmware/mcu_ws/install/cmake/yamlConfig.cmake
[5.316s] -- Installing: /home/nuc01/zephyr_microros_pingpong/firmware/mcu_ws/install/cmake/yamlTargets-debug.cmake
[5.316s] -- Installing: /home/nuc01/zephyr_microros_pingpong/firmware/mcu_ws/install/cmake/yamlTargets.cmake
[5.317s] -- Up-to-date: /home/nuc01/zephyr_microros_pingpong/firmware/mcu_ws/install/lib
[5.317s] -- Installing: /home/nuc01/zephyr_microros_pingpong/firmware/mcu_ws/install/lib/libyaml.a
[5.317s] -- Installing: /home/nuc01/zephyr_microros_pingpong/firmware/mcu_ws/install/share/libyaml_vendor/environment/library_path.sh
[5.317s] -- Installing: /home/nuc01/zephyr_microros_pingpong/firmware/mcu_ws/install/share/libyaml_vendor/environment/library_path.dsv
[5.317s] -- Installing: /home/nuc01/zephyr_microros_pingpong/firmware/mcu_ws/install/share/ament_index/resource_index/package_run_dependencies/libyaml_vendor
[5.317s] -- Installing: /home/nuc01/zephyr_microros_pingpong/firmware/mcu_ws/install/share/ament_index/resource_index/parent_prefix_path/libyaml_vendor
[5.318s] -- Installing: /home/nuc01/zephyr_microros_pingpong/firmware/mcu_ws/install/share/libyaml_vendor/environment/ament_prefix_path.sh
[5.318s] -- Installing: /home/nuc01/zephyr_microros_pingpong/firmware/mcu_ws/install/share/libyaml_vendor/environment/ament_prefix_path.dsv
[5.318s] -- Installing: /home/nuc01/zephyr_microros_pingpong/firmware/mcu_ws/install/share/libyaml_vendor/environment/path.sh
[5.318s] -- Installing: /home/nuc01/zephyr_microros_pingpong/firmware/mcu_ws/install/share/libyaml_vendor/environment/path.dsv
[5.318s] -- Installing: /home/nuc01/zephyr_microros_pingpong/firmware/mcu_ws/install/share/libyaml_vendor/local_setup.bash
[5.318s] -- Installing: /home/nuc01/zephyr_microros_pingpong/firmware/mcu_ws/install/share/libyaml_vendor/local_setup.sh
[5.318s] -- Installing: /home/nuc01/zephyr_microros_pingpong/firmware/mcu_ws/install/share/libyaml_vendor/local_setup.zsh
[5.318s] -- Installing: /home/nuc01/zephyr_microros_pingpong/firmware/mcu_ws/install/share/libyaml_vendor/local_setup.dsv
[5.319s] -- Installing: /home/nuc01/zephyr_microros_pingpong/firmware/mcu_ws/install/share/libyaml_vendor/package.dsv
[5.319s] -- Installing: /home/nuc01/zephyr_microros_pingpong/firmware/mcu_ws/install/share/ament_index/resource_index/packages/libyaml_vendor
[5.319s] -- Installing: /home/nuc01/zephyr_microros_pingpong/firmware/mcu_ws/install/share/libyaml_vendor/cmake/libyaml_vendor-extras.cmake
[5.319s] -- Installing: /home/nuc01/zephyr_microros_pingpong/firmware/mcu_ws/install/share/libyaml_vendor/cmake/ament_cmake_export_libraries-extras.cmake
[5.320s] -- Installing: /home/nuc01/zephyr_microros_pingpong/firmware/mcu_ws/install/share/libyaml_vendor/cmake/ament_cmake_export_dependencies-extras.cmake
[5.321s] -- Installing: /home/nuc01/zephyr_microros_pingpong/firmware/mcu_ws/install/share/libyaml_vendor/cmake/libyaml_vendorConfig.cmake
[5.322s] -- Installing: /home/nuc01/zephyr_microros_pingpong/firmware/mcu_ws/install/share/libyaml_vendor/cmake/libyaml_vendorConfig-version.cmake
[5.322s] -- Installing: /home/nuc01/zephyr_microros_pingpong/firmware/mcu_ws/install/share/libyaml_vendor/package.xml
[5.322s] Invoked command in '/home/nuc01/zephyr_microros_pingpong/firmware/mcu_ws/build/libyaml_vendor' returned '0': CFLAGS=-I/home/nuc01/zephyr_microros_pingpong/firmware/zephyrproject/zephyr/include -I/home/nuc01/zephyr_microros_pingpong/firmware/build/zephyr/include/generated -I/home/nuc01/zephyr_microros_pingpong/firmware/zephyrproject/zephyr/soc/arm/st_stm32/stm32f4 -I/home/nuc01/zephyr_microros_pingpong/firmware/zephyrproject/zephyr/lib/libc/newlib/include -I/home/nuc01/zephyr_microros_pingpong/firmware/zephyrproject/zephyr/drivers -I/home/nuc01/zephyr_microros_pingpong/firmware/zephyrproject/zephyr/soc/arm/st_stm32/common/. -I/home/nuc01/zephyr_microros_pingpong/firmware/zephyrproject/zephyr/soc/arm/st_stm32/common -I/home/nuc01/zephyr_microros_pingpong/firmware/zephyrproject/modules/hal/cmsis/CMSIS/Core/Include -I/home/nuc01/zephyr_microros_pingpong/firmware/zephyrproject/modules/hal/stm32/stm32cube/stm32f4xx/soc -I/home/nuc01/zephyr_microros_pingpong/firmware/zephyrproject/modules/hal/stm32/stm32cube/stm32f4xx/drivers/include -I/home/nuc01/zephyr_microros_pingpong/firmware/zephyrproject/modules/hal/stm32/stm32cube/stm32f4xx/drivers/include/Legacy -I/home/nuc01/zephyr_microros_pingpong/firmware/zephyrproject/modules/hal/stm32/stm32cube/common_ll/include -DKERNEL -D__ZEPHYR__=1 -D_FORTIFY_SOURCE=2 -DBUILD_VERSION=v2.5.0-rc1-167-g3740f6063148 -D__LINUX_ERRNO_EXTENSIONS__ -D__PROGRAM_START -DSTM32F429xx -DUSE_HAL_DRIVER -DUSE_FULL_LL_DRIVER -DCORE_CM4 -DHSE_VALUE=8000000 -Os -imacros /home/nuc01/zephyr_microros_pingpong/firmware/build/zephyr/include/generated/autoconf.h -ffreestanding -fno-common -g -mcpu=cortex-m4 -mthumb -mabi=aapcs -imacros /home/nuc01/zephyr_microros_pingpong/firmware/zephyrproject/zephyr/include/toolchain/zephyr_stdint.h -Wall -Wformat -Wformat-security -Wno-format-zero-length -Wno-main -Wno-pointer-sign -Wpointer-arith -Wno-address-of-packed-member -Wno-unused-but-set-variable -Werror=implicit-int -fno-asynchronous-unwind-tables -fno-pie -fno-pic -fno-strict-overflow -fno-reorder-functions -fno-defer-pop -fmacro-prefix-map=/home/nuc01/zephyr_microros_pingpong/firmware/zephyr_apps/apps/ping_pong=CMAKE_SOURCE_DIR -fmacro-prefix-map=/home/nuc01/zephyr_microros_pingpong/firmware/zephyrproject/zephyr=ZEPHYR_BASE -fmacro-prefix-map=/home/nuc01/zephyr_microros_pingpong/firmware/zephyrproject=WEST_TOPDIR -ffunction-sections -fdata-sections -std=c99 CMAKE_PREFIX_PATH=${CMAKE_PREFIX_PATH}:/home/nuc01/zephyr_microros_pingpong/firmware/dev_ws/install/ament_uncrustify:/home/nuc01/zephyr_microros_pingpong/firmware/dev_ws/install/domain_coordinator:/home/nuc01/zephyr_microros_pingpong/firmware/dev_ws/install/ament_xmllint:/home/nuc01/zephyr_microros_pingpong/firmware/dev_ws/install/ament_pyflakes:/home/nuc01/zephyr_microros_pingpong/firmware/dev_ws/install/ament_pycodestyle:/home/nuc01/zephyr_microros_pingpong/firmware/dev_ws/install/ament_pep257:/home/nuc01/zephyr_microros_pingpong/firmware/dev_ws/install/ament_pclint:/home/nuc01/zephyr_microros_pingpong/firmware/dev_ws/install/ament_package:/home/nuc01/zephyr_microros_pingpong/firmware/dev_ws/install/ament_mypy:/home/nuc01/zephyr_microros_pingpong/firmware/dev_ws/install/ament_lint_cmake:/home/nuc01/zephyr_microros_pingpong/firmware/dev_ws/install/ament_flake8:/home/nuc01/zephyr_microros_pingpong/firmware/dev_ws/install/ament_copyright:/home/nuc01/zephyr_microros_pingpong/firmware/dev_ws/install/ament_lint:/home/nuc01/zephyr_microros_pingpong/firmware/dev_ws/install/ament_index_python:/home/nuc01/zephyr_microros_pingpong/firmware/dev_ws/install/ament_cpplint:/home/nuc01/zephyr_microros_pingpong/firmware/dev_ws/install/ament_cppcheck:/home/nuc01/zephyr_microros_pingpong/firmware/dev_ws/install/ament_clang_tidy:/home/nuc01/zephyr_microros_pingpong/firmware/dev_ws/install/ament_clang_format CXXFLAGS=-I/home/nuc01/zephyr_microros_pingpong/firmware/zephyrproject/zephyr/include -I/home/nuc01/zephyr_microros_pingpong/firmware/build/zephyr/include/generated -I/home/nuc01/zephyr_microros_pingpong/firmware/zephyrproject/zephyr/soc/arm/st_stm32/stm32f4 -I/home/nuc01/zephyr_microros_pingpong/firmware/zephyrproject/zephyr/lib/libc/newlib/include -I/home/nuc01/zephyr_microros_pingpong/firmware/zephyrproject/zephyr/drivers -I/home/nuc01/zephyr_microros_pingpong/firmware/zephyrproject/zephyr/soc/arm/st_stm32/common/. -I/home/nuc01/zephyr_microros_pingpong/firmware/zephyrproject/zephyr/soc/arm/st_stm32/common -I/home/nuc01/zephyr_microros_pingpong/firmware/zephyrproject/modules/hal/cmsis/CMSIS/Core/Include -I/home/nuc01/zephyr_microros_pingpong/firmware/zephyrproject/modules/hal/stm32/stm32cube/stm32f4xx/soc -I/home/nuc01/zephyr_microros_pingpong/firmware/zephyrproject/modules/hal/stm32/stm32cube/stm32f4xx/drivers/include -I/home/nuc01/zephyr_microros_pingpong/firmware/zephyrproject/modules/hal/stm32/stm32cube/stm32f4xx/drivers/include/Legacy -I/home/nuc01/zephyr_microros_pingpong/firmware/zephyrproject/modules/hal/stm32/stm32cube/common_ll/include -DKERNEL -D__ZEPHYR__=1 -D_FORTIFY_SOURCE=2 -DBUILD_VERSION=v2.5.0-rc1-167-g3740f6063148 -D__LINUX_ERRNO_EXTENSIONS__ -D__PROGRAM_START -DSTM32F429xx -DUSE_HAL_DRIVER -DUSE_FULL_LL_DRIVER -DCORE_CM4 -DHSE_VALUE=8000000 -Os -fcheck-new -std=c++11 -Wno-register -fno-exceptions -fno-rtti -imacros /home/nuc01/zephyr_microros_pingpong/firmware/build/zephyr/include/generated/autoconf.h -ffreestanding -fno-common -g -mcpu=cortex-m4 -mthumb -mabi=aapcs -imacros /home/nuc01/zephyr_microros_pingpong/firmware/zephyrproject/zephyr/include/toolchain/zephyr_stdint.h -Wall -Wformat -Wformat-security -Wno-format-zero-length -Wno-main -Wpointer-arith -Wno-address-of-packed-member -Wno-unused-but-set-variable -fno-asynchronous-unwind-tables -fno-pie -fno-pic -fno-strict-overflow -fno-reorder-functions -fno-defer-pop -fmacro-prefix-map=/home/nuc01/zephyr_microros_pingpong/firmware/zephyr_apps/apps/ping_pong=CMAKE_SOURCE_DIR -fmacro-prefix-map=/home/nuc01/zephyr_microros_pingpong/firmware/zephyrproject/zephyr=ZEPHYR_BASE -fmacro-prefix-map=/home/nuc01/zephyr_microros_pingpong/firmware/zephyrproject=WEST_TOPDIR -ffunction-sections -fdata-sections /usr/bin/cmake --install /home/nuc01/zephyr_microros_pingpong/firmware/mcu_ws/build/libyaml_vendor
