CMake Warning at /home/nuc01/zephyr_microros_pingpong/firmware/mcu_ws/install/share/rcutils/cmake/ament_cmake_export_libraries-extras.cmake:116 (message):
  Package 'rcutils' exports library 'dl' which couldn't be found
Call Stack (most recent call first):
  /home/nuc01/zephyr_microros_pingpong/firmware/mcu_ws/install/share/rcutils/cmake/rcutilsConfig.cmake:41 (include)
  /home/nuc01/zephyr_microros_pingpong/firmware/mcu_ws/install/share/rmw/cmake/ament_cmake_export_dependencies-extras.cmake:21 (find_package)
  /home/nuc01/zephyr_microros_pingpong/firmware/mcu_ws/install/share/rmw/cmake/rmwConfig.cmake:41 (include)
  /home/nuc01/zephyr_microros_pingpong/firmware/mcu_ws/install/share/rosidl_typesupport_microxrcedds_c/cmake/ament_cmake_export_dependencies-extras.cmake:21 (find_package)
  /home/nuc01/zephyr_microros_pingpong/firmware/mcu_ws/install/share/rosidl_typesupport_microxrcedds_c/cmake/rosidl_typesupport_microxrcedds_cConfig.cmake:41 (include)
  /home/nuc01/zephyr_microros_pingpong/firmware/mcu_ws/install/share/rosidl_typesupport_c/cmake/rosidl_typesupport_c-extras.cmake:13 (find_package)
  /home/nuc01/zephyr_microros_pingpong/firmware/mcu_ws/install/share/rosidl_typesupport_c/cmake/rosidl_typesupport_cConfig.cmake:41 (include)
  /home/nuc01/zephyr_microros_pingpong/firmware/mcu_ws/install/share/rosidl_default_generators/cmake/rosidl_default_generators-extras.cmake:21 (find_package)
  /home/nuc01/zephyr_microros_pingpong/firmware/mcu_ws/install/share/rosidl_default_generators/cmake/rosidl_default_generatorsConfig.cmake:41 (include)
  CMakeLists.txt:14 (find_package)


CMake Warning:
  Manually-specified variables were not used by the project:

    THIRDPARTY


In file included from [01m[K/home/nuc01/zephyr_microros_pingpong/firmware/mcu_ws/build/example_interfaces/rosidl_typesupport_microxrcedds_c/example_interfaces/action/detail/fibonacci__rosidl_typesupport_microxrcedds_c.h:10[m[K,
                 from [01m[K/home/nuc01/zephyr_microros_pingpong/firmware/mcu_ws/build/example_interfaces/rosidl_typesupport_microxrcedds_c/example_interfaces/action/detail/microxrcedds/fibonacci__type_support_c.c:4[m[K:
[01m[K/home/nuc01/zephyr_microros_pingpong/firmware/zephyrproject/zephyr/lib/libc/newlib/include/stdint.h:28:2:[m[K [01;35m[Kwarning: [m[K#include_next is a GCC extension
   28 | #[01;35m[Kinclude_next[m[K <stdint.h>
      |  [01;35m[K^~~~~~~~~~~~[m[K
In file included from [01m[K/home/nuc01/zephyr_microros_pingpong/firmware/mcu_ws/build/example_interfaces/rosidl_typesupport_microxrcedds_c/example_interfaces/msg/detail/bool__rosidl_typesupport_microxrcedds_c.h:10[m[K,
                 from [01m[K/home/nuc01/zephyr_microros_pingpong/firmware/mcu_ws/build/example_interfaces/rosidl_typesupport_microxrcedds_c/example_interfaces/msg/detail/microxrcedds/bool__type_support_c.c:4[m[K:
[01m[K/home/nuc01/zephyr_microros_pingpong/firmware/zephyrproject/zephyr/lib/libc/newlib/include/stdint.h:28:2:[m[K [01;35m[Kwarning: [m[K#include_next is a GCC extension
   28 | #[01;35m[Kinclude_next[m[K <stdint.h>
      |  [01;35m[K^~~~~~~~~~~~[m[K
In file included from [01m[K/home/nuc01/zephyr_microros_pingpong/firmware/mcu_ws/build/example_interfaces/rosidl_typesupport_microxrcedds_c/example_interfaces/msg/detail/byte__rosidl_typesupport_microxrcedds_c.h:10[m[K,
                 from [01m[K/home/nuc01/zephyr_microros_pingpong/firmware/mcu_ws/build/example_interfaces/rosidl_typesupport_microxrcedds_c/example_interfaces/msg/detail/microxrcedds/byte__type_support_c.c:4[m[K:
[01m[K/home/nuc01/zephyr_microros_pingpong/firmware/zephyrproject/zephyr/lib/libc/newlib/include/stdint.h:28:2:[m[K [01;35m[Kwarning: [m[K#include_next is a GCC extension
   28 | #[01;35m[Kinclude_next[m[K <stdint.h>
      |  [01;35m[K^~~~~~~~~~~~[m[K
In file included from [01m[K/home/nuc01/zephyr_microros_pingpong/firmware/mcu_ws/build/example_interfaces/rosidl_typesupport_microxrcedds_c/example_interfaces/msg/detail/byte_multi_array__rosidl_typesupport_microxrcedds_c.h:10[m[K,
                 from [01m[K/home/nuc01/zephyr_microros_pingpong/firmware/mcu_ws/build/example_interfaces/rosidl_typesupport_microxrcedds_c/example_interfaces/msg/detail/microxrcedds/byte_multi_array__type_support_c.c:4[m[K:
[01m[K/home/nuc01/zephyr_microros_pingpong/firmware/zephyrproject/zephyr/lib/libc/newlib/include/stdint.h:28:2:[m[K [01;35m[Kwarning: [m[K#include_next is a GCC extension
   28 | #[01;35m[Kinclude_next[m[K <stdint.h>
      |  [01;35m[K^~~~~~~~~~~~[m[K
In file included from [01m[K/home/nuc01/zephyr_microros_pingpong/firmware/mcu_ws/build/example_interfaces/rosidl_typesupport_microxrcedds_c/example_interfaces/msg/detail/char__rosidl_typesupport_microxrcedds_c.h:10[m[K,
                 from [01m[K/home/nuc01/zephyr_microros_pingpong/firmware/mcu_ws/build/example_interfaces/rosidl_typesupport_microxrcedds_c/example_interfaces/msg/detail/microxrcedds/char__type_support_c.c:4[m[K:
[01m[K/home/nuc01/zephyr_microros_pingpong/firmware/zephyrproject/zephyr/lib/libc/newlib/include/stdint.h:28:2:[m[K [01;35m[Kwarning: [m[K#include_next is a GCC extension
   28 | #[01;35m[Kinclude_next[m[K <stdint.h>
      |  [01;35m[K^~~~~~~~~~~~[m[K
In file included from [01m[K/home/nuc01/zephyr_microros_pingpong/firmware/mcu_ws/build/example_interfaces/rosidl_typesupport_microxrcedds_c/example_interfaces/msg/detail/empty__rosidl_typesupport_microxrcedds_c.h:10[m[K,
                 from [01m[K/home/nuc01/zephyr_microros_pingpong/firmware/mcu_ws/build/example_interfaces/rosidl_typesupport_microxrcedds_c/example_interfaces/msg/detail/microxrcedds/empty__type_support_c.c:4[m[K:
[01m[K/home/nuc01/zephyr_microros_pingpong/firmware/zephyrproject/zephyr/lib/libc/newlib/include/stdint.h:28:2:[m[K [01;35m[Kwarning: [m[K#include_next is a GCC extension
   28 | #[01;35m[Kinclude_next[m[K <stdint.h>
      |  [01;35m[K^~~~~~~~~~~~[m[K
In file included from [01m[K/home/nuc01/zephyr_microros_pingpong/firmware/mcu_ws/build/example_interfaces/rosidl_typesupport_microxrcedds_c/example_interfaces/msg/detail/float32__rosidl_typesupport_microxrcedds_c.h:10[m[K,
                 from [01m[K/home/nuc01/zephyr_microros_pingpong/firmware/mcu_ws/build/example_interfaces/rosidl_typesupport_microxrcedds_c/example_interfaces/msg/detail/microxrcedds/float32__type_support_c.c:4[m[K:
[01m[K/home/nuc01/zephyr_microros_pingpong/firmware/zephyrproject/zephyr/lib/libc/newlib/include/stdint.h:28:2:[m[K [01;35m[Kwarning: [m[K#include_next is a GCC extension
   28 | #[01;35m[Kinclude_next[m[K <stdint.h>
      |  [01;35m[K^~~~~~~~~~~~[m[K
In file included from [01m[K/home/nuc01/zephyr_microros_pingpong/firmware/mcu_ws/build/example_interfaces/rosidl_typesupport_microxrcedds_c/example_interfaces/msg/detail/float32_multi_array__rosidl_typesupport_microxrcedds_c.h:10[m[K,
                 from [01m[K/home/nuc01/zephyr_microros_pingpong/firmware/mcu_ws/build/example_interfaces/rosidl_typesupport_microxrcedds_c/example_interfaces/msg/detail/microxrcedds/float32_multi_array__type_support_c.c:4[m[K:
[01m[K/home/nuc01/zephyr_microros_pingpong/firmware/zephyrproject/zephyr/lib/libc/newlib/include/stdint.h:28:2:[m[K [01;35m[Kwarning: [m[K#include_next is a GCC extension
   28 | #[01;35m[Kinclude_next[m[K <stdint.h>
      |  [01;35m[K^~~~~~~~~~~~[m[K
In file included from [01m[K/home/nuc01/zephyr_microros_pingpong/firmware/mcu_ws/build/example_interfaces/rosidl_typesupport_microxrcedds_c/example_interfaces/msg/detail/float64__rosidl_typesupport_microxrcedds_c.h:10[m[K,
                 from [01m[K/home/nuc01/zephyr_microros_pingpong/firmware/mcu_ws/build/example_interfaces/rosidl_typesupport_microxrcedds_c/example_interfaces/msg/detail/microxrcedds/float64__type_support_c.c:4[m[K:
[01m[K/home/nuc01/zephyr_microros_pingpong/firmware/zephyrproject/zephyr/lib/libc/newlib/include/stdint.h:28:2:[m[K [01;35m[Kwarning: [m[K#include_next is a GCC extension
   28 | #[01;35m[Kinclude_next[m[K <stdint.h>
      |  [01;35m[K^~~~~~~~~~~~[m[K
In file included from [01m[K/home/nuc01/zephyr_microros_pingpong/firmware/mcu_ws/build/example_interfaces/rosidl_typesupport_microxrcedds_c/example_interfaces/msg/detail/float64_multi_array__rosidl_typesupport_microxrcedds_c.h:10[m[K,
                 from [01m[K/home/nuc01/zephyr_microros_pingpong/firmware/mcu_ws/build/example_interfaces/rosidl_typesupport_microxrcedds_c/example_interfaces/msg/detail/microxrcedds/float64_multi_array__type_support_c.c:4[m[K:
[01m[K/home/nuc01/zephyr_microros_pingpong/firmware/zephyrproject/zephyr/lib/libc/newlib/include/stdint.h:28:2:[m[K [01;35m[Kwarning: [m[K#include_next is a GCC extension
   28 | #[01;35m[Kinclude_next[m[K <stdint.h>
      |  [01;35m[K^~~~~~~~~~~~[m[K
In file included from [01m[K/home/nuc01/zephyr_microros_pingpong/firmware/mcu_ws/build/example_interfaces/rosidl_typesupport_microxrcedds_c/example_interfaces/msg/detail/int16__rosidl_typesupport_microxrcedds_c.h:10[m[K,
                 from [01m[K/home/nuc01/zephyr_microros_pingpong/firmware/mcu_ws/build/example_interfaces/rosidl_typesupport_microxrcedds_c/example_interfaces/msg/detail/microxrcedds/int16__type_support_c.c:4[m[K:
[01m[K/home/nuc01/zephyr_microros_pingpong/firmware/zephyrproject/zephyr/lib/libc/newlib/include/stdint.h:28:2:[m[K [01;35m[Kwarning: [m[K#include_next is a GCC extension
   28 | #[01;35m[Kinclude_next[m[K <stdint.h>
      |  [01;35m[K^~~~~~~~~~~~[m[K
In file included from [01m[K/home/nuc01/zephyr_microros_pingpong/firmware/mcu_ws/build/example_interfaces/rosidl_typesupport_microxrcedds_c/example_interfaces/msg/detail/int16_multi_array__rosidl_typesupport_microxrcedds_c.h:10[m[K,
                 from [01m[K/home/nuc01/zephyr_microros_pingpong/firmware/mcu_ws/build/example_interfaces/rosidl_typesupport_microxrcedds_c/example_interfaces/msg/detail/microxrcedds/int16_multi_array__type_support_c.c:4[m[K:
[01m[K/home/nuc01/zephyr_microros_pingpong/firmware/zephyrproject/zephyr/lib/libc/newlib/include/stdint.h:28:2:[m[K [01;35m[Kwarning: [m[K#include_next is a GCC extension
   28 | #[01;35m[Kinclude_next[m[K <stdint.h>
      |  [01;35m[K^~~~~~~~~~~~[m[K
In file included from [01m[K/home/nuc01/zephyr_microros_pingpong/firmware/mcu_ws/build/example_interfaces/rosidl_typesupport_microxrcedds_c/example_interfaces/msg/detail/int32_multi_array__rosidl_typesupport_microxrcedds_c.h:10[m[K,
                 from [01m[K/home/nuc01/zephyr_microros_pingpong/firmware/mcu_ws/build/example_interfaces/rosidl_typesupport_microxrcedds_c/example_interfaces/msg/detail/microxrcedds/int32_multi_array__type_support_c.c:4[m[K:
[01m[K/home/nuc01/zephyr_microros_pingpong/firmware/zephyrproject/zephyr/lib/libc/newlib/include/stdint.h:28:2:[m[K [01;35m[Kwarning: [m[K#include_next is a GCC extension
   28 | #[01;35m[Kinclude_next[m[K <stdint.h>
      |  [01;35m[K^~~~~~~~~~~~[m[K
In file included from [01m[K/home/nuc01/zephyr_microros_pingpong/firmware/mcu_ws/build/example_interfaces/rosidl_typesupport_microxrcedds_c/example_interfaces/msg/detail/int32__rosidl_typesupport_microxrcedds_c.h:10[m[K,
                 from [01m[K/home/nuc01/zephyr_microros_pingpong/firmware/mcu_ws/build/example_interfaces/rosidl_typesupport_microxrcedds_c/example_interfaces/msg/detail/microxrcedds/int32__type_support_c.c:4[m[K:
[01m[K/home/nuc01/zephyr_microros_pingpong/firmware/zephyrproject/zephyr/lib/libc/newlib/include/stdint.h:28:2:[m[K [01;35m[Kwarning: [m[K#include_next is a GCC extension
   28 | #[01;35m[Kinclude_next[m[K <stdint.h>
      |  [01;35m[K^~~~~~~~~~~~[m[K
In file included from [01m[K/home/nuc01/zephyr_microros_pingpong/firmware/mcu_ws/build/example_interfaces/rosidl_typesupport_microxrcedds_c/example_interfaces/msg/detail/int64__rosidl_typesupport_microxrcedds_c.h:10[m[K,
                 from [01m[K/home/nuc01/zephyr_microros_pingpong/firmware/mcu_ws/build/example_interfaces/rosidl_typesupport_microxrcedds_c/example_interfaces/msg/detail/microxrcedds/int64__type_support_c.c:4[m[K:
[01m[K/home/nuc01/zephyr_microros_pingpong/firmware/zephyrproject/zephyr/lib/libc/newlib/include/stdint.h:28:2:[m[K [01;35m[Kwarning: [m[K#include_next is a GCC extension
   28 | #[01;35m[Kinclude_next[m[K <stdint.h>
      |  [01;35m[K^~~~~~~~~~~~[m[K
In file included from [01m[K/home/nuc01/zephyr_microros_pingpong/firmware/mcu_ws/build/example_interfaces/rosidl_typesupport_microxrcedds_c/example_interfaces/msg/detail/int64_multi_array__rosidl_typesupport_microxrcedds_c.h:10[m[K,
                 from [01m[K/home/nuc01/zephyr_microros_pingpong/firmware/mcu_ws/build/example_interfaces/rosidl_typesupport_microxrcedds_c/example_interfaces/msg/detail/microxrcedds/int64_multi_array__type_support_c.c:4[m[K:
[01m[K/home/nuc01/zephyr_microros_pingpong/firmware/zephyrproject/zephyr/lib/libc/newlib/include/stdint.h:28:2:[m[K [01;35m[Kwarning: [m[K#include_next is a GCC extension
   28 | #[01;35m[Kinclude_next[m[K <stdint.h>
      |  [01;35m[K^~~~~~~~~~~~[m[K
In file included from [01m[K/home/nuc01/zephyr_microros_pingpong/firmware/mcu_ws/build/example_interfaces/rosidl_typesupport_microxrcedds_c/example_interfaces/msg/detail/int8__rosidl_typesupport_microxrcedds_c.h:10[m[K,
                 from [01m[K/home/nuc01/zephyr_microros_pingpong/firmware/mcu_ws/build/example_interfaces/rosidl_typesupport_microxrcedds_c/example_interfaces/msg/detail/microxrcedds/int8__type_support_c.c:4[m[K:
[01m[K/home/nuc01/zephyr_microros_pingpong/firmware/zephyrproject/zephyr/lib/libc/newlib/include/stdint.h:28:2:[m[K [01;35m[Kwarning: [m[K#include_next is a GCC extension
   28 | #[01;35m[Kinclude_next[m[K <stdint.h>
      |  [01;35m[K^~~~~~~~~~~~[m[K
In file included from [01m[K/home/nuc01/zephyr_microros_pingpong/firmware/mcu_ws/build/example_interfaces/rosidl_typesupport_microxrcedds_c/example_interfaces/msg/detail/int8_multi_array__rosidl_typesupport_microxrcedds_c.h:10[m[K,
                 from [01m[K/home/nuc01/zephyr_microros_pingpong/firmware/mcu_ws/build/example_interfaces/rosidl_typesupport_microxrcedds_c/example_interfaces/msg/detail/microxrcedds/int8_multi_array__type_support_c.c:4[m[K:
[01m[K/home/nuc01/zephyr_microros_pingpong/firmware/zephyrproject/zephyr/lib/libc/newlib/include/stdint.h:28:2:[m[K [01;35m[Kwarning: [m[K#include_next is a GCC extension
   28 | #[01;35m[Kinclude_next[m[K <stdint.h>
      |  [01;35m[K^~~~~~~~~~~~[m[K
In file included from [01m[K/home/nuc01/zephyr_microros_pingpong/firmware/mcu_ws/build/example_interfaces/rosidl_typesupport_microxrcedds_c/example_interfaces/msg/detail/multi_array_dimension__rosidl_typesupport_microxrcedds_c.h:10[m[K,
                 from [01m[K/home/nuc01/zephyr_microros_pingpong/firmware/mcu_ws/build/example_interfaces/rosidl_typesupport_microxrcedds_c/example_interfaces/msg/detail/microxrcedds/multi_array_dimension__type_support_c.c:4[m[K:
[01m[K/home/nuc01/zephyr_microros_pingpong/firmware/zephyrproject/zephyr/lib/libc/newlib/include/stdint.h:28:2:[m[K [01;35m[Kwarning: [m[K#include_next is a GCC extension
   28 | #[01;35m[Kinclude_next[m[K <stdint.h>
      |  [01;35m[K^~~~~~~~~~~~[m[K
In file included from [01m[K/home/nuc01/zephyr_microros_pingpong/firmware/mcu_ws/build/example_interfaces/rosidl_typesupport_microxrcedds_c/example_interfaces/msg/detail/multi_array_layout__rosidl_typesupport_microxrcedds_c.h:10[m[K,
                 from [01m[K/home/nuc01/zephyr_microros_pingpong/firmware/mcu_ws/build/example_interfaces/rosidl_typesupport_microxrcedds_c/example_interfaces/msg/detail/microxrcedds/multi_array_layout__type_support_c.c:4[m[K:
[01m[K/home/nuc01/zephyr_microros_pingpong/firmware/zephyrproject/zephyr/lib/libc/newlib/include/stdint.h:28:2:[m[K [01;35m[Kwarning: [m[K#include_next is a GCC extension
   28 | #[01;35m[Kinclude_next[m[K <stdint.h>
      |  [01;35m[K^~~~~~~~~~~~[m[K
In file included from [01m[K/home/nuc01/zephyr_microros_pingpong/firmware/mcu_ws/build/example_interfaces/rosidl_typesupport_microxrcedds_c/example_interfaces/msg/detail/string__rosidl_typesupport_microxrcedds_c.h:10[m[K,
                 from [01m[K/home/nuc01/zephyr_microros_pingpong/firmware/mcu_ws/build/example_interfaces/rosidl_typesupport_microxrcedds_c/example_interfaces/msg/detail/microxrcedds/string__type_support_c.c:4[m[K:
[01m[K/home/nuc01/zephyr_microros_pingpong/firmware/zephyrproject/zephyr/lib/libc/newlib/include/stdint.h:28:2:[m[K [01;35m[Kwarning: [m[K#include_next is a GCC extension
   28 | #[01;35m[Kinclude_next[m[K <stdint.h>
      |  [01;35m[K^~~~~~~~~~~~[m[K
In file included from [01m[K/home/nuc01/zephyr_microros_pingpong/firmware/mcu_ws/build/example_interfaces/rosidl_typesupport_microxrcedds_c/example_interfaces/msg/detail/u_int16__rosidl_typesupport_microxrcedds_c.h:10[m[K,
                 from [01m[K/home/nuc01/zephyr_microros_pingpong/firmware/mcu_ws/build/example_interfaces/rosidl_typesupport_microxrcedds_c/example_interfaces/msg/detail/microxrcedds/u_int16__type_support_c.c:4[m[K:
[01m[K/home/nuc01/zephyr_microros_pingpong/firmware/zephyrproject/zephyr/lib/libc/newlib/include/stdint.h:28:2:[m[K [01;35m[Kwarning: [m[K#include_next is a GCC extension
   28 | #[01;35m[Kinclude_next[m[K <stdint.h>
      |  [01;35m[K^~~~~~~~~~~~[m[K
In file included from [01m[K/home/nuc01/zephyr_microros_pingpong/firmware/mcu_ws/build/example_interfaces/rosidl_typesupport_microxrcedds_c/example_interfaces/msg/detail/u_int16_multi_array__rosidl_typesupport_microxrcedds_c.h:10[m[K,
                 from [01m[K/home/nuc01/zephyr_microros_pingpong/firmware/mcu_ws/build/example_interfaces/rosidl_typesupport_microxrcedds_c/example_interfaces/msg/detail/microxrcedds/u_int16_multi_array__type_support_c.c:4[m[K:
[01m[K/home/nuc01/zephyr_microros_pingpong/firmware/zephyrproject/zephyr/lib/libc/newlib/include/stdint.h:28:2:[m[K [01;35m[Kwarning: [m[K#include_next is a GCC extension
   28 | #[01;35m[Kinclude_next[m[K <stdint.h>
      |  [01;35m[K^~~~~~~~~~~~[m[K
In file included from [01m[K/home/nuc01/zephyr_microros_pingpong/firmware/mcu_ws/build/example_interfaces/rosidl_typesupport_microxrcedds_c/example_interfaces/msg/detail/u_int32_multi_array__rosidl_typesupport_microxrcedds_c.h:10[m[K,
                 from [01m[K/home/nuc01/zephyr_microros_pingpong/firmware/mcu_ws/build/example_interfaces/rosidl_typesupport_microxrcedds_c/example_interfaces/msg/detail/microxrcedds/u_int32_multi_array__type_support_c.c:4[m[K:
[01m[K/home/nuc01/zephyr_microros_pingpong/firmware/zephyrproject/zephyr/lib/libc/newlib/include/stdint.h:28:2:[m[K [01;35m[Kwarning: [m[K#include_next is a GCC extension
   28 | #[01;35m[Kinclude_next[m[K <stdint.h>
      |  [01;35m[K^~~~~~~~~~~~[m[K
In file included from [01m[K/home/nuc01/zephyr_microros_pingpong/firmware/mcu_ws/build/example_interfaces/rosidl_typesupport_microxrcedds_c/example_interfaces/msg/detail/u_int32__rosidl_typesupport_microxrcedds_c.h:10[m[K,
                 from [01m[K/home/nuc01/zephyr_microros_pingpong/firmware/mcu_ws/build/example_interfaces/rosidl_typesupport_microxrcedds_c/example_interfaces/msg/detail/microxrcedds/u_int32__type_support_c.c:4[m[K:
[01m[K/home/nuc01/zephyr_microros_pingpong/firmware/zephyrproject/zephyr/lib/libc/newlib/include/stdint.h:28:2:[m[K [01;35m[Kwarning: [m[K#include_next is a GCC extension
   28 | #[01;35m[Kinclude_next[m[K <stdint.h>
      |  [01;35m[K^~~~~~~~~~~~[m[K
In file included from [01m[K/home/nuc01/zephyr_microros_pingpong/firmware/mcu_ws/build/example_interfaces/rosidl_typesupport_microxrcedds_c/example_interfaces/msg/detail/u_int64__rosidl_typesupport_microxrcedds_c.h:10[m[K,
                 from [01m[K/home/nuc01/zephyr_microros_pingpong/firmware/mcu_ws/build/example_interfaces/rosidl_typesupport_microxrcedds_c/example_interfaces/msg/detail/microxrcedds/u_int64__type_support_c.c:4[m[K:
[01m[K/home/nuc01/zephyr_microros_pingpong/firmware/zephyrproject/zephyr/lib/libc/newlib/include/stdint.h:28:2:[m[K [01;35m[Kwarning: [m[K#include_next is a GCC extension
   28 | #[01;35m[Kinclude_next[m[K <stdint.h>
      |  [01;35m[K^~~~~~~~~~~~[m[K
In file included from [01m[K/home/nuc01/zephyr_microros_pingpong/firmware/mcu_ws/build/example_interfaces/rosidl_typesupport_microxrcedds_c/example_interfaces/msg/detail/u_int64_multi_array__rosidl_typesupport_microxrcedds_c.h:10[m[K,
                 from [01m[K/home/nuc01/zephyr_microros_pingpong/firmware/mcu_ws/build/example_interfaces/rosidl_typesupport_microxrcedds_c/example_interfaces/msg/detail/microxrcedds/u_int64_multi_array__type_support_c.c:4[m[K:
[01m[K/home/nuc01/zephyr_microros_pingpong/firmware/zephyrproject/zephyr/lib/libc/newlib/include/stdint.h:28:2:[m[K [01;35m[Kwarning: [m[K#include_next is a GCC extension
   28 | #[01;35m[Kinclude_next[m[K <stdint.h>
      |  [01;35m[K^~~~~~~~~~~~[m[K
In file included from [01m[K/home/nuc01/zephyr_microros_pingpong/firmware/mcu_ws/build/example_interfaces/rosidl_typesupport_microxrcedds_c/example_interfaces/msg/detail/u_int8__rosidl_typesupport_microxrcedds_c.h:10[m[K,
                 from [01m[K/home/nuc01/zephyr_microros_pingpong/firmware/mcu_ws/build/example_interfaces/rosidl_typesupport_microxrcedds_c/example_interfaces/msg/detail/microxrcedds/u_int8__type_support_c.c:4[m[K:
[01m[K/home/nuc01/zephyr_microros_pingpong/firmware/zephyrproject/zephyr/lib/libc/newlib/include/stdint.h:28:2:[m[K [01;35m[Kwarning: [m[K#include_next is a GCC extension
   28 | #[01;35m[Kinclude_next[m[K <stdint.h>
      |  [01;35m[K^~~~~~~~~~~~[m[K
In file included from [01m[K/home/nuc01/zephyr_microros_pingpong/firmware/mcu_ws/build/example_interfaces/rosidl_typesupport_microxrcedds_c/example_interfaces/msg/detail/u_int8_multi_array__rosidl_typesupport_microxrcedds_c.h:10[m[K,
                 from [01m[K/home/nuc01/zephyr_microros_pingpong/firmware/mcu_ws/build/example_interfaces/rosidl_typesupport_microxrcedds_c/example_interfaces/msg/detail/microxrcedds/u_int8_multi_array__type_support_c.c:4[m[K:
[01m[K/home/nuc01/zephyr_microros_pingpong/firmware/zephyrproject/zephyr/lib/libc/newlib/include/stdint.h:28:2:[m[K [01;35m[Kwarning: [m[K#include_next is a GCC extension
   28 | #[01;35m[Kinclude_next[m[K <stdint.h>
      |  [01;35m[K^~~~~~~~~~~~[m[K
In file included from [01m[K/home/nuc01/zephyr_microros_pingpong/firmware/mcu_ws/build/example_interfaces/rosidl_typesupport_microxrcedds_c/example_interfaces/msg/detail/w_string__rosidl_typesupport_microxrcedds_c.h:10[m[K,
                 from [01m[K/home/nuc01/zephyr_microros_pingpong/firmware/mcu_ws/build/example_interfaces/rosidl_typesupport_microxrcedds_c/example_interfaces/msg/detail/microxrcedds/w_string__type_support_c.c:4[m[K:
[01m[K/home/nuc01/zephyr_microros_pingpong/firmware/zephyrproject/zephyr/lib/libc/newlib/include/stdint.h:28:2:[m[K [01;35m[Kwarning: [m[K#include_next is a GCC extension
   28 | #[01;35m[Kinclude_next[m[K <stdint.h>
      |  [01;35m[K^~~~~~~~~~~~[m[K
In file included from [01m[K/home/nuc01/zephyr_microros_pingpong/firmware/mcu_ws/build/example_interfaces/rosidl_typesupport_microxrcedds_c/example_interfaces/srv/detail/add_two_ints__rosidl_typesupport_microxrcedds_c.h:10[m[K,
                 from [01m[K/home/nuc01/zephyr_microros_pingpong/firmware/mcu_ws/build/example_interfaces/rosidl_typesupport_microxrcedds_c/example_interfaces/srv/detail/microxrcedds/add_two_ints__type_support_c.c:4[m[K:
[01m[K/home/nuc01/zephyr_microros_pingpong/firmware/zephyrproject/zephyr/lib/libc/newlib/include/stdint.h:28:2:[m[K [01;35m[Kwarning: [m[K#include_next is a GCC extension
   28 | #[01;35m[Kinclude_next[m[K <stdint.h>
      |  [01;35m[K^~~~~~~~~~~~[m[K
In file included from [01m[K/home/nuc01/zephyr_microros_pingpong/firmware/mcu_ws/build/example_interfaces/rosidl_typesupport_microxrcedds_c/example_interfaces/srv/detail/set_bool__rosidl_typesupport_microxrcedds_c.h:10[m[K,
                 from [01m[K/home/nuc01/zephyr_microros_pingpong/firmware/mcu_ws/build/example_interfaces/rosidl_typesupport_microxrcedds_c/example_interfaces/srv/detail/microxrcedds/set_bool__type_support_c.c:4[m[K:
[01m[K/home/nuc01/zephyr_microros_pingpong/firmware/zephyrproject/zephyr/lib/libc/newlib/include/stdint.h:28:2:[m[K [01;35m[Kwarning: [m[K#include_next is a GCC extension
   28 | #[01;35m[Kinclude_next[m[K <stdint.h>
      |  [01;35m[K^~~~~~~~~~~~[m[K
In file included from [01m[K/home/nuc01/zephyr_microros_pingpong/firmware/mcu_ws/build/example_interfaces/rosidl_typesupport_microxrcedds_c/example_interfaces/srv/detail/trigger__rosidl_typesupport_microxrcedds_c.h:10[m[K,
                 from [01m[K/home/nuc01/zephyr_microros_pingpong/firmware/mcu_ws/build/example_interfaces/rosidl_typesupport_microxrcedds_c/example_interfaces/srv/detail/microxrcedds/trigger__type_support_c.c:4[m[K:
[01m[K/home/nuc01/zephyr_microros_pingpong/firmware/zephyrproject/zephyr/lib/libc/newlib/include/stdint.h:28:2:[m[K [01;35m[Kwarning: [m[K#include_next is a GCC extension
   28 | #[01;35m[Kinclude_next[m[K <stdint.h>
      |  [01;35m[K^~~~~~~~~~~~[m[K
