[0.023s] Invoking command in '/home/marlar/movelt/build/micro_ros_msgs': AMENT_PREFIX_PATH=/home/marlar/movelt/install/rosidl_typesupport_microxrcedds_c:${AMENT_PREFIX_PATH} CMAKE_PREFIX_PATH=/home/marlar/movelt/install/rosidl_typesupport_microxrcedds_c:/home/marlar/movelt/install/microcdr:/home/marlar/movelt/install/micro_ros_setup:/opt/ros/foxy LD_LIBRARY_PATH=/home/marlar/movelt/install/rosidl_typesupport_microxrcedds_c/lib:${LD_LIBRARY_PATH} PYTHONPATH=/home/marlar/movelt/install/rosidl_typesupport_microxrcedds_c/lib/python3.8/site-packages:${PYTHONPATH} /usr/bin/cmake /home/marlar/movelt/src/uros/micro_ros_msgs -DUAGENT_BUILD_EXECUTABLE=OFF -DUAGENT_P2P_PROFILE=OFF --no-warn-unused-cli -DCMAKE_INSTALL_PREFIX=/home/marlar/movelt/install/micro_ros_msgs
[0.027s] Not searching for unused variables given on the command line.
[0.119s] -- The C compiler identification is GNU 9.3.0
[0.221s] -- The CXX compiler identification is GNU 9.3.0
[0.239s] -- Detecting C compiler ABI info
[0.338s] -- Detecting C compiler ABI info - done
[0.347s] -- Check for working C compiler: /usr/bin/cc - skipped
[0.348s] -- Detecting C compile features
[0.348s] -- Detecting C compile features - done
[0.351s] -- Detecting CXX compiler ABI info
[0.457s] -- Detecting CXX compiler ABI info - done
[0.464s] -- Check for working CXX compiler: /usr/bin/c++ - skipped
[0.464s] -- Detecting CXX compile features
[0.465s] -- Detecting CXX compile features - done
[0.467s] -- Found ament_cmake: 0.9.8 (/opt/ros/foxy/share/ament_cmake/cmake)
[0.508s] -- Found PythonInterp: /usr/bin/python3 (found suitable version "3.8.5", minimum required is "3") 
[0.509s] -- Using PYTHON_EXECUTABLE: /usr/bin/python3
[0.705s] -- Found rosidl_default_generators: 1.0.0 (/opt/ros/foxy/share/rosidl_default_generators/cmake)
[0.708s] -- Using all available rosidl_typesupport_c: rosidl_typesupport_microxrcedds_c;rosidl_typesupport_fastrtps_c;rosidl_typesupport_introspection_c
[0.714s] -- Found rosidl_adapter: 1.2.0 (/opt/ros/foxy/share/rosidl_adapter/cmake)
[0.842s] -- Found OpenSSL: /usr/lib/x86_64-linux-gnu/libcrypto.so (found version "1.1.1f")  
[0.877s] -- Found FastRTPS: /opt/ros/foxy/include  
[0.940s] -- Using all available rosidl_typesupport_cpp: rosidl_typesupport_fastrtps_cpp;rosidl_typesupport_introspection_cpp
[0.961s] -- Found ament_lint_auto: 0.9.6 (/opt/ros/foxy/share/ament_lint_auto/cmake)
[1.098s] -- Found PythonInterp: /usr/bin/python3 (found version "3.8.5") 
[1.172s] -- Found ament_cmake_ros: 0.9.1 (/opt/ros/foxy/share/ament_cmake_ros/cmake)
[1.278s] -- Using all available rosidl_typesupport_c: rosidl_typesupport_microxrcedds_c;rosidl_typesupport_fastrtps_c;rosidl_typesupport_introspection_c
[1.283s] -- Using all available rosidl_typesupport_cpp: rosidl_typesupport_fastrtps_cpp;rosidl_typesupport_introspection_cpp
[1.317s] -- Found PythonInterp: /usr/bin/python3 (found suitable version "3.8.5", minimum required is "3.5") 
[1.320s] -- Found python_cmake_module: 0.8.0 (/opt/ros/foxy/share/python_cmake_module/cmake)
[1.353s] -- Found PythonLibs: /usr/lib/x86_64-linux-gnu/libpython3.8.so (found suitable version "3.8.5", minimum required is "3.5") 
[1.354s] -- Using PYTHON_EXECUTABLE: /usr/bin/python3
[1.354s] -- Using PYTHON_INCLUDE_DIRS: /usr/include/python3.8
[1.354s] -- Using PYTHON_LIBRARIES: /usr/lib/x86_64-linux-gnu/libpython3.8.so
[1.378s] -- Found PythonExtra: .so  
[1.446s] -- Added test 'copyright' to check source files copyright and LICENSE
[1.456s] -- Added test 'lint_cmake' to check CMake code style
[1.461s] -- Added test 'xmllint' to check XML markup files
[1.464s] -- Configuring done
[1.494s] -- Generating done
[1.496s] -- Build files have been written to: /home/marlar/movelt/build/micro_ros_msgs
[1.504s] Invoked command in '/home/marlar/movelt/build/micro_ros_msgs' returned '0': AMENT_PREFIX_PATH=/home/marlar/movelt/install/rosidl_typesupport_microxrcedds_c:${AMENT_PREFIX_PATH} CMAKE_PREFIX_PATH=/home/marlar/movelt/install/rosidl_typesupport_microxrcedds_c:/home/marlar/movelt/install/microcdr:/home/marlar/movelt/install/micro_ros_setup:/opt/ros/foxy LD_LIBRARY_PATH=/home/marlar/movelt/install/rosidl_typesupport_microxrcedds_c/lib:${LD_LIBRARY_PATH} PYTHONPATH=/home/marlar/movelt/install/rosidl_typesupport_microxrcedds_c/lib/python3.8/site-packages:${PYTHONPATH} /usr/bin/cmake /home/marlar/movelt/src/uros/micro_ros_msgs -DUAGENT_BUILD_EXECUTABLE=OFF -DUAGENT_P2P_PROFILE=OFF --no-warn-unused-cli -DCMAKE_INSTALL_PREFIX=/home/marlar/movelt/install/micro_ros_msgs
[1.508s] Invoking command in '/home/marlar/movelt/build/micro_ros_msgs': AMENT_PREFIX_PATH=/home/marlar/movelt/install/rosidl_typesupport_microxrcedds_c:${AMENT_PREFIX_PATH} CMAKE_PREFIX_PATH=/home/marlar/movelt/install/rosidl_typesupport_microxrcedds_c:/home/marlar/movelt/install/microcdr:/home/marlar/movelt/install/micro_ros_setup:/opt/ros/foxy LD_LIBRARY_PATH=/home/marlar/movelt/install/rosidl_typesupport_microxrcedds_c/lib:${LD_LIBRARY_PATH} PYTHONPATH=/home/marlar/movelt/install/rosidl_typesupport_microxrcedds_c/lib/python3.8/site-packages:${PYTHONPATH} /usr/bin/cmake --build /home/marlar/movelt/build/micro_ros_msgs -- -j12 -l12
[1.547s] [  1%] [34m[1mGenerating C code for ROS interfaces[0m
[1.561s] [  3%] [34m[1mGenerating C++ code for ROS interfaces[0m
[1.845s] [  3%] Built target micro_ros_msgs__cpp
[1.851s] [  5%] [34m[1mGenerating C++ introspection for ROS interfaces[0m
[1.852s] [  7%] [34m[1mGenerating C++ type support for eProsima Fast-RTPS[0m
[1.852s] [  9%] [34m[1mGenerating C++ type support dispatch for ROS interfaces[0m
[1.857s] [ 11%] [32mBuilding C object CMakeFiles/micro_ros_msgs__rosidl_generator_c.dir/rosidl_generator_c/micro_ros_msgs/msg/detail/graph__functions.c.o[0m
[1.858s] [ 12%] [32mBuilding C object CMakeFiles/micro_ros_msgs__rosidl_generator_c.dir/rosidl_generator_c/micro_ros_msgs/msg/detail/node__functions.c.o[0m
[1.858s] [ 14%] [32mBuilding C object CMakeFiles/micro_ros_msgs__rosidl_generator_c.dir/rosidl_generator_c/micro_ros_msgs/msg/detail/entity__functions.c.o[0m
[1.894s] [ 16%] [32m[1mLinking C shared library libmicro_ros_msgs__rosidl_generator_c.so[0m
[1.923s] [ 16%] Built target micro_ros_msgs__rosidl_generator_c
[1.929s] [ 18%] [34m[1mGenerating C introspection for ROS interfaces[0m
[1.932s] [ 20%] [34m[1mGenerating C type support dispatch for ROS interfaces[0m
[1.934s] [ 22%] [34m[1mGenerating C type support for eProsima Micro XRCE-DDS[0m
[2.089s] [ 24%] [32mBuilding CXX object CMakeFiles/micro_ros_msgs__rosidl_typesupport_cpp.dir/rosidl_typesupport_cpp/micro_ros_msgs/msg/graph__type_support.cpp.o[0m
[2.090s] [ 27%] [32mBuilding CXX object CMakeFiles/micro_ros_msgs__rosidl_typesupport_cpp.dir/rosidl_typesupport_cpp/micro_ros_msgs/msg/node__type_support.cpp.o[0m
[2.090s] [ 27%] [32mBuilding CXX object CMakeFiles/micro_ros_msgs__rosidl_typesupport_cpp.dir/rosidl_typesupport_cpp/micro_ros_msgs/msg/entity__type_support.cpp.o[0m
[2.110s] [ 33%] [32mBuilding CXX object CMakeFiles/micro_ros_msgs__rosidl_typesupport_introspection_cpp.dir/rosidl_typesupport_introspection_cpp/micro_ros_msgs/msg/detail/entity__type_support.cpp.o[0m
[2.110s] [ 33%] [32mBuilding CXX object CMakeFiles/micro_ros_msgs__rosidl_typesupport_introspection_cpp.dir/rosidl_typesupport_introspection_cpp/micro_ros_msgs/msg/detail/graph__type_support.cpp.o[0m
[2.110s] [ 33%] [32mBuilding CXX object CMakeFiles/micro_ros_msgs__rosidl_typesupport_introspection_cpp.dir/rosidl_typesupport_introspection_cpp/micro_ros_msgs/msg/detail/node__type_support.cpp.o[0m
[2.143s] [ 35%] [32mBuilding CXX object CMakeFiles/micro_ros_msgs__rosidl_typesupport_fastrtps_cpp.dir/rosidl_typesupport_fastrtps_cpp/micro_ros_msgs/msg/detail/dds_fastrtps/graph__type_support.cpp.o[0m
[2.145s] [ 37%] [32mBuilding CXX object CMakeFiles/micro_ros_msgs__rosidl_typesupport_fastrtps_cpp.dir/rosidl_typesupport_fastrtps_cpp/micro_ros_msgs/msg/detail/dds_fastrtps/entity__type_support.cpp.o[0m
[2.148s] [ 38%] [32mBuilding CXX object CMakeFiles/micro_ros_msgs__rosidl_typesupport_fastrtps_cpp.dir/rosidl_typesupport_fastrtps_cpp/micro_ros_msgs/msg/detail/dds_fastrtps/node__type_support.cpp.o[0m
[2.231s] [ 40%] [32mBuilding CXX object CMakeFiles/micro_ros_msgs__rosidl_typesupport_c.dir/rosidl_typesupport_c/micro_ros_msgs/msg/graph__type_support.cpp.o[0m
[2.271s] [ 42%] [32mBuilding CXX object CMakeFiles/micro_ros_msgs__rosidl_typesupport_c.dir/rosidl_typesupport_c/micro_ros_msgs/msg/node__type_support.cpp.o[0m
[2.290s] [ 44%] [32mBuilding C object CMakeFiles/micro_ros_msgs__rosidl_typesupport_introspection_c.dir/rosidl_typesupport_introspection_c/micro_ros_msgs/msg/detail/graph__type_support.c.o[0m
[2.311s] [ 46%] [32mBuilding C object CMakeFiles/micro_ros_msgs__rosidl_typesupport_microxrcedds_c.dir/rosidl_typesupport_microxrcedds_c/micro_ros_msgs/msg/detail/microxrcedds/graph__type_support_c.c.o[0m
[2.316s] [ 48%] [32mBuilding CXX object CMakeFiles/micro_ros_msgs__rosidl_typesupport_c.dir/rosidl_typesupport_c/micro_ros_msgs/msg/entity__type_support.cpp.o[0m
[2.351s] [ 50%] [32mBuilding C object CMakeFiles/micro_ros_msgs__rosidl_typesupport_introspection_c.dir/rosidl_typesupport_introspection_c/micro_ros_msgs/msg/detail/node__type_support.c.o[0m
[2.354s] [ 51%] [32m[1mLinking CXX shared library libmicro_ros_msgs__rosidl_typesupport_c.so[0m
[2.397s] [ 53%] [32mBuilding C object CMakeFiles/micro_ros_msgs__rosidl_typesupport_introspection_c.dir/rosidl_typesupport_introspection_c/micro_ros_msgs/msg/detail/entity__type_support.c.o[0m
[2.397s] [ 55%] [32mBuilding C object CMakeFiles/micro_ros_msgs__rosidl_typesupport_microxrcedds_c.dir/rosidl_typesupport_microxrcedds_c/micro_ros_msgs/msg/detail/microxrcedds/node__type_support_c.c.o[0m
[2.401s] [ 55%] Built target micro_ros_msgs__rosidl_typesupport_c
[2.407s] [ 57%] [32mBuilding C object CMakeFiles/micro_ros_msgs__rosidl_typesupport_microxrcedds_c.dir/rosidl_typesupport_microxrcedds_c/micro_ros_msgs/msg/detail/microxrcedds/entity__type_support_c.c.o[0m
[2.435s] [ 59%] [32m[1mLinking C shared library libmicro_ros_msgs__rosidl_typesupport_introspection_c.so[0m
[2.460s] [ 59%] Built target micro_ros_msgs__rosidl_typesupport_introspection_c
[2.464s] [ 61%] [32m[1mLinking C static library libmicro_ros_msgs__rosidl_typesupport_microxrcedds_c.a[0m
[2.471s] [ 62%] [32m[1mLinking CXX shared library libmicro_ros_msgs__rosidl_typesupport_cpp.so[0m
[2.481s] [ 62%] Built target micro_ros_msgs__rosidl_typesupport_microxrcedds_c
[2.514s] [ 62%] Built target micro_ros_msgs__rosidl_typesupport_cpp
[2.607s] [ 64%] [32m[1mLinking CXX shared library libmicro_ros_msgs__rosidl_typesupport_introspection_cpp.so[0m
[2.693s] [ 64%] Built target micro_ros_msgs__rosidl_typesupport_introspection_cpp
[2.727s] [ 66%] [32m[1mLinking CXX shared library libmicro_ros_msgs__rosidl_typesupport_fastrtps_cpp.so[0m
[2.818s] [ 66%] Built target micro_ros_msgs__rosidl_typesupport_fastrtps_cpp
[2.830s] [ 68%] [34m[1mGenerating C type support for eProsima Fast-RTPS[0m
[3.124s] [ 70%] [32mBuilding CXX object CMakeFiles/micro_ros_msgs__rosidl_typesupport_fastrtps_c.dir/rosidl_typesupport_fastrtps_c/micro_ros_msgs/msg/detail/graph__type_support_c.cpp.o[0m
[3.126s] [ 72%] [32mBuilding CXX object CMakeFiles/micro_ros_msgs__rosidl_typesupport_fastrtps_c.dir/rosidl_typesupport_fastrtps_c/micro_ros_msgs/msg/detail/node__type_support_c.cpp.o[0m
[3.127s] [ 74%] [32mBuilding CXX object CMakeFiles/micro_ros_msgs__rosidl_typesupport_fastrtps_c.dir/rosidl_typesupport_fastrtps_c/micro_ros_msgs/msg/detail/entity__type_support_c.cpp.o[0m
[3.442s] [ 75%] [32m[1mLinking CXX shared library libmicro_ros_msgs__rosidl_typesupport_fastrtps_c.so[0m
[3.531s] [ 75%] Built target micro_ros_msgs__rosidl_typesupport_fastrtps_c
[3.553s] [ 75%] Built target micro_ros_msgs
[3.576s] [ 77%] [34m[1mGenerating Python code for ROS interfaces[0m
[4.115s] [ 77%] Built target micro_ros_msgs__py
[4.138s] [ 79%] [32mBuilding C object CMakeFiles/micro_ros_msgs__python.dir/rosidl_generator_py/micro_ros_msgs/msg/_node_s.c.o[0m
[4.139s] [ 83%] [32mBuilding C object CMakeFiles/micro_ros_msgs__python.dir/rosidl_generator_py/micro_ros_msgs/msg/_graph_s.c.o[0m
[4.139s] [ 83%] [32mBuilding C object CMakeFiles/micro_ros_msgs__python.dir/rosidl_generator_py/micro_ros_msgs/msg/_entity_s.c.o[0m
[4.241s] [ 85%] [32m[1mLinking C shared library rosidl_generator_py/micro_ros_msgs/libmicro_ros_msgs__python.so[0m
[4.287s] [ 85%] Built target micro_ros_msgs__python
[4.302s] [ 87%] [32mBuilding C object CMakeFiles/micro_ros_msgs__rosidl_typesupport_microxrcedds_c__pyext.dir/rosidl_generator_py/micro_ros_msgs/_micro_ros_msgs_s.ep.rosidl_typesupport_microxrcedds_c.c.o[0m
[4.303s] [ 88%] [32mBuilding C object CMakeFiles/micro_ros_msgs__rosidl_typesupport_c__pyext.dir/rosidl_generator_py/micro_ros_msgs/_micro_ros_msgs_s.ep.rosidl_typesupport_c.c.o[0m
[4.308s] [ 90%] [32mBuilding C object CMakeFiles/micro_ros_msgs__rosidl_typesupport_introspection_c__pyext.dir/rosidl_generator_py/micro_ros_msgs/_micro_ros_msgs_s.ep.rosidl_typesupport_introspection_c.c.o[0m
[4.309s] [ 92%] [32mBuilding C object CMakeFiles/micro_ros_msgs__rosidl_typesupport_fastrtps_c__pyext.dir/rosidl_generator_py/micro_ros_msgs/_micro_ros_msgs_s.ep.rosidl_typesupport_fastrtps_c.c.o[0m
[4.383s] [ 94%] [32m[1mLinking C shared library rosidl_generator_py/micro_ros_msgs/micro_ros_msgs_s__rosidl_typesupport_c.cpython-38-x86_64-linux-gnu.so[0m
[4.385s] [ 96%] [32m[1mLinking C shared library rosidl_generator_py/micro_ros_msgs/micro_ros_msgs_s__rosidl_typesupport_microxrcedds_c.cpython-38-x86_64-linux-gnu.so[0m
[4.395s] [ 98%] [32m[1mLinking C shared library rosidl_generator_py/micro_ros_msgs/micro_ros_msgs_s__rosidl_typesupport_introspection_c.cpython-38-x86_64-linux-gnu.so[0m
[4.396s] [100%] [32m[1mLinking CXX shared library rosidl_generator_py/micro_ros_msgs/micro_ros_msgs_s__rosidl_typesupport_fastrtps_c.cpython-38-x86_64-linux-gnu.so[0m
[4.408s] [100%] Built target micro_ros_msgs__rosidl_typesupport_c__pyext
[4.418s] [100%] Built target micro_ros_msgs__rosidl_typesupport_microxrcedds_c__pyext
[4.420s] [100%] Built target micro_ros_msgs__rosidl_typesupport_introspection_c__pyext
[4.446s] [100%] Built target micro_ros_msgs__rosidl_typesupport_fastrtps_c__pyext
[4.456s] Invoked command in '/home/marlar/movelt/build/micro_ros_msgs' returned '0': AMENT_PREFIX_PATH=/home/marlar/movelt/install/rosidl_typesupport_microxrcedds_c:${AMENT_PREFIX_PATH} CMAKE_PREFIX_PATH=/home/marlar/movelt/install/rosidl_typesupport_microxrcedds_c:/home/marlar/movelt/install/microcdr:/home/marlar/movelt/install/micro_ros_setup:/opt/ros/foxy LD_LIBRARY_PATH=/home/marlar/movelt/install/rosidl_typesupport_microxrcedds_c/lib:${LD_LIBRARY_PATH} PYTHONPATH=/home/marlar/movelt/install/rosidl_typesupport_microxrcedds_c/lib/python3.8/site-packages:${PYTHONPATH} /usr/bin/cmake --build /home/marlar/movelt/build/micro_ros_msgs -- -j12 -l12
[4.570s] Invoking command in '/home/marlar/movelt/build/micro_ros_msgs': AMENT_PREFIX_PATH=/home/marlar/movelt/install/rosidl_typesupport_microxrcedds_c:${AMENT_PREFIX_PATH} CMAKE_PREFIX_PATH=/home/marlar/movelt/install/rosidl_typesupport_microxrcedds_c:/home/marlar/movelt/install/microcdr:/home/marlar/movelt/install/micro_ros_setup:/opt/ros/foxy LD_LIBRARY_PATH=/home/marlar/movelt/install/rosidl_typesupport_microxrcedds_c/lib:${LD_LIBRARY_PATH} PYTHONPATH=/home/marlar/movelt/install/rosidl_typesupport_microxrcedds_c/lib/python3.8/site-packages:${PYTHONPATH} /usr/bin/cmake --install /home/marlar/movelt/build/micro_ros_msgs
[4.580s] -- Install configuration: ""
[4.580s] -- Installing: /home/marlar/movelt/install/micro_ros_msgs/share/ament_index/resource_index/rosidl_interfaces/micro_ros_msgs
[4.580s] -- Installing: /home/marlar/movelt/install/micro_ros_msgs/include/micro_ros_msgs
[4.580s] -- Installing: /home/marlar/movelt/install/micro_ros_msgs/include/micro_ros_msgs/msg
[4.581s] -- Installing: /home/marlar/movelt/install/micro_ros_msgs/include/micro_ros_msgs/msg/detail
[4.581s] -- Installing: /home/marlar/movelt/install/micro_ros_msgs/include/micro_ros_msgs/msg/detail/entity__struct.h
[4.581s] -- Installing: /home/marlar/movelt/install/micro_ros_msgs/include/micro_ros_msgs/msg/detail/entity__functions.c
[4.581s] -- Installing: /home/marlar/movelt/install/micro_ros_msgs/include/micro_ros_msgs/msg/detail/node__struct.h
[4.581s] -- Installing: /home/marlar/movelt/install/micro_ros_msgs/include/micro_ros_msgs/msg/detail/graph__type_support.h
[4.581s] -- Installing: /home/marlar/movelt/install/micro_ros_msgs/include/micro_ros_msgs/msg/detail/entity__type_support.h
[4.581s] -- Installing: /home/marlar/movelt/install/micro_ros_msgs/include/micro_ros_msgs/msg/detail/graph__functions.c
[4.582s] -- Installing: /home/marlar/movelt/install/micro_ros_msgs/include/micro_ros_msgs/msg/detail/graph__functions.h
[4.582s] -- Installing: /home/marlar/movelt/install/micro_ros_msgs/include/micro_ros_msgs/msg/detail/node__functions.c
[4.582s] -- Installing: /home/marlar/movelt/install/micro_ros_msgs/include/micro_ros_msgs/msg/detail/node__type_support.h
[4.582s] -- Installing: /home/marlar/movelt/install/micro_ros_msgs/include/micro_ros_msgs/msg/detail/graph__struct.h
[4.582s] -- Installing: /home/marlar/movelt/install/micro_ros_msgs/include/micro_ros_msgs/msg/detail/node__functions.h
[4.582s] -- Installing: /home/marlar/movelt/install/micro_ros_msgs/include/micro_ros_msgs/msg/detail/entity__functions.h
[4.583s] -- Installing: /home/marlar/movelt/install/micro_ros_msgs/include/micro_ros_msgs/msg/node.h
[4.583s] -- Installing: /home/marlar/movelt/install/micro_ros_msgs/include/micro_ros_msgs/msg/entity.h
[4.583s] -- Installing: /home/marlar/movelt/install/micro_ros_msgs/include/micro_ros_msgs/msg/graph.h
[4.583s] -- Installing: /home/marlar/movelt/install/micro_ros_msgs/include/micro_ros_msgs/msg/rosidl_generator_c__visibility_control.h
[4.584s] -- Installing: /home/marlar/movelt/install/micro_ros_msgs/share/micro_ros_msgs/environment/library_path.sh
[4.584s] -- Installing: /home/marlar/movelt/install/micro_ros_msgs/share/micro_ros_msgs/environment/library_path.dsv
[4.585s] -- Installing: /home/marlar/movelt/install/micro_ros_msgs/lib/libmicro_ros_msgs__rosidl_generator_c.so
[4.585s] -- Set runtime path of "/home/marlar/movelt/install/micro_ros_msgs/lib/libmicro_ros_msgs__rosidl_generator_c.so" to ""
[4.585s] -- Up-to-date: /home/marlar/movelt/install/micro_ros_msgs/include/micro_ros_msgs
[4.586s] -- Up-to-date: /home/marlar/movelt/install/micro_ros_msgs/include/micro_ros_msgs/msg
[4.586s] -- Installing: /home/marlar/movelt/install/micro_ros_msgs/include/micro_ros_msgs/msg/rosidl_typesupport_microxrcedds_c__visibility_control.h
[4.586s] -- Up-to-date: /home/marlar/movelt/install/micro_ros_msgs/include/micro_ros_msgs/msg/detail
[4.586s] -- Installing: /home/marlar/movelt/install/micro_ros_msgs/include/micro_ros_msgs/msg/detail/node__rosidl_typesupport_microxrcedds_c.h
[4.586s] -- Installing: /home/marlar/movelt/install/micro_ros_msgs/include/micro_ros_msgs/msg/detail/microxrcedds
[4.586s] -- Installing: /home/marlar/movelt/install/micro_ros_msgs/include/micro_ros_msgs/msg/detail/entity__rosidl_typesupport_microxrcedds_c.h
[4.586s] -- Installing: /home/marlar/movelt/install/micro_ros_msgs/include/micro_ros_msgs/msg/detail/graph__rosidl_typesupport_microxrcedds_c.h
[4.587s] -- Installing: /home/marlar/movelt/install/micro_ros_msgs/lib/libmicro_ros_msgs__rosidl_typesupport_microxrcedds_c.a
[4.587s] -- Up-to-date: /home/marlar/movelt/install/micro_ros_msgs/include/micro_ros_msgs
[4.587s] -- Up-to-date: /home/marlar/movelt/install/micro_ros_msgs/include/micro_ros_msgs/msg
[4.587s] -- Up-to-date: /home/marlar/movelt/install/micro_ros_msgs/include/micro_ros_msgs/msg/detail
[4.587s] -- Installing: /home/marlar/movelt/install/micro_ros_msgs/include/micro_ros_msgs/msg/detail/graph__rosidl_typesupport_fastrtps_c.h
[4.587s] -- Installing: /home/marlar/movelt/install/micro_ros_msgs/include/micro_ros_msgs/msg/detail/entity__rosidl_typesupport_fastrtps_c.h
[4.587s] -- Installing: /home/marlar/movelt/install/micro_ros_msgs/include/micro_ros_msgs/msg/detail/node__rosidl_typesupport_fastrtps_c.h
[4.588s] -- Installing: /home/marlar/movelt/install/micro_ros_msgs/include/micro_ros_msgs/msg/rosidl_typesupport_fastrtps_c__visibility_control.h
[4.588s] -- Installing: /home/marlar/movelt/install/micro_ros_msgs/lib/libmicro_ros_msgs__rosidl_typesupport_fastrtps_c.so
[4.588s] -- Set runtime path of "/home/marlar/movelt/install/micro_ros_msgs/lib/libmicro_ros_msgs__rosidl_typesupport_fastrtps_c.so" to ""
[4.588s] -- Up-to-date: /home/marlar/movelt/install/micro_ros_msgs/include/micro_ros_msgs
[4.588s] -- Up-to-date: /home/marlar/movelt/install/micro_ros_msgs/include/micro_ros_msgs/msg
[4.588s] -- Up-to-date: /home/marlar/movelt/install/micro_ros_msgs/include/micro_ros_msgs/msg/detail
[4.588s] -- Installing: /home/marlar/movelt/install/micro_ros_msgs/include/micro_ros_msgs/msg/detail/dds_fastrtps
[4.588s] -- Installing: /home/marlar/movelt/install/micro_ros_msgs/include/micro_ros_msgs/msg/detail/node__rosidl_typesupport_fastrtps_cpp.hpp
[4.589s] -- Installing: /home/marlar/movelt/install/micro_ros_msgs/include/micro_ros_msgs/msg/detail/graph__rosidl_typesupport_fastrtps_cpp.hpp
[4.589s] -- Installing: /home/marlar/movelt/install/micro_ros_msgs/include/micro_ros_msgs/msg/detail/entity__rosidl_typesupport_fastrtps_cpp.hpp
[4.589s] -- Installing: /home/marlar/movelt/install/micro_ros_msgs/include/micro_ros_msgs/msg/rosidl_typesupport_fastrtps_cpp__visibility_control.h
[4.589s] -- Installing: /home/marlar/movelt/install/micro_ros_msgs/lib/libmicro_ros_msgs__rosidl_typesupport_fastrtps_cpp.so
[4.589s] -- Set runtime path of "/home/marlar/movelt/install/micro_ros_msgs/lib/libmicro_ros_msgs__rosidl_typesupport_fastrtps_cpp.so" to ""
[4.589s] -- Up-to-date: /home/marlar/movelt/install/micro_ros_msgs/include/micro_ros_msgs
[4.590s] -- Up-to-date: /home/marlar/movelt/install/micro_ros_msgs/include/micro_ros_msgs/msg
[4.590s] -- Installing: /home/marlar/movelt/install/micro_ros_msgs/include/micro_ros_msgs/msg/rosidl_typesupport_introspection_c__visibility_control.h
[4.590s] -- Up-to-date: /home/marlar/movelt/install/micro_ros_msgs/include/micro_ros_msgs/msg/detail
[4.590s] -- Installing: /home/marlar/movelt/install/micro_ros_msgs/include/micro_ros_msgs/msg/detail/node__rosidl_typesupport_introspection_c.h
[4.590s] -- Installing: /home/marlar/movelt/install/micro_ros_msgs/include/micro_ros_msgs/msg/detail/graph__rosidl_typesupport_introspection_c.h
[4.590s] -- Installing: /home/marlar/movelt/install/micro_ros_msgs/include/micro_ros_msgs/msg/detail/graph__type_support.c
[4.590s] -- Installing: /home/marlar/movelt/install/micro_ros_msgs/include/micro_ros_msgs/msg/detail/entity__type_support.c
[4.590s] -- Installing: /home/marlar/movelt/install/micro_ros_msgs/include/micro_ros_msgs/msg/detail/node__type_support.c
[4.591s] -- Installing: /home/marlar/movelt/install/micro_ros_msgs/include/micro_ros_msgs/msg/detail/entity__rosidl_typesupport_introspection_c.h
[4.591s] -- Installing: /home/marlar/movelt/install/micro_ros_msgs/lib/libmicro_ros_msgs__rosidl_typesupport_introspection_c.so
[4.591s] -- Set runtime path of "/home/marlar/movelt/install/micro_ros_msgs/lib/libmicro_ros_msgs__rosidl_typesupport_introspection_c.so" to ""
[4.591s] -- Installing: /home/marlar/movelt/install/micro_ros_msgs/lib/libmicro_ros_msgs__rosidl_typesupport_c.so
[4.591s] -- Set runtime path of "/home/marlar/movelt/install/micro_ros_msgs/lib/libmicro_ros_msgs__rosidl_typesupport_c.so" to ""
[4.592s] -- Up-to-date: /home/marlar/movelt/install/micro_ros_msgs/include/micro_ros_msgs
[4.592s] -- Up-to-date: /home/marlar/movelt/install/micro_ros_msgs/include/micro_ros_msgs/msg
[4.592s] -- Up-to-date: /home/marlar/movelt/install/micro_ros_msgs/include/micro_ros_msgs/msg/detail
[4.592s] -- Installing: /home/marlar/movelt/install/micro_ros_msgs/include/micro_ros_msgs/msg/detail/entity__traits.hpp
[4.592s] -- Installing: /home/marlar/movelt/install/micro_ros_msgs/include/micro_ros_msgs/msg/detail/node__builder.hpp
[4.593s] -- Installing: /home/marlar/movelt/install/micro_ros_msgs/include/micro_ros_msgs/msg/detail/entity__builder.hpp
[4.593s] -- Installing: /home/marlar/movelt/install/micro_ros_msgs/include/micro_ros_msgs/msg/detail/graph__traits.hpp
[4.593s] -- Installing: /home/marlar/movelt/install/micro_ros_msgs/include/micro_ros_msgs/msg/detail/graph__struct.hpp
[4.593s] -- Installing: /home/marlar/movelt/install/micro_ros_msgs/include/micro_ros_msgs/msg/detail/node__traits.hpp
[4.593s] -- Installing: /home/marlar/movelt/install/micro_ros_msgs/include/micro_ros_msgs/msg/detail/graph__builder.hpp
[4.593s] -- Installing: /home/marlar/movelt/install/micro_ros_msgs/include/micro_ros_msgs/msg/detail/node__struct.hpp
[4.593s] -- Installing: /home/marlar/movelt/install/micro_ros_msgs/include/micro_ros_msgs/msg/detail/entity__struct.hpp
[4.593s] -- Installing: /home/marlar/movelt/install/micro_ros_msgs/include/micro_ros_msgs/msg/entity.hpp
[4.594s] -- Installing: /home/marlar/movelt/install/micro_ros_msgs/include/micro_ros_msgs/msg/graph.hpp
[4.594s] -- Installing: /home/marlar/movelt/install/micro_ros_msgs/include/micro_ros_msgs/msg/node.hpp
[4.594s] -- Up-to-date: /home/marlar/movelt/install/micro_ros_msgs/include/micro_ros_msgs
[4.594s] -- Up-to-date: /home/marlar/movelt/install/micro_ros_msgs/include/micro_ros_msgs/msg
[4.594s] -- Up-to-date: /home/marlar/movelt/install/micro_ros_msgs/include/micro_ros_msgs/msg/detail
[4.594s] -- Installing: /home/marlar/movelt/install/micro_ros_msgs/include/micro_ros_msgs/msg/detail/graph__type_support.cpp
[4.594s] -- Installing: /home/marlar/movelt/install/micro_ros_msgs/include/micro_ros_msgs/msg/detail/entity__rosidl_typesupport_introspection_cpp.hpp
[4.595s] -- Installing: /home/marlar/movelt/install/micro_ros_msgs/include/micro_ros_msgs/msg/detail/node__type_support.cpp
[4.595s] -- Installing: /home/marlar/movelt/install/micro_ros_msgs/include/micro_ros_msgs/msg/detail/graph__rosidl_typesupport_introspection_cpp.hpp
[4.595s] -- Installing: /home/marlar/movelt/install/micro_ros_msgs/include/micro_ros_msgs/msg/detail/node__rosidl_typesupport_introspection_cpp.hpp
[4.595s] -- Installing: /home/marlar/movelt/install/micro_ros_msgs/include/micro_ros_msgs/msg/detail/entity__type_support.cpp
[4.595s] -- Installing: /home/marlar/movelt/install/micro_ros_msgs/lib/libmicro_ros_msgs__rosidl_typesupport_introspection_cpp.so
[4.595s] -- Set runtime path of "/home/marlar/movelt/install/micro_ros_msgs/lib/libmicro_ros_msgs__rosidl_typesupport_introspection_cpp.so" to ""
[4.595s] -- Installing: /home/marlar/movelt/install/micro_ros_msgs/lib/libmicro_ros_msgs__rosidl_typesupport_cpp.so
[4.595s] -- Set runtime path of "/home/marlar/movelt/install/micro_ros_msgs/lib/libmicro_ros_msgs__rosidl_typesupport_cpp.so" to ""
[4.596s] -- Installing: /home/marlar/movelt/install/micro_ros_msgs/share/micro_ros_msgs/environment/pythonpath.sh
[4.596s] -- Installing: /home/marlar/movelt/install/micro_ros_msgs/share/micro_ros_msgs/environment/pythonpath.dsv
[4.596s] -- Installing: /home/marlar/movelt/install/micro_ros_msgs/lib/python3.8/site-packages/micro_ros_msgs/__init__.py
[4.638s] Compiling '/home/marlar/movelt/install/micro_ros_msgs/lib/python3.8/site-packages/micro_ros_msgs/__init__.py'...
[4.642s] -- Installing: /home/marlar/movelt/install/micro_ros_msgs/lib/python3.8/site-packages/micro_ros_msgs/msg
[4.642s] -- Installing: /home/marlar/movelt/install/micro_ros_msgs/lib/python3.8/site-packages/micro_ros_msgs/msg/_entity_s.c
[4.642s] -- Installing: /home/marlar/movelt/install/micro_ros_msgs/lib/python3.8/site-packages/micro_ros_msgs/msg/__init__.py
[4.642s] -- Installing: /home/marlar/movelt/install/micro_ros_msgs/lib/python3.8/site-packages/micro_ros_msgs/msg/_node.py
[4.643s] -- Installing: /home/marlar/movelt/install/micro_ros_msgs/lib/python3.8/site-packages/micro_ros_msgs/msg/_entity.py
[4.643s] -- Installing: /home/marlar/movelt/install/micro_ros_msgs/lib/python3.8/site-packages/micro_ros_msgs/msg/_node_s.c
[4.643s] -- Installing: /home/marlar/movelt/install/micro_ros_msgs/lib/python3.8/site-packages/micro_ros_msgs/msg/_graph_s.c
[4.643s] -- Installing: /home/marlar/movelt/install/micro_ros_msgs/lib/python3.8/site-packages/micro_ros_msgs/msg/_graph.py
[4.643s] -- Installing: /home/marlar/movelt/install/micro_ros_msgs/lib/python3.8/site-packages/micro_ros_msgs/micro_ros_msgs_s__rosidl_typesupport_microxrcedds_c.cpython-38-x86_64-linux-gnu.so
[4.644s] -- Set runtime path of "/home/marlar/movelt/install/micro_ros_msgs/lib/python3.8/site-packages/micro_ros_msgs/micro_ros_msgs_s__rosidl_typesupport_microxrcedds_c.cpython-38-x86_64-linux-gnu.so" to ""
[4.644s] -- Installing: /home/marlar/movelt/install/micro_ros_msgs/lib/python3.8/site-packages/micro_ros_msgs/micro_ros_msgs_s__rosidl_typesupport_fastrtps_c.cpython-38-x86_64-linux-gnu.so
[4.645s] -- Set runtime path of "/home/marlar/movelt/install/micro_ros_msgs/lib/python3.8/site-packages/micro_ros_msgs/micro_ros_msgs_s__rosidl_typesupport_fastrtps_c.cpython-38-x86_64-linux-gnu.so" to ""
[4.645s] -- Installing: /home/marlar/movelt/install/micro_ros_msgs/lib/python3.8/site-packages/micro_ros_msgs/micro_ros_msgs_s__rosidl_typesupport_introspection_c.cpython-38-x86_64-linux-gnu.so
[4.646s] -- Set runtime path of "/home/marlar/movelt/install/micro_ros_msgs/lib/python3.8/site-packages/micro_ros_msgs/micro_ros_msgs_s__rosidl_typesupport_introspection_c.cpython-38-x86_64-linux-gnu.so" to ""
[4.646s] -- Installing: /home/marlar/movelt/install/micro_ros_msgs/lib/python3.8/site-packages/micro_ros_msgs/micro_ros_msgs_s__rosidl_typesupport_c.cpython-38-x86_64-linux-gnu.so
[4.647s] -- Set runtime path of "/home/marlar/movelt/install/micro_ros_msgs/lib/python3.8/site-packages/micro_ros_msgs/micro_ros_msgs_s__rosidl_typesupport_c.cpython-38-x86_64-linux-gnu.so" to ""
[4.647s] -- Installing: /home/marlar/movelt/install/micro_ros_msgs/lib/libmicro_ros_msgs__python.so
[4.648s] -- Set runtime path of "/home/marlar/movelt/install/micro_ros_msgs/lib/libmicro_ros_msgs__python.so" to ""
[4.648s] -- Installing: /home/marlar/movelt/install/micro_ros_msgs/share/micro_ros_msgs/msg/Graph.idl
[4.649s] -- Installing: /home/marlar/movelt/install/micro_ros_msgs/share/micro_ros_msgs/msg/Node.idl
[4.649s] -- Installing: /home/marlar/movelt/install/micro_ros_msgs/share/micro_ros_msgs/msg/Entity.idl
[4.649s] -- Installing: /home/marlar/movelt/install/micro_ros_msgs/share/micro_ros_msgs/msg/Graph.msg
[4.649s] -- Installing: /home/marlar/movelt/install/micro_ros_msgs/share/micro_ros_msgs/msg/Node.msg
[4.650s] -- Installing: /home/marlar/movelt/install/micro_ros_msgs/share/micro_ros_msgs/msg/Entity.msg
[4.650s] -- Installing: /home/marlar/movelt/install/micro_ros_msgs/share/ament_index/resource_index/package_run_dependencies/micro_ros_msgs
[4.650s] -- Installing: /home/marlar/movelt/install/micro_ros_msgs/share/ament_index/resource_index/parent_prefix_path/micro_ros_msgs
[4.651s] -- Installing: /home/marlar/movelt/install/micro_ros_msgs/share/micro_ros_msgs/environment/ament_prefix_path.sh
[4.651s] -- Installing: /home/marlar/movelt/install/micro_ros_msgs/share/micro_ros_msgs/environment/ament_prefix_path.dsv
[4.651s] -- Installing: /home/marlar/movelt/install/micro_ros_msgs/share/micro_ros_msgs/environment/path.sh
[4.651s] -- Installing: /home/marlar/movelt/install/micro_ros_msgs/share/micro_ros_msgs/environment/path.dsv
[4.652s] -- Installing: /home/marlar/movelt/install/micro_ros_msgs/share/micro_ros_msgs/local_setup.bash
[4.652s] -- Installing: /home/marlar/movelt/install/micro_ros_msgs/share/micro_ros_msgs/local_setup.sh
[4.652s] -- Installing: /home/marlar/movelt/install/micro_ros_msgs/share/micro_ros_msgs/local_setup.zsh
[4.652s] -- Installing: /home/marlar/movelt/install/micro_ros_msgs/share/micro_ros_msgs/local_setup.dsv
[4.653s] -- Installing: /home/marlar/movelt/install/micro_ros_msgs/share/micro_ros_msgs/package.dsv
[4.653s] -- Installing: /home/marlar/movelt/install/micro_ros_msgs/share/ament_index/resource_index/packages/micro_ros_msgs
[4.653s] -- Installing: /home/marlar/movelt/install/micro_ros_msgs/share/micro_ros_msgs/cmake/micro_ros_msgs__rosidl_generator_cExport.cmake
[4.654s] -- Installing: /home/marlar/movelt/install/micro_ros_msgs/share/micro_ros_msgs/cmake/micro_ros_msgs__rosidl_generator_cExport-noconfig.cmake
[4.654s] -- Installing: /home/marlar/movelt/install/micro_ros_msgs/share/micro_ros_msgs/cmake/micro_ros_msgs__rosidl_typesupport_introspection_cExport.cmake
[4.654s] -- Installing: /home/marlar/movelt/install/micro_ros_msgs/share/micro_ros_msgs/cmake/micro_ros_msgs__rosidl_typesupport_introspection_cExport-noconfig.cmake
[4.654s] -- Installing: /home/marlar/movelt/install/micro_ros_msgs/share/micro_ros_msgs/cmake/micro_ros_msgs__rosidl_typesupport_cExport.cmake
[4.655s] -- Installing: /home/marlar/movelt/install/micro_ros_msgs/share/micro_ros_msgs/cmake/micro_ros_msgs__rosidl_typesupport_cExport-noconfig.cmake
[4.655s] -- Installing: /home/marlar/movelt/install/micro_ros_msgs/share/micro_ros_msgs/cmake/micro_ros_msgs__rosidl_generator_cppExport.cmake
[4.655s] -- Installing: /home/marlar/movelt/install/micro_ros_msgs/share/micro_ros_msgs/cmake/micro_ros_msgs__rosidl_typesupport_introspection_cppExport.cmake
[4.655s] -- Installing: /home/marlar/movelt/install/micro_ros_msgs/share/micro_ros_msgs/cmake/micro_ros_msgs__rosidl_typesupport_introspection_cppExport-noconfig.cmake
[4.656s] -- Installing: /home/marlar/movelt/install/micro_ros_msgs/share/micro_ros_msgs/cmake/micro_ros_msgs__rosidl_typesupport_cppExport.cmake
[4.656s] -- Installing: /home/marlar/movelt/install/micro_ros_msgs/share/micro_ros_msgs/cmake/micro_ros_msgs__rosidl_typesupport_cppExport-noconfig.cmake
[4.656s] -- Installing: /home/marlar/movelt/install/micro_ros_msgs/share/micro_ros_msgs/cmake/rosidl_cmake-extras.cmake
[4.657s] -- Installing: /home/marlar/movelt/install/micro_ros_msgs/share/micro_ros_msgs/cmake/ament_cmake_export_dependencies-extras.cmake
[4.657s] -- Installing: /home/marlar/movelt/install/micro_ros_msgs/share/micro_ros_msgs/cmake/ament_cmake_export_libraries-extras.cmake
[4.657s] -- Installing: /home/marlar/movelt/install/micro_ros_msgs/share/micro_ros_msgs/cmake/ament_cmake_export_targets-extras.cmake
[4.657s] -- Installing: /home/marlar/movelt/install/micro_ros_msgs/share/micro_ros_msgs/cmake/ament_cmake_export_include_directories-extras.cmake
[4.657s] -- Installing: /home/marlar/movelt/install/micro_ros_msgs/share/micro_ros_msgs/cmake/rosidl_cmake_export_typesupport_libraries-extras.cmake
[4.658s] -- Installing: /home/marlar/movelt/install/micro_ros_msgs/share/micro_ros_msgs/cmake/rosidl_cmake_export_typesupport_targets-extras.cmake
[4.658s] -- Installing: /home/marlar/movelt/install/micro_ros_msgs/share/micro_ros_msgs/cmake/micro_ros_msgsConfig.cmake
[4.658s] -- Installing: /home/marlar/movelt/install/micro_ros_msgs/share/micro_ros_msgs/cmake/micro_ros_msgsConfig-version.cmake
[4.658s] -- Installing: /home/marlar/movelt/install/micro_ros_msgs/share/micro_ros_msgs/package.xml
[4.665s] Invoked command in '/home/marlar/movelt/build/micro_ros_msgs' returned '0': AMENT_PREFIX_PATH=/home/marlar/movelt/install/rosidl_typesupport_microxrcedds_c:${AMENT_PREFIX_PATH} CMAKE_PREFIX_PATH=/home/marlar/movelt/install/rosidl_typesupport_microxrcedds_c:/home/marlar/movelt/install/microcdr:/home/marlar/movelt/install/micro_ros_setup:/opt/ros/foxy LD_LIBRARY_PATH=/home/marlar/movelt/install/rosidl_typesupport_microxrcedds_c/lib:${LD_LIBRARY_PATH} PYTHONPATH=/home/marlar/movelt/install/rosidl_typesupport_microxrcedds_c/lib/python3.8/site-packages:${PYTHONPATH} /usr/bin/cmake --install /home/marlar/movelt/build/micro_ros_msgs
