-- Found ament_cmake: 0.9.8 (/home/nuc01/zephyr_microros_pingpong/firmware/dev_ws/install/ament_cmake/share/ament_cmake/cmake)
-- Found PythonInterp: /usr/bin/python3 (found suitable version "3.8.5", minimum required is "3") 
-- Using PYTHON_EXECUTABLE: /usr/bin/python3
-- Configuring done
-- Generating done
CMake Warning:
  Manually-specified variables were not used by the project:

    BUILD_SHARED_LIBS
    CMAKE_POSITION_INDEPENDENT_CODE
    THIRDPARTY


-- Build files have been written to: /home/nuc01/zephyr_microros_pingpong/firmware/mcu_ws/build/rosidl_adapter
-- Install configuration: "Debug"
-- Installing: /home/nuc01/zephyr_microros_pingpong/firmware/mcu_ws/install/share/rosidl_adapter/environment/pythonpath.sh
-- Installing: /home/nuc01/zephyr_microros_pingpong/firmware/mcu_ws/install/share/rosidl_adapter/environment/pythonpath.dsv
-- Installing: /home/nuc01/zephyr_microros_pingpong/firmware/mcu_ws/install/lib/python3.8/site-packages/rosidl_adapter
-- Installing: /home/nuc01/zephyr_microros_pingpong/firmware/mcu_ws/install/lib/python3.8/site-packages/rosidl_adapter/__main__.py
-- Installing: /home/nuc01/zephyr_microros_pingpong/firmware/mcu_ws/install/lib/python3.8/site-packages/rosidl_adapter/msg
-- Installing: /home/nuc01/zephyr_microros_pingpong/firmware/mcu_ws/install/lib/python3.8/site-packages/rosidl_adapter/msg/__init__.py
-- Installing: /home/nuc01/zephyr_microros_pingpong/firmware/mcu_ws/install/lib/python3.8/site-packages/rosidl_adapter/cli.py
-- Installing: /home/nuc01/zephyr_microros_pingpong/firmware/mcu_ws/install/lib/python3.8/site-packages/rosidl_adapter/action
-- Installing: /home/nuc01/zephyr_microros_pingpong/firmware/mcu_ws/install/lib/python3.8/site-packages/rosidl_adapter/action/__init__.py
-- Installing: /home/nuc01/zephyr_microros_pingpong/firmware/mcu_ws/install/lib/python3.8/site-packages/rosidl_adapter/srv
-- Installing: /home/nuc01/zephyr_microros_pingpong/firmware/mcu_ws/install/lib/python3.8/site-packages/rosidl_adapter/srv/__init__.py
-- Installing: /home/nuc01/zephyr_microros_pingpong/firmware/mcu_ws/install/lib/python3.8/site-packages/rosidl_adapter/__init__.py
-- Installing: /home/nuc01/zephyr_microros_pingpong/firmware/mcu_ws/install/lib/python3.8/site-packages/rosidl_adapter/main.py
-- Installing: /home/nuc01/zephyr_microros_pingpong/firmware/mcu_ws/install/lib/python3.8/site-packages/rosidl_adapter/resource
-- Installing: /home/nuc01/zephyr_microros_pingpong/firmware/mcu_ws/install/lib/python3.8/site-packages/rosidl_adapter/resource/msg.idl.em
-- Installing: /home/nuc01/zephyr_microros_pingpong/firmware/mcu_ws/install/lib/python3.8/site-packages/rosidl_adapter/resource/struct.idl.em
-- Installing: /home/nuc01/zephyr_microros_pingpong/firmware/mcu_ws/install/lib/python3.8/site-packages/rosidl_adapter/resource/srv.idl.em
-- Installing: /home/nuc01/zephyr_microros_pingpong/firmware/mcu_ws/install/lib/python3.8/site-packages/rosidl_adapter/resource/action.idl.em
-- Installing: /home/nuc01/zephyr_microros_pingpong/firmware/mcu_ws/install/lib/python3.8/site-packages/rosidl_adapter/resource/__init__.py
-- Installing: /home/nuc01/zephyr_microros_pingpong/firmware/mcu_ws/install/lib/python3.8/site-packages/rosidl_adapter/parser.py
Listing '/home/nuc01/zephyr_microros_pingpong/firmware/mcu_ws/install/lib/python3.8/site-packages/rosidl_adapter'...
Compiling '/home/nuc01/zephyr_microros_pingpong/firmware/mcu_ws/install/lib/python3.8/site-packages/rosidl_adapter/__init__.py'...
Compiling '/home/nuc01/zephyr_microros_pingpong/firmware/mcu_ws/install/lib/python3.8/site-packages/rosidl_adapter/__main__.py'...
Listing '/home/nuc01/zephyr_microros_pingpong/firmware/mcu_ws/install/lib/python3.8/site-packages/rosidl_adapter/action'...
Compiling '/home/nuc01/zephyr_microros_pingpong/firmware/mcu_ws/install/lib/python3.8/site-packages/rosidl_adapter/action/__init__.py'...
Compiling '/home/nuc01/zephyr_microros_pingpong/firmware/mcu_ws/install/lib/python3.8/site-packages/rosidl_adapter/cli.py'...
Compiling '/home/nuc01/zephyr_microros_pingpong/firmware/mcu_ws/install/lib/python3.8/site-packages/rosidl_adapter/main.py'...
Listing '/home/nuc01/zephyr_microros_pingpong/firmware/mcu_ws/install/lib/python3.8/site-packages/rosidl_adapter/msg'...
Compiling '/home/nuc01/zephyr_microros_pingpong/firmware/mcu_ws/install/lib/python3.8/site-packages/rosidl_adapter/msg/__init__.py'...
Compiling '/home/nuc01/zephyr_microros_pingpong/firmware/mcu_ws/install/lib/python3.8/site-packages/rosidl_adapter/parser.py'...
Listing '/home/nuc01/zephyr_microros_pingpong/firmware/mcu_ws/install/lib/python3.8/site-packages/rosidl_adapter/resource'...
Compiling '/home/nuc01/zephyr_microros_pingpong/firmware/mcu_ws/install/lib/python3.8/site-packages/rosidl_adapter/resource/__init__.py'...
Listing '/home/nuc01/zephyr_microros_pingpong/firmware/mcu_ws/install/lib/python3.8/site-packages/rosidl_adapter/srv'...
Compiling '/home/nuc01/zephyr_microros_pingpong/firmware/mcu_ws/install/lib/python3.8/site-packages/rosidl_adapter/srv/__init__.py'...
-- Installing: /home/nuc01/zephyr_microros_pingpong/firmware/mcu_ws/install/share/ament_index/resource_index/package_run_dependencies/rosidl_adapter
-- Installing: /home/nuc01/zephyr_microros_pingpong/firmware/mcu_ws/install/share/ament_index/resource_index/parent_prefix_path/rosidl_adapter
-- Installing: /home/nuc01/zephyr_microros_pingpong/firmware/mcu_ws/install/share/rosidl_adapter/environment/ament_prefix_path.sh
-- Installing: /home/nuc01/zephyr_microros_pingpong/firmware/mcu_ws/install/share/rosidl_adapter/environment/ament_prefix_path.dsv
-- Installing: /home/nuc01/zephyr_microros_pingpong/firmware/mcu_ws/install/share/rosidl_adapter/environment/path.sh
-- Installing: /home/nuc01/zephyr_microros_pingpong/firmware/mcu_ws/install/share/rosidl_adapter/environment/path.dsv
-- Installing: /home/nuc01/zephyr_microros_pingpong/firmware/mcu_ws/install/share/rosidl_adapter/local_setup.bash
-- Installing: /home/nuc01/zephyr_microros_pingpong/firmware/mcu_ws/install/share/rosidl_adapter/local_setup.sh
-- Installing: /home/nuc01/zephyr_microros_pingpong/firmware/mcu_ws/install/share/rosidl_adapter/local_setup.zsh
-- Installing: /home/nuc01/zephyr_microros_pingpong/firmware/mcu_ws/install/share/rosidl_adapter/local_setup.dsv
-- Installing: /home/nuc01/zephyr_microros_pingpong/firmware/mcu_ws/install/share/rosidl_adapter/package.dsv
-- Installing: /home/nuc01/zephyr_microros_pingpong/firmware/mcu_ws/install/share/ament_index/resource_index/packages/rosidl_adapter
-- Installing: /home/nuc01/zephyr_microros_pingpong/firmware/mcu_ws/install/share/rosidl_adapter/cmake/rosidl_adapter-extras.cmake
-- Installing: /home/nuc01/zephyr_microros_pingpong/firmware/mcu_ws/install/share/rosidl_adapter/cmake/rosidl_adapterConfig.cmake
-- Installing: /home/nuc01/zephyr_microros_pingpong/firmware/mcu_ws/install/share/rosidl_adapter/cmake/rosidl_adapterConfig-version.cmake
-- Installing: /home/nuc01/zephyr_microros_pingpong/firmware/mcu_ws/install/share/rosidl_adapter/package.xml
-- Up-to-date: /home/nuc01/zephyr_microros_pingpong/firmware/mcu_ws/install/share/rosidl_adapter/cmake
-- Installing: /home/nuc01/zephyr_microros_pingpong/firmware/mcu_ws/install/share/rosidl_adapter/cmake/rosidl_adapt_interfaces.cmake
-- Installing: /home/nuc01/zephyr_microros_pingpong/firmware/mcu_ws/install/lib/rosidl_adapter/msg2idl.py
-- Installing: /home/nuc01/zephyr_microros_pingpong/firmware/mcu_ws/install/lib/rosidl_adapter/srv2idl.py
