-- The C compiler identification is GNU 9.2.0
-- Detecting C compiler ABI info
-- Detecting C compiler ABI info - done
-- Check for working C compiler: /home/marlar/movelt_success/firmware/zephyr-sdk/arm-zephyr-eabi/bin/arm-zephyr-eabi-gcc - skipped
-- Detecting C compile features
-- Detecting C compile features - done
-- Found ament_cmake_ros: 0.9.1 (/home/marlar/movelt_success/firmware/dev_ws/install/ament_cmake_ros/share/ament_cmake_ros/cmake)
-- Found PythonInterp: /usr/bin/python3 (found suitable version "3.8.5", minimum required is "3") 
-- Using PYTHON_EXECUTABLE: /usr/bin/python3
-- Found rcutils: 1.1.2 (/home/marlar/movelt_success/firmware/mcu_ws/install/share/rcutils/cmake)
-- Found rosidl_typesupport_interface: 1.2.0 (/home/marlar/movelt_success/firmware/mcu_ws/install/share/rosidl_typesupport_interface/cmake)
-- Configuring done
-- Generating done
-- Build files have been written to: /home/marlar/movelt_success/firmware/mcu_ws/build/rosidl_runtime_c
[ 14%] [32mBuilding C object CMakeFiles/rosidl_runtime_c.dir/src/message_type_support.c.obj[0m
[ 28%] [32mBuilding C object CMakeFiles/rosidl_runtime_c.dir/src/sequence_bound.c.obj[0m
[ 42%] [32mBuilding C object CMakeFiles/rosidl_runtime_c.dir/src/primitives_sequence_functions.c.obj[0m
[ 57%] [32mBuilding C object CMakeFiles/rosidl_runtime_c.dir/src/string_functions.c.obj[0m
[ 71%] [32mBuilding C object CMakeFiles/rosidl_runtime_c.dir/src/service_type_support.c.obj[0m
[ 85%] [32mBuilding C object CMakeFiles/rosidl_runtime_c.dir/src/u16string_functions.c.obj[0m
[100%] [32m[1mLinking C static library librosidl_runtime_c.a[0m
/home/marlar/movelt_success/firmware/zephyr-sdk/arm-zephyr-eabi/bin/arm-zephyr-eabi-ar qc librosidl_runtime_c.a CMakeFiles/rosidl_runtime_c.dir/src/message_type_support.c.obj CMakeFiles/rosidl_runtime_c.dir/src/primitives_sequence_functions.c.obj CMakeFiles/rosidl_runtime_c.dir/src/sequence_bound.c.obj CMakeFiles/rosidl_runtime_c.dir/src/service_type_support.c.obj CMakeFiles/rosidl_runtime_c.dir/src/string_functions.c.obj CMakeFiles/rosidl_runtime_c.dir/src/u16string_functions.c.obj
/home/marlar/movelt_success/firmware/zephyr-sdk/arm-zephyr-eabi/bin/arm-zephyr-eabi-ranlib librosidl_runtime_c.a
[100%] Built target rosidl_runtime_c
-- Install configuration: "Debug"
-- Installing: /home/marlar/movelt_success/firmware/mcu_ws/install/share/rosidl_runtime_c/environment/library_path.sh
-- Installing: /home/marlar/movelt_success/firmware/mcu_ws/install/share/rosidl_runtime_c/environment/library_path.dsv
-- Installing: /home/marlar/movelt_success/firmware/mcu_ws/install/share/ament_index/resource_index/rosidl_runtime_packages/rosidl_runtime_c
-- Up-to-date: /home/marlar/movelt_success/firmware/mcu_ws/install/include
-- Installing: /home/marlar/movelt_success/firmware/mcu_ws/install/include/rosidl_runtime_c
-- Installing: /home/marlar/movelt_success/firmware/mcu_ws/install/include/rosidl_runtime_c/sequence_bound.h
-- Installing: /home/marlar/movelt_success/firmware/mcu_ws/install/include/rosidl_runtime_c/visibility_control.h
-- Installing: /home/marlar/movelt_success/firmware/mcu_ws/install/include/rosidl_runtime_c/primitives_sequence_functions.h
-- Installing: /home/marlar/movelt_success/firmware/mcu_ws/install/include/rosidl_runtime_c/string_bound.h
-- Installing: /home/marlar/movelt_success/firmware/mcu_ws/install/include/rosidl_runtime_c/string_functions.h
-- Installing: /home/marlar/movelt_success/firmware/mcu_ws/install/include/rosidl_runtime_c/primitives_sequence.h
-- Installing: /home/marlar/movelt_success/firmware/mcu_ws/install/include/rosidl_runtime_c/string.h
-- Installing: /home/marlar/movelt_success/firmware/mcu_ws/install/include/rosidl_runtime_c/message_type_support_struct.h
-- Installing: /home/marlar/movelt_success/firmware/mcu_ws/install/include/rosidl_runtime_c/message_initialization.h
-- Installing: /home/marlar/movelt_success/firmware/mcu_ws/install/include/rosidl_runtime_c/action_type_support_struct.h
-- Installing: /home/marlar/movelt_success/firmware/mcu_ws/install/include/rosidl_runtime_c/u16string.h
-- Installing: /home/marlar/movelt_success/firmware/mcu_ws/install/include/rosidl_runtime_c/service_type_support_struct.h
-- Installing: /home/marlar/movelt_success/firmware/mcu_ws/install/include/rosidl_runtime_c/u16string_functions.h
-- Installing: /home/marlar/movelt_success/firmware/mcu_ws/install/lib/librosidl_runtime_c.a
-- Installing: /home/marlar/movelt_success/firmware/mcu_ws/install/share/ament_index/resource_index/package_run_dependencies/rosidl_runtime_c
-- Installing: /home/marlar/movelt_success/firmware/mcu_ws/install/share/ament_index/resource_index/parent_prefix_path/rosidl_runtime_c
-- Installing: /home/marlar/movelt_success/firmware/mcu_ws/install/share/rosidl_runtime_c/environment/ament_prefix_path.sh
-- Installing: /home/marlar/movelt_success/firmware/mcu_ws/install/share/rosidl_runtime_c/environment/ament_prefix_path.dsv
-- Installing: /home/marlar/movelt_success/firmware/mcu_ws/install/share/rosidl_runtime_c/environment/path.sh
-- Installing: /home/marlar/movelt_success/firmware/mcu_ws/install/share/rosidl_runtime_c/environment/path.dsv
-- Installing: /home/marlar/movelt_success/firmware/mcu_ws/install/share/rosidl_runtime_c/local_setup.bash
-- Installing: /home/marlar/movelt_success/firmware/mcu_ws/install/share/rosidl_runtime_c/local_setup.sh
-- Installing: /home/marlar/movelt_success/firmware/mcu_ws/install/share/rosidl_runtime_c/local_setup.zsh
-- Installing: /home/marlar/movelt_success/firmware/mcu_ws/install/share/rosidl_runtime_c/local_setup.dsv
-- Installing: /home/marlar/movelt_success/firmware/mcu_ws/install/share/rosidl_runtime_c/package.dsv
-- Installing: /home/marlar/movelt_success/firmware/mcu_ws/install/share/ament_index/resource_index/packages/rosidl_runtime_c
-- Installing: /home/marlar/movelt_success/firmware/mcu_ws/install/share/rosidl_runtime_c/cmake/rosidl_runtime_cExport.cmake
-- Installing: /home/marlar/movelt_success/firmware/mcu_ws/install/share/rosidl_runtime_c/cmake/rosidl_runtime_cExport-debug.cmake
-- Installing: /home/marlar/movelt_success/firmware/mcu_ws/install/share/rosidl_runtime_c/cmake/ament_cmake_export_dependencies-extras.cmake
-- Installing: /home/marlar/movelt_success/firmware/mcu_ws/install/share/rosidl_runtime_c/cmake/ament_cmake_export_include_directories-extras.cmake
-- Installing: /home/marlar/movelt_success/firmware/mcu_ws/install/share/rosidl_runtime_c/cmake/ament_cmake_export_libraries-extras.cmake
-- Installing: /home/marlar/movelt_success/firmware/mcu_ws/install/share/rosidl_runtime_c/cmake/ament_cmake_export_targets-extras.cmake
-- Installing: /home/marlar/movelt_success/firmware/mcu_ws/install/share/rosidl_runtime_c/cmake/rosidl_runtime_cConfig.cmake
-- Installing: /home/marlar/movelt_success/firmware/mcu_ws/install/share/rosidl_runtime_c/cmake/rosidl_runtime_cConfig-version.cmake
-- Installing: /home/marlar/movelt_success/firmware/mcu_ws/install/share/rosidl_runtime_c/package.xml
