[0.020s] Invoking command in '/home/marlar/zephyr_microros_pingpong_success/zephyr_microros_pingpong/build/microcdr': /usr/bin/cmake /home/marlar/zephyr_microros_pingpong_success/zephyr_microros_pingpong/src/eProsima/Micro-CDR -DUAGENT_BUILD_EXECUTABLE=OFF -DUAGENT_P2P_PROFILE=OFF --no-warn-unused-cli -DUCDR_ISOLATED_INSTALL=OFF -DCMAKE_INSTALL_PREFIX=/home/marlar/zephyr_microros_pingpong_success/zephyr_microros_pingpong/install/microcdr
[0.029s] Not searching for unused variables given on the command line.
[0.029s] -- Setting build type to 'Release' as none was specified.
[0.113s] -- The C compiler identification is GNU 9.3.0
[0.128s] -- Detecting C compiler ABI info
[0.201s] -- Detecting C compiler ABI info - done
[0.220s] -- Check for working C compiler: /usr/bin/cc - skipped
[0.220s] -- Detecting C compile features
[0.221s] -- Detecting C compile features - done
[0.301s] -- The CXX compiler identification is GNU 9.3.0
[0.315s] -- Detecting CXX compiler ABI info
[0.404s] -- Detecting CXX compiler ABI info - done
[0.423s] -- Check for working CXX compiler: /usr/bin/c++ - skipped
[0.423s] -- Detecting CXX compile features
[0.424s] -- Detecting CXX compile features - done
[0.436s] -- Configuring done
[0.438s] -- Generating done
[0.439s] -- Build files have been written to: /home/marlar/zephyr_microros_pingpong_success/zephyr_microros_pingpong/build/microcdr
[0.442s] Invoked command in '/home/marlar/zephyr_microros_pingpong_success/zephyr_microros_pingpong/build/microcdr' returned '0': /usr/bin/cmake /home/marlar/zephyr_microros_pingpong_success/zephyr_microros_pingpong/src/eProsima/Micro-CDR -DUAGENT_BUILD_EXECUTABLE=OFF -DUAGENT_P2P_PROFILE=OFF --no-warn-unused-cli -DUCDR_ISOLATED_INSTALL=OFF -DCMAKE_INSTALL_PREFIX=/home/marlar/zephyr_microros_pingpong_success/zephyr_microros_pingpong/install/microcdr
[0.447s] Invoking command in '/home/marlar/zephyr_microros_pingpong_success/zephyr_microros_pingpong/build/microcdr': /usr/bin/cmake --build /home/marlar/zephyr_microros_pingpong_success/zephyr_microros_pingpong/build/microcdr -- -j12 -l12
[0.493s] [ 12%] [34m[1mCreating directories for 'ucdr'[0m
[0.514s] [ 25%] [34m[1mSkipping download step (SOURCE_DIR given) for 'ucdr'[0m
[0.534s] [ 37%] [34m[1mGenerating ucdr-prefix/src/ucdr-stamp/ucdr-update[0m
[0.544s] [ 50%] [34m[1mSkipping patch step (no custom command) for 'ucdr'[0m
[0.557s] [ 62%] [34m[1mPerforming configure step for 'ucdr'[0m
[0.564s] loading initial cache file /home/marlar/zephyr_microros_pingpong_success/zephyr_microros_pingpong/build/microcdr/ucdr-prefix/tmp/ucdr-cache-Release.cmake
[0.578s] -- Configuring done
[0.581s] -- Generating done
[0.582s] -- Build files have been written to: /home/marlar/zephyr_microros_pingpong_success/zephyr_microros_pingpong/build/microcdr
[0.596s] [ 75%] [34m[1mPerforming build step for 'ucdr'[0m
[0.629s] [ 16%] [32mBuilding C object CMakeFiles/microcdr.dir/src/c/types/array.c.o[0m
[0.629s] [ 33%] [32mBuilding C object CMakeFiles/microcdr.dir/src/c/common.c.o[0m
[0.630s] [ 50%] [32mBuilding C object CMakeFiles/microcdr.dir/src/c/types/string.c.o[0m
[0.630s] [ 66%] [32mBuilding C object CMakeFiles/microcdr.dir/src/c/types/basic.c.o[0m
[0.630s] [ 83%] [32mBuilding C object CMakeFiles/microcdr.dir/src/c/types/sequence.c.o[0m
[0.850s] [100%] [32m[1mLinking C static library libmicrocdr.a[0m
[0.881s] [100%] Built target microcdr
[0.900s] [34m[1mNo install step for 'ucdr'[0m
[0.920s] [34m[1mCompleted 'ucdr'[0m
[0.946s] Built target ucdr
[0.954s] Invoked command in '/home/marlar/zephyr_microros_pingpong_success/zephyr_microros_pingpong/build/microcdr' returned '0': /usr/bin/cmake --build /home/marlar/zephyr_microros_pingpong_success/zephyr_microros_pingpong/build/microcdr -- -j12 -l12
[1.014s] Invoking command in '/home/marlar/zephyr_microros_pingpong_success/zephyr_microros_pingpong/build/microcdr': /usr/bin/cmake --install /home/marlar/zephyr_microros_pingpong_success/zephyr_microros_pingpong/build/microcdr
[1.020s] -- Install configuration: "Release"
[1.021s] -- Installing: /home/marlar/zephyr_microros_pingpong_success/zephyr_microros_pingpong/install/microcdr/lib/libmicrocdr.a
[1.021s] -- Installing: /home/marlar/zephyr_microros_pingpong_success/zephyr_microros_pingpong/install/microcdr/include/ucdr
[1.021s] -- Installing: /home/marlar/zephyr_microros_pingpong_success/zephyr_microros_pingpong/install/microcdr/include/ucdr/microcdr.h
[1.021s] -- Installing: /home/marlar/zephyr_microros_pingpong_success/zephyr_microros_pingpong/install/microcdr/include/ucdr/visibility.h
[1.021s] -- Installing: /home/marlar/zephyr_microros_pingpong_success/zephyr_microros_pingpong/install/microcdr/include/ucdr/config.h
[1.022s] -- Installing: /home/marlar/zephyr_microros_pingpong_success/zephyr_microros_pingpong/install/microcdr/share/microcdr/cmake/microcdrTargets.cmake
[1.022s] -- Installing: /home/marlar/zephyr_microros_pingpong_success/zephyr_microros_pingpong/install/microcdr/share/microcdr/cmake/microcdrTargets-release.cmake
[1.022s] -- Installing: /home/marlar/zephyr_microros_pingpong_success/zephyr_microros_pingpong/install/microcdr/share/microcdr/cmake/microcdrConfig.cmake
[1.023s] -- Installing: /home/marlar/zephyr_microros_pingpong_success/zephyr_microros_pingpong/install/microcdr/share/microcdr/cmake/microcdrConfigVersion.cmake
[1.027s] Invoked command in '/home/marlar/zephyr_microros_pingpong_success/zephyr_microros_pingpong/build/microcdr' returned '0': /usr/bin/cmake --install /home/marlar/zephyr_microros_pingpong_success/zephyr_microros_pingpong/build/microcdr
