-- The C compiler identification is GNU 9.2.0
-- The CXX compiler identification is GNU 9.2.0
-- Detecting C compiler ABI info
-- Detecting C compiler ABI info - done
-- Check for working C compiler: /home/nuc01/zephyr_microros_pingpong/firmware/zephyr-sdk/arm-zephyr-eabi/bin/arm-zephyr-eabi-gcc - skipped
-- Detecting C compile features
-- Detecting C compile features - done
-- Detecting CXX compiler ABI info
-- Detecting CXX compiler ABI info - done
-- Check for working CXX compiler: /home/nuc01/zephyr_microros_pingpong/firmware/zephyr-sdk/arm-zephyr-eabi/bin/arm-zephyr-eabi-g++ - skipped
-- Detecting CXX compile features
-- Detecting CXX compile features - done
-- Found ament_cmake: 0.9.8 (/home/nuc01/zephyr_microros_pingpong/firmware/dev_ws/install/ament_cmake/share/ament_cmake/cmake)
-- Found PythonInterp: /usr/bin/python3 (found suitable version "3.8.5", minimum required is "3") 
-- Using PYTHON_EXECUTABLE: /usr/bin/python3
-- Found rosidl_default_generators: 1.0.0 (/home/nuc01/zephyr_microros_pingpong/firmware/mcu_ws/install/share/rosidl_default_generators/cmake)
-- Using single rosidl_typesupport_c: rosidl_typesupport_microxrcedds_c
-- Found rosidl_adapter: 1.2.0 (/home/nuc01/zephyr_microros_pingpong/firmware/mcu_ws/install/share/rosidl_adapter/cmake)
CMake Warning at /home/nuc01/zephyr_microros_pingpong/firmware/mcu_ws/install/share/rcutils/cmake/ament_cmake_export_libraries-extras.cmake:116 (message):
  Package 'rcutils' exports library 'dl' which couldn't be found
Call Stack (most recent call first):
  /home/nuc01/zephyr_microros_pingpong/firmware/mcu_ws/install/share/rcutils/cmake/rcutilsConfig.cmake:41 (include)
  /home/nuc01/zephyr_microros_pingpong/firmware/mcu_ws/install/share/rmw/cmake/ament_cmake_export_dependencies-extras.cmake:21 (find_package)
  /home/nuc01/zephyr_microros_pingpong/firmware/mcu_ws/install/share/rmw/cmake/rmwConfig.cmake:41 (include)
  /home/nuc01/zephyr_microros_pingpong/firmware/mcu_ws/install/share/rosidl_typesupport_microxrcedds_c/cmake/ament_cmake_export_dependencies-extras.cmake:21 (find_package)
  /home/nuc01/zephyr_microros_pingpong/firmware/mcu_ws/install/share/rosidl_typesupport_microxrcedds_c/cmake/rosidl_typesupport_microxrcedds_cConfig.cmake:41 (include)
  /home/nuc01/zephyr_microros_pingpong/firmware/mcu_ws/install/share/rosidl_typesupport_c/cmake/rosidl_typesupport_c-extras.cmake:13 (find_package)
  /home/nuc01/zephyr_microros_pingpong/firmware/mcu_ws/install/share/rosidl_typesupport_c/cmake/rosidl_typesupport_cConfig.cmake:41 (include)
  /home/nuc01/zephyr_microros_pingpong/firmware/mcu_ws/install/share/rosidl_default_generators/cmake/rosidl_default_generators-extras.cmake:21 (find_package)
  /home/nuc01/zephyr_microros_pingpong/firmware/mcu_ws/install/share/rosidl_default_generators/cmake/rosidl_default_generatorsConfig.cmake:41 (include)
  CMakeLists.txt:14 (find_package)


-- Found PythonInterp: /usr/bin/python3 (found version "3.8.5") 
-- Found ament_cmake_ros: 0.9.1 (/home/nuc01/zephyr_microros_pingpong/firmware/dev_ws/install/ament_cmake_ros/share/ament_cmake_ros/cmake)
-- Using single rosidl_typesupport_c: rosidl_typesupport_microxrcedds_c
-- Configuring done
-- Generating done
-- Build files have been written to: /home/nuc01/zephyr_microros_pingpong/firmware/mcu_ws/build/std_srvs
CMake Warning:
  Manually-specified variables were not used by the project:

    THIRDPARTY


[  6%] [34m[1mGenerating C code for ROS interfaces[0m
Dependee "/home/nuc01/zephyr_microros_pingpong/firmware/mcu_ws/build/std_srvs/CMakeFiles/std_srvs__rosidl_generator_c.dir/DependInfo.cmake" is newer than depender "/home/nuc01/zephyr_microros_pingpong/firmware/mcu_ws/build/std_srvs/CMakeFiles/std_srvs__rosidl_generator_c.dir/depend.internal".
Dependee "/home/nuc01/zephyr_microros_pingpong/firmware/mcu_ws/build/std_srvs/CMakeFiles/CMakeDirectoryInformation.cmake" is newer than depender "/home/nuc01/zephyr_microros_pingpong/firmware/mcu_ws/build/std_srvs/CMakeFiles/std_srvs__rosidl_generator_c.dir/depend.internal".
[35m[1mScanning dependencies of target std_srvs__rosidl_generator_c[0m
[ 13%] [32mBuilding C object CMakeFiles/std_srvs__rosidl_generator_c.dir/rosidl_generator_c/std_srvs/srv/detail/empty__functions.c.obj[0m
[ 20%] [32mBuilding C object CMakeFiles/std_srvs__rosidl_generator_c.dir/rosidl_generator_c/std_srvs/srv/detail/set_bool__functions.c.obj[0m
[ 26%] [32mBuilding C object CMakeFiles/std_srvs__rosidl_generator_c.dir/rosidl_generator_c/std_srvs/srv/detail/trigger__functions.c.obj[0m
[ 33%] [32m[1mLinking C static library libstd_srvs__rosidl_generator_c.a[0m
/home/nuc01/zephyr_microros_pingpong/firmware/zephyr-sdk/arm-zephyr-eabi/bin/arm-zephyr-eabi-ar qc libstd_srvs__rosidl_generator_c.a CMakeFiles/std_srvs__rosidl_generator_c.dir/rosidl_generator_c/std_srvs/srv/detail/empty__functions.c.obj CMakeFiles/std_srvs__rosidl_generator_c.dir/rosidl_generator_c/std_srvs/srv/detail/set_bool__functions.c.obj CMakeFiles/std_srvs__rosidl_generator_c.dir/rosidl_generator_c/std_srvs/srv/detail/trigger__functions.c.obj
/home/nuc01/zephyr_microros_pingpong/firmware/zephyr-sdk/arm-zephyr-eabi/bin/arm-zephyr-eabi-ranlib libstd_srvs__rosidl_generator_c.a
[ 33%] Built target std_srvs__rosidl_generator_c
[ 40%] [34m[1mGenerating C type support for eProsima Micro XRCE-DDS[0m
Dependee "/home/nuc01/zephyr_microros_pingpong/firmware/mcu_ws/build/std_srvs/CMakeFiles/std_srvs__rosidl_typesupport_microxrcedds_c.dir/DependInfo.cmake" is newer than depender "/home/nuc01/zephyr_microros_pingpong/firmware/mcu_ws/build/std_srvs/CMakeFiles/std_srvs__rosidl_typesupport_microxrcedds_c.dir/depend.internal".
Dependee "/home/nuc01/zephyr_microros_pingpong/firmware/mcu_ws/build/std_srvs/CMakeFiles/CMakeDirectoryInformation.cmake" is newer than depender "/home/nuc01/zephyr_microros_pingpong/firmware/mcu_ws/build/std_srvs/CMakeFiles/std_srvs__rosidl_typesupport_microxrcedds_c.dir/depend.internal".
[35m[1mScanning dependencies of target std_srvs__rosidl_typesupport_microxrcedds_c[0m
[ 46%] [32mBuilding C object CMakeFiles/std_srvs__rosidl_typesupport_microxrcedds_c.dir/rosidl_typesupport_microxrcedds_c/std_srvs/srv/detail/microxrcedds/empty__type_support_c.c.obj[0m
[ 53%] [32mBuilding C object CMakeFiles/std_srvs__rosidl_typesupport_microxrcedds_c.dir/rosidl_typesupport_microxrcedds_c/std_srvs/srv/detail/microxrcedds/set_bool__type_support_c.c.obj[0m
[ 60%] [32mBuilding C object CMakeFiles/std_srvs__rosidl_typesupport_microxrcedds_c.dir/rosidl_typesupport_microxrcedds_c/std_srvs/srv/detail/microxrcedds/trigger__type_support_c.c.obj[0m
In file included from [01m[K/home/nuc01/zephyr_microros_pingpong/firmware/mcu_ws/build/std_srvs/rosidl_typesupport_microxrcedds_c/std_srvs/srv/detail/empty__rosidl_typesupport_microxrcedds_c.h:10[m[K,
                 from [01m[K/home/nuc01/zephyr_microros_pingpong/firmware/mcu_ws/build/std_srvs/rosidl_typesupport_microxrcedds_c/std_srvs/srv/detail/microxrcedds/empty__type_support_c.c:4[m[K:
[01m[K/home/nuc01/zephyr_microros_pingpong/firmware/zephyrproject/zephyr/lib/libc/newlib/include/stdint.h:28:2:[m[K [01;35m[Kwarning: [m[K#include_next is a GCC extension
   28 | #[01;35m[Kinclude_next[m[K <stdint.h>
      |  [01;35m[K^~~~~~~~~~~~[m[K
In file included from [01m[K/home/nuc01/zephyr_microros_pingpong/firmware/mcu_ws/build/std_srvs/rosidl_typesupport_microxrcedds_c/std_srvs/srv/detail/set_bool__rosidl_typesupport_microxrcedds_c.h:10[m[K,
                 from [01m[K/home/nuc01/zephyr_microros_pingpong/firmware/mcu_ws/build/std_srvs/rosidl_typesupport_microxrcedds_c/std_srvs/srv/detail/microxrcedds/set_bool__type_support_c.c:4[m[K:
[01m[K/home/nuc01/zephyr_microros_pingpong/firmware/zephyrproject/zephyr/lib/libc/newlib/include/stdint.h:28:2:[m[K [01;35m[Kwarning: [m[K#include_next is a GCC extension
   28 | #[01;35m[Kinclude_next[m[K <stdint.h>
      |  [01;35m[K^~~~~~~~~~~~[m[K
In file included from [01m[K/home/nuc01/zephyr_microros_pingpong/firmware/mcu_ws/build/std_srvs/rosidl_typesupport_microxrcedds_c/std_srvs/srv/detail/trigger__rosidl_typesupport_microxrcedds_c.h:10[m[K,
                 from [01m[K/home/nuc01/zephyr_microros_pingpong/firmware/mcu_ws/build/std_srvs/rosidl_typesupport_microxrcedds_c/std_srvs/srv/detail/microxrcedds/trigger__type_support_c.c:4[m[K:
[01m[K/home/nuc01/zephyr_microros_pingpong/firmware/zephyrproject/zephyr/lib/libc/newlib/include/stdint.h:28:2:[m[K [01;35m[Kwarning: [m[K#include_next is a GCC extension
   28 | #[01;35m[Kinclude_next[m[K <stdint.h>
      |  [01;35m[K^~~~~~~~~~~~[m[K
[ 66%] [32m[1mLinking C static library libstd_srvs__rosidl_typesupport_microxrcedds_c.a[0m
/home/nuc01/zephyr_microros_pingpong/firmware/zephyr-sdk/arm-zephyr-eabi/bin/arm-zephyr-eabi-ar qc libstd_srvs__rosidl_typesupport_microxrcedds_c.a CMakeFiles/std_srvs__rosidl_typesupport_microxrcedds_c.dir/rosidl_typesupport_microxrcedds_c/std_srvs/srv/detail/microxrcedds/empty__type_support_c.c.obj CMakeFiles/std_srvs__rosidl_typesupport_microxrcedds_c.dir/rosidl_typesupport_microxrcedds_c/std_srvs/srv/detail/microxrcedds/set_bool__type_support_c.c.obj CMakeFiles/std_srvs__rosidl_typesupport_microxrcedds_c.dir/rosidl_typesupport_microxrcedds_c/std_srvs/srv/detail/microxrcedds/trigger__type_support_c.c.obj
/home/nuc01/zephyr_microros_pingpong/firmware/zephyr-sdk/arm-zephyr-eabi/bin/arm-zephyr-eabi-ranlib libstd_srvs__rosidl_typesupport_microxrcedds_c.a
[ 66%] Built target std_srvs__rosidl_typesupport_microxrcedds_c
[ 73%] [34m[1mGenerating C type support dispatch for ROS interfaces[0m
Dependee "/home/nuc01/zephyr_microros_pingpong/firmware/mcu_ws/build/std_srvs/CMakeFiles/std_srvs__rosidl_typesupport_c.dir/DependInfo.cmake" is newer than depender "/home/nuc01/zephyr_microros_pingpong/firmware/mcu_ws/build/std_srvs/CMakeFiles/std_srvs__rosidl_typesupport_c.dir/depend.internal".
Dependee "/home/nuc01/zephyr_microros_pingpong/firmware/mcu_ws/build/std_srvs/CMakeFiles/CMakeDirectoryInformation.cmake" is newer than depender "/home/nuc01/zephyr_microros_pingpong/firmware/mcu_ws/build/std_srvs/CMakeFiles/std_srvs__rosidl_typesupport_c.dir/depend.internal".
[35m[1mScanning dependencies of target std_srvs__rosidl_typesupport_c[0m
[ 80%] [32mBuilding CXX object CMakeFiles/std_srvs__rosidl_typesupport_c.dir/rosidl_typesupport_c/std_srvs/srv/empty__type_support.cpp.obj[0m
[ 86%] [32mBuilding CXX object CMakeFiles/std_srvs__rosidl_typesupport_c.dir/rosidl_typesupport_c/std_srvs/srv/set_bool__type_support.cpp.obj[0m
[ 93%] [32mBuilding CXX object CMakeFiles/std_srvs__rosidl_typesupport_c.dir/rosidl_typesupport_c/std_srvs/srv/trigger__type_support.cpp.obj[0m
[100%] [32m[1mLinking CXX static library libstd_srvs__rosidl_typesupport_c.a[0m
/home/nuc01/zephyr_microros_pingpong/firmware/zephyr-sdk/arm-zephyr-eabi/bin/arm-zephyr-eabi-ar qc libstd_srvs__rosidl_typesupport_c.a CMakeFiles/std_srvs__rosidl_typesupport_c.dir/rosidl_typesupport_c/std_srvs/srv/empty__type_support.cpp.obj CMakeFiles/std_srvs__rosidl_typesupport_c.dir/rosidl_typesupport_c/std_srvs/srv/set_bool__type_support.cpp.obj CMakeFiles/std_srvs__rosidl_typesupport_c.dir/rosidl_typesupport_c/std_srvs/srv/trigger__type_support.cpp.obj
/home/nuc01/zephyr_microros_pingpong/firmware/zephyr-sdk/arm-zephyr-eabi/bin/arm-zephyr-eabi-ranlib libstd_srvs__rosidl_typesupport_c.a
[100%] Built target std_srvs__rosidl_typesupport_c
Dependee "/home/nuc01/zephyr_microros_pingpong/firmware/mcu_ws/build/std_srvs/CMakeFiles/std_srvs.dir/DependInfo.cmake" is newer than depender "/home/nuc01/zephyr_microros_pingpong/firmware/mcu_ws/build/std_srvs/CMakeFiles/std_srvs.dir/depend.internal".
Dependee "/home/nuc01/zephyr_microros_pingpong/firmware/mcu_ws/build/std_srvs/CMakeFiles/CMakeDirectoryInformation.cmake" is newer than depender "/home/nuc01/zephyr_microros_pingpong/firmware/mcu_ws/build/std_srvs/CMakeFiles/std_srvs.dir/depend.internal".
[35m[1mScanning dependencies of target std_srvs[0m
[100%] Built target std_srvs
-- Install configuration: "Debug"
-- Installing: /home/nuc01/zephyr_microros_pingpong/firmware/mcu_ws/install/share/ament_index/resource_index/rosidl_interfaces/std_srvs
-- Installing: /home/nuc01/zephyr_microros_pingpong/firmware/mcu_ws/install/include/std_srvs
-- Installing: /home/nuc01/zephyr_microros_pingpong/firmware/mcu_ws/install/include/std_srvs/msg
-- Installing: /home/nuc01/zephyr_microros_pingpong/firmware/mcu_ws/install/include/std_srvs/msg/rosidl_generator_c__visibility_control.h
-- Installing: /home/nuc01/zephyr_microros_pingpong/firmware/mcu_ws/install/include/std_srvs/srv
-- Installing: /home/nuc01/zephyr_microros_pingpong/firmware/mcu_ws/install/include/std_srvs/srv/set_bool.h
-- Installing: /home/nuc01/zephyr_microros_pingpong/firmware/mcu_ws/install/include/std_srvs/srv/trigger.h
-- Installing: /home/nuc01/zephyr_microros_pingpong/firmware/mcu_ws/install/include/std_srvs/srv/empty.h
-- Installing: /home/nuc01/zephyr_microros_pingpong/firmware/mcu_ws/install/include/std_srvs/srv/detail
-- Installing: /home/nuc01/zephyr_microros_pingpong/firmware/mcu_ws/install/include/std_srvs/srv/detail/empty__struct.h
-- Installing: /home/nuc01/zephyr_microros_pingpong/firmware/mcu_ws/install/include/std_srvs/srv/detail/empty__functions.h
-- Installing: /home/nuc01/zephyr_microros_pingpong/firmware/mcu_ws/install/include/std_srvs/srv/detail/trigger__functions.c
-- Installing: /home/nuc01/zephyr_microros_pingpong/firmware/mcu_ws/install/include/std_srvs/srv/detail/set_bool__type_support.h
-- Installing: /home/nuc01/zephyr_microros_pingpong/firmware/mcu_ws/install/include/std_srvs/srv/detail/trigger__functions.h
-- Installing: /home/nuc01/zephyr_microros_pingpong/firmware/mcu_ws/install/include/std_srvs/srv/detail/empty__functions.c
-- Installing: /home/nuc01/zephyr_microros_pingpong/firmware/mcu_ws/install/include/std_srvs/srv/detail/set_bool__functions.h
-- Installing: /home/nuc01/zephyr_microros_pingpong/firmware/mcu_ws/install/include/std_srvs/srv/detail/trigger__struct.h
-- Installing: /home/nuc01/zephyr_microros_pingpong/firmware/mcu_ws/install/include/std_srvs/srv/detail/trigger__type_support.h
-- Installing: /home/nuc01/zephyr_microros_pingpong/firmware/mcu_ws/install/include/std_srvs/srv/detail/set_bool__struct.h
-- Installing: /home/nuc01/zephyr_microros_pingpong/firmware/mcu_ws/install/include/std_srvs/srv/detail/set_bool__functions.c
-- Installing: /home/nuc01/zephyr_microros_pingpong/firmware/mcu_ws/install/include/std_srvs/srv/detail/empty__type_support.h
-- Installing: /home/nuc01/zephyr_microros_pingpong/firmware/mcu_ws/install/share/std_srvs/environment/library_path.sh
-- Installing: /home/nuc01/zephyr_microros_pingpong/firmware/mcu_ws/install/share/std_srvs/environment/library_path.dsv
-- Installing: /home/nuc01/zephyr_microros_pingpong/firmware/mcu_ws/install/lib/libstd_srvs__rosidl_generator_c.a
-- Up-to-date: /home/nuc01/zephyr_microros_pingpong/firmware/mcu_ws/install/include/std_srvs
-- Up-to-date: /home/nuc01/zephyr_microros_pingpong/firmware/mcu_ws/install/include/std_srvs/msg
-- Installing: /home/nuc01/zephyr_microros_pingpong/firmware/mcu_ws/install/include/std_srvs/msg/rosidl_typesupport_microxrcedds_c__visibility_control.h
-- Up-to-date: /home/nuc01/zephyr_microros_pingpong/firmware/mcu_ws/install/include/std_srvs/srv
-- Up-to-date: /home/nuc01/zephyr_microros_pingpong/firmware/mcu_ws/install/include/std_srvs/srv/detail
-- Installing: /home/nuc01/zephyr_microros_pingpong/firmware/mcu_ws/install/include/std_srvs/srv/detail/empty__rosidl_typesupport_microxrcedds_c.h
-- Installing: /home/nuc01/zephyr_microros_pingpong/firmware/mcu_ws/install/include/std_srvs/srv/detail/trigger__rosidl_typesupport_microxrcedds_c.h
-- Installing: /home/nuc01/zephyr_microros_pingpong/firmware/mcu_ws/install/include/std_srvs/srv/detail/set_bool__rosidl_typesupport_microxrcedds_c.h
-- Installing: /home/nuc01/zephyr_microros_pingpong/firmware/mcu_ws/install/include/std_srvs/srv/detail/microxrcedds
-- Installing: /home/nuc01/zephyr_microros_pingpong/firmware/mcu_ws/install/lib/libstd_srvs__rosidl_typesupport_microxrcedds_c.a
-- Installing: /home/nuc01/zephyr_microros_pingpong/firmware/mcu_ws/install/lib/libstd_srvs__rosidl_typesupport_c.a
-- Up-to-date: /home/nuc01/zephyr_microros_pingpong/firmware/mcu_ws/install/lib/libstd_srvs__rosidl_typesupport_microxrcedds_c.a
-- Installing: /home/nuc01/zephyr_microros_pingpong/firmware/mcu_ws/install/share/std_srvs/srv/Empty.idl
-- Installing: /home/nuc01/zephyr_microros_pingpong/firmware/mcu_ws/install/share/std_srvs/srv/SetBool.idl
-- Installing: /home/nuc01/zephyr_microros_pingpong/firmware/mcu_ws/install/share/std_srvs/srv/Trigger.idl
-- Installing: /home/nuc01/zephyr_microros_pingpong/firmware/mcu_ws/install/share/std_srvs/srv/Empty.srv
-- Installing: /home/nuc01/zephyr_microros_pingpong/firmware/mcu_ws/install/share/std_srvs/srv/Empty_Request.msg
-- Installing: /home/nuc01/zephyr_microros_pingpong/firmware/mcu_ws/install/share/std_srvs/srv/Empty_Response.msg
-- Installing: /home/nuc01/zephyr_microros_pingpong/firmware/mcu_ws/install/share/std_srvs/srv/SetBool.srv
-- Installing: /home/nuc01/zephyr_microros_pingpong/firmware/mcu_ws/install/share/std_srvs/srv/SetBool_Request.msg
-- Installing: /home/nuc01/zephyr_microros_pingpong/firmware/mcu_ws/install/share/std_srvs/srv/SetBool_Response.msg
-- Installing: /home/nuc01/zephyr_microros_pingpong/firmware/mcu_ws/install/share/std_srvs/srv/Trigger.srv
-- Installing: /home/nuc01/zephyr_microros_pingpong/firmware/mcu_ws/install/share/std_srvs/srv/Trigger_Request.msg
-- Installing: /home/nuc01/zephyr_microros_pingpong/firmware/mcu_ws/install/share/std_srvs/srv/Trigger_Response.msg
-- Installing: /home/nuc01/zephyr_microros_pingpong/firmware/mcu_ws/install/share/ament_index/resource_index/package_run_dependencies/std_srvs
-- Installing: /home/nuc01/zephyr_microros_pingpong/firmware/mcu_ws/install/share/ament_index/resource_index/parent_prefix_path/std_srvs
-- Installing: /home/nuc01/zephyr_microros_pingpong/firmware/mcu_ws/install/share/std_srvs/environment/ament_prefix_path.sh
-- Installing: /home/nuc01/zephyr_microros_pingpong/firmware/mcu_ws/install/share/std_srvs/environment/ament_prefix_path.dsv
-- Installing: /home/nuc01/zephyr_microros_pingpong/firmware/mcu_ws/install/share/std_srvs/environment/path.sh
-- Installing: /home/nuc01/zephyr_microros_pingpong/firmware/mcu_ws/install/share/std_srvs/environment/path.dsv
-- Installing: /home/nuc01/zephyr_microros_pingpong/firmware/mcu_ws/install/share/std_srvs/local_setup.bash
-- Installing: /home/nuc01/zephyr_microros_pingpong/firmware/mcu_ws/install/share/std_srvs/local_setup.sh
-- Installing: /home/nuc01/zephyr_microros_pingpong/firmware/mcu_ws/install/share/std_srvs/local_setup.zsh
-- Installing: /home/nuc01/zephyr_microros_pingpong/firmware/mcu_ws/install/share/std_srvs/local_setup.dsv
-- Installing: /home/nuc01/zephyr_microros_pingpong/firmware/mcu_ws/install/share/std_srvs/package.dsv
-- Installing: /home/nuc01/zephyr_microros_pingpong/firmware/mcu_ws/install/share/ament_index/resource_index/packages/std_srvs
-- Installing: /home/nuc01/zephyr_microros_pingpong/firmware/mcu_ws/install/share/std_srvs/cmake/std_srvs__rosidl_generator_cExport.cmake
-- Installing: /home/nuc01/zephyr_microros_pingpong/firmware/mcu_ws/install/share/std_srvs/cmake/std_srvs__rosidl_generator_cExport-debug.cmake
-- Installing: /home/nuc01/zephyr_microros_pingpong/firmware/mcu_ws/install/share/std_srvs/cmake/std_srvs__rosidl_typesupport_cExport.cmake
-- Installing: /home/nuc01/zephyr_microros_pingpong/firmware/mcu_ws/install/share/std_srvs/cmake/std_srvs__rosidl_typesupport_cExport-debug.cmake
-- Installing: /home/nuc01/zephyr_microros_pingpong/firmware/mcu_ws/install/share/std_srvs/cmake/rosidl_cmake-extras.cmake
-- Installing: /home/nuc01/zephyr_microros_pingpong/firmware/mcu_ws/install/share/std_srvs/cmake/ament_cmake_export_dependencies-extras.cmake
-- Installing: /home/nuc01/zephyr_microros_pingpong/firmware/mcu_ws/install/share/std_srvs/cmake/ament_cmake_export_libraries-extras.cmake
-- Installing: /home/nuc01/zephyr_microros_pingpong/firmware/mcu_ws/install/share/std_srvs/cmake/ament_cmake_export_targets-extras.cmake
-- Installing: /home/nuc01/zephyr_microros_pingpong/firmware/mcu_ws/install/share/std_srvs/cmake/ament_cmake_export_include_directories-extras.cmake
-- Installing: /home/nuc01/zephyr_microros_pingpong/firmware/mcu_ws/install/share/std_srvs/cmake/rosidl_cmake_export_typesupport_libraries-extras.cmake
-- Installing: /home/nuc01/zephyr_microros_pingpong/firmware/mcu_ws/install/share/std_srvs/cmake/std_srvsConfig.cmake
-- Installing: /home/nuc01/zephyr_microros_pingpong/firmware/mcu_ws/install/share/std_srvs/cmake/std_srvsConfig-version.cmake
-- Installing: /home/nuc01/zephyr_microros_pingpong/firmware/mcu_ws/install/share/std_srvs/package.xml
