CMake Warning at /home/marlar/movelt_success/firmware/mcu_ws/install/share/rcutils/cmake/ament_cmake_export_libraries-extras.cmake:116 (message):
  Package 'rcutils' exports library 'dl' which couldn't be found
Call Stack (most recent call first):
  /home/marlar/movelt_success/firmware/mcu_ws/install/share/rcutils/cmake/rcutilsConfig.cmake:41 (include)
  /home/marlar/movelt_success/firmware/mcu_ws/install/share/rosidl_runtime_c/cmake/ament_cmake_export_dependencies-extras.cmake:21 (find_package)
  /home/marlar/movelt_success/firmware/mcu_ws/install/share/rosidl_runtime_c/cmake/rosidl_runtime_cConfig.cmake:41 (include)
  /home/marlar/movelt_success/firmware/mcu_ws/install/share/builtin_interfaces/cmake/ament_cmake_export_dependencies-extras.cmake:21 (find_package)
  /home/marlar/movelt_success/firmware/mcu_ws/install/share/builtin_interfaces/cmake/builtin_interfacesConfig.cmake:41 (include)
  /home/marlar/movelt_success/firmware/mcu_ws/install/share/rcl_interfaces/cmake/ament_cmake_export_dependencies-extras.cmake:21 (find_package)
  /home/marlar/movelt_success/firmware/mcu_ws/install/share/rcl_interfaces/cmake/rcl_interfacesConfig.cmake:41 (include)
  /home/marlar/movelt_success/firmware/mcu_ws/install/share/rcl/cmake/ament_cmake_export_dependencies-extras.cmake:21 (find_package)
  /home/marlar/movelt_success/firmware/mcu_ws/install/share/rcl/cmake/rclConfig.cmake:41 (include)
  CMakeLists.txt:31 (find_package)


-- The C compiler identification is GNU 9.2.0
-- The CXX compiler identification is GNU 9.2.0
-- Detecting C compiler ABI info
-- Detecting C compiler ABI info - done
-- Check for working C compiler: /home/marlar/movelt_success/firmware/zephyr-sdk/arm-zephyr-eabi/bin/arm-zephyr-eabi-gcc - skipped
-- Detecting C compile features
-- Detecting C compile features - done
-- Detecting CXX compiler ABI info
-- Detecting CXX compiler ABI info - done
-- Check for working CXX compiler: /home/marlar/movelt_success/firmware/zephyr-sdk/arm-zephyr-eabi/bin/arm-zephyr-eabi-g++ - skipped
-- Detecting CXX compile features
-- Detecting CXX compile features - done
-- Found ament_cmake_ros: 0.9.1 (/home/marlar/movelt_success/firmware/dev_ws/install/ament_cmake_ros/share/ament_cmake_ros/cmake)
-- Found PythonInterp: /usr/bin/python3 (found suitable version "3.8.5", minimum required is "3") 
-- Using PYTHON_EXECUTABLE: /usr/bin/python3
-- Found rcl: 1.1.10 (/home/marlar/movelt_success/firmware/mcu_ws/install/share/rcl/cmake)
-- Using single rosidl_typesupport_c: rosidl_typesupport_microxrcedds_c
-- Found rosidl_adapter: 1.2.0 (/home/marlar/movelt_success/firmware/mcu_ws/install/share/rosidl_adapter/cmake)
-- Found rmw_implementation_cmake: 1.0.2 (/home/marlar/movelt_success/firmware/mcu_ws/install/share/rmw_implementation_cmake/cmake)
-- Using RMW implementation 'rmw_microxrcedds'
-- Found rmw_microxrcedds: 0.0.1 (/home/marlar/movelt_success/firmware/mcu_ws/install/share/rmw_microxrcedds/cmake)
-- Looking for pthread.h
-- Looking for pthread.h - not found
-- Found Threads: TRUE  
-- Found std_msgs: 2.0.3 (/home/marlar/movelt_success/firmware/mcu_ws/install/share/std_msgs/cmake)
-- Found rcl version 1.1.10, which belongs to Foxy or later
-- Configuring done
-- Generating done
CMake Warning:
  Manually-specified variables were not used by the project:

    THIRDPARTY


-- Build files have been written to: /home/marlar/movelt_success/firmware/mcu_ws/build/rclc
[ 10%] [32mBuilding C object CMakeFiles/rclc.dir/src/rclc/publisher.c.obj[0m
[ 20%] [32mBuilding C object CMakeFiles/rclc.dir/src/rclc/init.c.obj[0m
[ 30%] [32mBuilding C object CMakeFiles/rclc.dir/src/rclc/service.c.obj[0m
[ 40%] [32mBuilding C object CMakeFiles/rclc.dir/src/rclc/subscription.c.obj[0m
[ 50%] [32mBuilding C object CMakeFiles/rclc.dir/src/rclc/executor_handle.c.obj[0m
[ 60%] [32mBuilding C object CMakeFiles/rclc.dir/src/rclc/timer.c.obj[0m
[ 70%] [32mBuilding C object CMakeFiles/rclc.dir/src/rclc/node.c.obj[0m
[ 80%] [32mBuilding C object CMakeFiles/rclc.dir/src/rclc/client.c.obj[0m
[ 90%] [32mBuilding C object CMakeFiles/rclc.dir/src/rclc/executor.c.obj[0m
In file included from [01m[K/home/marlar/movelt_success/firmware/mcu_ws/uros/rclc/rclc/src/rclc/timer.c:20[m[K:
[01m[K/home/marlar/movelt_success/firmware/mcu_ws/uros/rclc/rclc/src/rclc/timer.c:[m[K In function '[01m[Krclc_timer_init_default[m[K':
[01m[K/home/marlar/movelt_success/firmware/mcu_ws/uros/rclc/rclc/src/rclc/timer.c:45:22:[m[K [01;35m[Kwarning: [m[Kformat '[01m[K%ld[m[K' expects argument of type '[01m[Klong int[m[K', but argument 5 has type '[01m[Klong long unsigned int[m[K' [[01;35m[K-Wformat=[m[K]
   45 |     RCUTILS_LOG_INFO([01;35m[K"Created a timer with period %ld ms.\n"[m[K, [32m[Ktimeout_ns / 1000000[m[K);
      |                      [01;35m[K^~~~~~~~~~~~~~~~~~~~~~~~~~~~~~~~~~~~~~~[m[K  [32m[K~~~~~~~~~~~~~~~~~~~~[m[K
      |                                                                          [32m[K|[m[K
      |                                                                          [32m[Klong long unsigned int[m[K
[01m[K/home/marlar/movelt_success/firmware/mcu_ws/uros/rclc/rclc/src/rclc/timer.c:45:53:[m[K [01;36m[Knote: [m[Kformat string is defined here
   45 |     RCUTILS_LOG_INFO("Created a timer with period [01;36m[K%ld[m[K ms.\n", timeout_ns / 1000000);
      |                                                   [01;36m[K~~^[m[K
      |                                                     [01;36m[K|[m[K
      |                                                     [01;36m[Klong int[m[K
      |                                                   [32m[K%lld[m[K
In file included from [01m[K/home/marlar/movelt_success/firmware/zephyrproject/zephyr/include/toolchain.h:41[m[K,
                 from [01m[K/home/marlar/movelt_success/firmware/zephyrproject/zephyr/include/kernel_includes.h:19[m[K,
                 from [01m[K/home/marlar/movelt_success/firmware/zephyrproject/zephyr/include/kernel.h:17[m[K,
                 from [01m[K/home/marlar/movelt_success/firmware/zephyr_apps/microros_extensions/../../zephyrproject/zephyr/include/posix/posix_types.h:14[m[K,
                 from [01m[K/home/marlar/movelt_success/firmware/zephyr_apps/microros_extensions/../../zephyrproject/zephyr/include/posix/unistd.h:9[m[K,
                 from [01m[K/home/marlar/movelt_success/firmware/mcu_ws/uros/rclc/rclc/src/rclc/executor.c:19[m[K:
[01m[K/home/marlar/movelt_success/firmware/zephyrproject/zephyr/include/toolchain/gcc.h:62:31:[m[K [01;35m[Kwarning: [m[KISO C does not permit named variadic macros [[01;35m[K-Wvariadic-macros[m[K]
   62 | #define BUILD_ASSERT(EXPR, MSG[01;35m[K...[m[K) _Static_assert(EXPR, "" MSG)
      |                               [01;35m[K^~~[m[K
In file included from [01m[K/home/marlar/movelt_success/firmware/zephyr_apps/microros_extensions/../../zephyrproject/zephyr/include/posix/posix_types.h:14[m[K,
                 from [01m[K/home/marlar/movelt_success/firmware/zephyr_apps/microros_extensions/../../zephyrproject/zephyr/include/posix/unistd.h:9[m[K,
                 from [01m[K/home/marlar/movelt_success/firmware/mcu_ws/uros/rclc/rclc/src/rclc/executor.c:19[m[K:
[01m[K/home/marlar/movelt_success/firmware/zephyrproject/zephyr/include/kernel.h:1657:13:[m[K [01;35m[Kwarning: [m[Kextra semicolon in struct or union specified [[01;35m[K-Wpedantic[m[K]
 1657 |  _POLL_EVENT[01;35m[K;[m[K
      |             [01;35m[K^[m[K
      |             [31m[K-[m[K
[01m[K/home/marlar/movelt_success/firmware/zephyrproject/zephyr/include/kernel.h:[m[K In function '[01m[Kk_delayed_work_init[m[K':
[01m[K/home/marlar/movelt_success/firmware/zephyrproject/zephyr/include/kernel.h:2738:12:[m[K [01;35m[Kwarning: [m[KISO C forbids empty initializer braces [[01;35m[K-Wpedantic[m[K]
 2738 |    .node = [01;35m[K{[m[K},\
      |            [01;35m[K^[m[K
[01m[K/home/marlar/movelt_success/firmware/zephyrproject/zephyr/include/kernel.h:2773:33:[m[K [01;36m[Knote: [m[Kin expansion of macro '[01m[KZ_DELAYED_WORK_INITIALIZER[m[K'
 2773 |  *work = (struct k_delayed_work)[01;36m[KZ_DELAYED_WORK_INITIALIZER[m[K(handler);
      |                                 [01;36m[K^~~~~~~~~~~~~~~~~~~~~~~~~~[m[K
[01m[K/home/marlar/movelt_success/firmware/zephyrproject/zephyr/include/kernel.h:[m[K At top level:
[01m[K/home/marlar/movelt_success/firmware/zephyrproject/zephyr/include/kernel.h:3283:13:[m[K [01;35m[Kwarning: [m[Kextra semicolon in struct or union specified [[01;35m[K-Wpedantic[m[K]
 3283 |  _POLL_EVENT[01;35m[K;[m[K
      |             [01;35m[K^[m[K
      |             [31m[K-[m[K
In file included from [01m[K/home/marlar/movelt_success/firmware/mcu_ws/uros/rclc/rclc/include/rclc/executor.h:28[m[K,
                 from [01m[K/home/marlar/movelt_success/firmware/mcu_ws/uros/rclc/rclc/src/rclc/executor.c:17[m[K:
[01m[K/home/marlar/movelt_success/firmware/mcu_ws/uros/rclc/rclc/src/rclc/executor.c:[m[K In function '[01m[Krclc_executor_spin_some[m[K':
[01m[K/home/marlar/movelt_success/firmware/mcu_ws/uros/rclc/rclc/src/rclc/executor.c:964:13:[m[K [01;35m[Kwarning: [m[Kformat '[01m[K%ld[m[K' expects argument of type '[01m[Klong int[m[K', but argument 5 has type '[01m[Ksize_t[m[K' {aka '[01m[Kunsigned int[m[K'} [[01;35m[K-Wformat=[m[K]
  964 |             [01;35m[K"Subscription added to wait_set_subscription[%ld]"[m[K,
      |             [01;35m[K^~~~~~~~~~~~~~~~~~~~~~~~~~~~~~~~~~~~~~~~~~~~~~~~~~[m[K
  965 |             [32m[Kexecutor->handles[i].index[m[K);
      |             [32m[K~~~~~~~~~~~~~~~~~~~~~~~~~~[m[K
      |                                 [32m[K|[m[K
      |                                 [32m[Ksize_t {aka unsigned int}[m[K
[01m[K/home/marlar/movelt_success/firmware/mcu_ws/uros/rclc/rclc/src/rclc/executor.c:964:60:[m[K [01;36m[Knote: [m[Kformat string is defined here
  964 |             "Subscription added to wait_set_subscription[[01;36m[K%ld[m[K]",
      |                                                          [01;36m[K~~^[m[K
      |                                                            [01;36m[K|[m[K
      |                                                            [01;36m[Klong int[m[K
      |                                                          [32m[K%d[m[K
In file included from [01m[K/home/marlar/movelt_success/firmware/mcu_ws/uros/rclc/rclc/include/rclc/executor.h:28[m[K,
                 from [01m[K/home/marlar/movelt_success/firmware/mcu_ws/uros/rclc/rclc/src/rclc/executor.c:17[m[K:
[01m[K/home/marlar/movelt_success/firmware/mcu_ws/uros/rclc/rclc/src/rclc/executor.c:979:31:[m[K [01;35m[Kwarning: [m[Kformat '[01m[K%ld[m[K' expects argument of type '[01m[Klong int[m[K', but argument 5 has type '[01m[Ksize_t[m[K' {aka '[01m[Kunsigned int[m[K'} [[01;35m[K-Wformat=[m[K]
  979 |             ROS_PACKAGE_NAME, [01;35m[K"Timer added to wait_set_timers[%ld]"[m[K,
      |                               [01;35m[K^~~~~~~~~~~~~~~~~~~~~~~~~~~~~~~~~~~~~[m[K
  980 |             [32m[Kexecutor->handles[i].index[m[K);
      |             [32m[K~~~~~~~~~~~~~~~~~~~~~~~~~~[m[K
      |                                 [32m[K|[m[K
      |                                 [32m[Ksize_t {aka unsigned int}[m[K
[01m[K/home/marlar/movelt_success/firmware/mcu_ws/uros/rclc/rclc/src/rclc/executor.c:979:65:[m[K [01;36m[Knote: [m[Kformat string is defined here
  979 |             ROS_PACKAGE_NAME, "Timer added to wait_set_timers[[01;36m[K%ld[m[K]",
      |                                                               [01;36m[K~~^[m[K
      |                                                                 [01;36m[K|[m[K
      |                                                                 [01;36m[Klong int[m[K
      |                                                               [32m[K%d[m[K
In file included from [01m[K/home/marlar/movelt_success/firmware/mcu_ws/uros/rclc/rclc/include/rclc/executor.h:28[m[K,
                 from [01m[K/home/marlar/movelt_success/firmware/mcu_ws/uros/rclc/rclc/src/rclc/executor.c:17[m[K:
[01m[K/home/marlar/movelt_success/firmware/mcu_ws/uros/rclc/rclc/src/rclc/executor.c:994:31:[m[K [01;35m[Kwarning: [m[Kformat '[01m[K%ld[m[K' expects argument of type '[01m[Klong int[m[K', but argument 5 has type '[01m[Ksize_t[m[K' {aka '[01m[Kunsigned int[m[K'} [[01;35m[K-Wformat=[m[K]
  994 |             ROS_PACKAGE_NAME, [01;35m[K"Service added to wait_set_service[%ld]"[m[K,
      |                               [01;35m[K^~~~~~~~~~~~~~~~~~~~~~~~~~~~~~~~~~~~~~~~[m[K
  995 |             [32m[Kexecutor->handles[i].index[m[K);
      |             [32m[K~~~~~~~~~~~~~~~~~~~~~~~~~~[m[K
      |                                 [32m[K|[m[K
      |                                 [32m[Ksize_t {aka unsigned int}[m[K
[01m[K/home/marlar/movelt_success/firmware/mcu_ws/uros/rclc/rclc/src/rclc/executor.c:994:68:[m[K [01;36m[Knote: [m[Kformat string is defined here
  994 |             ROS_PACKAGE_NAME, "Service added to wait_set_service[[01;36m[K%ld[m[K]",
      |                                                                  [01;36m[K~~^[m[K
      |                                                                    [01;36m[K|[m[K
      |                                                                    [01;36m[Klong int[m[K
      |                                                                  [32m[K%d[m[K
In file included from [01m[K/home/marlar/movelt_success/firmware/mcu_ws/uros/rclc/rclc/include/rclc/executor.h:28[m[K,
                 from [01m[K/home/marlar/movelt_success/firmware/mcu_ws/uros/rclc/rclc/src/rclc/executor.c:17[m[K:
[01m[K/home/marlar/movelt_success/firmware/mcu_ws/uros/rclc/rclc/src/rclc/executor.c:1010:31:[m[K [01;35m[Kwarning: [m[Kformat '[01m[K%ld[m[K' expects argument of type '[01m[Klong int[m[K', but argument 5 has type '[01m[Ksize_t[m[K' {aka '[01m[Kunsigned int[m[K'} [[01;35m[K-Wformat=[m[K]
 1010 |             ROS_PACKAGE_NAME, [01;35m[K"Client added to wait_set_client[%ld]"[m[K,
      |                               [01;35m[K^~~~~~~~~~~~~~~~~~~~~~~~~~~~~~~~~~~~~~[m[K
 1011 |             [32m[Kexecutor->handles[i].index[m[K);
      |             [32m[K~~~~~~~~~~~~~~~~~~~~~~~~~~[m[K
      |                                 [32m[K|[m[K
      |                                 [32m[Ksize_t {aka unsigned int}[m[K
[01m[K/home/marlar/movelt_success/firmware/mcu_ws/uros/rclc/rclc/src/rclc/executor.c:1010:66:[m[K [01;36m[Knote: [m[Kformat string is defined here
 1010 |             ROS_PACKAGE_NAME, "Client added to wait_set_client[[01;36m[K%ld[m[K]",
      |                                                                [01;36m[K~~^[m[K
      |                                                                  [01;36m[K|[m[K
      |                                                                  [01;36m[Klong int[m[K
      |                                                                [32m[K%d[m[K
In file included from [01m[K/home/marlar/movelt_success/firmware/mcu_ws/uros/rclc/rclc/include/rclc/executor.h:28[m[K,
                 from [01m[K/home/marlar/movelt_success/firmware/mcu_ws/uros/rclc/rclc/src/rclc/executor.c:17[m[K:
[01m[K/home/marlar/movelt_success/firmware/mcu_ws/uros/rclc/rclc/src/rclc/executor.c:1025:31:[m[K [01;35m[Kwarning: [m[Kformat '[01m[K%ld[m[K' expects argument of type '[01m[Klong int[m[K', but argument 5 has type '[01m[Ksize_t[m[K' {aka '[01m[Kunsigned int[m[K'} [[01;35m[K-Wformat=[m[K]
 1025 |             ROS_PACKAGE_NAME, [01;35m[K"Guard_condition added to wait_set_client[%ld]"[m[K,
      |                               [01;35m[K^~~~~~~~~~~~~~~~~~~~~~~~~~~~~~~~~~~~~~~~~~~~~~~[m[K
 1026 |             [32m[Kexecutor->handles[i].index[m[K);
      |             [32m[K~~~~~~~~~~~~~~~~~~~~~~~~~~[m[K
      |                                 [32m[K|[m[K
      |                                 [32m[Ksize_t {aka unsigned int}[m[K
[01m[K/home/marlar/movelt_success/firmware/mcu_ws/uros/rclc/rclc/src/rclc/executor.c:1025:75:[m[K [01;36m[Knote: [m[Kformat string is defined here
 1025 |             ROS_PACKAGE_NAME, "Guard_condition added to wait_set_client[[01;36m[K%ld[m[K]",
      |                                                                         [01;36m[K~~^[m[K
      |                                                                           [01;36m[K|[m[K
      |                                                                           [01;36m[Klong int[m[K
      |                                                                         [32m[K%d[m[K
[01m[K/home/marlar/movelt_success/firmware/mcu_ws/uros/rclc/rclc/src/rclc/executor.c:[m[K In function '[01m[Krclc_executor_spin[m[K':
[01m[K/home/marlar/movelt_success/firmware/mcu_ws/uros/rclc/rclc/src/rclc/executor.c:1069:36:[m[K [01;35m[Kwarning: [m[Kformat '[01m[K%ld[m[K' expects argument of type '[01m[Klong int[m[K', but argument 2 has type '[01m[Kuint64_t[m[K' {aka '[01m[Klong long unsigned int[m[K'} [[01;35m[K-Wformat=[m[K]
 1069 |   printf("INFO: rcl_wait timeout [01;35m[K%ld[m[K ms\n", [32m[K((executor->timeout_ns / 1000) / 1000)[m[K);
      |                                  [01;35m[K~~^[m[K        [32m[K~~~~~~~~~~~~~~~~~~~~~~~~~~~~~~~~~~~~~~[m[K
      |                                    [01;35m[K|[m[K                                       [32m[K|[m[K
      |                                    [01;35m[Klong int[m[K                                [32m[Kuint64_t {aka long long unsigned int}[m[K
      |                                  [32m[K%lld[m[K
[100%] [32m[1mLinking CXX static library librclc.a[0m
/home/marlar/movelt_success/firmware/zephyr-sdk/arm-zephyr-eabi/bin/arm-zephyr-eabi-ar qc librclc.a CMakeFiles/rclc.dir/src/rclc/init.c.obj CMakeFiles/rclc.dir/src/rclc/publisher.c.obj CMakeFiles/rclc.dir/src/rclc/subscription.c.obj CMakeFiles/rclc.dir/src/rclc/client.c.obj CMakeFiles/rclc.dir/src/rclc/service.c.obj CMakeFiles/rclc.dir/src/rclc/timer.c.obj CMakeFiles/rclc.dir/src/rclc/node.c.obj CMakeFiles/rclc.dir/src/rclc/executor_handle.c.obj CMakeFiles/rclc.dir/src/rclc/executor.c.obj
/home/marlar/movelt_success/firmware/zephyr-sdk/arm-zephyr-eabi/bin/arm-zephyr-eabi-ranlib librclc.a
[100%] Built target rclc
-- Install configuration: "Debug"
-- Up-to-date: /home/marlar/movelt_success/firmware/mcu_ws/install/include
-- Installing: /home/marlar/movelt_success/firmware/mcu_ws/install/include/rclc
-- Installing: /home/marlar/movelt_success/firmware/mcu_ws/install/include/rclc/client.h
-- Installing: /home/marlar/movelt_success/firmware/mcu_ws/install/include/rclc/init.h
-- Installing: /home/marlar/movelt_success/firmware/mcu_ws/install/include/rclc/node.h
-- Installing: /home/marlar/movelt_success/firmware/mcu_ws/install/include/rclc/types.h
-- Installing: /home/marlar/movelt_success/firmware/mcu_ws/install/include/rclc/executor_handle.h
-- Installing: /home/marlar/movelt_success/firmware/mcu_ws/install/include/rclc/service.h
-- Installing: /home/marlar/movelt_success/firmware/mcu_ws/install/include/rclc/timer.h
-- Installing: /home/marlar/movelt_success/firmware/mcu_ws/install/include/rclc/publisher.h
-- Installing: /home/marlar/movelt_success/firmware/mcu_ws/install/include/rclc/executor.h
-- Installing: /home/marlar/movelt_success/firmware/mcu_ws/install/include/rclc/subscription.h
-- Installing: /home/marlar/movelt_success/firmware/mcu_ws/install/include/rclc/rclc.h
-- Installing: /home/marlar/movelt_success/firmware/mcu_ws/install/lib/librclc.a
-- Installing: /home/marlar/movelt_success/firmware/mcu_ws/install/share/rclc/environment/library_path.sh
-- Installing: /home/marlar/movelt_success/firmware/mcu_ws/install/share/rclc/environment/library_path.dsv
-- Installing: /home/marlar/movelt_success/firmware/mcu_ws/install/share/ament_index/resource_index/package_run_dependencies/rclc
-- Installing: /home/marlar/movelt_success/firmware/mcu_ws/install/share/ament_index/resource_index/parent_prefix_path/rclc
-- Installing: /home/marlar/movelt_success/firmware/mcu_ws/install/share/rclc/environment/ament_prefix_path.sh
-- Installing: /home/marlar/movelt_success/firmware/mcu_ws/install/share/rclc/environment/ament_prefix_path.dsv
-- Installing: /home/marlar/movelt_success/firmware/mcu_ws/install/share/rclc/environment/path.sh
-- Installing: /home/marlar/movelt_success/firmware/mcu_ws/install/share/rclc/environment/path.dsv
-- Installing: /home/marlar/movelt_success/firmware/mcu_ws/install/share/rclc/local_setup.bash
-- Installing: /home/marlar/movelt_success/firmware/mcu_ws/install/share/rclc/local_setup.sh
-- Installing: /home/marlar/movelt_success/firmware/mcu_ws/install/share/rclc/local_setup.zsh
-- Installing: /home/marlar/movelt_success/firmware/mcu_ws/install/share/rclc/local_setup.dsv
-- Installing: /home/marlar/movelt_success/firmware/mcu_ws/install/share/rclc/package.dsv
-- Installing: /home/marlar/movelt_success/firmware/mcu_ws/install/share/ament_index/resource_index/packages/rclc
-- Installing: /home/marlar/movelt_success/firmware/mcu_ws/install/share/rclc/cmake/ament_cmake_export_include_directories-extras.cmake
-- Installing: /home/marlar/movelt_success/firmware/mcu_ws/install/share/rclc/cmake/ament_cmake_export_libraries-extras.cmake
-- Installing: /home/marlar/movelt_success/firmware/mcu_ws/install/share/rclc/cmake/ament_cmake_export_dependencies-extras.cmake
-- Installing: /home/marlar/movelt_success/firmware/mcu_ws/install/share/rclc/cmake/rclcConfig.cmake
-- Installing: /home/marlar/movelt_success/firmware/mcu_ws/install/share/rclc/cmake/rclcConfig-version.cmake
-- Installing: /home/marlar/movelt_success/firmware/mcu_ws/install/share/rclc/package.xml
