-- The C compiler identification is GNU 9.2.0
-- The CXX compiler identification is GNU 9.2.0
-- Detecting C compiler ABI info
-- Detecting C compiler ABI info - done
-- Check for working C compiler: /home/marlar/movelt_success/firmware/zephyr-sdk/arm-zephyr-eabi/bin/arm-zephyr-eabi-gcc - skipped
-- Detecting C compile features
-- Detecting C compile features - done
-- Detecting CXX compiler ABI info
-- Detecting CXX compiler ABI info - done
-- Check for working CXX compiler: /home/marlar/movelt_success/firmware/zephyr-sdk/arm-zephyr-eabi/bin/arm-zephyr-eabi-g++ - skipped
-- Detecting CXX compile features
-- Detecting CXX compile features - done
-- Found ament_cmake: 0.9.8 (/home/marlar/movelt_success/firmware/dev_ws/install/ament_cmake/share/ament_cmake/cmake)
-- Found PythonInterp: /usr/bin/python3 (found suitable version "3.8.5", minimum required is "3") 
-- Using PYTHON_EXECUTABLE: /usr/bin/python3
-- Found builtin_interfaces: 1.0.0 (/home/marlar/movelt_success/firmware/mcu_ws/install/share/builtin_interfaces/cmake)
-- Using single rosidl_typesupport_c: rosidl_typesupport_microxrcedds_c
-- Found rosidl_adapter: 1.2.0 (/home/marlar/movelt_success/firmware/mcu_ws/install/share/rosidl_adapter/cmake)
-- Found geometry_msgs: 2.0.3 (/home/marlar/movelt_success/firmware/mcu_ws/install/share/geometry_msgs/cmake)
-- Found rosidl_default_generators: 1.0.0 (/home/marlar/movelt_success/firmware/mcu_ws/install/share/rosidl_default_generators/cmake)
-- Found PythonInterp: /usr/bin/python3 (found version "3.8.5") 
-- Found ament_cmake_ros: 0.9.1 (/home/marlar/movelt_success/firmware/dev_ws/install/ament_cmake_ros/share/ament_cmake_ros/cmake)
-- Using single rosidl_typesupport_c: rosidl_typesupport_microxrcedds_c
-- Configuring done
-- Generating done
-- Build files have been written to: /home/marlar/movelt_success/firmware/mcu_ws/build/visualization_msgs
[  2%] [34m[1mGenerating C code for ROS interfaces[0m
[  5%] [32mBuilding C object CMakeFiles/visualization_msgs__rosidl_generator_c.dir/rosidl_generator_c/visualization_msgs/msg/detail/image_marker__functions.c.obj[0m
[  7%] [32mBuilding C object CMakeFiles/visualization_msgs__rosidl_generator_c.dir/rosidl_generator_c/visualization_msgs/msg/detail/interactive_marker__functions.c.obj[0m
[ 10%] [32mBuilding C object CMakeFiles/visualization_msgs__rosidl_generator_c.dir/rosidl_generator_c/visualization_msgs/msg/detail/interactive_marker_init__functions.c.obj[0m
[ 12%] [32mBuilding C object CMakeFiles/visualization_msgs__rosidl_generator_c.dir/rosidl_generator_c/visualization_msgs/msg/detail/interactive_marker_pose__functions.c.obj[0m
[ 15%] [32mBuilding C object CMakeFiles/visualization_msgs__rosidl_generator_c.dir/rosidl_generator_c/visualization_msgs/msg/detail/interactive_marker_control__functions.c.obj[0m
[ 17%] [32mBuilding C object CMakeFiles/visualization_msgs__rosidl_generator_c.dir/rosidl_generator_c/visualization_msgs/msg/detail/interactive_marker_feedback__functions.c.obj[0m
[ 20%] [32mBuilding C object CMakeFiles/visualization_msgs__rosidl_generator_c.dir/rosidl_generator_c/visualization_msgs/msg/detail/interactive_marker_update__functions.c.obj[0m
[ 23%] [32mBuilding C object CMakeFiles/visualization_msgs__rosidl_generator_c.dir/rosidl_generator_c/visualization_msgs/msg/detail/marker__functions.c.obj[0m
[ 25%] [32mBuilding C object CMakeFiles/visualization_msgs__rosidl_generator_c.dir/rosidl_generator_c/visualization_msgs/msg/detail/marker_array__functions.c.obj[0m
[ 28%] [32mBuilding C object CMakeFiles/visualization_msgs__rosidl_generator_c.dir/rosidl_generator_c/visualization_msgs/srv/detail/get_interactive_markers__functions.c.obj[0m
[ 30%] [32mBuilding C object CMakeFiles/visualization_msgs__rosidl_generator_c.dir/rosidl_generator_c/visualization_msgs/msg/detail/menu_entry__functions.c.obj[0m
[ 33%] [32m[1mLinking CXX static library libvisualization_msgs__rosidl_generator_c.a[0m
/home/marlar/movelt_success/firmware/zephyr-sdk/arm-zephyr-eabi/bin/arm-zephyr-eabi-ar qc libvisualization_msgs__rosidl_generator_c.a CMakeFiles/visualization_msgs__rosidl_generator_c.dir/rosidl_generator_c/visualization_msgs/msg/detail/image_marker__functions.c.obj CMakeFiles/visualization_msgs__rosidl_generator_c.dir/rosidl_generator_c/visualization_msgs/msg/detail/interactive_marker__functions.c.obj CMakeFiles/visualization_msgs__rosidl_generator_c.dir/rosidl_generator_c/visualization_msgs/msg/detail/interactive_marker_control__functions.c.obj CMakeFiles/visualization_msgs__rosidl_generator_c.dir/rosidl_generator_c/visualization_msgs/msg/detail/interactive_marker_feedback__functions.c.obj CMakeFiles/visualization_msgs__rosidl_generator_c.dir/rosidl_generator_c/visualization_msgs/msg/detail/interactive_marker_init__functions.c.obj CMakeFiles/visualization_msgs__rosidl_generator_c.dir/rosidl_generator_c/visualization_msgs/msg/detail/interactive_marker_pose__functions.c.obj CMakeFiles/visualization_msgs__rosidl_generator_c.dir/rosidl_generator_c/visualization_msgs/msg/detail/interactive_marker_update__functions.c.obj CMakeFiles/visualization_msgs__rosidl_generator_c.dir/rosidl_generator_c/visualization_msgs/msg/detail/marker__functions.c.obj CMakeFiles/visualization_msgs__rosidl_generator_c.dir/rosidl_generator_c/visualization_msgs/msg/detail/marker_array__functions.c.obj CMakeFiles/visualization_msgs__rosidl_generator_c.dir/rosidl_generator_c/visualization_msgs/msg/detail/menu_entry__functions.c.obj CMakeFiles/visualization_msgs__rosidl_generator_c.dir/rosidl_generator_c/visualization_msgs/srv/detail/get_interactive_markers__functions.c.obj
/home/marlar/movelt_success/firmware/zephyr-sdk/arm-zephyr-eabi/bin/arm-zephyr-eabi-ranlib libvisualization_msgs__rosidl_generator_c.a
[ 33%] Built target visualization_msgs__rosidl_generator_c
[ 35%] [34m[1mGenerating C type support for eProsima Micro XRCE-DDS[0m
[ 38%] [32mBuilding C object CMakeFiles/visualization_msgs__rosidl_typesupport_microxrcedds_c.dir/rosidl_typesupport_microxrcedds_c/visualization_msgs/msg/detail/microxrcedds/image_marker__type_support_c.c.obj[0m
[ 41%] [32mBuilding C object CMakeFiles/visualization_msgs__rosidl_typesupport_microxrcedds_c.dir/rosidl_typesupport_microxrcedds_c/visualization_msgs/msg/detail/microxrcedds/interactive_marker__type_support_c.c.obj[0m
[ 43%] [32mBuilding C object CMakeFiles/visualization_msgs__rosidl_typesupport_microxrcedds_c.dir/rosidl_typesupport_microxrcedds_c/visualization_msgs/msg/detail/microxrcedds/interactive_marker_control__type_support_c.c.obj[0m
[ 46%] [32mBuilding C object CMakeFiles/visualization_msgs__rosidl_typesupport_microxrcedds_c.dir/rosidl_typesupport_microxrcedds_c/visualization_msgs/msg/detail/microxrcedds/interactive_marker_feedback__type_support_c.c.obj[0m
[ 48%] [32mBuilding C object CMakeFiles/visualization_msgs__rosidl_typesupport_microxrcedds_c.dir/rosidl_typesupport_microxrcedds_c/visualization_msgs/msg/detail/microxrcedds/interactive_marker_pose__type_support_c.c.obj[0m
[ 51%] [32mBuilding C object CMakeFiles/visualization_msgs__rosidl_typesupport_microxrcedds_c.dir/rosidl_typesupport_microxrcedds_c/visualization_msgs/msg/detail/microxrcedds/interactive_marker_init__type_support_c.c.obj[0m
[ 53%] [32mBuilding C object CMakeFiles/visualization_msgs__rosidl_typesupport_microxrcedds_c.dir/rosidl_typesupport_microxrcedds_c/visualization_msgs/msg/detail/microxrcedds/interactive_marker_update__type_support_c.c.obj[0m
[ 56%] [32mBuilding C object CMakeFiles/visualization_msgs__rosidl_typesupport_microxrcedds_c.dir/rosidl_typesupport_microxrcedds_c/visualization_msgs/msg/detail/microxrcedds/marker__type_support_c.c.obj[0m
[ 58%] [32mBuilding C object CMakeFiles/visualization_msgs__rosidl_typesupport_microxrcedds_c.dir/rosidl_typesupport_microxrcedds_c/visualization_msgs/msg/detail/microxrcedds/marker_array__type_support_c.c.obj[0m
[ 61%] [32mBuilding C object CMakeFiles/visualization_msgs__rosidl_typesupport_microxrcedds_c.dir/rosidl_typesupport_microxrcedds_c/visualization_msgs/msg/detail/microxrcedds/menu_entry__type_support_c.c.obj[0m
[ 64%] [32mBuilding C object CMakeFiles/visualization_msgs__rosidl_typesupport_microxrcedds_c.dir/rosidl_typesupport_microxrcedds_c/visualization_msgs/srv/detail/microxrcedds/get_interactive_markers__type_support_c.c.obj[0m
[ 66%] [32m[1mLinking CXX static library libvisualization_msgs__rosidl_typesupport_microxrcedds_c.a[0m
/home/marlar/movelt_success/firmware/zephyr-sdk/arm-zephyr-eabi/bin/arm-zephyr-eabi-ar qc libvisualization_msgs__rosidl_typesupport_microxrcedds_c.a CMakeFiles/visualization_msgs__rosidl_typesupport_microxrcedds_c.dir/rosidl_typesupport_microxrcedds_c/visualization_msgs/msg/detail/microxrcedds/image_marker__type_support_c.c.obj CMakeFiles/visualization_msgs__rosidl_typesupport_microxrcedds_c.dir/rosidl_typesupport_microxrcedds_c/visualization_msgs/msg/detail/microxrcedds/interactive_marker__type_support_c.c.obj CMakeFiles/visualization_msgs__rosidl_typesupport_microxrcedds_c.dir/rosidl_typesupport_microxrcedds_c/visualization_msgs/msg/detail/microxrcedds/interactive_marker_control__type_support_c.c.obj CMakeFiles/visualization_msgs__rosidl_typesupport_microxrcedds_c.dir/rosidl_typesupport_microxrcedds_c/visualization_msgs/msg/detail/microxrcedds/interactive_marker_feedback__type_support_c.c.obj CMakeFiles/visualization_msgs__rosidl_typesupport_microxrcedds_c.dir/rosidl_typesupport_microxrcedds_c/visualization_msgs/msg/detail/microxrcedds/interactive_marker_init__type_support_c.c.obj CMakeFiles/visualization_msgs__rosidl_typesupport_microxrcedds_c.dir/rosidl_typesupport_microxrcedds_c/visualization_msgs/msg/detail/microxrcedds/interactive_marker_pose__type_support_c.c.obj CMakeFiles/visualization_msgs__rosidl_typesupport_microxrcedds_c.dir/rosidl_typesupport_microxrcedds_c/visualization_msgs/msg/detail/microxrcedds/interactive_marker_update__type_support_c.c.obj CMakeFiles/visualization_msgs__rosidl_typesupport_microxrcedds_c.dir/rosidl_typesupport_microxrcedds_c/visualization_msgs/msg/detail/microxrcedds/marker__type_support_c.c.obj CMakeFiles/visualization_msgs__rosidl_typesupport_microxrcedds_c.dir/rosidl_typesupport_microxrcedds_c/visualization_msgs/msg/detail/microxrcedds/marker_array__type_support_c.c.obj CMakeFiles/visualization_msgs__rosidl_typesupport_microxrcedds_c.dir/rosidl_typesupport_microxrcedds_c/visualization_msgs/msg/detail/microxrcedds/menu_entry__type_support_c.c.obj CMakeFiles/visualization_msgs__rosidl_typesupport_microxrcedds_c.dir/rosidl_typesupport_microxrcedds_c/visualization_msgs/srv/detail/microxrcedds/get_interactive_markers__type_support_c.c.obj
/home/marlar/movelt_success/firmware/zephyr-sdk/arm-zephyr-eabi/bin/arm-zephyr-eabi-ranlib libvisualization_msgs__rosidl_typesupport_microxrcedds_c.a
[ 66%] Built target visualization_msgs__rosidl_typesupport_microxrcedds_c
[ 69%] [34m[1mGenerating C type support dispatch for ROS interfaces[0m
[ 71%] [32mBuilding CXX object CMakeFiles/visualization_msgs__rosidl_typesupport_c.dir/rosidl_typesupport_c/visualization_msgs/msg/image_marker__type_support.cpp.obj[0m
[ 76%] [32mBuilding CXX object CMakeFiles/visualization_msgs__rosidl_typesupport_c.dir/rosidl_typesupport_c/visualization_msgs/msg/interactive_marker_pose__type_support.cpp.obj[0m
[ 76%] [32mBuilding CXX object CMakeFiles/visualization_msgs__rosidl_typesupport_c.dir/rosidl_typesupport_c/visualization_msgs/msg/interactive_marker__type_support.cpp.obj[0m
[ 79%] [32mBuilding CXX object CMakeFiles/visualization_msgs__rosidl_typesupport_c.dir/rosidl_typesupport_c/visualization_msgs/msg/interactive_marker_control__type_support.cpp.obj[0m
[ 82%] [32mBuilding CXX object CMakeFiles/visualization_msgs__rosidl_typesupport_c.dir/rosidl_typesupport_c/visualization_msgs/msg/interactive_marker_update__type_support.cpp.obj[0m
[ 84%] [32mBuilding CXX object CMakeFiles/visualization_msgs__rosidl_typesupport_c.dir/rosidl_typesupport_c/visualization_msgs/msg/marker_array__type_support.cpp.obj[0m
[ 87%] [32mBuilding CXX object CMakeFiles/visualization_msgs__rosidl_typesupport_c.dir/rosidl_typesupport_c/visualization_msgs/msg/interactive_marker_feedback__type_support.cpp.obj[0m
[ 89%] [32mBuilding CXX object CMakeFiles/visualization_msgs__rosidl_typesupport_c.dir/rosidl_typesupport_c/visualization_msgs/msg/interactive_marker_init__type_support.cpp.obj[0m
[ 92%] [32mBuilding CXX object CMakeFiles/visualization_msgs__rosidl_typesupport_c.dir/rosidl_typesupport_c/visualization_msgs/msg/marker__type_support.cpp.obj[0m
[ 94%] [32mBuilding CXX object CMakeFiles/visualization_msgs__rosidl_typesupport_c.dir/rosidl_typesupport_c/visualization_msgs/msg/menu_entry__type_support.cpp.obj[0m
[ 97%] [32mBuilding CXX object CMakeFiles/visualization_msgs__rosidl_typesupport_c.dir/rosidl_typesupport_c/visualization_msgs/srv/get_interactive_markers__type_support.cpp.obj[0m
[100%] [32m[1mLinking CXX static library libvisualization_msgs__rosidl_typesupport_c.a[0m
/home/marlar/movelt_success/firmware/zephyr-sdk/arm-zephyr-eabi/bin/arm-zephyr-eabi-ar qc libvisualization_msgs__rosidl_typesupport_c.a CMakeFiles/visualization_msgs__rosidl_typesupport_c.dir/rosidl_typesupport_c/visualization_msgs/msg/image_marker__type_support.cpp.obj CMakeFiles/visualization_msgs__rosidl_typesupport_c.dir/rosidl_typesupport_c/visualization_msgs/msg/interactive_marker__type_support.cpp.obj CMakeFiles/visualization_msgs__rosidl_typesupport_c.dir/rosidl_typesupport_c/visualization_msgs/msg/interactive_marker_control__type_support.cpp.obj CMakeFiles/visualization_msgs__rosidl_typesupport_c.dir/rosidl_typesupport_c/visualization_msgs/msg/interactive_marker_feedback__type_support.cpp.obj CMakeFiles/visualization_msgs__rosidl_typesupport_c.dir/rosidl_typesupport_c/visualization_msgs/msg/interactive_marker_init__type_support.cpp.obj CMakeFiles/visualization_msgs__rosidl_typesupport_c.dir/rosidl_typesupport_c/visualization_msgs/msg/interactive_marker_pose__type_support.cpp.obj CMakeFiles/visualization_msgs__rosidl_typesupport_c.dir/rosidl_typesupport_c/visualization_msgs/msg/interactive_marker_update__type_support.cpp.obj CMakeFiles/visualization_msgs__rosidl_typesupport_c.dir/rosidl_typesupport_c/visualization_msgs/msg/marker__type_support.cpp.obj CMakeFiles/visualization_msgs__rosidl_typesupport_c.dir/rosidl_typesupport_c/visualization_msgs/msg/marker_array__type_support.cpp.obj CMakeFiles/visualization_msgs__rosidl_typesupport_c.dir/rosidl_typesupport_c/visualization_msgs/msg/menu_entry__type_support.cpp.obj CMakeFiles/visualization_msgs__rosidl_typesupport_c.dir/rosidl_typesupport_c/visualization_msgs/srv/get_interactive_markers__type_support.cpp.obj
/home/marlar/movelt_success/firmware/zephyr-sdk/arm-zephyr-eabi/bin/arm-zephyr-eabi-ranlib libvisualization_msgs__rosidl_typesupport_c.a
[100%] Built target visualization_msgs__rosidl_typesupport_c
[100%] Built target visualization_msgs
-- Install configuration: "Debug"
-- Installing: /home/marlar/movelt_success/firmware/mcu_ws/install/share/ament_index/resource_index/rosidl_interfaces/visualization_msgs
-- Installing: /home/marlar/movelt_success/firmware/mcu_ws/install/include/visualization_msgs
-- Installing: /home/marlar/movelt_success/firmware/mcu_ws/install/include/visualization_msgs/msg
-- Installing: /home/marlar/movelt_success/firmware/mcu_ws/install/include/visualization_msgs/msg/image_marker.h
-- Installing: /home/marlar/movelt_success/firmware/mcu_ws/install/include/visualization_msgs/msg/detail
-- Installing: /home/marlar/movelt_success/firmware/mcu_ws/install/include/visualization_msgs/msg/detail/interactive_marker_update__functions.h
-- Installing: /home/marlar/movelt_success/firmware/mcu_ws/install/include/visualization_msgs/msg/detail/interactive_marker_pose__type_support.h
-- Installing: /home/marlar/movelt_success/firmware/mcu_ws/install/include/visualization_msgs/msg/detail/interactive_marker_control__functions.h
-- Installing: /home/marlar/movelt_success/firmware/mcu_ws/install/include/visualization_msgs/msg/detail/interactive_marker__functions.c
-- Installing: /home/marlar/movelt_success/firmware/mcu_ws/install/include/visualization_msgs/msg/detail/marker__struct.h
-- Installing: /home/marlar/movelt_success/firmware/mcu_ws/install/include/visualization_msgs/msg/detail/menu_entry__struct.h
-- Installing: /home/marlar/movelt_success/firmware/mcu_ws/install/include/visualization_msgs/msg/detail/interactive_marker_init__struct.h
-- Installing: /home/marlar/movelt_success/firmware/mcu_ws/install/include/visualization_msgs/msg/detail/menu_entry__functions.c
-- Installing: /home/marlar/movelt_success/firmware/mcu_ws/install/include/visualization_msgs/msg/detail/marker_array__functions.h
-- Installing: /home/marlar/movelt_success/firmware/mcu_ws/install/include/visualization_msgs/msg/detail/interactive_marker__type_support.h
-- Installing: /home/marlar/movelt_success/firmware/mcu_ws/install/include/visualization_msgs/msg/detail/image_marker__type_support.h
-- Installing: /home/marlar/movelt_success/firmware/mcu_ws/install/include/visualization_msgs/msg/detail/marker_array__struct.h
-- Installing: /home/marlar/movelt_success/firmware/mcu_ws/install/include/visualization_msgs/msg/detail/interactive_marker_init__functions.c
-- Installing: /home/marlar/movelt_success/firmware/mcu_ws/install/include/visualization_msgs/msg/detail/menu_entry__type_support.h
-- Installing: /home/marlar/movelt_success/firmware/mcu_ws/install/include/visualization_msgs/msg/detail/interactive_marker_feedback__functions.c
-- Installing: /home/marlar/movelt_success/firmware/mcu_ws/install/include/visualization_msgs/msg/detail/marker__functions.h
-- Installing: /home/marlar/movelt_success/firmware/mcu_ws/install/include/visualization_msgs/msg/detail/interactive_marker_feedback__struct.h
-- Installing: /home/marlar/movelt_success/firmware/mcu_ws/install/include/visualization_msgs/msg/detail/image_marker__struct.h
-- Installing: /home/marlar/movelt_success/firmware/mcu_ws/install/include/visualization_msgs/msg/detail/menu_entry__functions.h
-- Installing: /home/marlar/movelt_success/firmware/mcu_ws/install/include/visualization_msgs/msg/detail/interactive_marker_control__functions.c
-- Installing: /home/marlar/movelt_success/firmware/mcu_ws/install/include/visualization_msgs/msg/detail/interactive_marker__functions.h
-- Installing: /home/marlar/movelt_success/firmware/mcu_ws/install/include/visualization_msgs/msg/detail/marker_array__functions.c
-- Installing: /home/marlar/movelt_success/firmware/mcu_ws/install/include/visualization_msgs/msg/detail/marker__type_support.h
-- Installing: /home/marlar/movelt_success/firmware/mcu_ws/install/include/visualization_msgs/msg/detail/interactive_marker_pose__struct.h
-- Installing: /home/marlar/movelt_success/firmware/mcu_ws/install/include/visualization_msgs/msg/detail/interactive_marker_init__functions.h
-- Installing: /home/marlar/movelt_success/firmware/mcu_ws/install/include/visualization_msgs/msg/detail/interactive_marker_control__type_support.h
-- Installing: /home/marlar/movelt_success/firmware/mcu_ws/install/include/visualization_msgs/msg/detail/interactive_marker_update__functions.c
-- Installing: /home/marlar/movelt_success/firmware/mcu_ws/install/include/visualization_msgs/msg/detail/marker_array__type_support.h
-- Installing: /home/marlar/movelt_success/firmware/mcu_ws/install/include/visualization_msgs/msg/detail/interactive_marker_control__struct.h
-- Installing: /home/marlar/movelt_success/firmware/mcu_ws/install/include/visualization_msgs/msg/detail/interactive_marker_update__struct.h
-- Installing: /home/marlar/movelt_success/firmware/mcu_ws/install/include/visualization_msgs/msg/detail/interactive_marker_pose__functions.c
-- Installing: /home/marlar/movelt_success/firmware/mcu_ws/install/include/visualization_msgs/msg/detail/interactive_marker__struct.h
-- Installing: /home/marlar/movelt_success/firmware/mcu_ws/install/include/visualization_msgs/msg/detail/interactive_marker_pose__functions.h
-- Installing: /home/marlar/movelt_success/firmware/mcu_ws/install/include/visualization_msgs/msg/detail/image_marker__functions.h
-- Installing: /home/marlar/movelt_success/firmware/mcu_ws/install/include/visualization_msgs/msg/detail/marker__functions.c
-- Installing: /home/marlar/movelt_success/firmware/mcu_ws/install/include/visualization_msgs/msg/detail/interactive_marker_update__type_support.h
-- Installing: /home/marlar/movelt_success/firmware/mcu_ws/install/include/visualization_msgs/msg/detail/interactive_marker_init__type_support.h
-- Installing: /home/marlar/movelt_success/firmware/mcu_ws/install/include/visualization_msgs/msg/detail/interactive_marker_feedback__functions.h
-- Installing: /home/marlar/movelt_success/firmware/mcu_ws/install/include/visualization_msgs/msg/detail/interactive_marker_feedback__type_support.h
-- Installing: /home/marlar/movelt_success/firmware/mcu_ws/install/include/visualization_msgs/msg/detail/image_marker__functions.c
-- Installing: /home/marlar/movelt_success/firmware/mcu_ws/install/include/visualization_msgs/msg/interactive_marker_feedback.h
-- Installing: /home/marlar/movelt_success/firmware/mcu_ws/install/include/visualization_msgs/msg/interactive_marker.h
-- Installing: /home/marlar/movelt_success/firmware/mcu_ws/install/include/visualization_msgs/msg/menu_entry.h
-- Installing: /home/marlar/movelt_success/firmware/mcu_ws/install/include/visualization_msgs/msg/marker_array.h
-- Installing: /home/marlar/movelt_success/firmware/mcu_ws/install/include/visualization_msgs/msg/interactive_marker_control.h
-- Installing: /home/marlar/movelt_success/firmware/mcu_ws/install/include/visualization_msgs/msg/interactive_marker_update.h
-- Installing: /home/marlar/movelt_success/firmware/mcu_ws/install/include/visualization_msgs/msg/marker.h
-- Installing: /home/marlar/movelt_success/firmware/mcu_ws/install/include/visualization_msgs/msg/interactive_marker_pose.h
-- Installing: /home/marlar/movelt_success/firmware/mcu_ws/install/include/visualization_msgs/msg/rosidl_generator_c__visibility_control.h
-- Installing: /home/marlar/movelt_success/firmware/mcu_ws/install/include/visualization_msgs/msg/interactive_marker_init.h
-- Installing: /home/marlar/movelt_success/firmware/mcu_ws/install/include/visualization_msgs/srv
-- Installing: /home/marlar/movelt_success/firmware/mcu_ws/install/include/visualization_msgs/srv/detail
-- Installing: /home/marlar/movelt_success/firmware/mcu_ws/install/include/visualization_msgs/srv/detail/get_interactive_markers__functions.h
-- Installing: /home/marlar/movelt_success/firmware/mcu_ws/install/include/visualization_msgs/srv/detail/get_interactive_markers__type_support.h
-- Installing: /home/marlar/movelt_success/firmware/mcu_ws/install/include/visualization_msgs/srv/detail/get_interactive_markers__struct.h
-- Installing: /home/marlar/movelt_success/firmware/mcu_ws/install/include/visualization_msgs/srv/detail/get_interactive_markers__functions.c
-- Installing: /home/marlar/movelt_success/firmware/mcu_ws/install/include/visualization_msgs/srv/get_interactive_markers.h
-- Installing: /home/marlar/movelt_success/firmware/mcu_ws/install/share/visualization_msgs/environment/library_path.sh
-- Installing: /home/marlar/movelt_success/firmware/mcu_ws/install/share/visualization_msgs/environment/library_path.dsv
-- Installing: /home/marlar/movelt_success/firmware/mcu_ws/install/lib/libvisualization_msgs__rosidl_generator_c.a
-- Up-to-date: /home/marlar/movelt_success/firmware/mcu_ws/install/include/visualization_msgs
-- Up-to-date: /home/marlar/movelt_success/firmware/mcu_ws/install/include/visualization_msgs/msg
-- Installing: /home/marlar/movelt_success/firmware/mcu_ws/install/include/visualization_msgs/msg/rosidl_typesupport_microxrcedds_c__visibility_control.h
-- Up-to-date: /home/marlar/movelt_success/firmware/mcu_ws/install/include/visualization_msgs/msg/detail
-- Installing: /home/marlar/movelt_success/firmware/mcu_ws/install/include/visualization_msgs/msg/detail/menu_entry__rosidl_typesupport_microxrcedds_c.h
-- Installing: /home/marlar/movelt_success/firmware/mcu_ws/install/include/visualization_msgs/msg/detail/marker__rosidl_typesupport_microxrcedds_c.h
-- Installing: /home/marlar/movelt_success/firmware/mcu_ws/install/include/visualization_msgs/msg/detail/marker_array__rosidl_typesupport_microxrcedds_c.h
-- Installing: /home/marlar/movelt_success/firmware/mcu_ws/install/include/visualization_msgs/msg/detail/interactive_marker_pose__rosidl_typesupport_microxrcedds_c.h
-- Installing: /home/marlar/movelt_success/firmware/mcu_ws/install/include/visualization_msgs/msg/detail/interactive_marker_init__rosidl_typesupport_microxrcedds_c.h
-- Installing: /home/marlar/movelt_success/firmware/mcu_ws/install/include/visualization_msgs/msg/detail/interactive_marker_feedback__rosidl_typesupport_microxrcedds_c.h
-- Installing: /home/marlar/movelt_success/firmware/mcu_ws/install/include/visualization_msgs/msg/detail/microxrcedds
-- Installing: /home/marlar/movelt_success/firmware/mcu_ws/install/include/visualization_msgs/msg/detail/image_marker__rosidl_typesupport_microxrcedds_c.h
-- Installing: /home/marlar/movelt_success/firmware/mcu_ws/install/include/visualization_msgs/msg/detail/interactive_marker__rosidl_typesupport_microxrcedds_c.h
-- Installing: /home/marlar/movelt_success/firmware/mcu_ws/install/include/visualization_msgs/msg/detail/interactive_marker_update__rosidl_typesupport_microxrcedds_c.h
-- Installing: /home/marlar/movelt_success/firmware/mcu_ws/install/include/visualization_msgs/msg/detail/interactive_marker_control__rosidl_typesupport_microxrcedds_c.h
-- Up-to-date: /home/marlar/movelt_success/firmware/mcu_ws/install/include/visualization_msgs/srv
-- Up-to-date: /home/marlar/movelt_success/firmware/mcu_ws/install/include/visualization_msgs/srv/detail
-- Installing: /home/marlar/movelt_success/firmware/mcu_ws/install/include/visualization_msgs/srv/detail/microxrcedds
-- Installing: /home/marlar/movelt_success/firmware/mcu_ws/install/include/visualization_msgs/srv/detail/get_interactive_markers__rosidl_typesupport_microxrcedds_c.h
-- Installing: /home/marlar/movelt_success/firmware/mcu_ws/install/lib/libvisualization_msgs__rosidl_typesupport_microxrcedds_c.a
-- Installing: /home/marlar/movelt_success/firmware/mcu_ws/install/lib/libvisualization_msgs__rosidl_typesupport_c.a
-- Up-to-date: /home/marlar/movelt_success/firmware/mcu_ws/install/lib/libvisualization_msgs__rosidl_typesupport_microxrcedds_c.a
-- Installing: /home/marlar/movelt_success/firmware/mcu_ws/install/share/visualization_msgs/msg/ImageMarker.idl
-- Installing: /home/marlar/movelt_success/firmware/mcu_ws/install/share/visualization_msgs/msg/InteractiveMarker.idl
-- Installing: /home/marlar/movelt_success/firmware/mcu_ws/install/share/visualization_msgs/msg/InteractiveMarkerControl.idl
-- Installing: /home/marlar/movelt_success/firmware/mcu_ws/install/share/visualization_msgs/msg/InteractiveMarkerFeedback.idl
-- Installing: /home/marlar/movelt_success/firmware/mcu_ws/install/share/visualization_msgs/msg/InteractiveMarkerInit.idl
-- Installing: /home/marlar/movelt_success/firmware/mcu_ws/install/share/visualization_msgs/msg/InteractiveMarkerPose.idl
-- Installing: /home/marlar/movelt_success/firmware/mcu_ws/install/share/visualization_msgs/msg/InteractiveMarkerUpdate.idl
-- Installing: /home/marlar/movelt_success/firmware/mcu_ws/install/share/visualization_msgs/msg/Marker.idl
-- Installing: /home/marlar/movelt_success/firmware/mcu_ws/install/share/visualization_msgs/msg/MarkerArray.idl
-- Installing: /home/marlar/movelt_success/firmware/mcu_ws/install/share/visualization_msgs/msg/MenuEntry.idl
-- Installing: /home/marlar/movelt_success/firmware/mcu_ws/install/share/visualization_msgs/srv/GetInteractiveMarkers.idl
-- Installing: /home/marlar/movelt_success/firmware/mcu_ws/install/share/visualization_msgs/msg/ImageMarker.msg
-- Installing: /home/marlar/movelt_success/firmware/mcu_ws/install/share/visualization_msgs/msg/InteractiveMarker.msg
-- Installing: /home/marlar/movelt_success/firmware/mcu_ws/install/share/visualization_msgs/msg/InteractiveMarkerControl.msg
-- Installing: /home/marlar/movelt_success/firmware/mcu_ws/install/share/visualization_msgs/msg/InteractiveMarkerFeedback.msg
-- Installing: /home/marlar/movelt_success/firmware/mcu_ws/install/share/visualization_msgs/msg/InteractiveMarkerInit.msg
-- Installing: /home/marlar/movelt_success/firmware/mcu_ws/install/share/visualization_msgs/msg/InteractiveMarkerPose.msg
-- Installing: /home/marlar/movelt_success/firmware/mcu_ws/install/share/visualization_msgs/msg/InteractiveMarkerUpdate.msg
-- Installing: /home/marlar/movelt_success/firmware/mcu_ws/install/share/visualization_msgs/msg/Marker.msg
-- Installing: /home/marlar/movelt_success/firmware/mcu_ws/install/share/visualization_msgs/msg/MarkerArray.msg
-- Installing: /home/marlar/movelt_success/firmware/mcu_ws/install/share/visualization_msgs/msg/MenuEntry.msg
-- Installing: /home/marlar/movelt_success/firmware/mcu_ws/install/share/visualization_msgs/srv/GetInteractiveMarkers.srv
-- Installing: /home/marlar/movelt_success/firmware/mcu_ws/install/share/visualization_msgs/srv/GetInteractiveMarkers_Request.msg
-- Installing: /home/marlar/movelt_success/firmware/mcu_ws/install/share/visualization_msgs/srv/GetInteractiveMarkers_Response.msg
-- Installing: /home/marlar/movelt_success/firmware/mcu_ws/install/share/ament_index/resource_index/package_run_dependencies/visualization_msgs
-- Installing: /home/marlar/movelt_success/firmware/mcu_ws/install/share/ament_index/resource_index/parent_prefix_path/visualization_msgs
-- Installing: /home/marlar/movelt_success/firmware/mcu_ws/install/share/visualization_msgs/environment/ament_prefix_path.sh
-- Installing: /home/marlar/movelt_success/firmware/mcu_ws/install/share/visualization_msgs/environment/ament_prefix_path.dsv
-- Installing: /home/marlar/movelt_success/firmware/mcu_ws/install/share/visualization_msgs/environment/path.sh
-- Installing: /home/marlar/movelt_success/firmware/mcu_ws/install/share/visualization_msgs/environment/path.dsv
-- Installing: /home/marlar/movelt_success/firmware/mcu_ws/install/share/visualization_msgs/local_setup.bash
-- Installing: /home/marlar/movelt_success/firmware/mcu_ws/install/share/visualization_msgs/local_setup.sh
-- Installing: /home/marlar/movelt_success/firmware/mcu_ws/install/share/visualization_msgs/local_setup.zsh
-- Installing: /home/marlar/movelt_success/firmware/mcu_ws/install/share/visualization_msgs/local_setup.dsv
-- Installing: /home/marlar/movelt_success/firmware/mcu_ws/install/share/visualization_msgs/package.dsv
-- Installing: /home/marlar/movelt_success/firmware/mcu_ws/install/share/ament_index/resource_index/packages/visualization_msgs
-- Installing: /home/marlar/movelt_success/firmware/mcu_ws/install/share/visualization_msgs/cmake/visualization_msgs__rosidl_generator_cExport.cmake
-- Installing: /home/marlar/movelt_success/firmware/mcu_ws/install/share/visualization_msgs/cmake/visualization_msgs__rosidl_generator_cExport-debug.cmake
-- Installing: /home/marlar/movelt_success/firmware/mcu_ws/install/share/visualization_msgs/cmake/visualization_msgs__rosidl_typesupport_cExport.cmake
-- Installing: /home/marlar/movelt_success/firmware/mcu_ws/install/share/visualization_msgs/cmake/visualization_msgs__rosidl_typesupport_cExport-debug.cmake
-- Installing: /home/marlar/movelt_success/firmware/mcu_ws/install/share/visualization_msgs/cmake/rosidl_cmake-extras.cmake
-- Installing: /home/marlar/movelt_success/firmware/mcu_ws/install/share/visualization_msgs/cmake/ament_cmake_export_dependencies-extras.cmake
-- Installing: /home/marlar/movelt_success/firmware/mcu_ws/install/share/visualization_msgs/cmake/ament_cmake_export_libraries-extras.cmake
-- Installing: /home/marlar/movelt_success/firmware/mcu_ws/install/share/visualization_msgs/cmake/ament_cmake_export_targets-extras.cmake
-- Installing: /home/marlar/movelt_success/firmware/mcu_ws/install/share/visualization_msgs/cmake/ament_cmake_export_include_directories-extras.cmake
-- Installing: /home/marlar/movelt_success/firmware/mcu_ws/install/share/visualization_msgs/cmake/rosidl_cmake_export_typesupport_libraries-extras.cmake
-- Installing: /home/marlar/movelt_success/firmware/mcu_ws/install/share/visualization_msgs/cmake/visualization_msgsConfig.cmake
-- Installing: /home/marlar/movelt_success/firmware/mcu_ws/install/share/visualization_msgs/cmake/visualization_msgsConfig-version.cmake
-- Installing: /home/marlar/movelt_success/firmware/mcu_ws/install/share/visualization_msgs/package.xml
