-- The C compiler identification is GNU 9.2.0
-- Detecting C compiler ABI info
-- Detecting C compiler ABI info - done
-- Check for working C compiler: /home/nuc01/zephyr_microros_pingpong/firmware/zephyr-sdk/arm-zephyr-eabi/bin/arm-zephyr-eabi-gcc - skipped
-- Detecting C compile features
-- Detecting C compile features - done
-- Found ament_cmake_ros: 0.9.1 (/home/nuc01/zephyr_microros_pingpong/firmware/dev_ws/install/ament_cmake_ros/share/ament_cmake_ros/cmake)
-- Found PythonInterp: /usr/bin/python3 (found suitable version "3.8.5", minimum required is "3") 
-- Using PYTHON_EXECUTABLE: /usr/bin/python3
-- Found rcutils: 1.1.2 (/home/nuc01/zephyr_microros_pingpong/firmware/mcu_ws/install/share/rcutils/cmake)
-- Found rosidl_runtime_c: 1.2.0 (/home/nuc01/zephyr_microros_pingpong/firmware/mcu_ws/install/share/rosidl_runtime_c/cmake)
-- Found rmw: 1.0.2 (/home/nuc01/zephyr_microros_pingpong/firmware/mcu_ws/install/share/rmw/cmake)
-- Found rosidl_typesupport_microxrcedds_c: 0.0.1 (/home/nuc01/zephyr_microros_pingpong/firmware/mcu_ws/install/share/rosidl_typesupport_microxrcedds_c/cmake)
-- Found rosidl_adapter: 1.2.0 (/home/nuc01/zephyr_microros_pingpong/firmware/mcu_ws/install/share/rosidl_adapter/cmake)
-- Configuring done
-- Generating done
-- Build files have been written to: /home/nuc01/zephyr_microros_pingpong/firmware/mcu_ws/build/rmw_microxrcedds
Dependee "/home/nuc01/zephyr_microros_pingpong/firmware/mcu_ws/build/rmw_microxrcedds/CMakeFiles/rmw_microxrcedds.dir/DependInfo.cmake" is newer than depender "/home/nuc01/zephyr_microros_pingpong/firmware/mcu_ws/build/rmw_microxrcedds/CMakeFiles/rmw_microxrcedds.dir/depend.internal".
Dependee "/home/nuc01/zephyr_microros_pingpong/firmware/mcu_ws/build/rmw_microxrcedds/CMakeFiles/CMakeDirectoryInformation.cmake" is newer than depender "/home/nuc01/zephyr_microros_pingpong/firmware/mcu_ws/build/rmw_microxrcedds/CMakeFiles/rmw_microxrcedds.dir/depend.internal".
[35m[1mScanning dependencies of target rmw_microxrcedds[0m
[  2%] [32mBuilding C object CMakeFiles/rmw_microxrcedds.dir/src/identifiers.c.obj[0m
[  5%] [32mBuilding C object CMakeFiles/rmw_microxrcedds.dir/src/memory.c.obj[0m
[  8%] [32mBuilding C object CMakeFiles/rmw_microxrcedds.dir/src/rmw_client.c.obj[0m
[ 11%] [32mBuilding C object CMakeFiles/rmw_microxrcedds.dir/src/rmw_compare_gids_equal.c.obj[0m
[ 13%] [32mBuilding C object CMakeFiles/rmw_microxrcedds.dir/src/rmw_count.c.obj[0m
[ 16%] [32mBuilding C object CMakeFiles/rmw_microxrcedds.dir/src/rmw_event.c.obj[0m
[ 19%] [32mBuilding C object CMakeFiles/rmw_microxrcedds.dir/src/rmw_get_gid_for_publisher.c.obj[0m
[ 22%] [32mBuilding C object CMakeFiles/rmw_microxrcedds.dir/src/rmw_get_implementation_identifier.c.obj[0m
[ 25%] [32mBuilding C object CMakeFiles/rmw_microxrcedds.dir/src/rmw_get_serialization_format.c.obj[0m
[ 27%] [32mBuilding C object CMakeFiles/rmw_microxrcedds.dir/src/rmw_get_topic_endpoint_info.c.obj[0m
[ 30%] [32mBuilding C object CMakeFiles/rmw_microxrcedds.dir/src/rmw_guard_condition.c.obj[0m
[ 33%] [32mBuilding C object CMakeFiles/rmw_microxrcedds.dir/src/rmw_init.c.obj[0m
[ 36%] [32mBuilding C object CMakeFiles/rmw_microxrcedds.dir/src/rmw_logging.c.obj[0m
[ 38%] [32mBuilding C object CMakeFiles/rmw_microxrcedds.dir/src/rmw_microxrcedds_topic.c.obj[0m
[ 41%] [32mBuilding C object CMakeFiles/rmw_microxrcedds.dir/src/rmw_node.c.obj[0m
[ 44%] [32mBuilding C object CMakeFiles/rmw_microxrcedds.dir/src/rmw_node_info_and_types.c.obj[0m
[ 47%] [32mBuilding C object CMakeFiles/rmw_microxrcedds.dir/src/rmw_node_names.c.obj[0m
[ 50%] [32mBuilding C object CMakeFiles/rmw_microxrcedds.dir/src/rmw_publish.c.obj[0m
[ 52%] [32mBuilding C object CMakeFiles/rmw_microxrcedds.dir/src/rmw_publisher.c.obj[0m
[ 55%] [32mBuilding C object CMakeFiles/rmw_microxrcedds.dir/src/rmw_request.c.obj[0m
[ 58%] [32mBuilding C object CMakeFiles/rmw_microxrcedds.dir/src/rmw_response.c.obj[0m
[ 61%] [32mBuilding C object CMakeFiles/rmw_microxrcedds.dir/src/rmw_serialize.c.obj[0m
[ 63%] [32mBuilding C object CMakeFiles/rmw_microxrcedds.dir/src/rmw_service.c.obj[0m
[ 66%] [32mBuilding C object CMakeFiles/rmw_microxrcedds.dir/src/rmw_service_names_and_types.c.obj[0m
[ 69%] [32mBuilding C object CMakeFiles/rmw_microxrcedds.dir/src/rmw_service_server_is_available.c.obj[0m
[ 72%] [32mBuilding C object CMakeFiles/rmw_microxrcedds.dir/src/rmw_subscription.c.obj[0m
[ 75%] [32mBuilding C object CMakeFiles/rmw_microxrcedds.dir/src/rmw_take.c.obj[0m
[ 77%] [32mBuilding C object CMakeFiles/rmw_microxrcedds.dir/src/rmw_topic_names_and_types.c.obj[0m
[ 80%] [32mBuilding C object CMakeFiles/rmw_microxrcedds.dir/src/rmw_trigger_guard_condition.c.obj[0m
[ 83%] [32mBuilding C object CMakeFiles/rmw_microxrcedds.dir/src/rmw_uros_options.c.obj[0m
[ 86%] [32mBuilding C object CMakeFiles/rmw_microxrcedds.dir/src/rmw_wait.c.obj[0m
[ 88%] [32mBuilding C object CMakeFiles/rmw_microxrcedds.dir/src/rmw_wait_set.c.obj[0m
[ 91%] [32mBuilding C object CMakeFiles/rmw_microxrcedds.dir/src/types.c.obj[0m
[ 94%] [32mBuilding C object CMakeFiles/rmw_microxrcedds.dir/src/utils.c.obj[0m
[ 97%] [32mBuilding C object CMakeFiles/rmw_microxrcedds.dir/src/callbacks.c.obj[0m
[100%] [32m[1mLinking C static library librmw_microxrcedds.a[0m
/home/nuc01/zephyr_microros_pingpong/firmware/zephyr-sdk/arm-zephyr-eabi/bin/arm-zephyr-eabi-ar qc librmw_microxrcedds.a CMakeFiles/rmw_microxrcedds.dir/src/identifiers.c.obj CMakeFiles/rmw_microxrcedds.dir/src/memory.c.obj CMakeFiles/rmw_microxrcedds.dir/src/rmw_client.c.obj CMakeFiles/rmw_microxrcedds.dir/src/rmw_compare_gids_equal.c.obj CMakeFiles/rmw_microxrcedds.dir/src/rmw_count.c.obj CMakeFiles/rmw_microxrcedds.dir/src/rmw_event.c.obj CMakeFiles/rmw_microxrcedds.dir/src/rmw_get_gid_for_publisher.c.obj CMakeFiles/rmw_microxrcedds.dir/src/rmw_get_implementation_identifier.c.obj CMakeFiles/rmw_microxrcedds.dir/src/rmw_get_serialization_format.c.obj CMakeFiles/rmw_microxrcedds.dir/src/rmw_get_topic_endpoint_info.c.obj CMakeFiles/rmw_microxrcedds.dir/src/rmw_guard_condition.c.obj CMakeFiles/rmw_microxrcedds.dir/src/rmw_init.c.obj CMakeFiles/rmw_microxrcedds.dir/src/rmw_logging.c.obj CMakeFiles/rmw_microxrcedds.dir/src/rmw_microxrcedds_topic.c.obj CMakeFiles/rmw_microxrcedds.dir/src/rmw_node.c.obj CMakeFiles/rmw_microxrcedds.dir/src/rmw_node_info_and_types.c.obj CMakeFiles/rmw_microxrcedds.dir/src/rmw_node_names.c.obj CMakeFiles/rmw_microxrcedds.dir/src/rmw_publish.c.obj CMakeFiles/rmw_microxrcedds.dir/src/rmw_publisher.c.obj CMakeFiles/rmw_microxrcedds.dir/src/rmw_request.c.obj CMakeFiles/rmw_microxrcedds.dir/src/rmw_response.c.obj CMakeFiles/rmw_microxrcedds.dir/src/rmw_serialize.c.obj CMakeFiles/rmw_microxrcedds.dir/src/rmw_service.c.obj CMakeFiles/rmw_microxrcedds.dir/src/rmw_service_names_and_types.c.obj CMakeFiles/rmw_microxrcedds.dir/src/rmw_service_server_is_available.c.obj CMakeFiles/rmw_microxrcedds.dir/src/rmw_subscription.c.obj CMakeFiles/rmw_microxrcedds.dir/src/rmw_take.c.obj CMakeFiles/rmw_microxrcedds.dir/src/rmw_topic_names_and_types.c.obj CMakeFiles/rmw_microxrcedds.dir/src/rmw_trigger_guard_condition.c.obj CMakeFiles/rmw_microxrcedds.dir/src/rmw_uros_options.c.obj CMakeFiles/rmw_microxrcedds.dir/src/rmw_wait.c.obj CMakeFiles/rmw_microxrcedds.dir/src/rmw_wait_set.c.obj CMakeFiles/rmw_microxrcedds.dir/src/types.c.obj CMakeFiles/rmw_microxrcedds.dir/src/utils.c.obj CMakeFiles/rmw_microxrcedds.dir/src/callbacks.c.obj
/home/nuc01/zephyr_microros_pingpong/firmware/zephyr-sdk/arm-zephyr-eabi/bin/arm-zephyr-eabi-ranlib librmw_microxrcedds.a
[100%] Built target rmw_microxrcedds
-- Install configuration: "Debug"
-- Installing: /home/nuc01/zephyr_microros_pingpong/firmware/mcu_ws/install/share/rmw_microxrcedds/environment/library_path.sh
-- Installing: /home/nuc01/zephyr_microros_pingpong/firmware/mcu_ws/install/share/rmw_microxrcedds/environment/library_path.dsv
-- Installing: /home/nuc01/zephyr_microros_pingpong/firmware/mcu_ws/install/share/ament_index/resource_index/rmw_typesupport_c/rmw_microxrcedds
-- Installing: /home/nuc01/zephyr_microros_pingpong/firmware/mcu_ws/install/share/ament_index/resource_index/rmw_typesupport/rmw_microxrcedds
-- Installing: /home/nuc01/zephyr_microros_pingpong/firmware/mcu_ws/install/share/ament_index/resource_index/package_run_dependencies/rmw_microxrcedds
-- Installing: /home/nuc01/zephyr_microros_pingpong/firmware/mcu_ws/install/share/ament_index/resource_index/parent_prefix_path/rmw_microxrcedds
-- Installing: /home/nuc01/zephyr_microros_pingpong/firmware/mcu_ws/install/share/rmw_microxrcedds/environment/ament_prefix_path.sh
-- Installing: /home/nuc01/zephyr_microros_pingpong/firmware/mcu_ws/install/share/rmw_microxrcedds/environment/ament_prefix_path.dsv
-- Installing: /home/nuc01/zephyr_microros_pingpong/firmware/mcu_ws/install/share/rmw_microxrcedds/environment/path.sh
-- Installing: /home/nuc01/zephyr_microros_pingpong/firmware/mcu_ws/install/share/rmw_microxrcedds/environment/path.dsv
-- Installing: /home/nuc01/zephyr_microros_pingpong/firmware/mcu_ws/install/share/rmw_microxrcedds/local_setup.bash
-- Installing: /home/nuc01/zephyr_microros_pingpong/firmware/mcu_ws/install/share/rmw_microxrcedds/local_setup.sh
-- Installing: /home/nuc01/zephyr_microros_pingpong/firmware/mcu_ws/install/share/rmw_microxrcedds/local_setup.zsh
-- Installing: /home/nuc01/zephyr_microros_pingpong/firmware/mcu_ws/install/share/rmw_microxrcedds/local_setup.dsv
-- Installing: /home/nuc01/zephyr_microros_pingpong/firmware/mcu_ws/install/share/rmw_microxrcedds/package.dsv
-- Installing: /home/nuc01/zephyr_microros_pingpong/firmware/mcu_ws/install/share/ament_index/resource_index/packages/rmw_microxrcedds
-- Installing: /home/nuc01/zephyr_microros_pingpong/firmware/mcu_ws/install/share/rmw_microxrcedds/cmake/ament_cmake_export_include_directories-extras.cmake
-- Installing: /home/nuc01/zephyr_microros_pingpong/firmware/mcu_ws/install/share/rmw_microxrcedds/cmake/ament_cmake_export_libraries-extras.cmake
-- Installing: /home/nuc01/zephyr_microros_pingpong/firmware/mcu_ws/install/share/rmw_microxrcedds/cmake/ament_cmake_export_dependencies-extras.cmake
-- Installing: /home/nuc01/zephyr_microros_pingpong/firmware/mcu_ws/install/share/rmw_microxrcedds/cmake/rmw_microxrceddsConfig.cmake
-- Installing: /home/nuc01/zephyr_microros_pingpong/firmware/mcu_ws/install/share/rmw_microxrcedds/cmake/rmw_microxrceddsConfig-version.cmake
-- Installing: /home/nuc01/zephyr_microros_pingpong/firmware/mcu_ws/install/share/rmw_microxrcedds/package.xml
-- Installing: /home/nuc01/zephyr_microros_pingpong/firmware/mcu_ws/install/include/rmw_microxrcedds_c/config.h
-- Up-to-date: /home/nuc01/zephyr_microros_pingpong/firmware/mcu_ws/install/include
-- Installing: /home/nuc01/zephyr_microros_pingpong/firmware/mcu_ws/install/include/rmw_uros
-- Installing: /home/nuc01/zephyr_microros_pingpong/firmware/mcu_ws/install/include/rmw_uros/options.h
-- Up-to-date: /home/nuc01/zephyr_microros_pingpong/firmware/mcu_ws/install/include/rmw_microxrcedds_c
-- Installing: /home/nuc01/zephyr_microros_pingpong/firmware/mcu_ws/install/include/rmw_microxrcedds_c/rmw_c_macros.h
-- Installing: /home/nuc01/zephyr_microros_pingpong/firmware/mcu_ws/install/lib/librmw_microxrcedds.a
