-- The C compiler identification is GNU 9.2.0
-- The CXX compiler identification is GNU 9.2.0
-- Detecting C compiler ABI info
-- Detecting C compiler ABI info - done
-- Check for working C compiler: /home/marlar/movelt_success/firmware/zephyr-sdk/arm-zephyr-eabi/bin/arm-zephyr-eabi-gcc - skipped
-- Detecting C compile features
-- Detecting C compile features - done
-- Detecting CXX compiler ABI info
-- Detecting CXX compiler ABI info - done
-- Check for working CXX compiler: /home/marlar/movelt_success/firmware/zephyr-sdk/arm-zephyr-eabi/bin/arm-zephyr-eabi-g++ - skipped
-- Detecting CXX compile features
-- Detecting CXX compile features - done
-- Found ament_cmake_ros: 0.9.1 (/home/marlar/movelt_success/firmware/dev_ws/install/ament_cmake_ros/share/ament_cmake_ros/cmake)
-- Found PythonInterp: /usr/bin/python3 (found suitable version "3.8.5", minimum required is "3") 
-- Using PYTHON_EXECUTABLE: /usr/bin/python3
-- Found rcl_interfaces: 1.0.0 (/home/marlar/movelt_success/firmware/mcu_ws/install/share/rcl_interfaces/cmake)
-- Using single rosidl_typesupport_c: rosidl_typesupport_microxrcedds_c
-- Found rosidl_adapter: 1.2.0 (/home/marlar/movelt_success/firmware/mcu_ws/install/share/rosidl_adapter/cmake)
-- Found rmw_implementation: 1.0.1 (/home/marlar/movelt_success/firmware/mcu_ws/install/share/rmw_implementation/cmake)
-- Found rmw_implementation_cmake: 1.0.2 (/home/marlar/movelt_success/firmware/mcu_ws/install/share/rmw_implementation_cmake/cmake)
-- Using RMW implementation 'rmw_microxrcedds'
-- Found rmw_microxrcedds: 0.0.1 (/home/marlar/movelt_success/firmware/mcu_ws/install/share/rmw_microxrcedds/cmake)
-- Looking for pthread.h
-- Looking for pthread.h - not found
-- Found Threads: TRUE  
-- Found tracetools: 1.0.2 (/home/marlar/movelt_success/firmware/mcu_ws/install/share/tracetools/cmake)
-- Configuring done
-- Generating done
-- Build files have been written to: /home/marlar/movelt_success/firmware/mcu_ws/build/rcl
[  3%] [32mBuilding C object CMakeFiles/rcl.dir/src/rcl/client.c.obj[0m
[  7%] [32mBuilding C object CMakeFiles/rcl.dir/src/rcl/context.c.obj[0m
[ 11%] [32mBuilding C object CMakeFiles/rcl.dir/src/rcl/domain_id.c.obj[0m
[ 15%] [32mBuilding C object CMakeFiles/rcl.dir/src/rcl/common.c.obj[0m
[ 19%] [32mBuilding C object CMakeFiles/rcl.dir/src/rcl/event.c.obj[0m
[ 23%] [32mBuilding C object CMakeFiles/rcl.dir/src/rcl/expand_topic_name.c.obj[0m
[ 26%] [32mBuilding C object CMakeFiles/rcl.dir/src/rcl/graph.c.obj[0m
[ 30%] [32mBuilding C object CMakeFiles/rcl.dir/src/rcl/guard_condition.c.obj[0m
[ 34%] [32mBuilding C object CMakeFiles/rcl.dir/src/rcl/init.c.obj[0m
[ 38%] [32mBuilding C object CMakeFiles/rcl.dir/src/rcl/init_options.c.obj[0m
[ 42%] [32mBuilding C object CMakeFiles/rcl.dir/src/rcl/lexer.c.obj[0m
[ 46%] [32mBuilding C object CMakeFiles/rcl.dir/src/rcl/lexer_lookahead.c.obj[0m
[ 50%] [32mBuilding C object CMakeFiles/rcl.dir/src/rcl/node.c.obj[0m
[ 53%] [32mBuilding C object CMakeFiles/rcl.dir/src/rcl/localhost.c.obj[0m
[ 57%] [32mBuilding C object CMakeFiles/rcl.dir/src/rcl/node_options.c.obj[0m
[ 61%] [32mBuilding C object CMakeFiles/rcl.dir/src/rcl/publisher.c.obj[0m
[ 65%] [32mBuilding C object CMakeFiles/rcl.dir/src/rcl/rmw_implementation_identifier_check.c.obj[0m
[ 69%] [32mBuilding C object CMakeFiles/rcl.dir/src/rcl/security.c.obj[0m
[ 73%] [32mBuilding C object CMakeFiles/rcl.dir/src/rcl/service.c.obj[0m
[ 76%] [32mBuilding C object CMakeFiles/rcl.dir/src/rcl/subscription.c.obj[0m
[ 80%] [32mBuilding C object CMakeFiles/rcl.dir/src/rcl/time.c.obj[0m
[ 84%] [32mBuilding C object CMakeFiles/rcl.dir/src/rcl/timer.c.obj[0m
[ 88%] [32mBuilding C object CMakeFiles/rcl.dir/src/rcl/validate_topic_name.c.obj[0m
[ 92%] [32mBuilding C object CMakeFiles/rcl.dir/src/rcl/validate_enclave_name.c.obj[0m
[ 96%] [32mBuilding C object CMakeFiles/rcl.dir/src/rcl/wait.c.obj[0m
[100%] [32m[1mLinking CXX static library librcl.a[0m
/home/marlar/movelt_success/firmware/zephyr-sdk/arm-zephyr-eabi/bin/arm-zephyr-eabi-ar qc librcl.a CMakeFiles/rcl.dir/src/rcl/client.c.obj CMakeFiles/rcl.dir/src/rcl/common.c.obj CMakeFiles/rcl.dir/src/rcl/context.c.obj CMakeFiles/rcl.dir/src/rcl/domain_id.c.obj CMakeFiles/rcl.dir/src/rcl/event.c.obj CMakeFiles/rcl.dir/src/rcl/expand_topic_name.c.obj CMakeFiles/rcl.dir/src/rcl/graph.c.obj CMakeFiles/rcl.dir/src/rcl/guard_condition.c.obj CMakeFiles/rcl.dir/src/rcl/init.c.obj CMakeFiles/rcl.dir/src/rcl/init_options.c.obj CMakeFiles/rcl.dir/src/rcl/lexer.c.obj CMakeFiles/rcl.dir/src/rcl/lexer_lookahead.c.obj CMakeFiles/rcl.dir/src/rcl/localhost.c.obj CMakeFiles/rcl.dir/src/rcl/node.c.obj CMakeFiles/rcl.dir/src/rcl/node_options.c.obj CMakeFiles/rcl.dir/src/rcl/publisher.c.obj CMakeFiles/rcl.dir/src/rcl/rmw_implementation_identifier_check.c.obj CMakeFiles/rcl.dir/src/rcl/security.c.obj CMakeFiles/rcl.dir/src/rcl/service.c.obj CMakeFiles/rcl.dir/src/rcl/subscription.c.obj CMakeFiles/rcl.dir/src/rcl/time.c.obj CMakeFiles/rcl.dir/src/rcl/timer.c.obj CMakeFiles/rcl.dir/src/rcl/validate_enclave_name.c.obj CMakeFiles/rcl.dir/src/rcl/validate_topic_name.c.obj CMakeFiles/rcl.dir/src/rcl/wait.c.obj
/home/marlar/movelt_success/firmware/zephyr-sdk/arm-zephyr-eabi/bin/arm-zephyr-eabi-ranlib librcl.a
[100%] Built target rcl
-- Install configuration: "Debug"
-- Installing: /home/marlar/movelt_success/firmware/mcu_ws/install/lib/librcl.a
-- Installing: /home/marlar/movelt_success/firmware/mcu_ws/install/share/rcl/environment/library_path.sh
-- Installing: /home/marlar/movelt_success/firmware/mcu_ws/install/share/rcl/environment/library_path.dsv
-- Installing: /home/marlar/movelt_success/firmware/mcu_ws/install/share/ament_index/resource_index/package_run_dependencies/rcl
-- Installing: /home/marlar/movelt_success/firmware/mcu_ws/install/share/ament_index/resource_index/parent_prefix_path/rcl
-- Installing: /home/marlar/movelt_success/firmware/mcu_ws/install/share/rcl/environment/ament_prefix_path.sh
-- Installing: /home/marlar/movelt_success/firmware/mcu_ws/install/share/rcl/environment/ament_prefix_path.dsv
-- Installing: /home/marlar/movelt_success/firmware/mcu_ws/install/share/rcl/environment/path.sh
-- Installing: /home/marlar/movelt_success/firmware/mcu_ws/install/share/rcl/environment/path.dsv
-- Installing: /home/marlar/movelt_success/firmware/mcu_ws/install/share/rcl/local_setup.bash
-- Installing: /home/marlar/movelt_success/firmware/mcu_ws/install/share/rcl/local_setup.sh
-- Installing: /home/marlar/movelt_success/firmware/mcu_ws/install/share/rcl/local_setup.zsh
-- Installing: /home/marlar/movelt_success/firmware/mcu_ws/install/share/rcl/local_setup.dsv
-- Installing: /home/marlar/movelt_success/firmware/mcu_ws/install/share/rcl/package.dsv
-- Installing: /home/marlar/movelt_success/firmware/mcu_ws/install/share/ament_index/resource_index/packages/rcl
-- Installing: /home/marlar/movelt_success/firmware/mcu_ws/install/share/rcl/cmake/rclExport.cmake
-- Installing: /home/marlar/movelt_success/firmware/mcu_ws/install/share/rcl/cmake/rclExport-debug.cmake
-- Installing: /home/marlar/movelt_success/firmware/mcu_ws/install/share/rcl/cmake/rcl-extras.cmake
-- Installing: /home/marlar/movelt_success/firmware/mcu_ws/install/share/rcl/cmake/ament_cmake_export_include_directories-extras.cmake
-- Installing: /home/marlar/movelt_success/firmware/mcu_ws/install/share/rcl/cmake/ament_cmake_export_libraries-extras.cmake
-- Installing: /home/marlar/movelt_success/firmware/mcu_ws/install/share/rcl/cmake/ament_cmake_export_targets-extras.cmake
-- Installing: /home/marlar/movelt_success/firmware/mcu_ws/install/share/rcl/cmake/ament_cmake_export_dependencies-extras.cmake
-- Installing: /home/marlar/movelt_success/firmware/mcu_ws/install/share/rcl/cmake/rclConfig.cmake
-- Installing: /home/marlar/movelt_success/firmware/mcu_ws/install/share/rcl/cmake/rclConfig-version.cmake
-- Installing: /home/marlar/movelt_success/firmware/mcu_ws/install/share/rcl/package.xml
-- Up-to-date: /home/marlar/movelt_success/firmware/mcu_ws/install/share/rcl/cmake
-- Installing: /home/marlar/movelt_success/firmware/mcu_ws/install/share/rcl/cmake/rcl_set_symbol_visibility_hidden.cmake
-- Installing: /home/marlar/movelt_success/firmware/mcu_ws/install/share/rcl/cmake/get_default_rcl_logging_implementation.cmake
-- Up-to-date: /home/marlar/movelt_success/firmware/mcu_ws/install/include
-- Installing: /home/marlar/movelt_success/firmware/mcu_ws/install/include/rcl
-- Installing: /home/marlar/movelt_success/firmware/mcu_ws/install/include/rcl/context.h
-- Installing: /home/marlar/movelt_success/firmware/mcu_ws/install/include/rcl/expand_topic_name.h
-- Installing: /home/marlar/movelt_success/firmware/mcu_ws/install/include/rcl/visibility_control.h
-- Installing: /home/marlar/movelt_success/firmware/mcu_ws/install/include/rcl/client.h
-- Installing: /home/marlar/movelt_success/firmware/mcu_ws/install/include/rcl/init.h
-- Installing: /home/marlar/movelt_success/firmware/mcu_ws/install/include/rcl/guard_condition.h
-- Installing: /home/marlar/movelt_success/firmware/mcu_ws/install/include/rcl/macros.h
-- Installing: /home/marlar/movelt_success/firmware/mcu_ws/install/include/rcl/validate_topic_name.h
-- Installing: /home/marlar/movelt_success/firmware/mcu_ws/install/include/rcl/node.h
-- Installing: /home/marlar/movelt_success/firmware/mcu_ws/install/include/rcl/arguments.h
-- Installing: /home/marlar/movelt_success/firmware/mcu_ws/install/include/rcl/types.h
-- Installing: /home/marlar/movelt_success/firmware/mcu_ws/install/include/rcl/service.h
-- Installing: /home/marlar/movelt_success/firmware/mcu_ws/install/include/rcl/timer.h
-- Installing: /home/marlar/movelt_success/firmware/mcu_ws/install/include/rcl/node_options.h
-- Installing: /home/marlar/movelt_success/firmware/mcu_ws/install/include/rcl/security.h
-- Installing: /home/marlar/movelt_success/firmware/mcu_ws/install/include/rcl/logging_external_interface.h
-- Installing: /home/marlar/movelt_success/firmware/mcu_ws/install/include/rcl/publisher.h
-- Installing: /home/marlar/movelt_success/firmware/mcu_ws/install/include/rcl/remap.h
-- Installing: /home/marlar/movelt_success/firmware/mcu_ws/install/include/rcl/wait.h
-- Installing: /home/marlar/movelt_success/firmware/mcu_ws/install/include/rcl/validate_enclave_name.h
-- Installing: /home/marlar/movelt_success/firmware/mcu_ws/install/include/rcl/event.h
-- Installing: /home/marlar/movelt_success/firmware/mcu_ws/install/include/rcl/subscription.h
-- Installing: /home/marlar/movelt_success/firmware/mcu_ws/install/include/rcl/graph.h
-- Installing: /home/marlar/movelt_success/firmware/mcu_ws/install/include/rcl/localhost.h
-- Installing: /home/marlar/movelt_success/firmware/mcu_ws/install/include/rcl/error_handling.h
-- Installing: /home/marlar/movelt_success/firmware/mcu_ws/install/include/rcl/allocator.h
-- Installing: /home/marlar/movelt_success/firmware/mcu_ws/install/include/rcl/init_options.h
-- Installing: /home/marlar/movelt_success/firmware/mcu_ws/install/include/rcl/rmw_implementation_identifier_check.h
-- Installing: /home/marlar/movelt_success/firmware/mcu_ws/install/include/rcl/time.h
-- Installing: /home/marlar/movelt_success/firmware/mcu_ws/install/include/rcl/lexer.h
-- Installing: /home/marlar/movelt_success/firmware/mcu_ws/install/include/rcl/rcl.h
-- Installing: /home/marlar/movelt_success/firmware/mcu_ws/install/include/rcl/domain_id.h
-- Installing: /home/marlar/movelt_success/firmware/mcu_ws/install/include/rcl/logging.h
-- Installing: /home/marlar/movelt_success/firmware/mcu_ws/install/include/rcl/logging_rosout.h
-- Installing: /home/marlar/movelt_success/firmware/mcu_ws/install/include/rcl/lexer_lookahead.h
