[0.125s] DEBUG:colcon:Command line arguments: ['/usr/bin/colcon', 'build', '--packages-up-to', 'micro_ros_agent', '--cmake-args', '-DUAGENT_BUILD_EXECUTABLE=OFF', '-DUAGENT_P2P_PROFILE=OFF', '--no-warn-unused-cli']
[0.126s] DEBUG:colcon:Parsed command line arguments: Namespace(ament_cmake_args=None, base_paths=['.'], build_base='build', catkin_cmake_args=None, catkin_skip_building_tests=False, cmake_args=['-DUAGENT_BUILD_EXECUTABLE=OFF', '-DUAGENT_P2P_PROFILE=OFF', '--no-warn-unused-cli'], cmake_clean_cache=False, cmake_clean_first=False, cmake_force_configure=False, cmake_target=None, cmake_target_skip_unavailable=False, continue_on_error=False, event_handlers=None, executor='parallel', ignore_user_meta=False, install_base='install', log_base=None, log_level=None, main=<bound method BuildVerb.main of <colcon_core.verb.build.BuildVerb object at 0x7fefaa42e580>>, merge_install=False, metas=['./colcon.meta'], packages_above=None, packages_above_and_dependencies=None, packages_above_depth=None, packages_end=None, packages_ignore=None, packages_ignore_regex=None, packages_select=None, packages_select_build_failed=False, packages_select_by_dep=None, packages_select_regex=None, packages_select_test_failures=False, packages_skip=None, packages_skip_build_finished=False, packages_skip_by_dep=None, packages_skip_regex=None, packages_skip_test_passed=False, packages_skip_up_to=None, packages_start=None, packages_up_to=['micro_ros_agent'], packages_up_to_regex=None, parallel_workers=12, paths=None, symlink_install=False, test_result_base=None, verb_extension=<colcon_core.verb.build.BuildVerb object at 0x7fefaa42e580>, verb_name='build', verb_parser=<colcon_defaults.argument_parser.defaults.DefaultArgumentsDecorator object at 0x7fefaa42eac0>)
[0.129s] Level 1:colcon.colcon_core.package_discovery:discover_packages(colcon_meta) check parameters
[0.129s] Level 1:colcon.colcon_core.package_discovery:discover_packages(recursive) check parameters
[0.130s] Level 1:colcon.colcon_core.package_discovery:discover_packages(ignore) check parameters
[0.130s] Level 1:colcon.colcon_core.package_discovery:discover_packages(path) check parameters
[0.130s] Level 1:colcon.colcon_core.package_discovery:discover_packages(colcon_meta) discover
[0.130s] Level 1:colcon.colcon_core.package_discovery:discover_packages(recursive) discover
[0.130s] INFO:colcon.colcon_core.package_discovery:Crawling recursively for packages in '/home/marlar/movelt'
[0.130s] Level 1:colcon.colcon_core.package_identification:_identify(.) by extensions ['ignore', 'ignore_ament_install']
[0.130s] Level 1:colcon.colcon_core.package_identification:_identify(.) by extension 'ignore'
[0.130s] Level 1:colcon.colcon_core.package_identification:_identify(.) by extension 'ignore_ament_install'
[0.130s] Level 1:colcon.colcon_core.package_identification:_identify(.) by extensions ['colcon_pkg']
[0.130s] Level 1:colcon.colcon_core.package_identification:_identify(.) by extension 'colcon_pkg'
[0.130s] Level 1:colcon.colcon_core.package_identification:_identify(.) by extensions ['colcon_meta']
[0.130s] Level 1:colcon.colcon_core.package_identification:_identify(.) by extension 'colcon_meta'
[0.130s] Level 1:colcon.colcon_core.package_identification:_identify(.) by extensions ['ros']
[0.130s] Level 1:colcon.colcon_core.package_identification:_identify(.) by extension 'ros'
[0.140s] Level 1:colcon.colcon_core.package_identification:_identify(.) by extensions ['cmake', 'python']
[0.140s] Level 1:colcon.colcon_core.package_identification:_identify(.) by extension 'cmake'
[0.140s] Level 1:colcon.colcon_core.package_identification:_identify(.) by extension 'python'
[0.140s] Level 1:colcon.colcon_core.package_identification:_identify(.) by extensions ['python_setup_py']
[0.140s] Level 1:colcon.colcon_core.package_identification:_identify(.) by extension 'python_setup_py'
[0.140s] Level 1:colcon.colcon_core.package_identification:_identify(build) by extensions ['ignore', 'ignore_ament_install']
[0.140s] Level 1:colcon.colcon_core.package_identification:_identify(build) by extension 'ignore'
[0.140s] Level 1:colcon.colcon_core.package_identification:_identify(build) ignored
[0.140s] Level 1:colcon.colcon_core.package_identification:_identify(install) by extensions ['ignore', 'ignore_ament_install']
[0.140s] Level 1:colcon.colcon_core.package_identification:_identify(install) by extension 'ignore'
[0.140s] Level 1:colcon.colcon_core.package_identification:_identify(install) ignored
[0.140s] Level 1:colcon.colcon_core.package_identification:_identify(log) by extensions ['ignore', 'ignore_ament_install']
[0.140s] Level 1:colcon.colcon_core.package_identification:_identify(log) by extension 'ignore'
[0.140s] Level 1:colcon.colcon_core.package_identification:_identify(log) ignored
[0.141s] Level 1:colcon.colcon_core.package_identification:_identify(src) by extensions ['ignore', 'ignore_ament_install']
[0.141s] Level 1:colcon.colcon_core.package_identification:_identify(src) by extension 'ignore'
[0.141s] Level 1:colcon.colcon_core.package_identification:_identify(src) by extension 'ignore_ament_install'
[0.141s] Level 1:colcon.colcon_core.package_identification:_identify(src) by extensions ['colcon_pkg']
[0.141s] Level 1:colcon.colcon_core.package_identification:_identify(src) by extension 'colcon_pkg'
[0.141s] Level 1:colcon.colcon_core.package_identification:_identify(src) by extensions ['colcon_meta']
[0.141s] Level 1:colcon.colcon_core.package_identification:_identify(src) by extension 'colcon_meta'
[0.141s] Level 1:colcon.colcon_core.package_identification:_identify(src) by extensions ['ros']
[0.141s] Level 1:colcon.colcon_core.package_identification:_identify(src) by extension 'ros'
[0.141s] Level 1:colcon.colcon_core.package_identification:_identify(src) by extensions ['cmake', 'python']
[0.141s] Level 1:colcon.colcon_core.package_identification:_identify(src) by extension 'cmake'
[0.141s] Level 1:colcon.colcon_core.package_identification:_identify(src) by extension 'python'
[0.141s] Level 1:colcon.colcon_core.package_identification:_identify(src) by extensions ['python_setup_py']
[0.141s] Level 1:colcon.colcon_core.package_identification:_identify(src) by extension 'python_setup_py'
[0.141s] Level 1:colcon.colcon_core.package_identification:_identify(src/eProsima) by extensions ['ignore', 'ignore_ament_install']
[0.141s] Level 1:colcon.colcon_core.package_identification:_identify(src/eProsima) by extension 'ignore'
[0.141s] Level 1:colcon.colcon_core.package_identification:_identify(src/eProsima) by extension 'ignore_ament_install'
[0.141s] Level 1:colcon.colcon_core.package_identification:_identify(src/eProsima) by extensions ['colcon_pkg']
[0.141s] Level 1:colcon.colcon_core.package_identification:_identify(src/eProsima) by extension 'colcon_pkg'
[0.141s] Level 1:colcon.colcon_core.package_identification:_identify(src/eProsima) by extensions ['colcon_meta']
[0.141s] Level 1:colcon.colcon_core.package_identification:_identify(src/eProsima) by extension 'colcon_meta'
[0.141s] Level 1:colcon.colcon_core.package_identification:_identify(src/eProsima) by extensions ['ros']
[0.141s] Level 1:colcon.colcon_core.package_identification:_identify(src/eProsima) by extension 'ros'
[0.141s] Level 1:colcon.colcon_core.package_identification:_identify(src/eProsima) by extensions ['cmake', 'python']
[0.141s] Level 1:colcon.colcon_core.package_identification:_identify(src/eProsima) by extension 'cmake'
[0.141s] Level 1:colcon.colcon_core.package_identification:_identify(src/eProsima) by extension 'python'
[0.141s] Level 1:colcon.colcon_core.package_identification:_identify(src/eProsima) by extensions ['python_setup_py']
[0.142s] Level 1:colcon.colcon_core.package_identification:_identify(src/eProsima) by extension 'python_setup_py'
[0.142s] Level 1:colcon.colcon_core.package_identification:_identify(src/eProsima/Micro-CDR) by extensions ['ignore', 'ignore_ament_install']
[0.142s] Level 1:colcon.colcon_core.package_identification:_identify(src/eProsima/Micro-CDR) by extension 'ignore'
[0.142s] Level 1:colcon.colcon_core.package_identification:_identify(src/eProsima/Micro-CDR) by extension 'ignore_ament_install'
[0.142s] Level 1:colcon.colcon_core.package_identification:_identify(src/eProsima/Micro-CDR) by extensions ['colcon_pkg']
[0.142s] Level 1:colcon.colcon_core.package_identification:_identify(src/eProsima/Micro-CDR) by extension 'colcon_pkg'
[0.142s] INFO:colcon.colcon_metadata.metadata.colcon_pkg:Setting type 'cmake' of package 'src/eProsima/Micro-CDR' from colcon.pkg
[0.142s] INFO:colcon.colcon_metadata.metadata.colcon_pkg:Setting name 'microcdr' of package 'src/eProsima/Micro-CDR' from colcon.pkg
[0.142s] DEBUG:colcon.colcon_core.package_identification:Package 'src/eProsima/Micro-CDR' with type 'cmake' and name 'microcdr'
[0.143s] Level 1:colcon.colcon_core.package_identification:_identify(src/eProsima/Micro-XRCE-DDS-Agent) by extensions ['ignore', 'ignore_ament_install']
[0.143s] Level 1:colcon.colcon_core.package_identification:_identify(src/eProsima/Micro-XRCE-DDS-Agent) by extension 'ignore'
[0.143s] Level 1:colcon.colcon_core.package_identification:_identify(src/eProsima/Micro-XRCE-DDS-Agent) by extension 'ignore_ament_install'
[0.143s] Level 1:colcon.colcon_core.package_identification:_identify(src/eProsima/Micro-XRCE-DDS-Agent) by extensions ['colcon_pkg']
[0.143s] Level 1:colcon.colcon_core.package_identification:_identify(src/eProsima/Micro-XRCE-DDS-Agent) by extension 'colcon_pkg'
[0.143s] INFO:colcon.colcon_metadata.metadata.colcon_pkg:Setting type 'cmake' of package 'src/eProsima/Micro-XRCE-DDS-Agent' from colcon.pkg
[0.143s] INFO:colcon.colcon_metadata.metadata.colcon_pkg:Setting name 'microxrcedds_agent' of package 'src/eProsima/Micro-XRCE-DDS-Agent' from colcon.pkg
[0.143s] DEBUG:colcon.colcon_core.package_identification:Package 'src/eProsima/Micro-XRCE-DDS-Agent' with type 'cmake' and name 'microxrcedds_agent'
[0.143s] Level 1:colcon.colcon_core.package_identification:_identify(src/micro_ros_setup) by extensions ['ignore', 'ignore_ament_install']
[0.144s] Level 1:colcon.colcon_core.package_identification:_identify(src/micro_ros_setup) by extension 'ignore'
[0.144s] Level 1:colcon.colcon_core.package_identification:_identify(src/micro_ros_setup) by extension 'ignore_ament_install'
[0.144s] Level 1:colcon.colcon_core.package_identification:_identify(src/micro_ros_setup) by extensions ['colcon_pkg']
[0.144s] Level 1:colcon.colcon_core.package_identification:_identify(src/micro_ros_setup) by extension 'colcon_pkg'
[0.144s] Level 1:colcon.colcon_core.package_identification:_identify(src/micro_ros_setup) by extensions ['colcon_meta']
[0.144s] Level 1:colcon.colcon_core.package_identification:_identify(src/micro_ros_setup) by extension 'colcon_meta'
[0.144s] Level 1:colcon.colcon_core.package_identification:_identify(src/micro_ros_setup) by extensions ['ros']
[0.144s] Level 1:colcon.colcon_core.package_identification:_identify(src/micro_ros_setup) by extension 'ros'
[0.146s] DEBUG:colcon.colcon_core.package_identification:Package 'src/micro_ros_setup' with type 'ros.ament_cmake' and name 'micro_ros_setup'
[0.146s] Level 1:colcon.colcon_core.package_identification:_identify(src/uros) by extensions ['ignore', 'ignore_ament_install']
[0.146s] Level 1:colcon.colcon_core.package_identification:_identify(src/uros) by extension 'ignore'
[0.146s] Level 1:colcon.colcon_core.package_identification:_identify(src/uros) by extension 'ignore_ament_install'
[0.146s] Level 1:colcon.colcon_core.package_identification:_identify(src/uros) by extensions ['colcon_pkg']
[0.146s] Level 1:colcon.colcon_core.package_identification:_identify(src/uros) by extension 'colcon_pkg'
[0.146s] Level 1:colcon.colcon_core.package_identification:_identify(src/uros) by extensions ['colcon_meta']
[0.146s] Level 1:colcon.colcon_core.package_identification:_identify(src/uros) by extension 'colcon_meta'
[0.146s] Level 1:colcon.colcon_core.package_identification:_identify(src/uros) by extensions ['ros']
[0.146s] Level 1:colcon.colcon_core.package_identification:_identify(src/uros) by extension 'ros'
[0.146s] Level 1:colcon.colcon_core.package_identification:_identify(src/uros) by extensions ['cmake', 'python']
[0.146s] Level 1:colcon.colcon_core.package_identification:_identify(src/uros) by extension 'cmake'
[0.146s] Level 1:colcon.colcon_core.package_identification:_identify(src/uros) by extension 'python'
[0.146s] Level 1:colcon.colcon_core.package_identification:_identify(src/uros) by extensions ['python_setup_py']
[0.146s] Level 1:colcon.colcon_core.package_identification:_identify(src/uros) by extension 'python_setup_py'
[0.147s] Level 1:colcon.colcon_core.package_identification:_identify(src/uros/drive_base) by extensions ['ignore', 'ignore_ament_install']
[0.147s] Level 1:colcon.colcon_core.package_identification:_identify(src/uros/drive_base) by extension 'ignore'
[0.147s] Level 1:colcon.colcon_core.package_identification:_identify(src/uros/drive_base) by extension 'ignore_ament_install'
[0.147s] Level 1:colcon.colcon_core.package_identification:_identify(src/uros/drive_base) by extensions ['colcon_pkg']
[0.147s] Level 1:colcon.colcon_core.package_identification:_identify(src/uros/drive_base) by extension 'colcon_pkg'
[0.147s] Level 1:colcon.colcon_core.package_identification:_identify(src/uros/drive_base) by extensions ['colcon_meta']
[0.147s] Level 1:colcon.colcon_core.package_identification:_identify(src/uros/drive_base) by extension 'colcon_meta'
[0.147s] Level 1:colcon.colcon_core.package_identification:_identify(src/uros/drive_base) by extensions ['ros']
[0.147s] Level 1:colcon.colcon_core.package_identification:_identify(src/uros/drive_base) by extension 'ros'
[0.147s] Level 1:colcon.colcon_core.package_identification:_identify(src/uros/drive_base) by extensions ['cmake', 'python']
[0.147s] Level 1:colcon.colcon_core.package_identification:_identify(src/uros/drive_base) by extension 'cmake'
[0.147s] Level 1:colcon.colcon_core.package_identification:_identify(src/uros/drive_base) by extension 'python'
[0.147s] Level 1:colcon.colcon_core.package_identification:_identify(src/uros/drive_base) by extensions ['python_setup_py']
[0.147s] Level 1:colcon.colcon_core.package_identification:_identify(src/uros/drive_base) by extension 'python_setup_py'
[0.147s] Level 1:colcon.colcon_core.package_identification:_identify(src/uros/drive_base/drive_base_msgs) by extensions ['ignore', 'ignore_ament_install']
[0.147s] Level 1:colcon.colcon_core.package_identification:_identify(src/uros/drive_base/drive_base_msgs) by extension 'ignore'
[0.147s] Level 1:colcon.colcon_core.package_identification:_identify(src/uros/drive_base/drive_base_msgs) by extension 'ignore_ament_install'
[0.147s] Level 1:colcon.colcon_core.package_identification:_identify(src/uros/drive_base/drive_base_msgs) by extensions ['colcon_pkg']
[0.147s] Level 1:colcon.colcon_core.package_identification:_identify(src/uros/drive_base/drive_base_msgs) by extension 'colcon_pkg'
[0.147s] Level 1:colcon.colcon_core.package_identification:_identify(src/uros/drive_base/drive_base_msgs) by extensions ['colcon_meta']
[0.147s] Level 1:colcon.colcon_core.package_identification:_identify(src/uros/drive_base/drive_base_msgs) by extension 'colcon_meta'
[0.147s] Level 1:colcon.colcon_core.package_identification:_identify(src/uros/drive_base/drive_base_msgs) by extensions ['ros']
[0.147s] Level 1:colcon.colcon_core.package_identification:_identify(src/uros/drive_base/drive_base_msgs) by extension 'ros'
[0.148s] DEBUG:colcon.colcon_core.package_identification:Package 'src/uros/drive_base/drive_base_msgs' with type 'ros.ament_cmake' and name 'drive_base_msgs'
[0.148s] Level 1:colcon.colcon_core.package_identification:_identify(src/uros/micro-ROS-Agent) by extensions ['ignore', 'ignore_ament_install']
[0.148s] Level 1:colcon.colcon_core.package_identification:_identify(src/uros/micro-ROS-Agent) by extension 'ignore'
[0.148s] Level 1:colcon.colcon_core.package_identification:_identify(src/uros/micro-ROS-Agent) by extension 'ignore_ament_install'
[0.148s] Level 1:colcon.colcon_core.package_identification:_identify(src/uros/micro-ROS-Agent) by extensions ['colcon_pkg']
[0.148s] Level 1:colcon.colcon_core.package_identification:_identify(src/uros/micro-ROS-Agent) by extension 'colcon_pkg'
[0.148s] Level 1:colcon.colcon_core.package_identification:_identify(src/uros/micro-ROS-Agent) by extensions ['colcon_meta']
[0.148s] Level 1:colcon.colcon_core.package_identification:_identify(src/uros/micro-ROS-Agent) by extension 'colcon_meta'
[0.148s] Level 1:colcon.colcon_core.package_identification:_identify(src/uros/micro-ROS-Agent) by extensions ['ros']
[0.148s] Level 1:colcon.colcon_core.package_identification:_identify(src/uros/micro-ROS-Agent) by extension 'ros'
[0.148s] Level 1:colcon.colcon_core.package_identification:_identify(src/uros/micro-ROS-Agent) by extensions ['cmake', 'python']
[0.148s] Level 1:colcon.colcon_core.package_identification:_identify(src/uros/micro-ROS-Agent) by extension 'cmake'
[0.148s] Level 1:colcon.colcon_core.package_identification:_identify(src/uros/micro-ROS-Agent) by extension 'python'
[0.148s] Level 1:colcon.colcon_core.package_identification:_identify(src/uros/micro-ROS-Agent) by extensions ['python_setup_py']
[0.148s] Level 1:colcon.colcon_core.package_identification:_identify(src/uros/micro-ROS-Agent) by extension 'python_setup_py'
[0.148s] Level 1:colcon.colcon_core.package_identification:_identify(src/uros/micro-ROS-Agent/micro_ros_agent) by extensions ['ignore', 'ignore_ament_install']
[0.149s] Level 1:colcon.colcon_core.package_identification:_identify(src/uros/micro-ROS-Agent/micro_ros_agent) by extension 'ignore'
[0.149s] Level 1:colcon.colcon_core.package_identification:_identify(src/uros/micro-ROS-Agent/micro_ros_agent) by extension 'ignore_ament_install'
[0.149s] Level 1:colcon.colcon_core.package_identification:_identify(src/uros/micro-ROS-Agent/micro_ros_agent) by extensions ['colcon_pkg']
[0.149s] Level 1:colcon.colcon_core.package_identification:_identify(src/uros/micro-ROS-Agent/micro_ros_agent) by extension 'colcon_pkg'
[0.149s] Level 1:colcon.colcon_core.package_identification:_identify(src/uros/micro-ROS-Agent/micro_ros_agent) by extensions ['colcon_meta']
[0.149s] Level 1:colcon.colcon_core.package_identification:_identify(src/uros/micro-ROS-Agent/micro_ros_agent) by extension 'colcon_meta'
[0.149s] Level 1:colcon.colcon_core.package_identification:_identify(src/uros/micro-ROS-Agent/micro_ros_agent) by extensions ['ros']
[0.149s] Level 1:colcon.colcon_core.package_identification:_identify(src/uros/micro-ROS-Agent/micro_ros_agent) by extension 'ros'
[0.150s] DEBUG:colcon.colcon_core.package_identification:Package 'src/uros/micro-ROS-Agent/micro_ros_agent' with type 'ros.ament_cmake' and name 'micro_ros_agent'
[0.150s] Level 1:colcon.colcon_core.package_identification:_identify(src/uros/micro-ROS-Agent/snap) by extensions ['ignore', 'ignore_ament_install']
[0.150s] Level 1:colcon.colcon_core.package_identification:_identify(src/uros/micro-ROS-Agent/snap) by extension 'ignore'
[0.150s] Level 1:colcon.colcon_core.package_identification:_identify(src/uros/micro-ROS-Agent/snap) by extension 'ignore_ament_install'
[0.150s] Level 1:colcon.colcon_core.package_identification:_identify(src/uros/micro-ROS-Agent/snap) by extensions ['colcon_pkg']
[0.150s] Level 1:colcon.colcon_core.package_identification:_identify(src/uros/micro-ROS-Agent/snap) by extension 'colcon_pkg'
[0.150s] Level 1:colcon.colcon_core.package_identification:_identify(src/uros/micro-ROS-Agent/snap) by extensions ['colcon_meta']
[0.150s] Level 1:colcon.colcon_core.package_identification:_identify(src/uros/micro-ROS-Agent/snap) by extension 'colcon_meta'
[0.150s] Level 1:colcon.colcon_core.package_identification:_identify(src/uros/micro-ROS-Agent/snap) by extensions ['ros']
[0.150s] Level 1:colcon.colcon_core.package_identification:_identify(src/uros/micro-ROS-Agent/snap) by extension 'ros'
[0.150s] Level 1:colcon.colcon_core.package_identification:_identify(src/uros/micro-ROS-Agent/snap) by extensions ['cmake', 'python']
[0.150s] Level 1:colcon.colcon_core.package_identification:_identify(src/uros/micro-ROS-Agent/snap) by extension 'cmake'
[0.150s] Level 1:colcon.colcon_core.package_identification:_identify(src/uros/micro-ROS-Agent/snap) by extension 'python'
[0.150s] Level 1:colcon.colcon_core.package_identification:_identify(src/uros/micro-ROS-Agent/snap) by extensions ['python_setup_py']
[0.150s] Level 1:colcon.colcon_core.package_identification:_identify(src/uros/micro-ROS-Agent/snap) by extension 'python_setup_py'
[0.150s] Level 1:colcon.colcon_core.package_identification:_identify(src/uros/micro-ROS-Agent/snap/hooks) by extensions ['ignore', 'ignore_ament_install']
[0.150s] Level 1:colcon.colcon_core.package_identification:_identify(src/uros/micro-ROS-Agent/snap/hooks) by extension 'ignore'
[0.150s] Level 1:colcon.colcon_core.package_identification:_identify(src/uros/micro-ROS-Agent/snap/hooks) by extension 'ignore_ament_install'
[0.150s] Level 1:colcon.colcon_core.package_identification:_identify(src/uros/micro-ROS-Agent/snap/hooks) by extensions ['colcon_pkg']
[0.150s] Level 1:colcon.colcon_core.package_identification:_identify(src/uros/micro-ROS-Agent/snap/hooks) by extension 'colcon_pkg'
[0.150s] Level 1:colcon.colcon_core.package_identification:_identify(src/uros/micro-ROS-Agent/snap/hooks) by extensions ['colcon_meta']
[0.150s] Level 1:colcon.colcon_core.package_identification:_identify(src/uros/micro-ROS-Agent/snap/hooks) by extension 'colcon_meta'
[0.150s] Level 1:colcon.colcon_core.package_identification:_identify(src/uros/micro-ROS-Agent/snap/hooks) by extensions ['ros']
[0.151s] Level 1:colcon.colcon_core.package_identification:_identify(src/uros/micro-ROS-Agent/snap/hooks) by extension 'ros'
[0.151s] Level 1:colcon.colcon_core.package_identification:_identify(src/uros/micro-ROS-Agent/snap/hooks) by extensions ['cmake', 'python']
[0.151s] Level 1:colcon.colcon_core.package_identification:_identify(src/uros/micro-ROS-Agent/snap/hooks) by extension 'cmake'
[0.151s] Level 1:colcon.colcon_core.package_identification:_identify(src/uros/micro-ROS-Agent/snap/hooks) by extension 'python'
[0.151s] Level 1:colcon.colcon_core.package_identification:_identify(src/uros/micro-ROS-Agent/snap/hooks) by extensions ['python_setup_py']
[0.151s] Level 1:colcon.colcon_core.package_identification:_identify(src/uros/micro-ROS-Agent/snap/hooks) by extension 'python_setup_py'
[0.151s] Level 1:colcon.colcon_core.package_identification:_identify(src/uros/micro-ROS-Agent/snap/local) by extensions ['ignore', 'ignore_ament_install']
[0.151s] Level 1:colcon.colcon_core.package_identification:_identify(src/uros/micro-ROS-Agent/snap/local) by extension 'ignore'
[0.151s] Level 1:colcon.colcon_core.package_identification:_identify(src/uros/micro-ROS-Agent/snap/local) by extension 'ignore_ament_install'
[0.151s] Level 1:colcon.colcon_core.package_identification:_identify(src/uros/micro-ROS-Agent/snap/local) by extensions ['colcon_pkg']
[0.151s] Level 1:colcon.colcon_core.package_identification:_identify(src/uros/micro-ROS-Agent/snap/local) by extension 'colcon_pkg'
[0.151s] Level 1:colcon.colcon_core.package_identification:_identify(src/uros/micro-ROS-Agent/snap/local) by extensions ['colcon_meta']
[0.151s] Level 1:colcon.colcon_core.package_identification:_identify(src/uros/micro-ROS-Agent/snap/local) by extension 'colcon_meta'
[0.151s] Level 1:colcon.colcon_core.package_identification:_identify(src/uros/micro-ROS-Agent/snap/local) by extensions ['ros']
[0.151s] Level 1:colcon.colcon_core.package_identification:_identify(src/uros/micro-ROS-Agent/snap/local) by extension 'ros'
[0.151s] Level 1:colcon.colcon_core.package_identification:_identify(src/uros/micro-ROS-Agent/snap/local) by extensions ['cmake', 'python']
[0.151s] Level 1:colcon.colcon_core.package_identification:_identify(src/uros/micro-ROS-Agent/snap/local) by extension 'cmake'
[0.151s] Level 1:colcon.colcon_core.package_identification:_identify(src/uros/micro-ROS-Agent/snap/local) by extension 'python'
[0.151s] Level 1:colcon.colcon_core.package_identification:_identify(src/uros/micro-ROS-Agent/snap/local) by extensions ['python_setup_py']
[0.151s] Level 1:colcon.colcon_core.package_identification:_identify(src/uros/micro-ROS-Agent/snap/local) by extension 'python_setup_py'
[0.151s] Level 1:colcon.colcon_core.package_identification:_identify(src/uros/micro_ros_msgs) by extensions ['ignore', 'ignore_ament_install']
[0.151s] Level 1:colcon.colcon_core.package_identification:_identify(src/uros/micro_ros_msgs) by extension 'ignore'
[0.151s] Level 1:colcon.colcon_core.package_identification:_identify(src/uros/micro_ros_msgs) by extension 'ignore_ament_install'
[0.151s] Level 1:colcon.colcon_core.package_identification:_identify(src/uros/micro_ros_msgs) by extensions ['colcon_pkg']
[0.151s] Level 1:colcon.colcon_core.package_identification:_identify(src/uros/micro_ros_msgs) by extension 'colcon_pkg'
[0.152s] Level 1:colcon.colcon_core.package_identification:_identify(src/uros/micro_ros_msgs) by extensions ['colcon_meta']
[0.152s] Level 1:colcon.colcon_core.package_identification:_identify(src/uros/micro_ros_msgs) by extension 'colcon_meta'
[0.152s] Level 1:colcon.colcon_core.package_identification:_identify(src/uros/micro_ros_msgs) by extensions ['ros']
[0.152s] Level 1:colcon.colcon_core.package_identification:_identify(src/uros/micro_ros_msgs) by extension 'ros'
[0.152s] DEBUG:colcon.colcon_core.package_identification:Package 'src/uros/micro_ros_msgs' with type 'ros.ament_cmake' and name 'micro_ros_msgs'
[0.152s] Level 1:colcon.colcon_core.package_identification:_identify(src/uros/rmw_microxrcedds) by extensions ['ignore', 'ignore_ament_install']
[0.152s] Level 1:colcon.colcon_core.package_identification:_identify(src/uros/rmw_microxrcedds) by extension 'ignore'
[0.152s] Level 1:colcon.colcon_core.package_identification:_identify(src/uros/rmw_microxrcedds) by extension 'ignore_ament_install'
[0.152s] Level 1:colcon.colcon_core.package_identification:_identify(src/uros/rmw_microxrcedds) by extensions ['colcon_pkg']
[0.152s] Level 1:colcon.colcon_core.package_identification:_identify(src/uros/rmw_microxrcedds) by extension 'colcon_pkg'
[0.152s] Level 1:colcon.colcon_core.package_identification:_identify(src/uros/rmw_microxrcedds) by extensions ['colcon_meta']
[0.152s] Level 1:colcon.colcon_core.package_identification:_identify(src/uros/rmw_microxrcedds) by extension 'colcon_meta'
[0.152s] Level 1:colcon.colcon_core.package_identification:_identify(src/uros/rmw_microxrcedds) by extensions ['ros']
[0.152s] Level 1:colcon.colcon_core.package_identification:_identify(src/uros/rmw_microxrcedds) by extension 'ros'
[0.153s] Level 1:colcon.colcon_core.package_identification:_identify(src/uros/rmw_microxrcedds) by extensions ['cmake', 'python']
[0.153s] Level 1:colcon.colcon_core.package_identification:_identify(src/uros/rmw_microxrcedds) by extension 'cmake'
[0.153s] Level 1:colcon.colcon_core.package_identification:_identify(src/uros/rmw_microxrcedds) by extension 'python'
[0.153s] Level 1:colcon.colcon_core.package_identification:_identify(src/uros/rmw_microxrcedds) by extensions ['python_setup_py']
[0.153s] Level 1:colcon.colcon_core.package_identification:_identify(src/uros/rmw_microxrcedds) by extension 'python_setup_py'
[0.153s] Level 1:colcon.colcon_core.package_identification:_identify(src/uros/rmw_microxrcedds/rmw_microxrcedds_c) by extensions ['ignore', 'ignore_ament_install']
[0.153s] Level 1:colcon.colcon_core.package_identification:_identify(src/uros/rmw_microxrcedds/rmw_microxrcedds_c) by extension 'ignore'
[0.153s] Level 1:colcon.colcon_core.package_identification:_identify(src/uros/rmw_microxrcedds/rmw_microxrcedds_c) by extension 'ignore_ament_install'
[0.153s] Level 1:colcon.colcon_core.package_identification:_identify(src/uros/rmw_microxrcedds/rmw_microxrcedds_c) by extensions ['colcon_pkg']
[0.153s] Level 1:colcon.colcon_core.package_identification:_identify(src/uros/rmw_microxrcedds/rmw_microxrcedds_c) by extension 'colcon_pkg'
[0.153s] Level 1:colcon.colcon_core.package_identification:_identify(src/uros/rmw_microxrcedds/rmw_microxrcedds_c) by extensions ['colcon_meta']
[0.153s] Level 1:colcon.colcon_core.package_identification:_identify(src/uros/rmw_microxrcedds/rmw_microxrcedds_c) by extension 'colcon_meta'
[0.153s] Level 1:colcon.colcon_core.package_identification:_identify(src/uros/rmw_microxrcedds/rmw_microxrcedds_c) by extensions ['ros']
[0.153s] Level 1:colcon.colcon_core.package_identification:_identify(src/uros/rmw_microxrcedds/rmw_microxrcedds_c) by extension 'ros'
[0.154s] DEBUG:colcon.colcon_core.package_identification:Package 'src/uros/rmw_microxrcedds/rmw_microxrcedds_c' with type 'ros.ament_cmake' and name 'rmw_microxrcedds'
[0.154s] Level 1:colcon.colcon_core.package_identification:_identify(src/uros/rosidl_typesupport_microxrcedds) by extensions ['ignore', 'ignore_ament_install']
[0.154s] Level 1:colcon.colcon_core.package_identification:_identify(src/uros/rosidl_typesupport_microxrcedds) by extension 'ignore'
[0.154s] Level 1:colcon.colcon_core.package_identification:_identify(src/uros/rosidl_typesupport_microxrcedds) by extension 'ignore_ament_install'
[0.154s] Level 1:colcon.colcon_core.package_identification:_identify(src/uros/rosidl_typesupport_microxrcedds) by extensions ['colcon_pkg']
[0.154s] Level 1:colcon.colcon_core.package_identification:_identify(src/uros/rosidl_typesupport_microxrcedds) by extension 'colcon_pkg'
[0.154s] Level 1:colcon.colcon_core.package_identification:_identify(src/uros/rosidl_typesupport_microxrcedds) by extensions ['colcon_meta']
[0.154s] Level 1:colcon.colcon_core.package_identification:_identify(src/uros/rosidl_typesupport_microxrcedds) by extension 'colcon_meta'
[0.154s] Level 1:colcon.colcon_core.package_identification:_identify(src/uros/rosidl_typesupport_microxrcedds) by extensions ['ros']
[0.154s] Level 1:colcon.colcon_core.package_identification:_identify(src/uros/rosidl_typesupport_microxrcedds) by extension 'ros'
[0.154s] Level 1:colcon.colcon_core.package_identification:_identify(src/uros/rosidl_typesupport_microxrcedds) by extensions ['cmake', 'python']
[0.154s] Level 1:colcon.colcon_core.package_identification:_identify(src/uros/rosidl_typesupport_microxrcedds) by extension 'cmake'
[0.154s] Level 1:colcon.colcon_core.package_identification:_identify(src/uros/rosidl_typesupport_microxrcedds) by extension 'python'
[0.154s] Level 1:colcon.colcon_core.package_identification:_identify(src/uros/rosidl_typesupport_microxrcedds) by extensions ['python_setup_py']
[0.154s] Level 1:colcon.colcon_core.package_identification:_identify(src/uros/rosidl_typesupport_microxrcedds) by extension 'python_setup_py'
[0.154s] Level 1:colcon.colcon_core.package_identification:_identify(src/uros/rosidl_typesupport_microxrcedds/rosidl_typesupport_microxrcedds_c) by extensions ['ignore', 'ignore_ament_install']
[0.155s] Level 1:colcon.colcon_core.package_identification:_identify(src/uros/rosidl_typesupport_microxrcedds/rosidl_typesupport_microxrcedds_c) by extension 'ignore'
[0.155s] Level 1:colcon.colcon_core.package_identification:_identify(src/uros/rosidl_typesupport_microxrcedds/rosidl_typesupport_microxrcedds_c) by extension 'ignore_ament_install'
[0.155s] Level 1:colcon.colcon_core.package_identification:_identify(src/uros/rosidl_typesupport_microxrcedds/rosidl_typesupport_microxrcedds_c) by extensions ['colcon_pkg']
[0.155s] Level 1:colcon.colcon_core.package_identification:_identify(src/uros/rosidl_typesupport_microxrcedds/rosidl_typesupport_microxrcedds_c) by extension 'colcon_pkg'
[0.155s] Level 1:colcon.colcon_core.package_identification:_identify(src/uros/rosidl_typesupport_microxrcedds/rosidl_typesupport_microxrcedds_c) by extensions ['colcon_meta']
[0.155s] Level 1:colcon.colcon_core.package_identification:_identify(src/uros/rosidl_typesupport_microxrcedds/rosidl_typesupport_microxrcedds_c) by extension 'colcon_meta'
[0.155s] Level 1:colcon.colcon_core.package_identification:_identify(src/uros/rosidl_typesupport_microxrcedds/rosidl_typesupport_microxrcedds_c) by extensions ['ros']
[0.155s] Level 1:colcon.colcon_core.package_identification:_identify(src/uros/rosidl_typesupport_microxrcedds/rosidl_typesupport_microxrcedds_c) by extension 'ros'
[0.155s] DEBUG:colcon.colcon_core.package_identification:Package 'src/uros/rosidl_typesupport_microxrcedds/rosidl_typesupport_microxrcedds_c' with type 'ros.ament_cmake' and name 'rosidl_typesupport_microxrcedds_c'
[0.155s] Level 1:colcon.colcon_core.package_identification:_identify(src/uros/rosidl_typesupport_microxrcedds/rosidl_typesupport_microxrcedds_cpp) by extensions ['ignore', 'ignore_ament_install']
[0.156s] Level 1:colcon.colcon_core.package_identification:_identify(src/uros/rosidl_typesupport_microxrcedds/rosidl_typesupport_microxrcedds_cpp) by extension 'ignore'
[0.156s] Level 1:colcon.colcon_core.package_identification:_identify(src/uros/rosidl_typesupport_microxrcedds/rosidl_typesupport_microxrcedds_cpp) by extension 'ignore_ament_install'
[0.156s] Level 1:colcon.colcon_core.package_identification:_identify(src/uros/rosidl_typesupport_microxrcedds/rosidl_typesupport_microxrcedds_cpp) by extensions ['colcon_pkg']
[0.156s] Level 1:colcon.colcon_core.package_identification:_identify(src/uros/rosidl_typesupport_microxrcedds/rosidl_typesupport_microxrcedds_cpp) by extension 'colcon_pkg'
[0.156s] Level 1:colcon.colcon_core.package_identification:_identify(src/uros/rosidl_typesupport_microxrcedds/rosidl_typesupport_microxrcedds_cpp) by extensions ['colcon_meta']
[0.156s] Level 1:colcon.colcon_core.package_identification:_identify(src/uros/rosidl_typesupport_microxrcedds/rosidl_typesupport_microxrcedds_cpp) by extension 'colcon_meta'
[0.156s] Level 1:colcon.colcon_core.package_identification:_identify(src/uros/rosidl_typesupport_microxrcedds/rosidl_typesupport_microxrcedds_cpp) by extensions ['ros']
[0.156s] Level 1:colcon.colcon_core.package_identification:_identify(src/uros/rosidl_typesupport_microxrcedds/rosidl_typesupport_microxrcedds_cpp) by extension 'ros'
[0.156s] DEBUG:colcon.colcon_core.package_identification:Package 'src/uros/rosidl_typesupport_microxrcedds/rosidl_typesupport_microxrcedds_cpp' with type 'ros.ament_cmake' and name 'rosidl_typesupport_microxrcedds_cpp'
[0.156s] Level 1:colcon.colcon_core.package_identification:_identify(src/uros/rosidl_typesupport_microxrcedds/test) by extensions ['ignore', 'ignore_ament_install']
[0.157s] Level 1:colcon.colcon_core.package_identification:_identify(src/uros/rosidl_typesupport_microxrcedds/test) by extension 'ignore'
[0.157s] Level 1:colcon.colcon_core.package_identification:_identify(src/uros/rosidl_typesupport_microxrcedds/test) by extension 'ignore_ament_install'
[0.157s] Level 1:colcon.colcon_core.package_identification:_identify(src/uros/rosidl_typesupport_microxrcedds/test) by extensions ['colcon_pkg']
[0.157s] Level 1:colcon.colcon_core.package_identification:_identify(src/uros/rosidl_typesupport_microxrcedds/test) by extension 'colcon_pkg'
[0.157s] Level 1:colcon.colcon_core.package_identification:_identify(src/uros/rosidl_typesupport_microxrcedds/test) by extensions ['colcon_meta']
[0.157s] Level 1:colcon.colcon_core.package_identification:_identify(src/uros/rosidl_typesupport_microxrcedds/test) by extension 'colcon_meta'
[0.157s] Level 1:colcon.colcon_core.package_identification:_identify(src/uros/rosidl_typesupport_microxrcedds/test) by extensions ['ros']
[0.157s] Level 1:colcon.colcon_core.package_identification:_identify(src/uros/rosidl_typesupport_microxrcedds/test) by extension 'ros'
[0.157s] Level 1:colcon.colcon_core.package_identification:_identify(src/uros/rosidl_typesupport_microxrcedds/test) by extensions ['cmake', 'python']
[0.157s] Level 1:colcon.colcon_core.package_identification:_identify(src/uros/rosidl_typesupport_microxrcedds/test) by extension 'cmake'
[0.157s] Level 1:colcon.colcon_core.package_identification:_identify(src/uros/rosidl_typesupport_microxrcedds/test) by extension 'python'
[0.157s] Level 1:colcon.colcon_core.package_identification:_identify(src/uros/rosidl_typesupport_microxrcedds/test) by extensions ['python_setup_py']
[0.157s] Level 1:colcon.colcon_core.package_identification:_identify(src/uros/rosidl_typesupport_microxrcedds/test) by extension 'python_setup_py'
[0.157s] Level 1:colcon.colcon_core.package_identification:_identify(src/uros/rosidl_typesupport_microxrcedds/test/c) by extensions ['ignore', 'ignore_ament_install']
[0.157s] Level 1:colcon.colcon_core.package_identification:_identify(src/uros/rosidl_typesupport_microxrcedds/test/c) by extension 'ignore'
[0.157s] Level 1:colcon.colcon_core.package_identification:_identify(src/uros/rosidl_typesupport_microxrcedds/test/c) by extension 'ignore_ament_install'
[0.157s] Level 1:colcon.colcon_core.package_identification:_identify(src/uros/rosidl_typesupport_microxrcedds/test/c) by extensions ['colcon_pkg']
[0.157s] Level 1:colcon.colcon_core.package_identification:_identify(src/uros/rosidl_typesupport_microxrcedds/test/c) by extension 'colcon_pkg'
[0.157s] Level 1:colcon.colcon_core.package_identification:_identify(src/uros/rosidl_typesupport_microxrcedds/test/c) by extensions ['colcon_meta']
[0.157s] Level 1:colcon.colcon_core.package_identification:_identify(src/uros/rosidl_typesupport_microxrcedds/test/c) by extension 'colcon_meta'
[0.157s] Level 1:colcon.colcon_core.package_identification:_identify(src/uros/rosidl_typesupport_microxrcedds/test/c) by extensions ['ros']
[0.157s] Level 1:colcon.colcon_core.package_identification:_identify(src/uros/rosidl_typesupport_microxrcedds/test/c) by extension 'ros'
[0.158s] DEBUG:colcon.colcon_core.package_identification:Package 'src/uros/rosidl_typesupport_microxrcedds/test/c' with type 'ros.ament_cmake' and name 'rosidl_typesupport_microxrcedds_c_tests'
[0.158s] Level 1:colcon.colcon_core.package_identification:_identify(src/uros/rosidl_typesupport_microxrcedds/test/cpp) by extensions ['ignore', 'ignore_ament_install']
[0.158s] Level 1:colcon.colcon_core.package_identification:_identify(src/uros/rosidl_typesupport_microxrcedds/test/cpp) by extension 'ignore'
[0.158s] Level 1:colcon.colcon_core.package_identification:_identify(src/uros/rosidl_typesupport_microxrcedds/test/cpp) by extension 'ignore_ament_install'
[0.158s] Level 1:colcon.colcon_core.package_identification:_identify(src/uros/rosidl_typesupport_microxrcedds/test/cpp) by extensions ['colcon_pkg']
[0.158s] Level 1:colcon.colcon_core.package_identification:_identify(src/uros/rosidl_typesupport_microxrcedds/test/cpp) by extension 'colcon_pkg'
[0.158s] Level 1:colcon.colcon_core.package_identification:_identify(src/uros/rosidl_typesupport_microxrcedds/test/cpp) by extensions ['colcon_meta']
[0.158s] Level 1:colcon.colcon_core.package_identification:_identify(src/uros/rosidl_typesupport_microxrcedds/test/cpp) by extension 'colcon_meta'
[0.158s] Level 1:colcon.colcon_core.package_identification:_identify(src/uros/rosidl_typesupport_microxrcedds/test/cpp) by extensions ['ros']
[0.158s] Level 1:colcon.colcon_core.package_identification:_identify(src/uros/rosidl_typesupport_microxrcedds/test/cpp) by extension 'ros'
[0.159s] DEBUG:colcon.colcon_core.package_identification:Package 'src/uros/rosidl_typesupport_microxrcedds/test/cpp' with type 'ros.ament_cmake' and name 'rosidl_typesupport_microxrcedds_cpp_tests'
[0.159s] Level 1:colcon.colcon_core.package_identification:_identify(src/uros/rosidl_typesupport_microxrcedds/test/msg) by extensions ['ignore', 'ignore_ament_install']
[0.159s] Level 1:colcon.colcon_core.package_identification:_identify(src/uros/rosidl_typesupport_microxrcedds/test/msg) by extension 'ignore'
[0.159s] Level 1:colcon.colcon_core.package_identification:_identify(src/uros/rosidl_typesupport_microxrcedds/test/msg) by extension 'ignore_ament_install'
[0.159s] Level 1:colcon.colcon_core.package_identification:_identify(src/uros/rosidl_typesupport_microxrcedds/test/msg) by extensions ['colcon_pkg']
[0.159s] Level 1:colcon.colcon_core.package_identification:_identify(src/uros/rosidl_typesupport_microxrcedds/test/msg) by extension 'colcon_pkg'
[0.159s] Level 1:colcon.colcon_core.package_identification:_identify(src/uros/rosidl_typesupport_microxrcedds/test/msg) by extensions ['colcon_meta']
[0.159s] Level 1:colcon.colcon_core.package_identification:_identify(src/uros/rosidl_typesupport_microxrcedds/test/msg) by extension 'colcon_meta'
[0.159s] Level 1:colcon.colcon_core.package_identification:_identify(src/uros/rosidl_typesupport_microxrcedds/test/msg) by extensions ['ros']
[0.159s] Level 1:colcon.colcon_core.package_identification:_identify(src/uros/rosidl_typesupport_microxrcedds/test/msg) by extension 'ros'
[0.159s] DEBUG:colcon.colcon_core.package_identification:Package 'src/uros/rosidl_typesupport_microxrcedds/test/msg' with type 'ros.ament_cmake' and name 'rosidl_typesupport_microxrcedds_test_msg'
[0.159s] Level 1:colcon.colcon_core.package_discovery:discover_packages(recursive) using defaults
[0.160s] Level 1:colcon.colcon_core.package_discovery:discover_packages(ignore) discover
[0.160s] Level 1:colcon.colcon_core.package_discovery:discover_packages(ignore) using defaults
[0.160s] Level 1:colcon.colcon_core.package_discovery:discover_packages(path) discover
[0.160s] Level 1:colcon.colcon_core.package_discovery:discover_packages(path) using defaults
[0.173s] INFO:colcon.colcon_metadata.metadata.colcon_pkg:Updating descriptor of package 'src/eProsima/Micro-CDR' from colcon.pkg: {'name': 'microcdr', 'type': 'cmake', 'cmake-args': ['-DUCDR_ISOLATED_INSTALL=OFF']}
[0.174s] INFO:colcon.colcon_metadata.metadata.colcon_pkg:Updating descriptor of package 'src/eProsima/Micro-XRCE-DDS-Agent' from colcon.pkg: {'name': 'microxrcedds_agent', 'type': 'cmake', 'dependencies': ['fastcdr', 'fastrtps'], 'cmake-args': ['-DUAGENT_ISOLATED_INSTALL=OFF', '-DUAGENT_CLI_PROFILE=OFF']}
[0.175s] INFO:colcon.colcon_core.package_selection:Skipping package 'rosidl_typesupport_microxrcedds_cpp_tests' in 'src/uros/rosidl_typesupport_microxrcedds/test/cpp'
[0.175s] INFO:colcon.colcon_core.package_selection:Skipping package 'rosidl_typesupport_microxrcedds_c_tests' in 'src/uros/rosidl_typesupport_microxrcedds/test/c'
[0.176s] INFO:colcon.colcon_core.package_selection:Skipping package 'rosidl_typesupport_microxrcedds_test_msg' in 'src/uros/rosidl_typesupport_microxrcedds/test/msg'
[0.176s] INFO:colcon.colcon_core.package_selection:Skipping package 'rmw_microxrcedds' in 'src/uros/rmw_microxrcedds/rmw_microxrcedds_c'
[0.176s] INFO:colcon.colcon_core.package_selection:Skipping package 'rosidl_typesupport_microxrcedds_cpp' in 'src/uros/rosidl_typesupport_microxrcedds/rosidl_typesupport_microxrcedds_cpp'
[0.176s] INFO:colcon.colcon_core.package_selection:Skipping package 'micro_ros_setup' in 'src/micro_ros_setup'
[0.176s] INFO:colcon.colcon_core.package_selection:Skipping package 'drive_base_msgs' in 'src/uros/drive_base/drive_base_msgs'
[0.177s] Level 5:colcon.colcon_core.verb:set package 'microcdr' build argument 'cmake_args' from command line to '['-DUAGENT_BUILD_EXECUTABLE=OFF', '-DUAGENT_P2P_PROFILE=OFF', '--no-warn-unused-cli']'
[0.177s] Level 5:colcon.colcon_core.verb:extend package 'microcdr' build argument 'cmake_args' from package metadata with '['-DUCDR_ISOLATED_INSTALL=OFF']'
[0.177s] Level 5:colcon.colcon_core.verb:set package 'microcdr' build argument 'cmake_target' from command line to 'None'
[0.178s] Level 5:colcon.colcon_core.verb:set package 'microcdr' build argument 'cmake_target_skip_unavailable' from command line to 'False'
[0.178s] Level 5:colcon.colcon_core.verb:set package 'microcdr' build argument 'cmake_clean_cache' from command line to 'False'
[0.178s] Level 5:colcon.colcon_core.verb:set package 'microcdr' build argument 'cmake_clean_first' from command line to 'False'
[0.178s] Level 5:colcon.colcon_core.verb:set package 'microcdr' build argument 'cmake_force_configure' from command line to 'False'
[0.178s] Level 5:colcon.colcon_core.verb:set package 'microcdr' build argument 'ament_cmake_args' from command line to 'None'
[0.178s] Level 5:colcon.colcon_core.verb:set package 'microcdr' build argument 'catkin_cmake_args' from command line to 'None'
[0.178s] Level 5:colcon.colcon_core.verb:set package 'microcdr' build argument 'catkin_skip_building_tests' from command line to 'False'
[0.178s] DEBUG:colcon.colcon_core.verb:Building package 'microcdr' with the following arguments: {'ament_cmake_args': None, 'build_base': '/home/marlar/movelt/build/microcdr', 'catkin_cmake_args': None, 'catkin_skip_building_tests': False, 'cmake_args': ['-DUAGENT_BUILD_EXECUTABLE=OFF', '-DUAGENT_P2P_PROFILE=OFF', '--no-warn-unused-cli', '-DUCDR_ISOLATED_INSTALL=OFF'], 'cmake_clean_cache': False, 'cmake_clean_first': False, 'cmake_force_configure': False, 'cmake_target': None, 'cmake_target_skip_unavailable': False, 'install_base': '/home/marlar/movelt/install/microcdr', 'merge_install': False, 'path': '/home/marlar/movelt/src/eProsima/Micro-CDR', 'symlink_install': False, 'test_result_base': None}
[0.179s] Level 5:colcon.colcon_core.verb:set package 'microxrcedds_agent' build argument 'cmake_args' from command line to '['-DUAGENT_BUILD_EXECUTABLE=OFF', '-DUAGENT_P2P_PROFILE=OFF', '--no-warn-unused-cli']'
[0.180s] Level 5:colcon.colcon_core.verb:extend package 'microxrcedds_agent' build argument 'cmake_args' from package metadata with '['-DUAGENT_ISOLATED_INSTALL=OFF', '-DUAGENT_CLI_PROFILE=OFF']'
[0.180s] Level 5:colcon.colcon_core.verb:set package 'microxrcedds_agent' build argument 'cmake_target' from command line to 'None'
[0.180s] Level 5:colcon.colcon_core.verb:set package 'microxrcedds_agent' build argument 'cmake_target_skip_unavailable' from command line to 'False'
[0.180s] Level 5:colcon.colcon_core.verb:set package 'microxrcedds_agent' build argument 'cmake_clean_cache' from command line to 'False'
[0.180s] Level 5:colcon.colcon_core.verb:set package 'microxrcedds_agent' build argument 'cmake_clean_first' from command line to 'False'
[0.180s] Level 5:colcon.colcon_core.verb:set package 'microxrcedds_agent' build argument 'cmake_force_configure' from command line to 'False'
[0.180s] Level 5:colcon.colcon_core.verb:set package 'microxrcedds_agent' build argument 'ament_cmake_args' from command line to 'None'
[0.180s] Level 5:colcon.colcon_core.verb:set package 'microxrcedds_agent' build argument 'catkin_cmake_args' from command line to 'None'
[0.180s] Level 5:colcon.colcon_core.verb:set package 'microxrcedds_agent' build argument 'catkin_skip_building_tests' from command line to 'False'
[0.180s] DEBUG:colcon.colcon_core.verb:Building package 'microxrcedds_agent' with the following arguments: {'ament_cmake_args': None, 'build_base': '/home/marlar/movelt/build/microxrcedds_agent', 'catkin_cmake_args': None, 'catkin_skip_building_tests': False, 'cmake_args': ['-DUAGENT_BUILD_EXECUTABLE=OFF', '-DUAGENT_P2P_PROFILE=OFF', '--no-warn-unused-cli', '-DUAGENT_ISOLATED_INSTALL=OFF', '-DUAGENT_CLI_PROFILE=OFF'], 'cmake_clean_cache': False, 'cmake_clean_first': False, 'cmake_force_configure': False, 'cmake_target': None, 'cmake_target_skip_unavailable': False, 'install_base': '/home/marlar/movelt/install/microxrcedds_agent', 'merge_install': False, 'path': '/home/marlar/movelt/src/eProsima/Micro-XRCE-DDS-Agent', 'symlink_install': False, 'test_result_base': None}
[0.181s] Level 5:colcon.colcon_core.verb:set package 'rosidl_typesupport_microxrcedds_c' build argument 'cmake_args' from command line to '['-DUAGENT_BUILD_EXECUTABLE=OFF', '-DUAGENT_P2P_PROFILE=OFF', '--no-warn-unused-cli']'
[0.181s] Level 5:colcon.colcon_core.verb:set package 'rosidl_typesupport_microxrcedds_c' build argument 'cmake_target' from command line to 'None'
[0.181s] Level 5:colcon.colcon_core.verb:set package 'rosidl_typesupport_microxrcedds_c' build argument 'cmake_target_skip_unavailable' from command line to 'False'
[0.182s] Level 5:colcon.colcon_core.verb:set package 'rosidl_typesupport_microxrcedds_c' build argument 'cmake_clean_cache' from command line to 'False'
[0.182s] Level 5:colcon.colcon_core.verb:set package 'rosidl_typesupport_microxrcedds_c' build argument 'cmake_clean_first' from command line to 'False'
[0.182s] Level 5:colcon.colcon_core.verb:set package 'rosidl_typesupport_microxrcedds_c' build argument 'cmake_force_configure' from command line to 'False'
[0.182s] Level 5:colcon.colcon_core.verb:set package 'rosidl_typesupport_microxrcedds_c' build argument 'ament_cmake_args' from command line to 'None'
[0.182s] Level 5:colcon.colcon_core.verb:set package 'rosidl_typesupport_microxrcedds_c' build argument 'catkin_cmake_args' from command line to 'None'
[0.182s] Level 5:colcon.colcon_core.verb:set package 'rosidl_typesupport_microxrcedds_c' build argument 'catkin_skip_building_tests' from command line to 'False'
[0.182s] DEBUG:colcon.colcon_core.verb:Building package 'rosidl_typesupport_microxrcedds_c' with the following arguments: {'ament_cmake_args': None, 'build_base': '/home/marlar/movelt/build/rosidl_typesupport_microxrcedds_c', 'catkin_cmake_args': None, 'catkin_skip_building_tests': False, 'cmake_args': ['-DUAGENT_BUILD_EXECUTABLE=OFF', '-DUAGENT_P2P_PROFILE=OFF', '--no-warn-unused-cli'], 'cmake_clean_cache': False, 'cmake_clean_first': False, 'cmake_force_configure': False, 'cmake_target': None, 'cmake_target_skip_unavailable': False, 'install_base': '/home/marlar/movelt/install/rosidl_typesupport_microxrcedds_c', 'merge_install': False, 'path': '/home/marlar/movelt/src/uros/rosidl_typesupport_microxrcedds/rosidl_typesupport_microxrcedds_c', 'symlink_install': False, 'test_result_base': None}
[0.184s] Level 5:colcon.colcon_core.verb:set package 'micro_ros_msgs' build argument 'cmake_args' from command line to '['-DUAGENT_BUILD_EXECUTABLE=OFF', '-DUAGENT_P2P_PROFILE=OFF', '--no-warn-unused-cli']'
[0.184s] Level 5:colcon.colcon_core.verb:set package 'micro_ros_msgs' build argument 'cmake_target' from command line to 'None'
[0.184s] Level 5:colcon.colcon_core.verb:set package 'micro_ros_msgs' build argument 'cmake_target_skip_unavailable' from command line to 'False'
[0.184s] Level 5:colcon.colcon_core.verb:set package 'micro_ros_msgs' build argument 'cmake_clean_cache' from command line to 'False'
[0.184s] Level 5:colcon.colcon_core.verb:set package 'micro_ros_msgs' build argument 'cmake_clean_first' from command line to 'False'
[0.184s] Level 5:colcon.colcon_core.verb:set package 'micro_ros_msgs' build argument 'cmake_force_configure' from command line to 'False'
[0.184s] Level 5:colcon.colcon_core.verb:set package 'micro_ros_msgs' build argument 'ament_cmake_args' from command line to 'None'
[0.184s] Level 5:colcon.colcon_core.verb:set package 'micro_ros_msgs' build argument 'catkin_cmake_args' from command line to 'None'
[0.184s] Level 5:colcon.colcon_core.verb:set package 'micro_ros_msgs' build argument 'catkin_skip_building_tests' from command line to 'False'
[0.184s] DEBUG:colcon.colcon_core.verb:Building package 'micro_ros_msgs' with the following arguments: {'ament_cmake_args': None, 'build_base': '/home/marlar/movelt/build/micro_ros_msgs', 'catkin_cmake_args': None, 'catkin_skip_building_tests': False, 'cmake_args': ['-DUAGENT_BUILD_EXECUTABLE=OFF', '-DUAGENT_P2P_PROFILE=OFF', '--no-warn-unused-cli'], 'cmake_clean_cache': False, 'cmake_clean_first': False, 'cmake_force_configure': False, 'cmake_target': None, 'cmake_target_skip_unavailable': False, 'install_base': '/home/marlar/movelt/install/micro_ros_msgs', 'merge_install': False, 'path': '/home/marlar/movelt/src/uros/micro_ros_msgs', 'symlink_install': False, 'test_result_base': None}
[0.186s] Level 5:colcon.colcon_core.verb:set package 'micro_ros_agent' build argument 'cmake_args' from command line to '['-DUAGENT_BUILD_EXECUTABLE=OFF', '-DUAGENT_P2P_PROFILE=OFF', '--no-warn-unused-cli']'
[0.186s] Level 5:colcon.colcon_core.verb:set package 'micro_ros_agent' build argument 'cmake_target' from command line to 'None'
[0.186s] Level 5:colcon.colcon_core.verb:set package 'micro_ros_agent' build argument 'cmake_target_skip_unavailable' from command line to 'False'
[0.186s] Level 5:colcon.colcon_core.verb:set package 'micro_ros_agent' build argument 'cmake_clean_cache' from command line to 'False'
[0.186s] Level 5:colcon.colcon_core.verb:set package 'micro_ros_agent' build argument 'cmake_clean_first' from command line to 'False'
[0.186s] Level 5:colcon.colcon_core.verb:set package 'micro_ros_agent' build argument 'cmake_force_configure' from command line to 'False'
[0.186s] Level 5:colcon.colcon_core.verb:set package 'micro_ros_agent' build argument 'ament_cmake_args' from command line to 'None'
[0.186s] Level 5:colcon.colcon_core.verb:set package 'micro_ros_agent' build argument 'catkin_cmake_args' from command line to 'None'
[0.186s] Level 5:colcon.colcon_core.verb:set package 'micro_ros_agent' build argument 'catkin_skip_building_tests' from command line to 'False'
[0.186s] DEBUG:colcon.colcon_core.verb:Building package 'micro_ros_agent' with the following arguments: {'ament_cmake_args': None, 'build_base': '/home/marlar/movelt/build/micro_ros_agent', 'catkin_cmake_args': None, 'catkin_skip_building_tests': False, 'cmake_args': ['-DUAGENT_BUILD_EXECUTABLE=OFF', '-DUAGENT_P2P_PROFILE=OFF', '--no-warn-unused-cli'], 'cmake_clean_cache': False, 'cmake_clean_first': False, 'cmake_force_configure': False, 'cmake_target': None, 'cmake_target_skip_unavailable': False, 'install_base': '/home/marlar/movelt/install/micro_ros_agent', 'merge_install': False, 'path': '/home/marlar/movelt/src/uros/micro-ROS-Agent/micro_ros_agent', 'symlink_install': False, 'test_result_base': None}
[0.187s] INFO:colcon.colcon_core.executor:Executing jobs using 'parallel' executor
[0.188s] DEBUG:colcon.colcon_parallel_executor.executor.parallel:run_until_complete
[0.188s] INFO:colcon.colcon_cmake.task.cmake.build:Building CMake package in '/home/marlar/movelt/src/eProsima/Micro-CDR'
[0.192s] INFO:colcon.colcon_core.plugin_system:Skipping extension 'colcon_core.shell.bat': Not used on non-Windows systems
[0.192s] INFO:colcon.colcon_core.shell:Skip shell extension 'powershell' for command environment: Not usable outside of PowerShell
[0.192s] DEBUG:colcon.colcon_core.shell:Skip shell extension 'dsv' for command environment
[0.194s] DEBUG:colcon.colcon_core.shell:Ignoring prefix path '/opt/ros/foxy'
[0.198s] INFO:colcon.colcon_cmake.task.cmake.build:Building CMake package in '/home/marlar/movelt/src/eProsima/Micro-XRCE-DDS-Agent'
[0.199s] INFO:colcon.colcon_core.shell:Skip shell extension 'powershell' for command environment: Not usable outside of PowerShell
[0.199s] DEBUG:colcon.colcon_core.shell:Skip shell extension 'dsv' for command environment
[0.201s] DEBUG:colcon.colcon_core.shell:Ignoring prefix path '/opt/ros/foxy'
[0.211s] DEBUG:colcon.colcon_core.event_handler.log_command:Invoking command in '/home/marlar/movelt/build/microcdr': /usr/bin/cmake /home/marlar/movelt/src/eProsima/Micro-CDR -DUAGENT_BUILD_EXECUTABLE=OFF -DUAGENT_P2P_PROFILE=OFF --no-warn-unused-cli -DUCDR_ISOLATED_INSTALL=OFF -DCMAKE_INSTALL_PREFIX=/home/marlar/movelt/install/microcdr
[0.221s] DEBUG:colcon.colcon_core.event_handler.log_command:Invoking command in '/home/marlar/movelt/build/microxrcedds_agent': /usr/bin/cmake /home/marlar/movelt/src/eProsima/Micro-XRCE-DDS-Agent -DUAGENT_BUILD_EXECUTABLE=OFF -DUAGENT_P2P_PROFILE=OFF --no-warn-unused-cli -DUAGENT_ISOLATED_INSTALL=OFF -DUAGENT_CLI_PROFILE=OFF -DCMAKE_INSTALL_PREFIX=/home/marlar/movelt/install/microxrcedds_agent
[0.649s] DEBUG:colcon.colcon_core.event_handler.log_command:Invoked command in '/home/marlar/movelt/build/microcdr' returned '0': /usr/bin/cmake /home/marlar/movelt/src/eProsima/Micro-CDR -DUAGENT_BUILD_EXECUTABLE=OFF -DUAGENT_P2P_PROFILE=OFF --no-warn-unused-cli -DUCDR_ISOLATED_INSTALL=OFF -DCMAKE_INSTALL_PREFIX=/home/marlar/movelt/install/microcdr
[0.655s] DEBUG:colcon.colcon_core.event_handler.log_command:Invoking command in '/home/marlar/movelt/build/microcdr': /usr/bin/cmake --build /home/marlar/movelt/build/microcdr -- -j12 -l12
[0.785s] DEBUG:colcon.colcon_core.event_handler.log_command:Invoked command in '/home/marlar/movelt/build/microxrcedds_agent' returned '0': /usr/bin/cmake /home/marlar/movelt/src/eProsima/Micro-XRCE-DDS-Agent -DUAGENT_BUILD_EXECUTABLE=OFF -DUAGENT_P2P_PROFILE=OFF --no-warn-unused-cli -DUAGENT_ISOLATED_INSTALL=OFF -DUAGENT_CLI_PROFILE=OFF -DCMAKE_INSTALL_PREFIX=/home/marlar/movelt/install/microxrcedds_agent
[0.787s] DEBUG:colcon.colcon_core.event_handler.log_command:Invoking command in '/home/marlar/movelt/build/microxrcedds_agent': /usr/bin/cmake --build /home/marlar/movelt/build/microxrcedds_agent -- -j12 -l12
[1.149s] DEBUG:colcon.colcon_core.event_handler.log_command:Invoked command in '/home/marlar/movelt/build/microcdr' returned '0': /usr/bin/cmake --build /home/marlar/movelt/build/microcdr -- -j12 -l12
[1.209s] DEBUG:colcon.colcon_core.event_handler.log_command:Invoking command in '/home/marlar/movelt/build/microcdr': /usr/bin/cmake --install /home/marlar/movelt/build/microcdr
[1.218s] Level 1:colcon.colcon_core.environment:create_environment_scripts_only(microcdr)
[1.221s] DEBUG:colcon.colcon_core.event_handler.log_command:Invoked command in '/home/marlar/movelt/build/microcdr' returned '0': /usr/bin/cmake --install /home/marlar/movelt/build/microcdr
[1.228s] Level 1:colcon.colcon_core.environment:checking '/home/marlar/movelt/install/microcdr' for CMake module files
[1.229s] Level 1:colcon.colcon_core.environment:checking '/home/marlar/movelt/install/microcdr' for CMake config files
[1.229s] Level 1:colcon.colcon_core.shell:create_environment_hook('microcdr', 'cmake_prefix_path')
[1.231s] INFO:colcon.colcon_core.shell:Creating environment hook '/home/marlar/movelt/install/microcdr/share/microcdr/hook/cmake_prefix_path.ps1'
[1.233s] INFO:colcon.colcon_core.shell:Creating environment descriptor '/home/marlar/movelt/install/microcdr/share/microcdr/hook/cmake_prefix_path.dsv'
[1.233s] INFO:colcon.colcon_core.shell:Creating environment hook '/home/marlar/movelt/install/microcdr/share/microcdr/hook/cmake_prefix_path.sh'
[1.235s] Level 1:colcon.colcon_core.environment:checking '/home/marlar/movelt/install/microcdr/lib'
[1.235s] Level 1:colcon.colcon_core.environment:checking '/home/marlar/movelt/install/microcdr/bin'
[1.235s] Level 1:colcon.colcon_core.environment:checking '/home/marlar/movelt/install/microcdr/lib/pkgconfig/microcdr.pc'
[1.235s] Level 1:colcon.colcon_core.environment:checking '/home/marlar/movelt/install/microcdr/lib/python3.8/site-packages'
[1.236s] INFO:colcon.colcon_core.shell:Creating package script '/home/marlar/movelt/install/microcdr/share/microcdr/package.ps1'
[1.238s] INFO:colcon.colcon_core.shell:Creating package descriptor '/home/marlar/movelt/install/microcdr/share/microcdr/package.dsv'
[1.238s] INFO:colcon.colcon_core.shell:Creating package script '/home/marlar/movelt/install/microcdr/share/microcdr/package.sh'
[1.239s] INFO:colcon.colcon_core.shell:Creating package script '/home/marlar/movelt/install/microcdr/share/microcdr/package.bash'
[1.241s] INFO:colcon.colcon_core.shell:Creating package script '/home/marlar/movelt/install/microcdr/share/microcdr/package.zsh'
[1.242s] Level 1:colcon.colcon_core.environment:create_file_with_runtime_dependencies(/home/marlar/movelt/install/microcdr/share/colcon-core/packages/microcdr)
[1.242s] INFO:colcon.colcon_ros.task.ament_cmake.build:Building ROS package in '/home/marlar/movelt/src/uros/rosidl_typesupport_microxrcedds/rosidl_typesupport_microxrcedds_c' with build type 'ament_cmake'
[1.243s] INFO:colcon.colcon_cmake.task.cmake.build:Building CMake package in '/home/marlar/movelt/src/uros/rosidl_typesupport_microxrcedds/rosidl_typesupport_microxrcedds_c'
[1.243s] INFO:colcon.colcon_core.shell:Skip shell extension 'powershell' for command environment: Not usable outside of PowerShell
[1.244s] DEBUG:colcon.colcon_core.shell:Skip shell extension 'dsv' for command environment
[1.246s] DEBUG:colcon.colcon_core.shell:Ignoring prefix path '/opt/ros/foxy'
[1.264s] DEBUG:colcon.colcon_core.event_handler.log_command:Invoking command in '/home/marlar/movelt/build/rosidl_typesupport_microxrcedds_c': CMAKE_PREFIX_PATH=/home/marlar/movelt/install/microcdr:/home/marlar/movelt/install/micro_ros_setup:/opt/ros/foxy /usr/bin/cmake /home/marlar/movelt/src/uros/rosidl_typesupport_microxrcedds/rosidl_typesupport_microxrcedds_c -DUAGENT_BUILD_EXECUTABLE=OFF -DUAGENT_P2P_PROFILE=OFF --no-warn-unused-cli -DCMAKE_INSTALL_PREFIX=/home/marlar/movelt/install/rosidl_typesupport_microxrcedds_c
[1.931s] DEBUG:colcon.colcon_core.event_handler.log_command:Invoked command in '/home/marlar/movelt/build/rosidl_typesupport_microxrcedds_c' returned '0': CMAKE_PREFIX_PATH=/home/marlar/movelt/install/microcdr:/home/marlar/movelt/install/micro_ros_setup:/opt/ros/foxy /usr/bin/cmake /home/marlar/movelt/src/uros/rosidl_typesupport_microxrcedds/rosidl_typesupport_microxrcedds_c -DUAGENT_BUILD_EXECUTABLE=OFF -DUAGENT_P2P_PROFILE=OFF --no-warn-unused-cli -DCMAKE_INSTALL_PREFIX=/home/marlar/movelt/install/rosidl_typesupport_microxrcedds_c
[1.936s] DEBUG:colcon.colcon_core.event_handler.log_command:Invoking command in '/home/marlar/movelt/build/rosidl_typesupport_microxrcedds_c': CMAKE_PREFIX_PATH=/home/marlar/movelt/install/microcdr:/home/marlar/movelt/install/micro_ros_setup:/opt/ros/foxy /usr/bin/cmake --build /home/marlar/movelt/build/rosidl_typesupport_microxrcedds_c -- -j12 -l12
[2.061s] DEBUG:colcon.colcon_core.event_handler.log_command:Invoked command in '/home/marlar/movelt/build/rosidl_typesupport_microxrcedds_c' returned '0': CMAKE_PREFIX_PATH=/home/marlar/movelt/install/microcdr:/home/marlar/movelt/install/micro_ros_setup:/opt/ros/foxy /usr/bin/cmake --build /home/marlar/movelt/build/rosidl_typesupport_microxrcedds_c -- -j12 -l12
[2.110s] DEBUG:colcon.colcon_core.event_handler.log_command:Invoking command in '/home/marlar/movelt/build/rosidl_typesupport_microxrcedds_c': CMAKE_PREFIX_PATH=/home/marlar/movelt/install/microcdr:/home/marlar/movelt/install/micro_ros_setup:/opt/ros/foxy /usr/bin/cmake --install /home/marlar/movelt/build/rosidl_typesupport_microxrcedds_c
[2.190s] Level 1:colcon.colcon_core.environment:create_environment_scripts_only(rosidl_typesupport_microxrcedds_c)
[2.193s] Level 1:colcon.colcon_core.environment:checking '/home/marlar/movelt/install/rosidl_typesupport_microxrcedds_c' for CMake module files
[2.194s] DEBUG:colcon.colcon_core.event_handler.log_command:Invoked command in '/home/marlar/movelt/build/rosidl_typesupport_microxrcedds_c' returned '0': CMAKE_PREFIX_PATH=/home/marlar/movelt/install/microcdr:/home/marlar/movelt/install/micro_ros_setup:/opt/ros/foxy /usr/bin/cmake --install /home/marlar/movelt/build/rosidl_typesupport_microxrcedds_c
[2.195s] Level 1:colcon.colcon_core.environment:checking '/home/marlar/movelt/install/rosidl_typesupport_microxrcedds_c' for CMake config files
[2.196s] Level 1:colcon.colcon_core.shell:create_environment_hook('rosidl_typesupport_microxrcedds_c', 'cmake_prefix_path')
[2.197s] INFO:colcon.colcon_core.shell:Creating environment hook '/home/marlar/movelt/install/rosidl_typesupport_microxrcedds_c/share/rosidl_typesupport_microxrcedds_c/hook/cmake_prefix_path.ps1'
[2.198s] INFO:colcon.colcon_core.shell:Creating environment descriptor '/home/marlar/movelt/install/rosidl_typesupport_microxrcedds_c/share/rosidl_typesupport_microxrcedds_c/hook/cmake_prefix_path.dsv'
[2.199s] INFO:colcon.colcon_core.shell:Creating environment hook '/home/marlar/movelt/install/rosidl_typesupport_microxrcedds_c/share/rosidl_typesupport_microxrcedds_c/hook/cmake_prefix_path.sh'
[2.200s] Level 1:colcon.colcon_core.environment:checking '/home/marlar/movelt/install/rosidl_typesupport_microxrcedds_c/lib'
[2.201s] Level 1:colcon.colcon_core.environment:checking '/home/marlar/movelt/install/rosidl_typesupport_microxrcedds_c/bin'
[2.201s] Level 1:colcon.colcon_core.environment:checking '/home/marlar/movelt/install/rosidl_typesupport_microxrcedds_c/lib/pkgconfig/rosidl_typesupport_microxrcedds_c.pc'
[2.201s] Level 1:colcon.colcon_core.environment:checking '/home/marlar/movelt/install/rosidl_typesupport_microxrcedds_c/lib/python3.8/site-packages'
[2.201s] Level 1:colcon.colcon_core.shell:create_environment_hook('rosidl_typesupport_microxrcedds_c', 'pythonpath')
[2.202s] INFO:colcon.colcon_core.shell:Creating environment hook '/home/marlar/movelt/install/rosidl_typesupport_microxrcedds_c/share/rosidl_typesupport_microxrcedds_c/hook/pythonpath.ps1'
[2.204s] INFO:colcon.colcon_core.shell:Creating environment descriptor '/home/marlar/movelt/install/rosidl_typesupport_microxrcedds_c/share/rosidl_typesupport_microxrcedds_c/hook/pythonpath.dsv'
[2.204s] INFO:colcon.colcon_core.shell:Creating environment hook '/home/marlar/movelt/install/rosidl_typesupport_microxrcedds_c/share/rosidl_typesupport_microxrcedds_c/hook/pythonpath.sh'
[2.206s] INFO:colcon.colcon_core.shell:Creating package script '/home/marlar/movelt/install/rosidl_typesupport_microxrcedds_c/share/rosidl_typesupport_microxrcedds_c/package.ps1'
[2.207s] INFO:colcon.colcon_core.shell:Creating package descriptor '/home/marlar/movelt/install/rosidl_typesupport_microxrcedds_c/share/rosidl_typesupport_microxrcedds_c/package.dsv'
[2.208s] INFO:colcon.colcon_core.shell:Creating package script '/home/marlar/movelt/install/rosidl_typesupport_microxrcedds_c/share/rosidl_typesupport_microxrcedds_c/package.sh'
[2.208s] INFO:colcon.colcon_core.shell:Creating package script '/home/marlar/movelt/install/rosidl_typesupport_microxrcedds_c/share/rosidl_typesupport_microxrcedds_c/package.bash'
[2.209s] INFO:colcon.colcon_core.shell:Creating package script '/home/marlar/movelt/install/rosidl_typesupport_microxrcedds_c/share/rosidl_typesupport_microxrcedds_c/package.zsh'
[2.209s] Level 1:colcon.colcon_core.environment:create_file_with_runtime_dependencies(/home/marlar/movelt/install/rosidl_typesupport_microxrcedds_c/share/colcon-core/packages/rosidl_typesupport_microxrcedds_c)
[2.257s] Level 1:colcon.colcon_core.environment:create_environment_scripts_only(rosidl_typesupport_microxrcedds_c)
[2.259s] Level 1:colcon.colcon_core.environment:checking '/home/marlar/movelt/install/rosidl_typesupport_microxrcedds_c' for CMake module files
[2.260s] Level 1:colcon.colcon_core.environment:checking '/home/marlar/movelt/install/rosidl_typesupport_microxrcedds_c' for CMake config files
[2.261s] Level 1:colcon.colcon_core.shell:create_environment_hook('rosidl_typesupport_microxrcedds_c', 'cmake_prefix_path')
[2.263s] INFO:colcon.colcon_core.shell:Creating environment hook '/home/marlar/movelt/install/rosidl_typesupport_microxrcedds_c/share/rosidl_typesupport_microxrcedds_c/hook/cmake_prefix_path.ps1'
[2.264s] INFO:colcon.colcon_core.shell:Creating environment descriptor '/home/marlar/movelt/install/rosidl_typesupport_microxrcedds_c/share/rosidl_typesupport_microxrcedds_c/hook/cmake_prefix_path.dsv'
[2.265s] INFO:colcon.colcon_core.shell:Creating environment hook '/home/marlar/movelt/install/rosidl_typesupport_microxrcedds_c/share/rosidl_typesupport_microxrcedds_c/hook/cmake_prefix_path.sh'
[2.266s] Level 1:colcon.colcon_core.environment:checking '/home/marlar/movelt/install/rosidl_typesupport_microxrcedds_c/lib'
[2.266s] Level 1:colcon.colcon_core.environment:checking '/home/marlar/movelt/install/rosidl_typesupport_microxrcedds_c/bin'
[2.266s] Level 1:colcon.colcon_core.environment:checking '/home/marlar/movelt/install/rosidl_typesupport_microxrcedds_c/lib/pkgconfig/rosidl_typesupport_microxrcedds_c.pc'
[2.266s] Level 1:colcon.colcon_core.environment:checking '/home/marlar/movelt/install/rosidl_typesupport_microxrcedds_c/lib/python3.8/site-packages'
[2.267s] Level 1:colcon.colcon_core.shell:create_environment_hook('rosidl_typesupport_microxrcedds_c', 'pythonpath')
[2.268s] INFO:colcon.colcon_core.shell:Creating environment hook '/home/marlar/movelt/install/rosidl_typesupport_microxrcedds_c/share/rosidl_typesupport_microxrcedds_c/hook/pythonpath.ps1'
[2.268s] INFO:colcon.colcon_core.shell:Creating environment descriptor '/home/marlar/movelt/install/rosidl_typesupport_microxrcedds_c/share/rosidl_typesupport_microxrcedds_c/hook/pythonpath.dsv'
[2.269s] INFO:colcon.colcon_core.shell:Creating environment hook '/home/marlar/movelt/install/rosidl_typesupport_microxrcedds_c/share/rosidl_typesupport_microxrcedds_c/hook/pythonpath.sh'
[2.270s] INFO:colcon.colcon_core.shell:Creating package script '/home/marlar/movelt/install/rosidl_typesupport_microxrcedds_c/share/rosidl_typesupport_microxrcedds_c/package.ps1'
[2.271s] INFO:colcon.colcon_core.shell:Creating package descriptor '/home/marlar/movelt/install/rosidl_typesupport_microxrcedds_c/share/rosidl_typesupport_microxrcedds_c/package.dsv'
[2.272s] INFO:colcon.colcon_core.shell:Creating package script '/home/marlar/movelt/install/rosidl_typesupport_microxrcedds_c/share/rosidl_typesupport_microxrcedds_c/package.sh'
[2.273s] INFO:colcon.colcon_core.shell:Creating package script '/home/marlar/movelt/install/rosidl_typesupport_microxrcedds_c/share/rosidl_typesupport_microxrcedds_c/package.bash'
[2.273s] INFO:colcon.colcon_core.shell:Creating package script '/home/marlar/movelt/install/rosidl_typesupport_microxrcedds_c/share/rosidl_typesupport_microxrcedds_c/package.zsh'
[2.274s] Level 1:colcon.colcon_core.environment:create_file_with_runtime_dependencies(/home/marlar/movelt/install/rosidl_typesupport_microxrcedds_c/share/colcon-core/packages/rosidl_typesupport_microxrcedds_c)
[2.275s] INFO:colcon.colcon_ros.task.ament_cmake.build:Building ROS package in '/home/marlar/movelt/src/uros/micro_ros_msgs' with build type 'ament_cmake'
[2.275s] INFO:colcon.colcon_cmake.task.cmake.build:Building CMake package in '/home/marlar/movelt/src/uros/micro_ros_msgs'
[2.276s] INFO:colcon.colcon_core.shell:Skip shell extension 'powershell' for command environment: Not usable outside of PowerShell
[2.276s] DEBUG:colcon.colcon_core.shell:Skip shell extension 'dsv' for command environment
[2.279s] DEBUG:colcon.colcon_core.shell:Ignoring prefix path '/opt/ros/foxy'
[2.303s] DEBUG:colcon.colcon_core.event_handler.log_command:Invoking command in '/home/marlar/movelt/build/micro_ros_msgs': AMENT_PREFIX_PATH=/home/marlar/movelt/install/rosidl_typesupport_microxrcedds_c:${AMENT_PREFIX_PATH} CMAKE_PREFIX_PATH=/home/marlar/movelt/install/rosidl_typesupport_microxrcedds_c:/home/marlar/movelt/install/microcdr:/home/marlar/movelt/install/micro_ros_setup:/opt/ros/foxy LD_LIBRARY_PATH=/home/marlar/movelt/install/rosidl_typesupport_microxrcedds_c/lib:${LD_LIBRARY_PATH} PYTHONPATH=/home/marlar/movelt/install/rosidl_typesupport_microxrcedds_c/lib/python3.8/site-packages:${PYTHONPATH} /usr/bin/cmake /home/marlar/movelt/src/uros/micro_ros_msgs -DUAGENT_BUILD_EXECUTABLE=OFF -DUAGENT_P2P_PROFILE=OFF --no-warn-unused-cli -DCMAKE_INSTALL_PREFIX=/home/marlar/movelt/install/micro_ros_msgs
[3.783s] DEBUG:colcon.colcon_core.event_handler.log_command:Invoked command in '/home/marlar/movelt/build/micro_ros_msgs' returned '0': AMENT_PREFIX_PATH=/home/marlar/movelt/install/rosidl_typesupport_microxrcedds_c:${AMENT_PREFIX_PATH} CMAKE_PREFIX_PATH=/home/marlar/movelt/install/rosidl_typesupport_microxrcedds_c:/home/marlar/movelt/install/microcdr:/home/marlar/movelt/install/micro_ros_setup:/opt/ros/foxy LD_LIBRARY_PATH=/home/marlar/movelt/install/rosidl_typesupport_microxrcedds_c/lib:${LD_LIBRARY_PATH} PYTHONPATH=/home/marlar/movelt/install/rosidl_typesupport_microxrcedds_c/lib/python3.8/site-packages:${PYTHONPATH} /usr/bin/cmake /home/marlar/movelt/src/uros/micro_ros_msgs -DUAGENT_BUILD_EXECUTABLE=OFF -DUAGENT_P2P_PROFILE=OFF --no-warn-unused-cli -DCMAKE_INSTALL_PREFIX=/home/marlar/movelt/install/micro_ros_msgs
[3.787s] DEBUG:colcon.colcon_core.event_handler.log_command:Invoking command in '/home/marlar/movelt/build/micro_ros_msgs': AMENT_PREFIX_PATH=/home/marlar/movelt/install/rosidl_typesupport_microxrcedds_c:${AMENT_PREFIX_PATH} CMAKE_PREFIX_PATH=/home/marlar/movelt/install/rosidl_typesupport_microxrcedds_c:/home/marlar/movelt/install/microcdr:/home/marlar/movelt/install/micro_ros_setup:/opt/ros/foxy LD_LIBRARY_PATH=/home/marlar/movelt/install/rosidl_typesupport_microxrcedds_c/lib:${LD_LIBRARY_PATH} PYTHONPATH=/home/marlar/movelt/install/rosidl_typesupport_microxrcedds_c/lib/python3.8/site-packages:${PYTHONPATH} /usr/bin/cmake --build /home/marlar/movelt/build/micro_ros_msgs -- -j12 -l12
[6.736s] DEBUG:colcon.colcon_core.event_handler.log_command:Invoked command in '/home/marlar/movelt/build/micro_ros_msgs' returned '0': AMENT_PREFIX_PATH=/home/marlar/movelt/install/rosidl_typesupport_microxrcedds_c:${AMENT_PREFIX_PATH} CMAKE_PREFIX_PATH=/home/marlar/movelt/install/rosidl_typesupport_microxrcedds_c:/home/marlar/movelt/install/microcdr:/home/marlar/movelt/install/micro_ros_setup:/opt/ros/foxy LD_LIBRARY_PATH=/home/marlar/movelt/install/rosidl_typesupport_microxrcedds_c/lib:${LD_LIBRARY_PATH} PYTHONPATH=/home/marlar/movelt/install/rosidl_typesupport_microxrcedds_c/lib/python3.8/site-packages:${PYTHONPATH} /usr/bin/cmake --build /home/marlar/movelt/build/micro_ros_msgs -- -j12 -l12
[6.849s] DEBUG:colcon.colcon_core.event_handler.log_command:Invoking command in '/home/marlar/movelt/build/micro_ros_msgs': AMENT_PREFIX_PATH=/home/marlar/movelt/install/rosidl_typesupport_microxrcedds_c:${AMENT_PREFIX_PATH} CMAKE_PREFIX_PATH=/home/marlar/movelt/install/rosidl_typesupport_microxrcedds_c:/home/marlar/movelt/install/microcdr:/home/marlar/movelt/install/micro_ros_setup:/opt/ros/foxy LD_LIBRARY_PATH=/home/marlar/movelt/install/rosidl_typesupport_microxrcedds_c/lib:${LD_LIBRARY_PATH} PYTHONPATH=/home/marlar/movelt/install/rosidl_typesupport_microxrcedds_c/lib/python3.8/site-packages:${PYTHONPATH} /usr/bin/cmake --install /home/marlar/movelt/build/micro_ros_msgs
[6.939s] Level 1:colcon.colcon_core.environment:create_environment_scripts_only(micro_ros_msgs)
[6.942s] Level 1:colcon.colcon_core.environment:checking '/home/marlar/movelt/install/micro_ros_msgs' for CMake module files
[6.944s] DEBUG:colcon.colcon_core.event_handler.log_command:Invoked command in '/home/marlar/movelt/build/micro_ros_msgs' returned '0': AMENT_PREFIX_PATH=/home/marlar/movelt/install/rosidl_typesupport_microxrcedds_c:${AMENT_PREFIX_PATH} CMAKE_PREFIX_PATH=/home/marlar/movelt/install/rosidl_typesupport_microxrcedds_c:/home/marlar/movelt/install/microcdr:/home/marlar/movelt/install/micro_ros_setup:/opt/ros/foxy LD_LIBRARY_PATH=/home/marlar/movelt/install/rosidl_typesupport_microxrcedds_c/lib:${LD_LIBRARY_PATH} PYTHONPATH=/home/marlar/movelt/install/rosidl_typesupport_microxrcedds_c/lib/python3.8/site-packages:${PYTHONPATH} /usr/bin/cmake --install /home/marlar/movelt/build/micro_ros_msgs
[6.945s] Level 1:colcon.colcon_core.environment:checking '/home/marlar/movelt/install/micro_ros_msgs' for CMake config files
[6.946s] Level 1:colcon.colcon_core.shell:create_environment_hook('micro_ros_msgs', 'cmake_prefix_path')
[6.948s] INFO:colcon.colcon_core.shell:Creating environment hook '/home/marlar/movelt/install/micro_ros_msgs/share/micro_ros_msgs/hook/cmake_prefix_path.ps1'
[6.949s] INFO:colcon.colcon_core.shell:Creating environment descriptor '/home/marlar/movelt/install/micro_ros_msgs/share/micro_ros_msgs/hook/cmake_prefix_path.dsv'
[6.950s] INFO:colcon.colcon_core.shell:Creating environment hook '/home/marlar/movelt/install/micro_ros_msgs/share/micro_ros_msgs/hook/cmake_prefix_path.sh'
[6.951s] Level 1:colcon.colcon_core.environment:checking '/home/marlar/movelt/install/micro_ros_msgs/lib'
[6.951s] Level 1:colcon.colcon_core.shell:create_environment_hook('micro_ros_msgs', 'ld_library_path_lib')
[6.953s] INFO:colcon.colcon_core.shell:Creating environment hook '/home/marlar/movelt/install/micro_ros_msgs/share/micro_ros_msgs/hook/ld_library_path_lib.ps1'
[6.954s] INFO:colcon.colcon_core.shell:Creating environment descriptor '/home/marlar/movelt/install/micro_ros_msgs/share/micro_ros_msgs/hook/ld_library_path_lib.dsv'
[6.954s] INFO:colcon.colcon_core.shell:Creating environment hook '/home/marlar/movelt/install/micro_ros_msgs/share/micro_ros_msgs/hook/ld_library_path_lib.sh'
[6.955s] Level 1:colcon.colcon_core.environment:checking '/home/marlar/movelt/install/micro_ros_msgs/bin'
[6.955s] Level 1:colcon.colcon_core.environment:checking '/home/marlar/movelt/install/micro_ros_msgs/lib/pkgconfig/micro_ros_msgs.pc'
[6.955s] Level 1:colcon.colcon_core.environment:checking '/home/marlar/movelt/install/micro_ros_msgs/lib/python3.8/site-packages'
[6.955s] Level 1:colcon.colcon_core.shell:create_environment_hook('micro_ros_msgs', 'pythonpath')
[6.956s] INFO:colcon.colcon_core.shell:Creating environment hook '/home/marlar/movelt/install/micro_ros_msgs/share/micro_ros_msgs/hook/pythonpath.ps1'
[6.957s] INFO:colcon.colcon_core.shell:Creating environment descriptor '/home/marlar/movelt/install/micro_ros_msgs/share/micro_ros_msgs/hook/pythonpath.dsv'
[6.957s] INFO:colcon.colcon_core.shell:Creating environment hook '/home/marlar/movelt/install/micro_ros_msgs/share/micro_ros_msgs/hook/pythonpath.sh'
[6.959s] INFO:colcon.colcon_core.shell:Creating package script '/home/marlar/movelt/install/micro_ros_msgs/share/micro_ros_msgs/package.ps1'
[6.960s] INFO:colcon.colcon_core.shell:Creating package descriptor '/home/marlar/movelt/install/micro_ros_msgs/share/micro_ros_msgs/package.dsv'
[6.961s] INFO:colcon.colcon_core.shell:Creating package script '/home/marlar/movelt/install/micro_ros_msgs/share/micro_ros_msgs/package.sh'
[6.961s] INFO:colcon.colcon_core.shell:Creating package script '/home/marlar/movelt/install/micro_ros_msgs/share/micro_ros_msgs/package.bash'
[6.962s] INFO:colcon.colcon_core.shell:Creating package script '/home/marlar/movelt/install/micro_ros_msgs/share/micro_ros_msgs/package.zsh'
[6.963s] Level 1:colcon.colcon_core.environment:create_file_with_runtime_dependencies(/home/marlar/movelt/install/micro_ros_msgs/share/colcon-core/packages/micro_ros_msgs)
[7.088s] Level 1:colcon.colcon_core.environment:create_environment_scripts_only(micro_ros_msgs)
[7.090s] Level 1:colcon.colcon_core.environment:checking '/home/marlar/movelt/install/micro_ros_msgs' for CMake module files
[7.091s] Level 1:colcon.colcon_core.environment:checking '/home/marlar/movelt/install/micro_ros_msgs' for CMake config files
[7.093s] Level 1:colcon.colcon_core.shell:create_environment_hook('micro_ros_msgs', 'cmake_prefix_path')
[7.094s] INFO:colcon.colcon_core.shell:Creating environment hook '/home/marlar/movelt/install/micro_ros_msgs/share/micro_ros_msgs/hook/cmake_prefix_path.ps1'
[7.095s] INFO:colcon.colcon_core.shell:Creating environment descriptor '/home/marlar/movelt/install/micro_ros_msgs/share/micro_ros_msgs/hook/cmake_prefix_path.dsv'
[7.095s] INFO:colcon.colcon_core.shell:Creating environment hook '/home/marlar/movelt/install/micro_ros_msgs/share/micro_ros_msgs/hook/cmake_prefix_path.sh'
[7.096s] Level 1:colcon.colcon_core.environment:checking '/home/marlar/movelt/install/micro_ros_msgs/lib'
[7.096s] Level 1:colcon.colcon_core.shell:create_environment_hook('micro_ros_msgs', 'ld_library_path_lib')
[7.097s] INFO:colcon.colcon_core.shell:Creating environment hook '/home/marlar/movelt/install/micro_ros_msgs/share/micro_ros_msgs/hook/ld_library_path_lib.ps1'
[7.098s] INFO:colcon.colcon_core.shell:Creating environment descriptor '/home/marlar/movelt/install/micro_ros_msgs/share/micro_ros_msgs/hook/ld_library_path_lib.dsv'
[7.098s] INFO:colcon.colcon_core.shell:Creating environment hook '/home/marlar/movelt/install/micro_ros_msgs/share/micro_ros_msgs/hook/ld_library_path_lib.sh'
[7.099s] Level 1:colcon.colcon_core.environment:checking '/home/marlar/movelt/install/micro_ros_msgs/bin'
[7.099s] Level 1:colcon.colcon_core.environment:checking '/home/marlar/movelt/install/micro_ros_msgs/lib/pkgconfig/micro_ros_msgs.pc'
[7.099s] Level 1:colcon.colcon_core.environment:checking '/home/marlar/movelt/install/micro_ros_msgs/lib/python3.8/site-packages'
[7.099s] Level 1:colcon.colcon_core.shell:create_environment_hook('micro_ros_msgs', 'pythonpath')
[7.100s] INFO:colcon.colcon_core.shell:Creating environment hook '/home/marlar/movelt/install/micro_ros_msgs/share/micro_ros_msgs/hook/pythonpath.ps1'
[7.101s] INFO:colcon.colcon_core.shell:Creating environment descriptor '/home/marlar/movelt/install/micro_ros_msgs/share/micro_ros_msgs/hook/pythonpath.dsv'
[7.101s] INFO:colcon.colcon_core.shell:Creating environment hook '/home/marlar/movelt/install/micro_ros_msgs/share/micro_ros_msgs/hook/pythonpath.sh'
[7.103s] INFO:colcon.colcon_core.shell:Creating package script '/home/marlar/movelt/install/micro_ros_msgs/share/micro_ros_msgs/package.ps1'
[7.104s] INFO:colcon.colcon_core.shell:Creating package descriptor '/home/marlar/movelt/install/micro_ros_msgs/share/micro_ros_msgs/package.dsv'
[7.104s] INFO:colcon.colcon_core.shell:Creating package script '/home/marlar/movelt/install/micro_ros_msgs/share/micro_ros_msgs/package.sh'
[7.105s] INFO:colcon.colcon_core.shell:Creating package script '/home/marlar/movelt/install/micro_ros_msgs/share/micro_ros_msgs/package.bash'
[7.106s] INFO:colcon.colcon_core.shell:Creating package script '/home/marlar/movelt/install/micro_ros_msgs/share/micro_ros_msgs/package.zsh'
[7.106s] Level 1:colcon.colcon_core.environment:create_file_with_runtime_dependencies(/home/marlar/movelt/install/micro_ros_msgs/share/colcon-core/packages/micro_ros_msgs)
[151.690s] DEBUG:colcon.colcon_core.event_handler.log_command:Invoked command in '/home/marlar/movelt/build/microxrcedds_agent' returned '0': /usr/bin/cmake --build /home/marlar/movelt/build/microxrcedds_agent -- -j12 -l12
[151.842s] DEBUG:colcon.colcon_core.event_handler.log_command:Invoking command in '/home/marlar/movelt/build/microxrcedds_agent': /usr/bin/cmake --install /home/marlar/movelt/build/microxrcedds_agent
[151.923s] Level 1:colcon.colcon_core.environment:create_environment_scripts_only(microxrcedds_agent)
[151.926s] Level 1:colcon.colcon_core.environment:checking '/home/marlar/movelt/install/microxrcedds_agent' for CMake module files
[151.929s] Level 1:colcon.colcon_core.environment:checking '/home/marlar/movelt/install/microxrcedds_agent' for CMake config files
[151.948s] DEBUG:colcon.colcon_core.event_handler.log_command:Invoked command in '/home/marlar/movelt/build/microxrcedds_agent' returned '0': /usr/bin/cmake --install /home/marlar/movelt/build/microxrcedds_agent
[151.953s] Level 1:colcon.colcon_core.shell:create_environment_hook('microxrcedds_agent', 'cmake_prefix_path')
[151.954s] INFO:colcon.colcon_core.shell:Creating environment hook '/home/marlar/movelt/install/microxrcedds_agent/share/microxrcedds_agent/hook/cmake_prefix_path.ps1'
[151.955s] INFO:colcon.colcon_core.shell:Creating environment descriptor '/home/marlar/movelt/install/microxrcedds_agent/share/microxrcedds_agent/hook/cmake_prefix_path.dsv'
[151.955s] INFO:colcon.colcon_core.shell:Creating environment hook '/home/marlar/movelt/install/microxrcedds_agent/share/microxrcedds_agent/hook/cmake_prefix_path.sh'
[151.956s] Level 1:colcon.colcon_core.environment:checking '/home/marlar/movelt/install/microxrcedds_agent/lib'
[151.956s] Level 1:colcon.colcon_core.shell:create_environment_hook('microxrcedds_agent', 'ld_library_path_lib')
[151.957s] INFO:colcon.colcon_core.shell:Creating environment hook '/home/marlar/movelt/install/microxrcedds_agent/share/microxrcedds_agent/hook/ld_library_path_lib.ps1'
[151.958s] INFO:colcon.colcon_core.shell:Creating environment descriptor '/home/marlar/movelt/install/microxrcedds_agent/share/microxrcedds_agent/hook/ld_library_path_lib.dsv'
[151.958s] INFO:colcon.colcon_core.shell:Creating environment hook '/home/marlar/movelt/install/microxrcedds_agent/share/microxrcedds_agent/hook/ld_library_path_lib.sh'
[151.959s] Level 1:colcon.colcon_core.environment:checking '/home/marlar/movelt/install/microxrcedds_agent/bin'
[151.959s] Level 1:colcon.colcon_core.environment:checking '/home/marlar/movelt/install/microxrcedds_agent/lib/pkgconfig/microxrcedds_agent.pc'
[151.959s] Level 1:colcon.colcon_core.environment:checking '/home/marlar/movelt/install/microxrcedds_agent/lib/python3.8/site-packages'
[151.960s] INFO:colcon.colcon_core.shell:Creating package script '/home/marlar/movelt/install/microxrcedds_agent/share/microxrcedds_agent/package.ps1'
[151.961s] INFO:colcon.colcon_core.shell:Creating package descriptor '/home/marlar/movelt/install/microxrcedds_agent/share/microxrcedds_agent/package.dsv'
[151.962s] INFO:colcon.colcon_core.shell:Creating package script '/home/marlar/movelt/install/microxrcedds_agent/share/microxrcedds_agent/package.sh'
[151.962s] INFO:colcon.colcon_core.shell:Creating package script '/home/marlar/movelt/install/microxrcedds_agent/share/microxrcedds_agent/package.bash'
[151.963s] INFO:colcon.colcon_core.shell:Creating package script '/home/marlar/movelt/install/microxrcedds_agent/share/microxrcedds_agent/package.zsh'
[151.963s] Level 1:colcon.colcon_core.environment:create_file_with_runtime_dependencies(/home/marlar/movelt/install/microxrcedds_agent/share/colcon-core/packages/microxrcedds_agent)
[151.964s] INFO:colcon.colcon_ros.task.ament_cmake.build:Building ROS package in '/home/marlar/movelt/src/uros/micro-ROS-Agent/micro_ros_agent' with build type 'ament_cmake'
[151.964s] INFO:colcon.colcon_cmake.task.cmake.build:Building CMake package in '/home/marlar/movelt/src/uros/micro-ROS-Agent/micro_ros_agent'
[151.965s] INFO:colcon.colcon_core.shell:Skip shell extension 'powershell' for command environment: Not usable outside of PowerShell
[151.965s] DEBUG:colcon.colcon_core.shell:Skip shell extension 'dsv' for command environment
[151.967s] DEBUG:colcon.colcon_core.shell:Ignoring prefix path '/opt/ros/foxy'
[151.987s] DEBUG:colcon.colcon_core.event_handler.log_command:Invoking command in '/home/marlar/movelt/build/micro_ros_agent': AMENT_PREFIX_PATH=/home/marlar/movelt/install/micro_ros_msgs:${AMENT_PREFIX_PATH} CMAKE_PREFIX_PATH=/home/marlar/movelt/install/micro_ros_msgs:/home/marlar/movelt/install/microxrcedds_agent:/home/marlar/movelt/install/micro_ros_setup:/opt/ros/foxy LD_LIBRARY_PATH=/home/marlar/movelt/install/micro_ros_msgs/lib:/home/marlar/movelt/install/microxrcedds_agent/lib:${LD_LIBRARY_PATH} PYTHONPATH=/home/marlar/movelt/install/micro_ros_msgs/lib/python3.8/site-packages:${PYTHONPATH} /usr/bin/cmake /home/marlar/movelt/src/uros/micro-ROS-Agent/micro_ros_agent -DUAGENT_BUILD_EXECUTABLE=OFF -DUAGENT_P2P_PROFILE=OFF --no-warn-unused-cli -DCMAKE_INSTALL_PREFIX=/home/marlar/movelt/install/micro_ros_agent
[153.373s] DEBUG:colcon.colcon_core.event_handler.log_command:Invoked command in '/home/marlar/movelt/build/micro_ros_agent' returned '0': AMENT_PREFIX_PATH=/home/marlar/movelt/install/micro_ros_msgs:${AMENT_PREFIX_PATH} CMAKE_PREFIX_PATH=/home/marlar/movelt/install/micro_ros_msgs:/home/marlar/movelt/install/microxrcedds_agent:/home/marlar/movelt/install/micro_ros_setup:/opt/ros/foxy LD_LIBRARY_PATH=/home/marlar/movelt/install/micro_ros_msgs/lib:/home/marlar/movelt/install/microxrcedds_agent/lib:${LD_LIBRARY_PATH} PYTHONPATH=/home/marlar/movelt/install/micro_ros_msgs/lib/python3.8/site-packages:${PYTHONPATH} /usr/bin/cmake /home/marlar/movelt/src/uros/micro-ROS-Agent/micro_ros_agent -DUAGENT_BUILD_EXECUTABLE=OFF -DUAGENT_P2P_PROFILE=OFF --no-warn-unused-cli -DCMAKE_INSTALL_PREFIX=/home/marlar/movelt/install/micro_ros_agent
[153.378s] DEBUG:colcon.colcon_core.event_handler.log_command:Invoking command in '/home/marlar/movelt/build/micro_ros_agent': AMENT_PREFIX_PATH=/home/marlar/movelt/install/micro_ros_msgs:${AMENT_PREFIX_PATH} CMAKE_PREFIX_PATH=/home/marlar/movelt/install/micro_ros_msgs:/home/marlar/movelt/install/microxrcedds_agent:/home/marlar/movelt/install/micro_ros_setup:/opt/ros/foxy LD_LIBRARY_PATH=/home/marlar/movelt/install/micro_ros_msgs/lib:/home/marlar/movelt/install/microxrcedds_agent/lib:${LD_LIBRARY_PATH} PYTHONPATH=/home/marlar/movelt/install/micro_ros_msgs/lib/python3.8/site-packages:${PYTHONPATH} /usr/bin/cmake --build /home/marlar/movelt/build/micro_ros_agent -- -j12 -l12
[156.624s] DEBUG:colcon.colcon_core.event_handler.log_command:Invoked command in '/home/marlar/movelt/build/micro_ros_agent' returned '0': AMENT_PREFIX_PATH=/home/marlar/movelt/install/micro_ros_msgs:${AMENT_PREFIX_PATH} CMAKE_PREFIX_PATH=/home/marlar/movelt/install/micro_ros_msgs:/home/marlar/movelt/install/microxrcedds_agent:/home/marlar/movelt/install/micro_ros_setup:/opt/ros/foxy LD_LIBRARY_PATH=/home/marlar/movelt/install/micro_ros_msgs/lib:/home/marlar/movelt/install/microxrcedds_agent/lib:${LD_LIBRARY_PATH} PYTHONPATH=/home/marlar/movelt/install/micro_ros_msgs/lib/python3.8/site-packages:${PYTHONPATH} /usr/bin/cmake --build /home/marlar/movelt/build/micro_ros_agent -- -j12 -l12
[156.675s] DEBUG:colcon.colcon_core.event_handler.log_command:Invoking command in '/home/marlar/movelt/build/micro_ros_agent': AMENT_PREFIX_PATH=/home/marlar/movelt/install/micro_ros_msgs:${AMENT_PREFIX_PATH} CMAKE_PREFIX_PATH=/home/marlar/movelt/install/micro_ros_msgs:/home/marlar/movelt/install/microxrcedds_agent:/home/marlar/movelt/install/micro_ros_setup:/opt/ros/foxy LD_LIBRARY_PATH=/home/marlar/movelt/install/micro_ros_msgs/lib:/home/marlar/movelt/install/microxrcedds_agent/lib:${LD_LIBRARY_PATH} PYTHONPATH=/home/marlar/movelt/install/micro_ros_msgs/lib/python3.8/site-packages:${PYTHONPATH} /usr/bin/cmake --install /home/marlar/movelt/build/micro_ros_agent
[156.692s] Level 1:colcon.colcon_core.environment:create_environment_scripts_only(micro_ros_agent)
[156.695s] Level 1:colcon.colcon_core.environment:checking '/home/marlar/movelt/install/micro_ros_agent' for CMake module files
[156.696s] DEBUG:colcon.colcon_core.event_handler.log_command:Invoked command in '/home/marlar/movelt/build/micro_ros_agent' returned '0': AMENT_PREFIX_PATH=/home/marlar/movelt/install/micro_ros_msgs:${AMENT_PREFIX_PATH} CMAKE_PREFIX_PATH=/home/marlar/movelt/install/micro_ros_msgs:/home/marlar/movelt/install/microxrcedds_agent:/home/marlar/movelt/install/micro_ros_setup:/opt/ros/foxy LD_LIBRARY_PATH=/home/marlar/movelt/install/micro_ros_msgs/lib:/home/marlar/movelt/install/microxrcedds_agent/lib:${LD_LIBRARY_PATH} PYTHONPATH=/home/marlar/movelt/install/micro_ros_msgs/lib/python3.8/site-packages:${PYTHONPATH} /usr/bin/cmake --install /home/marlar/movelt/build/micro_ros_agent
[156.697s] Level 1:colcon.colcon_core.environment:checking '/home/marlar/movelt/install/micro_ros_agent' for CMake config files
[156.697s] Level 1:colcon.colcon_core.shell:create_environment_hook('micro_ros_agent', 'cmake_prefix_path')
[156.699s] INFO:colcon.colcon_core.shell:Creating environment hook '/home/marlar/movelt/install/micro_ros_agent/share/micro_ros_agent/hook/cmake_prefix_path.ps1'
[156.700s] INFO:colcon.colcon_core.shell:Creating environment descriptor '/home/marlar/movelt/install/micro_ros_agent/share/micro_ros_agent/hook/cmake_prefix_path.dsv'
[156.701s] INFO:colcon.colcon_core.shell:Creating environment hook '/home/marlar/movelt/install/micro_ros_agent/share/micro_ros_agent/hook/cmake_prefix_path.sh'
[156.702s] Level 1:colcon.colcon_core.environment:checking '/home/marlar/movelt/install/micro_ros_agent/lib'
[156.702s] Level 1:colcon.colcon_core.environment:checking '/home/marlar/movelt/install/micro_ros_agent/bin'
[156.702s] Level 1:colcon.colcon_core.environment:checking '/home/marlar/movelt/install/micro_ros_agent/lib/pkgconfig/micro_ros_agent.pc'
[156.702s] Level 1:colcon.colcon_core.environment:checking '/home/marlar/movelt/install/micro_ros_agent/lib/python3.8/site-packages'
[156.704s] INFO:colcon.colcon_core.shell:Creating package script '/home/marlar/movelt/install/micro_ros_agent/share/micro_ros_agent/package.ps1'
[156.705s] INFO:colcon.colcon_core.shell:Creating package descriptor '/home/marlar/movelt/install/micro_ros_agent/share/micro_ros_agent/package.dsv'
[156.706s] INFO:colcon.colcon_core.shell:Creating package script '/home/marlar/movelt/install/micro_ros_agent/share/micro_ros_agent/package.sh'
[156.706s] INFO:colcon.colcon_core.shell:Creating package script '/home/marlar/movelt/install/micro_ros_agent/share/micro_ros_agent/package.bash'
[156.707s] INFO:colcon.colcon_core.shell:Creating package script '/home/marlar/movelt/install/micro_ros_agent/share/micro_ros_agent/package.zsh'
[156.708s] Level 1:colcon.colcon_core.environment:create_file_with_runtime_dependencies(/home/marlar/movelt/install/micro_ros_agent/share/colcon-core/packages/micro_ros_agent)
[156.758s] Level 1:colcon.colcon_core.environment:create_environment_scripts_only(micro_ros_agent)
[156.760s] Level 1:colcon.colcon_core.environment:checking '/home/marlar/movelt/install/micro_ros_agent' for CMake module files
[156.761s] Level 1:colcon.colcon_core.environment:checking '/home/marlar/movelt/install/micro_ros_agent' for CMake config files
[156.762s] Level 1:colcon.colcon_core.shell:create_environment_hook('micro_ros_agent', 'cmake_prefix_path')
[156.763s] INFO:colcon.colcon_core.shell:Creating environment hook '/home/marlar/movelt/install/micro_ros_agent/share/micro_ros_agent/hook/cmake_prefix_path.ps1'
[156.764s] INFO:colcon.colcon_core.shell:Creating environment descriptor '/home/marlar/movelt/install/micro_ros_agent/share/micro_ros_agent/hook/cmake_prefix_path.dsv'
[156.765s] INFO:colcon.colcon_core.shell:Creating environment hook '/home/marlar/movelt/install/micro_ros_agent/share/micro_ros_agent/hook/cmake_prefix_path.sh'
[156.766s] Level 1:colcon.colcon_core.environment:checking '/home/marlar/movelt/install/micro_ros_agent/lib'
[156.767s] Level 1:colcon.colcon_core.environment:checking '/home/marlar/movelt/install/micro_ros_agent/bin'
[156.767s] Level 1:colcon.colcon_core.environment:checking '/home/marlar/movelt/install/micro_ros_agent/lib/pkgconfig/micro_ros_agent.pc'
[156.767s] Level 1:colcon.colcon_core.environment:checking '/home/marlar/movelt/install/micro_ros_agent/lib/python3.8/site-packages'
[156.768s] INFO:colcon.colcon_core.shell:Creating package script '/home/marlar/movelt/install/micro_ros_agent/share/micro_ros_agent/package.ps1'
[156.770s] INFO:colcon.colcon_core.shell:Creating package descriptor '/home/marlar/movelt/install/micro_ros_agent/share/micro_ros_agent/package.dsv'
[156.771s] INFO:colcon.colcon_core.shell:Creating package script '/home/marlar/movelt/install/micro_ros_agent/share/micro_ros_agent/package.sh'
[156.772s] INFO:colcon.colcon_core.shell:Creating package script '/home/marlar/movelt/install/micro_ros_agent/share/micro_ros_agent/package.bash'
[156.772s] INFO:colcon.colcon_core.shell:Creating package script '/home/marlar/movelt/install/micro_ros_agent/share/micro_ros_agent/package.zsh'
[156.773s] Level 1:colcon.colcon_core.environment:create_file_with_runtime_dependencies(/home/marlar/movelt/install/micro_ros_agent/share/colcon-core/packages/micro_ros_agent)
[156.773s] DEBUG:colcon.colcon_parallel_executor.executor.parallel:closing loop
[156.774s] DEBUG:colcon.colcon_parallel_executor.executor.parallel:loop closed
[156.774s] DEBUG:colcon.colcon_parallel_executor.executor.parallel:run_until_complete finished with '0'
[156.774s] DEBUG:colcon.colcon_core.event_reactor:joining thread
[156.789s] INFO:colcon.colcon_core.plugin_system:Skipping extension 'colcon_notification.desktop_notification.terminal_notifier': Not used on non-Darwin systems
[156.789s] INFO:colcon.colcon_core.plugin_system:Skipping extension 'colcon_notification.desktop_notification.win32': Not used on non-Windows systems
[156.789s] INFO:colcon.colcon_notification.desktop_notification:Sending desktop notification using 'notify2'
[156.818s] DEBUG:colcon.colcon_core.event_reactor:joined thread
[156.819s] INFO:colcon.colcon_core.shell:Creating prefix script '/home/marlar/movelt/install/local_setup.ps1'
[156.822s] INFO:colcon.colcon_core.shell:Creating prefix util module '/home/marlar/movelt/install/_local_setup_util_ps1.py'
[156.825s] INFO:colcon.colcon_core.shell:Creating prefix chain script '/home/marlar/movelt/install/setup.ps1'
[156.830s] INFO:colcon.colcon_core.shell:Creating prefix script '/home/marlar/movelt/install/local_setup.sh'
[156.832s] INFO:colcon.colcon_core.shell:Creating prefix util module '/home/marlar/movelt/install/_local_setup_util_sh.py'
[156.833s] INFO:colcon.colcon_core.shell:Creating prefix chain script '/home/marlar/movelt/install/setup.sh'
[156.836s] INFO:colcon.colcon_core.shell:Creating prefix script '/home/marlar/movelt/install/local_setup.bash'
[156.837s] INFO:colcon.colcon_core.shell:Creating prefix chain script '/home/marlar/movelt/install/setup.bash'
[156.840s] INFO:colcon.colcon_core.shell:Creating prefix script '/home/marlar/movelt/install/local_setup.zsh'
[156.841s] INFO:colcon.colcon_core.shell:Creating prefix chain script '/home/marlar/movelt/install/setup.zsh'
