-- The C compiler identification is GNU 9.2.0
-- The CXX compiler identification is GNU 9.2.0
-- Detecting C compiler ABI info
-- Detecting C compiler ABI info - done
-- Check for working C compiler: /home/marlar/movelt_success/firmware/zephyr-sdk/arm-zephyr-eabi/bin/arm-zephyr-eabi-gcc - skipped
-- Detecting C compile features
-- Detecting C compile features - done
-- Detecting CXX compiler ABI info
-- Detecting CXX compiler ABI info - done
-- Check for working CXX compiler: /home/marlar/movelt_success/firmware/zephyr-sdk/arm-zephyr-eabi/bin/arm-zephyr-eabi-g++ - skipped
-- Detecting CXX compile features
-- Detecting CXX compile features - done
-- Found ament_cmake: 0.9.8 (/home/marlar/movelt_success/firmware/dev_ws/install/ament_cmake/share/ament_cmake/cmake)
-- Found PythonInterp: /usr/bin/python3 (found suitable version "3.8.5", minimum required is "3") 
-- Using PYTHON_EXECUTABLE: /usr/bin/python3
-- Found rosidl_default_generators: 1.0.0 (/home/marlar/movelt_success/firmware/mcu_ws/install/share/rosidl_default_generators/cmake)
-- Using single rosidl_typesupport_c: rosidl_typesupport_microxrcedds_c
-- Found rosidl_adapter: 1.2.0 (/home/marlar/movelt_success/firmware/mcu_ws/install/share/rosidl_adapter/cmake)
-- Found PythonInterp: /usr/bin/python3 (found version "3.8.5") 
-- Found ament_cmake_ros: 0.9.1 (/home/marlar/movelt_success/firmware/dev_ws/install/ament_cmake_ros/share/ament_cmake_ros/cmake)
-- Using single rosidl_typesupport_c: rosidl_typesupport_microxrcedds_c
-- Configuring done
-- Generating done
-- Build files have been written to: /home/marlar/movelt_success/firmware/mcu_ws/build/example_interfaces
[  0%] [34m[1mGenerating C code for ROS interfaces[0m
[  1%] [32mBuilding C object CMakeFiles/example_interfaces__rosidl_generator_c.dir/rosidl_generator_c/example_interfaces/msg/detail/bool__functions.c.obj[0m
[  2%] [32mBuilding C object CMakeFiles/example_interfaces__rosidl_generator_c.dir/rosidl_generator_c/example_interfaces/action/detail/fibonacci__functions.c.obj[0m
[  3%] [32mBuilding C object CMakeFiles/example_interfaces__rosidl_generator_c.dir/rosidl_generator_c/example_interfaces/msg/detail/byte__functions.c.obj[0m
[  5%] [32mBuilding C object CMakeFiles/example_interfaces__rosidl_generator_c.dir/rosidl_generator_c/example_interfaces/msg/detail/char__functions.c.obj[0m
[  5%] [32mBuilding C object CMakeFiles/example_interfaces__rosidl_generator_c.dir/rosidl_generator_c/example_interfaces/msg/detail/byte_multi_array__functions.c.obj[0m
[  6%] [32mBuilding C object CMakeFiles/example_interfaces__rosidl_generator_c.dir/rosidl_generator_c/example_interfaces/msg/detail/empty__functions.c.obj[0m
[  7%] [32mBuilding C object CMakeFiles/example_interfaces__rosidl_generator_c.dir/rosidl_generator_c/example_interfaces/msg/detail/float32_multi_array__functions.c.obj[0m
[  8%] [32mBuilding C object CMakeFiles/example_interfaces__rosidl_generator_c.dir/rosidl_generator_c/example_interfaces/msg/detail/float32__functions.c.obj[0m
[  9%] [32mBuilding C object CMakeFiles/example_interfaces__rosidl_generator_c.dir/rosidl_generator_c/example_interfaces/msg/detail/float64__functions.c.obj[0m
[ 10%] [32mBuilding C object CMakeFiles/example_interfaces__rosidl_generator_c.dir/rosidl_generator_c/example_interfaces/msg/detail/float64_multi_array__functions.c.obj[0m
[ 11%] [32mBuilding C object CMakeFiles/example_interfaces__rosidl_generator_c.dir/rosidl_generator_c/example_interfaces/msg/detail/int16__functions.c.obj[0m
[ 12%] [32mBuilding C object CMakeFiles/example_interfaces__rosidl_generator_c.dir/rosidl_generator_c/example_interfaces/msg/detail/int16_multi_array__functions.c.obj[0m
[ 13%] [32mBuilding C object CMakeFiles/example_interfaces__rosidl_generator_c.dir/rosidl_generator_c/example_interfaces/msg/detail/int32_multi_array__functions.c.obj[0m
[ 14%] [32mBuilding C object CMakeFiles/example_interfaces__rosidl_generator_c.dir/rosidl_generator_c/example_interfaces/msg/detail/int64__functions.c.obj[0m
[ 15%] [32mBuilding C object CMakeFiles/example_interfaces__rosidl_generator_c.dir/rosidl_generator_c/example_interfaces/msg/detail/int32__functions.c.obj[0m
[ 16%] [32mBuilding C object CMakeFiles/example_interfaces__rosidl_generator_c.dir/rosidl_generator_c/example_interfaces/msg/detail/int64_multi_array__functions.c.obj[0m
[ 17%] [32mBuilding C object CMakeFiles/example_interfaces__rosidl_generator_c.dir/rosidl_generator_c/example_interfaces/msg/detail/int8__functions.c.obj[0m
[ 18%] [32mBuilding C object CMakeFiles/example_interfaces__rosidl_generator_c.dir/rosidl_generator_c/example_interfaces/msg/detail/multi_array_dimension__functions.c.obj[0m
[ 19%] [32mBuilding C object CMakeFiles/example_interfaces__rosidl_generator_c.dir/rosidl_generator_c/example_interfaces/msg/detail/int8_multi_array__functions.c.obj[0m
[ 20%] [32mBuilding C object CMakeFiles/example_interfaces__rosidl_generator_c.dir/rosidl_generator_c/example_interfaces/msg/detail/multi_array_layout__functions.c.obj[0m
[ 20%] [32mBuilding C object CMakeFiles/example_interfaces__rosidl_generator_c.dir/rosidl_generator_c/example_interfaces/msg/detail/string__functions.c.obj[0m
[ 21%] [32mBuilding C object CMakeFiles/example_interfaces__rosidl_generator_c.dir/rosidl_generator_c/example_interfaces/msg/detail/u_int16__functions.c.obj[0m
[ 22%] [32mBuilding C object CMakeFiles/example_interfaces__rosidl_generator_c.dir/rosidl_generator_c/example_interfaces/msg/detail/u_int16_multi_array__functions.c.obj[0m
[ 23%] [32mBuilding C object CMakeFiles/example_interfaces__rosidl_generator_c.dir/rosidl_generator_c/example_interfaces/msg/detail/u_int32__functions.c.obj[0m
[ 24%] [32mBuilding C object CMakeFiles/example_interfaces__rosidl_generator_c.dir/rosidl_generator_c/example_interfaces/msg/detail/u_int32_multi_array__functions.c.obj[0m
[ 25%] [32mBuilding C object CMakeFiles/example_interfaces__rosidl_generator_c.dir/rosidl_generator_c/example_interfaces/msg/detail/u_int64__functions.c.obj[0m
[ 26%] [32mBuilding C object CMakeFiles/example_interfaces__rosidl_generator_c.dir/rosidl_generator_c/example_interfaces/msg/detail/u_int64_multi_array__functions.c.obj[0m
[ 27%] [32mBuilding C object CMakeFiles/example_interfaces__rosidl_generator_c.dir/rosidl_generator_c/example_interfaces/msg/detail/u_int8_multi_array__functions.c.obj[0m
[ 28%] [32mBuilding C object CMakeFiles/example_interfaces__rosidl_generator_c.dir/rosidl_generator_c/example_interfaces/msg/detail/u_int8__functions.c.obj[0m
[ 29%] [32mBuilding C object CMakeFiles/example_interfaces__rosidl_generator_c.dir/rosidl_generator_c/example_interfaces/msg/detail/w_string__functions.c.obj[0m
[ 30%] [32mBuilding C object CMakeFiles/example_interfaces__rosidl_generator_c.dir/rosidl_generator_c/example_interfaces/srv/detail/trigger__functions.c.obj[0m
[ 31%] [32mBuilding C object CMakeFiles/example_interfaces__rosidl_generator_c.dir/rosidl_generator_c/example_interfaces/srv/detail/add_two_ints__functions.c.obj[0m
[ 32%] [32mBuilding C object CMakeFiles/example_interfaces__rosidl_generator_c.dir/rosidl_generator_c/example_interfaces/srv/detail/set_bool__functions.c.obj[0m
[ 33%] [32m[1mLinking CXX static library libexample_interfaces__rosidl_generator_c.a[0m
/home/marlar/movelt_success/firmware/zephyr-sdk/arm-zephyr-eabi/bin/arm-zephyr-eabi-ar qc libexample_interfaces__rosidl_generator_c.a CMakeFiles/example_interfaces__rosidl_generator_c.dir/rosidl_generator_c/example_interfaces/action/detail/fibonacci__functions.c.obj CMakeFiles/example_interfaces__rosidl_generator_c.dir/rosidl_generator_c/example_interfaces/msg/detail/bool__functions.c.obj CMakeFiles/example_interfaces__rosidl_generator_c.dir/rosidl_generator_c/example_interfaces/msg/detail/byte__functions.c.obj CMakeFiles/example_interfaces__rosidl_generator_c.dir/rosidl_generator_c/example_interfaces/msg/detail/byte_multi_array__functions.c.obj CMakeFiles/example_interfaces__rosidl_generator_c.dir/rosidl_generator_c/example_interfaces/msg/detail/char__functions.c.obj CMakeFiles/example_interfaces__rosidl_generator_c.dir/rosidl_generator_c/example_interfaces/msg/detail/empty__functions.c.obj CMakeFiles/example_interfaces__rosidl_generator_c.dir/rosidl_generator_c/example_interfaces/msg/detail/float32__functions.c.obj CMakeFiles/example_interfaces__rosidl_generator_c.dir/rosidl_generator_c/example_interfaces/msg/detail/float32_multi_array__functions.c.obj CMakeFiles/example_interfaces__rosidl_generator_c.dir/rosidl_generator_c/example_interfaces/msg/detail/float64__functions.c.obj CMakeFiles/example_interfaces__rosidl_generator_c.dir/rosidl_generator_c/example_interfaces/msg/detail/float64_multi_array__functions.c.obj CMakeFiles/example_interfaces__rosidl_generator_c.dir/rosidl_generator_c/example_interfaces/msg/detail/int16__functions.c.obj CMakeFiles/example_interfaces__rosidl_generator_c.dir/rosidl_generator_c/example_interfaces/msg/detail/int16_multi_array__functions.c.obj CMakeFiles/example_interfaces__rosidl_generator_c.dir/rosidl_generator_c/example_interfaces/msg/detail/int32__functions.c.obj CMakeFiles/example_interfaces__rosidl_generator_c.dir/rosidl_generator_c/example_interfaces/msg/detail/int32_multi_array__functions.c.obj CMakeFiles/example_interfaces__rosidl_generator_c.dir/rosidl_generator_c/example_interfaces/msg/detail/int64__functions.c.obj CMakeFiles/example_interfaces__rosidl_generator_c.dir/rosidl_generator_c/example_interfaces/msg/detail/int64_multi_array__functions.c.obj CMakeFiles/example_interfaces__rosidl_generator_c.dir/rosidl_generator_c/example_interfaces/msg/detail/int8__functions.c.obj CMakeFiles/example_interfaces__rosidl_generator_c.dir/rosidl_generator_c/example_interfaces/msg/detail/int8_multi_array__functions.c.obj CMakeFiles/example_interfaces__rosidl_generator_c.dir/rosidl_generator_c/example_interfaces/msg/detail/multi_array_dimension__functions.c.obj CMakeFiles/example_interfaces__rosidl_generator_c.dir/rosidl_generator_c/example_interfaces/msg/detail/multi_array_layout__functions.c.obj CMakeFiles/example_interfaces__rosidl_generator_c.dir/rosidl_generator_c/example_interfaces/msg/detail/string__functions.c.obj CMakeFiles/example_interfaces__rosidl_generator_c.dir/rosidl_generator_c/example_interfaces/msg/detail/u_int16__functions.c.obj CMakeFiles/example_interfaces__rosidl_generator_c.dir/rosidl_generator_c/example_interfaces/msg/detail/u_int16_multi_array__functions.c.obj CMakeFiles/example_interfaces__rosidl_generator_c.dir/rosidl_generator_c/example_interfaces/msg/detail/u_int32__functions.c.obj CMakeFiles/example_interfaces__rosidl_generator_c.dir/rosidl_generator_c/example_interfaces/msg/detail/u_int32_multi_array__functions.c.obj CMakeFiles/example_interfaces__rosidl_generator_c.dir/rosidl_generator_c/example_interfaces/msg/detail/u_int64__functions.c.obj CMakeFiles/example_interfaces__rosidl_generator_c.dir/rosidl_generator_c/example_interfaces/msg/detail/u_int64_multi_array__functions.c.obj CMakeFiles/example_interfaces__rosidl_generator_c.dir/rosidl_generator_c/example_interfaces/msg/detail/u_int8__functions.c.obj CMakeFiles/example_interfaces__rosidl_generator_c.dir/rosidl_generator_c/example_interfaces/msg/detail/u_int8_multi_array__functions.c.obj CMakeFiles/example_interfaces__rosidl_generator_c.dir/rosidl_generator_c/example_interfaces/msg/detail/w_string__functions.c.obj CMakeFiles/example_interfaces__rosidl_generator_c.dir/rosidl_generator_c/example_interfaces/srv/detail/add_two_ints__functions.c.obj CMakeFiles/example_interfaces__rosidl_generator_c.dir/rosidl_generator_c/example_interfaces/srv/detail/set_bool__functions.c.obj CMakeFiles/example_interfaces__rosidl_generator_c.dir/rosidl_generator_c/example_interfaces/srv/detail/trigger__functions.c.obj
/home/marlar/movelt_success/firmware/zephyr-sdk/arm-zephyr-eabi/bin/arm-zephyr-eabi-ranlib libexample_interfaces__rosidl_generator_c.a
[ 33%] Built target example_interfaces__rosidl_generator_c
[ 34%] [34m[1mGenerating C type support for eProsima Micro XRCE-DDS[0m
[ 37%] [32mBuilding C object CMakeFiles/example_interfaces__rosidl_typesupport_microxrcedds_c.dir/rosidl_typesupport_microxrcedds_c/example_interfaces/msg/detail/microxrcedds/bool__type_support_c.c.obj[0m
[ 37%] [32mBuilding C object CMakeFiles/example_interfaces__rosidl_typesupport_microxrcedds_c.dir/rosidl_typesupport_microxrcedds_c/example_interfaces/action/detail/microxrcedds/fibonacci__type_support_c.c.obj[0m
[ 37%] [32mBuilding C object CMakeFiles/example_interfaces__rosidl_typesupport_microxrcedds_c.dir/rosidl_typesupport_microxrcedds_c/example_interfaces/msg/detail/microxrcedds/byte_multi_array__type_support_c.c.obj[0m
[ 38%] [32mBuilding C object CMakeFiles/example_interfaces__rosidl_typesupport_microxrcedds_c.dir/rosidl_typesupport_microxrcedds_c/example_interfaces/msg/detail/microxrcedds/char__type_support_c.c.obj[0m
[ 39%] [32mBuilding C object CMakeFiles/example_interfaces__rosidl_typesupport_microxrcedds_c.dir/rosidl_typesupport_microxrcedds_c/example_interfaces/msg/detail/microxrcedds/byte__type_support_c.c.obj[0m
[ 40%] [32mBuilding C object CMakeFiles/example_interfaces__rosidl_typesupport_microxrcedds_c.dir/rosidl_typesupport_microxrcedds_c/example_interfaces/msg/detail/microxrcedds/float64_multi_array__type_support_c.c.obj[0m
[ 41%] [32mBuilding C object CMakeFiles/example_interfaces__rosidl_typesupport_microxrcedds_c.dir/rosidl_typesupport_microxrcedds_c/example_interfaces/msg/detail/microxrcedds/int16__type_support_c.c.obj[0m
[ 44%] [32mBuilding C object CMakeFiles/example_interfaces__rosidl_typesupport_microxrcedds_c.dir/rosidl_typesupport_microxrcedds_c/example_interfaces/msg/detail/microxrcedds/float32__type_support_c.c.obj[0m
[ 44%] [32mBuilding C object CMakeFiles/example_interfaces__rosidl_typesupport_microxrcedds_c.dir/rosidl_typesupport_microxrcedds_c/example_interfaces/msg/detail/microxrcedds/int16_multi_array__type_support_c.c.obj[0m
[ 44%] [32mBuilding C object CMakeFiles/example_interfaces__rosidl_typesupport_microxrcedds_c.dir/rosidl_typesupport_microxrcedds_c/example_interfaces/msg/detail/microxrcedds/float32_multi_array__type_support_c.c.obj[0m
[ 45%] [32mBuilding C object CMakeFiles/example_interfaces__rosidl_typesupport_microxrcedds_c.dir/rosidl_typesupport_microxrcedds_c/example_interfaces/msg/detail/microxrcedds/empty__type_support_c.c.obj[0m
[ 46%] [32mBuilding C object CMakeFiles/example_interfaces__rosidl_typesupport_microxrcedds_c.dir/rosidl_typesupport_microxrcedds_c/example_interfaces/msg/detail/microxrcedds/float64__type_support_c.c.obj[0m
[ 47%] [32mBuilding C object CMakeFiles/example_interfaces__rosidl_typesupport_microxrcedds_c.dir/rosidl_typesupport_microxrcedds_c/example_interfaces/msg/detail/microxrcedds/int32__type_support_c.c.obj[0m
[ 47%] [32mBuilding C object CMakeFiles/example_interfaces__rosidl_typesupport_microxrcedds_c.dir/rosidl_typesupport_microxrcedds_c/example_interfaces/msg/detail/microxrcedds/int32_multi_array__type_support_c.c.obj[0m
[ 48%] [32mBuilding C object CMakeFiles/example_interfaces__rosidl_typesupport_microxrcedds_c.dir/rosidl_typesupport_microxrcedds_c/example_interfaces/msg/detail/microxrcedds/int64__type_support_c.c.obj[0m
[ 49%] [32mBuilding C object CMakeFiles/example_interfaces__rosidl_typesupport_microxrcedds_c.dir/rosidl_typesupport_microxrcedds_c/example_interfaces/msg/detail/microxrcedds/int8__type_support_c.c.obj[0m
[ 50%] [32mBuilding C object CMakeFiles/example_interfaces__rosidl_typesupport_microxrcedds_c.dir/rosidl_typesupport_microxrcedds_c/example_interfaces/msg/detail/microxrcedds/int8_multi_array__type_support_c.c.obj[0m
[ 51%] [32mBuilding C object CMakeFiles/example_interfaces__rosidl_typesupport_microxrcedds_c.dir/rosidl_typesupport_microxrcedds_c/example_interfaces/msg/detail/microxrcedds/multi_array_dimension__type_support_c.c.obj[0m
[ 52%] [32mBuilding C object CMakeFiles/example_interfaces__rosidl_typesupport_microxrcedds_c.dir/rosidl_typesupport_microxrcedds_c/example_interfaces/msg/detail/microxrcedds/int64_multi_array__type_support_c.c.obj[0m
[ 53%] [32mBuilding C object CMakeFiles/example_interfaces__rosidl_typesupport_microxrcedds_c.dir/rosidl_typesupport_microxrcedds_c/example_interfaces/msg/detail/microxrcedds/multi_array_layout__type_support_c.c.obj[0m
[ 54%] [32mBuilding C object CMakeFiles/example_interfaces__rosidl_typesupport_microxrcedds_c.dir/rosidl_typesupport_microxrcedds_c/example_interfaces/msg/detail/microxrcedds/string__type_support_c.c.obj[0m
[ 55%] [32mBuilding C object CMakeFiles/example_interfaces__rosidl_typesupport_microxrcedds_c.dir/rosidl_typesupport_microxrcedds_c/example_interfaces/msg/detail/microxrcedds/u_int16__type_support_c.c.obj[0m
[ 56%] [32mBuilding C object CMakeFiles/example_interfaces__rosidl_typesupport_microxrcedds_c.dir/rosidl_typesupport_microxrcedds_c/example_interfaces/msg/detail/microxrcedds/u_int16_multi_array__type_support_c.c.obj[0m
[ 57%] [32mBuilding C object CMakeFiles/example_interfaces__rosidl_typesupport_microxrcedds_c.dir/rosidl_typesupport_microxrcedds_c/example_interfaces/msg/detail/microxrcedds/u_int32__type_support_c.c.obj[0m
[ 58%] [32mBuilding C object CMakeFiles/example_interfaces__rosidl_typesupport_microxrcedds_c.dir/rosidl_typesupport_microxrcedds_c/example_interfaces/msg/detail/microxrcedds/u_int64__type_support_c.c.obj[0m
[ 59%] [32mBuilding C object CMakeFiles/example_interfaces__rosidl_typesupport_microxrcedds_c.dir/rosidl_typesupport_microxrcedds_c/example_interfaces/msg/detail/microxrcedds/u_int32_multi_array__type_support_c.c.obj[0m
[ 60%] [32mBuilding C object CMakeFiles/example_interfaces__rosidl_typesupport_microxrcedds_c.dir/rosidl_typesupport_microxrcedds_c/example_interfaces/msg/detail/microxrcedds/u_int64_multi_array__type_support_c.c.obj[0m
[ 61%] [32mBuilding C object CMakeFiles/example_interfaces__rosidl_typesupport_microxrcedds_c.dir/rosidl_typesupport_microxrcedds_c/example_interfaces/msg/detail/microxrcedds/u_int8__type_support_c.c.obj[0m
[ 62%] [32mBuilding C object CMakeFiles/example_interfaces__rosidl_typesupport_microxrcedds_c.dir/rosidl_typesupport_microxrcedds_c/example_interfaces/msg/detail/microxrcedds/w_string__type_support_c.c.obj[0m
[ 63%] [32mBuilding C object CMakeFiles/example_interfaces__rosidl_typesupport_microxrcedds_c.dir/rosidl_typesupport_microxrcedds_c/example_interfaces/msg/detail/microxrcedds/u_int8_multi_array__type_support_c.c.obj[0m
[ 64%] [32mBuilding C object CMakeFiles/example_interfaces__rosidl_typesupport_microxrcedds_c.dir/rosidl_typesupport_microxrcedds_c/example_interfaces/srv/detail/microxrcedds/set_bool__type_support_c.c.obj[0m
[ 65%] [32mBuilding C object CMakeFiles/example_interfaces__rosidl_typesupport_microxrcedds_c.dir/rosidl_typesupport_microxrcedds_c/example_interfaces/srv/detail/microxrcedds/trigger__type_support_c.c.obj[0m
[ 66%] [32mBuilding C object CMakeFiles/example_interfaces__rosidl_typesupport_microxrcedds_c.dir/rosidl_typesupport_microxrcedds_c/example_interfaces/srv/detail/microxrcedds/add_two_ints__type_support_c.c.obj[0m
[ 67%] [32m[1mLinking CXX static library libexample_interfaces__rosidl_typesupport_microxrcedds_c.a[0m
/home/marlar/movelt_success/firmware/zephyr-sdk/arm-zephyr-eabi/bin/arm-zephyr-eabi-ar qc libexample_interfaces__rosidl_typesupport_microxrcedds_c.a CMakeFiles/example_interfaces__rosidl_typesupport_microxrcedds_c.dir/rosidl_typesupport_microxrcedds_c/example_interfaces/action/detail/microxrcedds/fibonacci__type_support_c.c.obj CMakeFiles/example_interfaces__rosidl_typesupport_microxrcedds_c.dir/rosidl_typesupport_microxrcedds_c/example_interfaces/msg/detail/microxrcedds/bool__type_support_c.c.obj CMakeFiles/example_interfaces__rosidl_typesupport_microxrcedds_c.dir/rosidl_typesupport_microxrcedds_c/example_interfaces/msg/detail/microxrcedds/byte__type_support_c.c.obj CMakeFiles/example_interfaces__rosidl_typesupport_microxrcedds_c.dir/rosidl_typesupport_microxrcedds_c/example_interfaces/msg/detail/microxrcedds/byte_multi_array__type_support_c.c.obj CMakeFiles/example_interfaces__rosidl_typesupport_microxrcedds_c.dir/rosidl_typesupport_microxrcedds_c/example_interfaces/msg/detail/microxrcedds/char__type_support_c.c.obj CMakeFiles/example_interfaces__rosidl_typesupport_microxrcedds_c.dir/rosidl_typesupport_microxrcedds_c/example_interfaces/msg/detail/microxrcedds/empty__type_support_c.c.obj CMakeFiles/example_interfaces__rosidl_typesupport_microxrcedds_c.dir/rosidl_typesupport_microxrcedds_c/example_interfaces/msg/detail/microxrcedds/float32__type_support_c.c.obj CMakeFiles/example_interfaces__rosidl_typesupport_microxrcedds_c.dir/rosidl_typesupport_microxrcedds_c/example_interfaces/msg/detail/microxrcedds/float32_multi_array__type_support_c.c.obj CMakeFiles/example_interfaces__rosidl_typesupport_microxrcedds_c.dir/rosidl_typesupport_microxrcedds_c/example_interfaces/msg/detail/microxrcedds/float64__type_support_c.c.obj CMakeFiles/example_interfaces__rosidl_typesupport_microxrcedds_c.dir/rosidl_typesupport_microxrcedds_c/example_interfaces/msg/detail/microxrcedds/float64_multi_array__type_support_c.c.obj CMakeFiles/example_interfaces__rosidl_typesupport_microxrcedds_c.dir/rosidl_typesupport_microxrcedds_c/example_interfaces/msg/detail/microxrcedds/int16__type_support_c.c.obj CMakeFiles/example_interfaces__rosidl_typesupport_microxrcedds_c.dir/rosidl_typesupport_microxrcedds_c/example_interfaces/msg/detail/microxrcedds/int16_multi_array__type_support_c.c.obj CMakeFiles/example_interfaces__rosidl_typesupport_microxrcedds_c.dir/rosidl_typesupport_microxrcedds_c/example_interfaces/msg/detail/microxrcedds/int32__type_support_c.c.obj CMakeFiles/example_interfaces__rosidl_typesupport_microxrcedds_c.dir/rosidl_typesupport_microxrcedds_c/example_interfaces/msg/detail/microxrcedds/int32_multi_array__type_support_c.c.obj CMakeFiles/example_interfaces__rosidl_typesupport_microxrcedds_c.dir/rosidl_typesupport_microxrcedds_c/example_interfaces/msg/detail/microxrcedds/int64__type_support_c.c.obj CMakeFiles/example_interfaces__rosidl_typesupport_microxrcedds_c.dir/rosidl_typesupport_microxrcedds_c/example_interfaces/msg/detail/microxrcedds/int64_multi_array__type_support_c.c.obj CMakeFiles/example_interfaces__rosidl_typesupport_microxrcedds_c.dir/rosidl_typesupport_microxrcedds_c/example_interfaces/msg/detail/microxrcedds/int8__type_support_c.c.obj CMakeFiles/example_interfaces__rosidl_typesupport_microxrcedds_c.dir/rosidl_typesupport_microxrcedds_c/example_interfaces/msg/detail/microxrcedds/int8_multi_array__type_support_c.c.obj CMakeFiles/example_interfaces__rosidl_typesupport_microxrcedds_c.dir/rosidl_typesupport_microxrcedds_c/example_interfaces/msg/detail/microxrcedds/multi_array_dimension__type_support_c.c.obj CMakeFiles/example_interfaces__rosidl_typesupport_microxrcedds_c.dir/rosidl_typesupport_microxrcedds_c/example_interfaces/msg/detail/microxrcedds/multi_array_layout__type_support_c.c.obj CMakeFiles/example_interfaces__rosidl_typesupport_microxrcedds_c.dir/rosidl_typesupport_microxrcedds_c/example_interfaces/msg/detail/microxrcedds/string__type_support_c.c.obj CMakeFiles/example_interfaces__rosidl_typesupport_microxrcedds_c.dir/rosidl_typesupport_microxrcedds_c/example_interfaces/msg/detail/microxrcedds/u_int16__type_support_c.c.obj CMakeFiles/example_interfaces__rosidl_typesupport_microxrcedds_c.dir/rosidl_typesupport_microxrcedds_c/example_interfaces/msg/detail/microxrcedds/u_int16_multi_array__type_support_c.c.obj CMakeFiles/example_interfaces__rosidl_typesupport_microxrcedds_c.dir/rosidl_typesupport_microxrcedds_c/example_interfaces/msg/detail/microxrcedds/u_int32__type_support_c.c.obj CMakeFiles/example_interfaces__rosidl_typesupport_microxrcedds_c.dir/rosidl_typesupport_microxrcedds_c/example_interfaces/msg/detail/microxrcedds/u_int32_multi_array__type_support_c.c.obj CMakeFiles/example_interfaces__rosidl_typesupport_microxrcedds_c.dir/rosidl_typesupport_microxrcedds_c/example_interfaces/msg/detail/microxrcedds/u_int64__type_support_c.c.obj CMakeFiles/example_interfaces__rosidl_typesupport_microxrcedds_c.dir/rosidl_typesupport_microxrcedds_c/example_interfaces/msg/detail/microxrcedds/u_int64_multi_array__type_support_c.c.obj CMakeFiles/example_interfaces__rosidl_typesupport_microxrcedds_c.dir/rosidl_typesupport_microxrcedds_c/example_interfaces/msg/detail/microxrcedds/u_int8__type_support_c.c.obj CMakeFiles/example_interfaces__rosidl_typesupport_microxrcedds_c.dir/rosidl_typesupport_microxrcedds_c/example_interfaces/msg/detail/microxrcedds/u_int8_multi_array__type_support_c.c.obj CMakeFiles/example_interfaces__rosidl_typesupport_microxrcedds_c.dir/rosidl_typesupport_microxrcedds_c/example_interfaces/msg/detail/microxrcedds/w_string__type_support_c.c.obj CMakeFiles/example_interfaces__rosidl_typesupport_microxrcedds_c.dir/rosidl_typesupport_microxrcedds_c/example_interfaces/srv/detail/microxrcedds/add_two_ints__type_support_c.c.obj CMakeFiles/example_interfaces__rosidl_typesupport_microxrcedds_c.dir/rosidl_typesupport_microxrcedds_c/example_interfaces/srv/detail/microxrcedds/set_bool__type_support_c.c.obj CMakeFiles/example_interfaces__rosidl_typesupport_microxrcedds_c.dir/rosidl_typesupport_microxrcedds_c/example_interfaces/srv/detail/microxrcedds/trigger__type_support_c.c.obj
/home/marlar/movelt_success/firmware/zephyr-sdk/arm-zephyr-eabi/bin/arm-zephyr-eabi-ranlib libexample_interfaces__rosidl_typesupport_microxrcedds_c.a
[ 67%] Built target example_interfaces__rosidl_typesupport_microxrcedds_c
[ 68%] [34m[1mGenerating C type support dispatch for ROS interfaces[0m
[ 69%] [32mBuilding CXX object CMakeFiles/example_interfaces__rosidl_typesupport_c.dir/rosidl_typesupport_c/example_interfaces/msg/byte__type_support.cpp.obj[0m
[ 72%] [32mBuilding CXX object CMakeFiles/example_interfaces__rosidl_typesupport_c.dir/rosidl_typesupport_c/example_interfaces/msg/bool__type_support.cpp.obj[0m
[ 72%] [32mBuilding CXX object CMakeFiles/example_interfaces__rosidl_typesupport_c.dir/rosidl_typesupport_c/example_interfaces/msg/char__type_support.cpp.obj[0m
[ 73%] [32mBuilding CXX object CMakeFiles/example_interfaces__rosidl_typesupport_c.dir/rosidl_typesupport_c/example_interfaces/msg/empty__type_support.cpp.obj[0m
[ 70%] [32mBuilding CXX object CMakeFiles/example_interfaces__rosidl_typesupport_c.dir/rosidl_typesupport_c/example_interfaces/action/fibonacci__type_support.cpp.obj[0m
[ 73%] [32mBuilding CXX object CMakeFiles/example_interfaces__rosidl_typesupport_c.dir/rosidl_typesupport_c/example_interfaces/msg/float32__type_support.cpp.obj[0m
[ 74%] [32mBuilding CXX object CMakeFiles/example_interfaces__rosidl_typesupport_c.dir/rosidl_typesupport_c/example_interfaces/msg/byte_multi_array__type_support.cpp.obj[0m
[ 75%] [32mBuilding CXX object CMakeFiles/example_interfaces__rosidl_typesupport_c.dir/rosidl_typesupport_c/example_interfaces/msg/float32_multi_array__type_support.cpp.obj[0m
[ 76%] [32mBuilding CXX object CMakeFiles/example_interfaces__rosidl_typesupport_c.dir/rosidl_typesupport_c/example_interfaces/msg/float64_multi_array__type_support.cpp.obj[0m
[ 77%] [32mBuilding CXX object CMakeFiles/example_interfaces__rosidl_typesupport_c.dir/rosidl_typesupport_c/example_interfaces/msg/int16__type_support.cpp.obj[0m
[ 78%] [32mBuilding CXX object CMakeFiles/example_interfaces__rosidl_typesupport_c.dir/rosidl_typesupport_c/example_interfaces/msg/float64__type_support.cpp.obj[0m
[ 79%] [32mBuilding CXX object CMakeFiles/example_interfaces__rosidl_typesupport_c.dir/rosidl_typesupport_c/example_interfaces/msg/int16_multi_array__type_support.cpp.obj[0m
[ 81%] [32mBuilding CXX object CMakeFiles/example_interfaces__rosidl_typesupport_c.dir/rosidl_typesupport_c/example_interfaces/msg/int32_multi_array__type_support.cpp.obj[0m
[ 81%] [32mBuilding CXX object CMakeFiles/example_interfaces__rosidl_typesupport_c.dir/rosidl_typesupport_c/example_interfaces/msg/int32__type_support.cpp.obj[0m
[ 82%] [32mBuilding CXX object CMakeFiles/example_interfaces__rosidl_typesupport_c.dir/rosidl_typesupport_c/example_interfaces/msg/int64__type_support.cpp.obj[0m
[ 83%] [32mBuilding CXX object CMakeFiles/example_interfaces__rosidl_typesupport_c.dir/rosidl_typesupport_c/example_interfaces/msg/int8__type_support.cpp.obj[0m
[ 84%] [32mBuilding CXX object CMakeFiles/example_interfaces__rosidl_typesupport_c.dir/rosidl_typesupport_c/example_interfaces/msg/int64_multi_array__type_support.cpp.obj[0m
[ 85%] [32mBuilding CXX object CMakeFiles/example_interfaces__rosidl_typesupport_c.dir/rosidl_typesupport_c/example_interfaces/msg/int8_multi_array__type_support.cpp.obj[0m
[ 86%] [32mBuilding CXX object CMakeFiles/example_interfaces__rosidl_typesupport_c.dir/rosidl_typesupport_c/example_interfaces/msg/multi_array_dimension__type_support.cpp.obj[0m
[ 87%] [32mBuilding CXX object CMakeFiles/example_interfaces__rosidl_typesupport_c.dir/rosidl_typesupport_c/example_interfaces/msg/multi_array_layout__type_support.cpp.obj[0m
[ 88%] [32mBuilding CXX object CMakeFiles/example_interfaces__rosidl_typesupport_c.dir/rosidl_typesupport_c/example_interfaces/msg/string__type_support.cpp.obj[0m
[ 90%] [32mBuilding CXX object CMakeFiles/example_interfaces__rosidl_typesupport_c.dir/rosidl_typesupport_c/example_interfaces/msg/u_int16__type_support.cpp.obj[0m
[ 90%] [32mBuilding CXX object CMakeFiles/example_interfaces__rosidl_typesupport_c.dir/rosidl_typesupport_c/example_interfaces/msg/u_int16_multi_array__type_support.cpp.obj[0m
[ 91%] [32mBuilding CXX object CMakeFiles/example_interfaces__rosidl_typesupport_c.dir/rosidl_typesupport_c/example_interfaces/msg/u_int32__type_support.cpp.obj[0m
[ 92%] [32mBuilding CXX object CMakeFiles/example_interfaces__rosidl_typesupport_c.dir/rosidl_typesupport_c/example_interfaces/msg/u_int32_multi_array__type_support.cpp.obj[0m
[ 93%] [32mBuilding CXX object CMakeFiles/example_interfaces__rosidl_typesupport_c.dir/rosidl_typesupport_c/example_interfaces/msg/u_int64_multi_array__type_support.cpp.obj[0m
[ 94%] [32mBuilding CXX object CMakeFiles/example_interfaces__rosidl_typesupport_c.dir/rosidl_typesupport_c/example_interfaces/msg/u_int64__type_support.cpp.obj[0m
[ 94%] [32mBuilding CXX object CMakeFiles/example_interfaces__rosidl_typesupport_c.dir/rosidl_typesupport_c/example_interfaces/msg/u_int8__type_support.cpp.obj[0m
[ 95%] [32mBuilding CXX object CMakeFiles/example_interfaces__rosidl_typesupport_c.dir/rosidl_typesupport_c/example_interfaces/msg/u_int8_multi_array__type_support.cpp.obj[0m
[ 96%] [32mBuilding CXX object CMakeFiles/example_interfaces__rosidl_typesupport_c.dir/rosidl_typesupport_c/example_interfaces/srv/add_two_ints__type_support.cpp.obj[0m
[ 97%] [32mBuilding CXX object CMakeFiles/example_interfaces__rosidl_typesupport_c.dir/rosidl_typesupport_c/example_interfaces/msg/w_string__type_support.cpp.obj[0m
[ 98%] [32mBuilding CXX object CMakeFiles/example_interfaces__rosidl_typesupport_c.dir/rosidl_typesupport_c/example_interfaces/srv/set_bool__type_support.cpp.obj[0m
[ 99%] [32mBuilding CXX object CMakeFiles/example_interfaces__rosidl_typesupport_c.dir/rosidl_typesupport_c/example_interfaces/srv/trigger__type_support.cpp.obj[0m
[100%] [32m[1mLinking CXX static library libexample_interfaces__rosidl_typesupport_c.a[0m
/home/marlar/movelt_success/firmware/zephyr-sdk/arm-zephyr-eabi/bin/arm-zephyr-eabi-ar qc libexample_interfaces__rosidl_typesupport_c.a CMakeFiles/example_interfaces__rosidl_typesupport_c.dir/rosidl_typesupport_c/example_interfaces/action/fibonacci__type_support.cpp.obj CMakeFiles/example_interfaces__rosidl_typesupport_c.dir/rosidl_typesupport_c/example_interfaces/msg/bool__type_support.cpp.obj CMakeFiles/example_interfaces__rosidl_typesupport_c.dir/rosidl_typesupport_c/example_interfaces/msg/byte__type_support.cpp.obj CMakeFiles/example_interfaces__rosidl_typesupport_c.dir/rosidl_typesupport_c/example_interfaces/msg/byte_multi_array__type_support.cpp.obj CMakeFiles/example_interfaces__rosidl_typesupport_c.dir/rosidl_typesupport_c/example_interfaces/msg/char__type_support.cpp.obj CMakeFiles/example_interfaces__rosidl_typesupport_c.dir/rosidl_typesupport_c/example_interfaces/msg/empty__type_support.cpp.obj CMakeFiles/example_interfaces__rosidl_typesupport_c.dir/rosidl_typesupport_c/example_interfaces/msg/float32__type_support.cpp.obj CMakeFiles/example_interfaces__rosidl_typesupport_c.dir/rosidl_typesupport_c/example_interfaces/msg/float32_multi_array__type_support.cpp.obj CMakeFiles/example_interfaces__rosidl_typesupport_c.dir/rosidl_typesupport_c/example_interfaces/msg/float64__type_support.cpp.obj CMakeFiles/example_interfaces__rosidl_typesupport_c.dir/rosidl_typesupport_c/example_interfaces/msg/float64_multi_array__type_support.cpp.obj CMakeFiles/example_interfaces__rosidl_typesupport_c.dir/rosidl_typesupport_c/example_interfaces/msg/int16__type_support.cpp.obj CMakeFiles/example_interfaces__rosidl_typesupport_c.dir/rosidl_typesupport_c/example_interfaces/msg/int16_multi_array__type_support.cpp.obj CMakeFiles/example_interfaces__rosidl_typesupport_c.dir/rosidl_typesupport_c/example_interfaces/msg/int32__type_support.cpp.obj CMakeFiles/example_interfaces__rosidl_typesupport_c.dir/rosidl_typesupport_c/example_interfaces/msg/int32_multi_array__type_support.cpp.obj CMakeFiles/example_interfaces__rosidl_typesupport_c.dir/rosidl_typesupport_c/example_interfaces/msg/int64__type_support.cpp.obj CMakeFiles/example_interfaces__rosidl_typesupport_c.dir/rosidl_typesupport_c/example_interfaces/msg/int64_multi_array__type_support.cpp.obj CMakeFiles/example_interfaces__rosidl_typesupport_c.dir/rosidl_typesupport_c/example_interfaces/msg/int8__type_support.cpp.obj CMakeFiles/example_interfaces__rosidl_typesupport_c.dir/rosidl_typesupport_c/example_interfaces/msg/int8_multi_array__type_support.cpp.obj CMakeFiles/example_interfaces__rosidl_typesupport_c.dir/rosidl_typesupport_c/example_interfaces/msg/multi_array_dimension__type_support.cpp.obj CMakeFiles/example_interfaces__rosidl_typesupport_c.dir/rosidl_typesupport_c/example_interfaces/msg/multi_array_layout__type_support.cpp.obj CMakeFiles/example_interfaces__rosidl_typesupport_c.dir/rosidl_typesupport_c/example_interfaces/msg/string__type_support.cpp.obj CMakeFiles/example_interfaces__rosidl_typesupport_c.dir/rosidl_typesupport_c/example_interfaces/msg/u_int16__type_support.cpp.obj CMakeFiles/example_interfaces__rosidl_typesupport_c.dir/rosidl_typesupport_c/example_interfaces/msg/u_int16_multi_array__type_support.cpp.obj CMakeFiles/example_interfaces__rosidl_typesupport_c.dir/rosidl_typesupport_c/example_interfaces/msg/u_int32__type_support.cpp.obj CMakeFiles/example_interfaces__rosidl_typesupport_c.dir/rosidl_typesupport_c/example_interfaces/msg/u_int32_multi_array__type_support.cpp.obj CMakeFiles/example_interfaces__rosidl_typesupport_c.dir/rosidl_typesupport_c/example_interfaces/msg/u_int64__type_support.cpp.obj CMakeFiles/example_interfaces__rosidl_typesupport_c.dir/rosidl_typesupport_c/example_interfaces/msg/u_int64_multi_array__type_support.cpp.obj CMakeFiles/example_interfaces__rosidl_typesupport_c.dir/rosidl_typesupport_c/example_interfaces/msg/u_int8__type_support.cpp.obj CMakeFiles/example_interfaces__rosidl_typesupport_c.dir/rosidl_typesupport_c/example_interfaces/msg/u_int8_multi_array__type_support.cpp.obj CMakeFiles/example_interfaces__rosidl_typesupport_c.dir/rosidl_typesupport_c/example_interfaces/msg/w_string__type_support.cpp.obj CMakeFiles/example_interfaces__rosidl_typesupport_c.dir/rosidl_typesupport_c/example_interfaces/srv/add_two_ints__type_support.cpp.obj CMakeFiles/example_interfaces__rosidl_typesupport_c.dir/rosidl_typesupport_c/example_interfaces/srv/set_bool__type_support.cpp.obj CMakeFiles/example_interfaces__rosidl_typesupport_c.dir/rosidl_typesupport_c/example_interfaces/srv/trigger__type_support.cpp.obj
/home/marlar/movelt_success/firmware/zephyr-sdk/arm-zephyr-eabi/bin/arm-zephyr-eabi-ranlib libexample_interfaces__rosidl_typesupport_c.a
[100%] Built target example_interfaces__rosidl_typesupport_c
[100%] Built target example_interfaces
-- Install configuration: "Debug"
-- Installing: /home/marlar/movelt_success/firmware/mcu_ws/install/share/ament_index/resource_index/rosidl_interfaces/example_interfaces
-- Installing: /home/marlar/movelt_success/firmware/mcu_ws/install/include/example_interfaces
-- Installing: /home/marlar/movelt_success/firmware/mcu_ws/install/include/example_interfaces/msg
-- Installing: /home/marlar/movelt_success/firmware/mcu_ws/install/include/example_interfaces/msg/int32_multi_array.h
-- Installing: /home/marlar/movelt_success/firmware/mcu_ws/install/include/example_interfaces/msg/u_int64_multi_array.h
-- Installing: /home/marlar/movelt_success/firmware/mcu_ws/install/include/example_interfaces/msg/bool.h
-- Installing: /home/marlar/movelt_success/firmware/mcu_ws/install/include/example_interfaces/msg/detail
-- Installing: /home/marlar/movelt_success/firmware/mcu_ws/install/include/example_interfaces/msg/detail/int64_multi_array__type_support.h
-- Installing: /home/marlar/movelt_success/firmware/mcu_ws/install/include/example_interfaces/msg/detail/multi_array_layout__struct.h
-- Installing: /home/marlar/movelt_success/firmware/mcu_ws/install/include/example_interfaces/msg/detail/u_int32__type_support.h
-- Installing: /home/marlar/movelt_success/firmware/mcu_ws/install/include/example_interfaces/msg/detail/u_int32_multi_array__functions.c
-- Installing: /home/marlar/movelt_success/firmware/mcu_ws/install/include/example_interfaces/msg/detail/u_int64_multi_array__struct.h
-- Installing: /home/marlar/movelt_success/firmware/mcu_ws/install/include/example_interfaces/msg/detail/bool__type_support.h
-- Installing: /home/marlar/movelt_success/firmware/mcu_ws/install/include/example_interfaces/msg/detail/float64__struct.h
-- Installing: /home/marlar/movelt_success/firmware/mcu_ws/install/include/example_interfaces/msg/detail/u_int64__functions.c
-- Installing: /home/marlar/movelt_success/firmware/mcu_ws/install/include/example_interfaces/msg/detail/u_int16__functions.c
-- Installing: /home/marlar/movelt_success/firmware/mcu_ws/install/include/example_interfaces/msg/detail/int32__functions.c
-- Installing: /home/marlar/movelt_success/firmware/mcu_ws/install/include/example_interfaces/msg/detail/byte__struct.h
-- Installing: /home/marlar/movelt_success/firmware/mcu_ws/install/include/example_interfaces/msg/detail/int32_multi_array__functions.h
-- Installing: /home/marlar/movelt_success/firmware/mcu_ws/install/include/example_interfaces/msg/detail/u_int64__struct.h
-- Installing: /home/marlar/movelt_success/firmware/mcu_ws/install/include/example_interfaces/msg/detail/byte_multi_array__functions.c
-- Installing: /home/marlar/movelt_success/firmware/mcu_ws/install/include/example_interfaces/msg/detail/u_int32_multi_array__functions.h
-- Installing: /home/marlar/movelt_success/firmware/mcu_ws/install/include/example_interfaces/msg/detail/float64_multi_array__functions.c
-- Installing: /home/marlar/movelt_success/firmware/mcu_ws/install/include/example_interfaces/msg/detail/u_int16_multi_array__type_support.h
-- Installing: /home/marlar/movelt_success/firmware/mcu_ws/install/include/example_interfaces/msg/detail/int32_multi_array__struct.h
-- Installing: /home/marlar/movelt_success/firmware/mcu_ws/install/include/example_interfaces/msg/detail/int32__struct.h
-- Installing: /home/marlar/movelt_success/firmware/mcu_ws/install/include/example_interfaces/msg/detail/byte_multi_array__functions.h
-- Installing: /home/marlar/movelt_success/firmware/mcu_ws/install/include/example_interfaces/msg/detail/float32_multi_array__type_support.h
-- Installing: /home/marlar/movelt_success/firmware/mcu_ws/install/include/example_interfaces/msg/detail/u_int32_multi_array__type_support.h
-- Installing: /home/marlar/movelt_success/firmware/mcu_ws/install/include/example_interfaces/msg/detail/u_int8__functions.h
-- Installing: /home/marlar/movelt_success/firmware/mcu_ws/install/include/example_interfaces/msg/detail/u_int8_multi_array__functions.c
-- Installing: /home/marlar/movelt_success/firmware/mcu_ws/install/include/example_interfaces/msg/detail/u_int64__functions.h
-- Installing: /home/marlar/movelt_success/firmware/mcu_ws/install/include/example_interfaces/msg/detail/int8__type_support.h
-- Installing: /home/marlar/movelt_success/firmware/mcu_ws/install/include/example_interfaces/msg/detail/int8_multi_array__type_support.h
-- Installing: /home/marlar/movelt_success/firmware/mcu_ws/install/include/example_interfaces/msg/detail/char__struct.h
-- Installing: /home/marlar/movelt_success/firmware/mcu_ws/install/include/example_interfaces/msg/detail/u_int32__functions.c
-- Installing: /home/marlar/movelt_success/firmware/mcu_ws/install/include/example_interfaces/msg/detail/byte__functions.c
-- Installing: /home/marlar/movelt_success/firmware/mcu_ws/install/include/example_interfaces/msg/detail/u_int8_multi_array__struct.h
-- Installing: /home/marlar/movelt_success/firmware/mcu_ws/install/include/example_interfaces/msg/detail/byte__functions.h
-- Installing: /home/marlar/movelt_success/firmware/mcu_ws/install/include/example_interfaces/msg/detail/int8_multi_array__functions.c
-- Installing: /home/marlar/movelt_success/firmware/mcu_ws/install/include/example_interfaces/msg/detail/w_string__functions.h
-- Installing: /home/marlar/movelt_success/firmware/mcu_ws/install/include/example_interfaces/msg/detail/empty__functions.c
-- Installing: /home/marlar/movelt_success/firmware/mcu_ws/install/include/example_interfaces/msg/detail/int8_multi_array__struct.h
-- Installing: /home/marlar/movelt_success/firmware/mcu_ws/install/include/example_interfaces/msg/detail/float64_multi_array__struct.h
-- Installing: /home/marlar/movelt_success/firmware/mcu_ws/install/include/example_interfaces/msg/detail/int64__type_support.h
-- Installing: /home/marlar/movelt_success/firmware/mcu_ws/install/include/example_interfaces/msg/detail/int64__functions.h
-- Installing: /home/marlar/movelt_success/firmware/mcu_ws/install/include/example_interfaces/msg/detail/empty__functions.h
-- Installing: /home/marlar/movelt_success/firmware/mcu_ws/install/include/example_interfaces/msg/detail/int16_multi_array__functions.c
-- Installing: /home/marlar/movelt_success/firmware/mcu_ws/install/include/example_interfaces/msg/detail/multi_array_dimension__functions.c
-- Installing: /home/marlar/movelt_success/firmware/mcu_ws/install/include/example_interfaces/msg/detail/w_string__struct.h
-- Installing: /home/marlar/movelt_success/firmware/mcu_ws/install/include/example_interfaces/msg/detail/int16__struct.h
-- Installing: /home/marlar/movelt_success/firmware/mcu_ws/install/include/example_interfaces/msg/detail/multi_array_layout__functions.h
-- Installing: /home/marlar/movelt_success/firmware/mcu_ws/install/include/example_interfaces/msg/detail/u_int8__type_support.h
-- Installing: /home/marlar/movelt_success/firmware/mcu_ws/install/include/example_interfaces/msg/detail/float64__type_support.h
-- Installing: /home/marlar/movelt_success/firmware/mcu_ws/install/include/example_interfaces/msg/detail/u_int8__functions.c
-- Installing: /home/marlar/movelt_success/firmware/mcu_ws/install/include/example_interfaces/msg/detail/float64__functions.h
-- Installing: /home/marlar/movelt_success/firmware/mcu_ws/install/include/example_interfaces/msg/detail/int16__functions.c
-- Installing: /home/marlar/movelt_success/firmware/mcu_ws/install/include/example_interfaces/msg/detail/int64__struct.h
-- Installing: /home/marlar/movelt_success/firmware/mcu_ws/install/include/example_interfaces/msg/detail/float32__struct.h
-- Installing: /home/marlar/movelt_success/firmware/mcu_ws/install/include/example_interfaces/msg/detail/multi_array_dimension__type_support.h
-- Installing: /home/marlar/movelt_success/firmware/mcu_ws/install/include/example_interfaces/msg/detail/u_int64__type_support.h
-- Installing: /home/marlar/movelt_success/firmware/mcu_ws/install/include/example_interfaces/msg/detail/empty__type_support.h
-- Installing: /home/marlar/movelt_success/firmware/mcu_ws/install/include/example_interfaces/msg/detail/float32_multi_array__functions.h
-- Installing: /home/marlar/movelt_success/firmware/mcu_ws/install/include/example_interfaces/msg/detail/u_int16_multi_array__struct.h
-- Installing: /home/marlar/movelt_success/firmware/mcu_ws/install/include/example_interfaces/msg/detail/int8__functions.c
-- Installing: /home/marlar/movelt_success/firmware/mcu_ws/install/include/example_interfaces/msg/detail/float64__functions.c
-- Installing: /home/marlar/movelt_success/firmware/mcu_ws/install/include/example_interfaces/msg/detail/int16_multi_array__struct.h
-- Installing: /home/marlar/movelt_success/firmware/mcu_ws/install/include/example_interfaces/msg/detail/int64__functions.c
-- Installing: /home/marlar/movelt_success/firmware/mcu_ws/install/include/example_interfaces/msg/detail/u_int16_multi_array__functions.c
-- Installing: /home/marlar/movelt_success/firmware/mcu_ws/install/include/example_interfaces/msg/detail/int8_multi_array__functions.h
-- Installing: /home/marlar/movelt_success/firmware/mcu_ws/install/include/example_interfaces/msg/detail/int16__type_support.h
-- Installing: /home/marlar/movelt_success/firmware/mcu_ws/install/include/example_interfaces/msg/detail/char__type_support.h
-- Installing: /home/marlar/movelt_success/firmware/mcu_ws/install/include/example_interfaces/msg/detail/u_int8_multi_array__type_support.h
-- Installing: /home/marlar/movelt_success/firmware/mcu_ws/install/include/example_interfaces/msg/detail/u_int32_multi_array__struct.h
-- Installing: /home/marlar/movelt_success/firmware/mcu_ws/install/include/example_interfaces/msg/detail/u_int64_multi_array__functions.h
-- Installing: /home/marlar/movelt_success/firmware/mcu_ws/install/include/example_interfaces/msg/detail/int32_multi_array__functions.c
-- Installing: /home/marlar/movelt_success/firmware/mcu_ws/install/include/example_interfaces/msg/detail/u_int32__struct.h
-- Installing: /home/marlar/movelt_success/firmware/mcu_ws/install/include/example_interfaces/msg/detail/float64_multi_array__functions.h
-- Installing: /home/marlar/movelt_success/firmware/mcu_ws/install/include/example_interfaces/msg/detail/string__functions.c
-- Installing: /home/marlar/movelt_success/firmware/mcu_ws/install/include/example_interfaces/msg/detail/u_int64_multi_array__functions.c
-- Installing: /home/marlar/movelt_success/firmware/mcu_ws/install/include/example_interfaces/msg/detail/u_int16__functions.h
-- Installing: /home/marlar/movelt_success/firmware/mcu_ws/install/include/example_interfaces/msg/detail/float32__functions.h
-- Installing: /home/marlar/movelt_success/firmware/mcu_ws/install/include/example_interfaces/msg/detail/float32_multi_array__struct.h
-- Installing: /home/marlar/movelt_success/firmware/mcu_ws/install/include/example_interfaces/msg/detail/int32__type_support.h
-- Installing: /home/marlar/movelt_success/firmware/mcu_ws/install/include/example_interfaces/msg/detail/u_int32__functions.h
-- Installing: /home/marlar/movelt_success/firmware/mcu_ws/install/include/example_interfaces/msg/detail/int16__functions.h
-- Installing: /home/marlar/movelt_success/firmware/mcu_ws/install/include/example_interfaces/msg/detail/byte_multi_array__struct.h
-- Installing: /home/marlar/movelt_success/firmware/mcu_ws/install/include/example_interfaces/msg/detail/multi_array_dimension__functions.h
-- Installing: /home/marlar/movelt_success/firmware/mcu_ws/install/include/example_interfaces/msg/detail/float32__functions.c
-- Installing: /home/marlar/movelt_success/firmware/mcu_ws/install/include/example_interfaces/msg/detail/byte__type_support.h
-- Installing: /home/marlar/movelt_success/firmware/mcu_ws/install/include/example_interfaces/msg/detail/char__functions.c
-- Installing: /home/marlar/movelt_success/firmware/mcu_ws/install/include/example_interfaces/msg/detail/w_string__functions.c
-- Installing: /home/marlar/movelt_success/firmware/mcu_ws/install/include/example_interfaces/msg/detail/float32_multi_array__functions.c
-- Installing: /home/marlar/movelt_success/firmware/mcu_ws/install/include/example_interfaces/msg/detail/u_int16_multi_array__functions.h
-- Installing: /home/marlar/movelt_success/firmware/mcu_ws/install/include/example_interfaces/msg/detail/int32__functions.h
-- Installing: /home/marlar/movelt_success/firmware/mcu_ws/install/include/example_interfaces/msg/detail/u_int16__type_support.h
-- Installing: /home/marlar/movelt_success/firmware/mcu_ws/install/include/example_interfaces/msg/detail/float64_multi_array__type_support.h
-- Installing: /home/marlar/movelt_success/firmware/mcu_ws/install/include/example_interfaces/msg/detail/int16_multi_array__functions.h
-- Installing: /home/marlar/movelt_success/firmware/mcu_ws/install/include/example_interfaces/msg/detail/int8__functions.h
-- Installing: /home/marlar/movelt_success/firmware/mcu_ws/install/include/example_interfaces/msg/detail/multi_array_layout__functions.c
-- Installing: /home/marlar/movelt_success/firmware/mcu_ws/install/include/example_interfaces/msg/detail/u_int64_multi_array__type_support.h
-- Installing: /home/marlar/movelt_success/firmware/mcu_ws/install/include/example_interfaces/msg/detail/u_int8__struct.h
-- Installing: /home/marlar/movelt_success/firmware/mcu_ws/install/include/example_interfaces/msg/detail/string__struct.h
-- Installing: /home/marlar/movelt_success/firmware/mcu_ws/install/include/example_interfaces/msg/detail/multi_array_dimension__struct.h
-- Installing: /home/marlar/movelt_success/firmware/mcu_ws/install/include/example_interfaces/msg/detail/empty__struct.h
-- Installing: /home/marlar/movelt_success/firmware/mcu_ws/install/include/example_interfaces/msg/detail/string__functions.h
-- Installing: /home/marlar/movelt_success/firmware/mcu_ws/install/include/example_interfaces/msg/detail/multi_array_layout__type_support.h
-- Installing: /home/marlar/movelt_success/firmware/mcu_ws/install/include/example_interfaces/msg/detail/int16_multi_array__type_support.h
-- Installing: /home/marlar/movelt_success/firmware/mcu_ws/install/include/example_interfaces/msg/detail/int32_multi_array__type_support.h
-- Installing: /home/marlar/movelt_success/firmware/mcu_ws/install/include/example_interfaces/msg/detail/int64_multi_array__struct.h
-- Installing: /home/marlar/movelt_success/firmware/mcu_ws/install/include/example_interfaces/msg/detail/w_string__type_support.h
-- Installing: /home/marlar/movelt_success/firmware/mcu_ws/install/include/example_interfaces/msg/detail/string__type_support.h
-- Installing: /home/marlar/movelt_success/firmware/mcu_ws/install/include/example_interfaces/msg/detail/bool__functions.h
-- Installing: /home/marlar/movelt_success/firmware/mcu_ws/install/include/example_interfaces/msg/detail/int64_multi_array__functions.h
-- Installing: /home/marlar/movelt_success/firmware/mcu_ws/install/include/example_interfaces/msg/detail/float32__type_support.h
-- Installing: /home/marlar/movelt_success/firmware/mcu_ws/install/include/example_interfaces/msg/detail/bool__functions.c
-- Installing: /home/marlar/movelt_success/firmware/mcu_ws/install/include/example_interfaces/msg/detail/u_int16__struct.h
-- Installing: /home/marlar/movelt_success/firmware/mcu_ws/install/include/example_interfaces/msg/detail/u_int8_multi_array__functions.h
-- Installing: /home/marlar/movelt_success/firmware/mcu_ws/install/include/example_interfaces/msg/detail/byte_multi_array__type_support.h
-- Installing: /home/marlar/movelt_success/firmware/mcu_ws/install/include/example_interfaces/msg/detail/bool__struct.h
-- Installing: /home/marlar/movelt_success/firmware/mcu_ws/install/include/example_interfaces/msg/detail/int64_multi_array__functions.c
-- Installing: /home/marlar/movelt_success/firmware/mcu_ws/install/include/example_interfaces/msg/detail/int8__struct.h
-- Installing: /home/marlar/movelt_success/firmware/mcu_ws/install/include/example_interfaces/msg/detail/char__functions.h
-- Installing: /home/marlar/movelt_success/firmware/mcu_ws/install/include/example_interfaces/msg/u_int8_multi_array.h
-- Installing: /home/marlar/movelt_success/firmware/mcu_ws/install/include/example_interfaces/msg/u_int32_multi_array.h
-- Installing: /home/marlar/movelt_success/firmware/mcu_ws/install/include/example_interfaces/msg/empty.h
-- Installing: /home/marlar/movelt_success/firmware/mcu_ws/install/include/example_interfaces/msg/float64_multi_array.h
-- Installing: /home/marlar/movelt_success/firmware/mcu_ws/install/include/example_interfaces/msg/u_int8.h
-- Installing: /home/marlar/movelt_success/firmware/mcu_ws/install/include/example_interfaces/msg/int32.h
-- Installing: /home/marlar/movelt_success/firmware/mcu_ws/install/include/example_interfaces/msg/int64_multi_array.h
-- Installing: /home/marlar/movelt_success/firmware/mcu_ws/install/include/example_interfaces/msg/string.h
-- Installing: /home/marlar/movelt_success/firmware/mcu_ws/install/include/example_interfaces/msg/int64.h
-- Installing: /home/marlar/movelt_success/firmware/mcu_ws/install/include/example_interfaces/msg/int16.h
-- Installing: /home/marlar/movelt_success/firmware/mcu_ws/install/include/example_interfaces/msg/float64.h
-- Installing: /home/marlar/movelt_success/firmware/mcu_ws/install/include/example_interfaces/msg/byte_multi_array.h
-- Installing: /home/marlar/movelt_success/firmware/mcu_ws/install/include/example_interfaces/msg/multi_array_dimension.h
-- Installing: /home/marlar/movelt_success/firmware/mcu_ws/install/include/example_interfaces/msg/u_int64.h
-- Installing: /home/marlar/movelt_success/firmware/mcu_ws/install/include/example_interfaces/msg/byte.h
-- Installing: /home/marlar/movelt_success/firmware/mcu_ws/install/include/example_interfaces/msg/int8_multi_array.h
-- Installing: /home/marlar/movelt_success/firmware/mcu_ws/install/include/example_interfaces/msg/float32.h
-- Installing: /home/marlar/movelt_success/firmware/mcu_ws/install/include/example_interfaces/msg/u_int32.h
-- Installing: /home/marlar/movelt_success/firmware/mcu_ws/install/include/example_interfaces/msg/float32_multi_array.h
-- Installing: /home/marlar/movelt_success/firmware/mcu_ws/install/include/example_interfaces/msg/u_int16_multi_array.h
-- Installing: /home/marlar/movelt_success/firmware/mcu_ws/install/include/example_interfaces/msg/rosidl_generator_c__visibility_control.h
-- Installing: /home/marlar/movelt_success/firmware/mcu_ws/install/include/example_interfaces/msg/int8.h
-- Installing: /home/marlar/movelt_success/firmware/mcu_ws/install/include/example_interfaces/msg/u_int16.h
-- Installing: /home/marlar/movelt_success/firmware/mcu_ws/install/include/example_interfaces/msg/int16_multi_array.h
-- Installing: /home/marlar/movelt_success/firmware/mcu_ws/install/include/example_interfaces/msg/w_string.h
-- Installing: /home/marlar/movelt_success/firmware/mcu_ws/install/include/example_interfaces/msg/char.h
-- Installing: /home/marlar/movelt_success/firmware/mcu_ws/install/include/example_interfaces/msg/multi_array_layout.h
-- Installing: /home/marlar/movelt_success/firmware/mcu_ws/install/include/example_interfaces/action
-- Installing: /home/marlar/movelt_success/firmware/mcu_ws/install/include/example_interfaces/action/detail
-- Installing: /home/marlar/movelt_success/firmware/mcu_ws/install/include/example_interfaces/action/detail/fibonacci__functions.h
-- Installing: /home/marlar/movelt_success/firmware/mcu_ws/install/include/example_interfaces/action/detail/fibonacci__struct.h
-- Installing: /home/marlar/movelt_success/firmware/mcu_ws/install/include/example_interfaces/action/detail/fibonacci__functions.c
-- Installing: /home/marlar/movelt_success/firmware/mcu_ws/install/include/example_interfaces/action/detail/fibonacci__type_support.h
-- Installing: /home/marlar/movelt_success/firmware/mcu_ws/install/include/example_interfaces/action/fibonacci.h
-- Installing: /home/marlar/movelt_success/firmware/mcu_ws/install/include/example_interfaces/srv
-- Installing: /home/marlar/movelt_success/firmware/mcu_ws/install/include/example_interfaces/srv/add_two_ints.h
-- Installing: /home/marlar/movelt_success/firmware/mcu_ws/install/include/example_interfaces/srv/detail
-- Installing: /home/marlar/movelt_success/firmware/mcu_ws/install/include/example_interfaces/srv/detail/set_bool__functions.h
-- Installing: /home/marlar/movelt_success/firmware/mcu_ws/install/include/example_interfaces/srv/detail/trigger__functions.h
-- Installing: /home/marlar/movelt_success/firmware/mcu_ws/install/include/example_interfaces/srv/detail/add_two_ints__functions.c
-- Installing: /home/marlar/movelt_success/firmware/mcu_ws/install/include/example_interfaces/srv/detail/add_two_ints__struct.h
-- Installing: /home/marlar/movelt_success/firmware/mcu_ws/install/include/example_interfaces/srv/detail/set_bool__struct.h
-- Installing: /home/marlar/movelt_success/firmware/mcu_ws/install/include/example_interfaces/srv/detail/trigger__struct.h
-- Installing: /home/marlar/movelt_success/firmware/mcu_ws/install/include/example_interfaces/srv/detail/add_two_ints__type_support.h
-- Installing: /home/marlar/movelt_success/firmware/mcu_ws/install/include/example_interfaces/srv/detail/add_two_ints__functions.h
-- Installing: /home/marlar/movelt_success/firmware/mcu_ws/install/include/example_interfaces/srv/detail/set_bool__functions.c
-- Installing: /home/marlar/movelt_success/firmware/mcu_ws/install/include/example_interfaces/srv/detail/trigger__type_support.h
-- Installing: /home/marlar/movelt_success/firmware/mcu_ws/install/include/example_interfaces/srv/detail/trigger__functions.c
-- Installing: /home/marlar/movelt_success/firmware/mcu_ws/install/include/example_interfaces/srv/detail/set_bool__type_support.h
-- Installing: /home/marlar/movelt_success/firmware/mcu_ws/install/include/example_interfaces/srv/trigger.h
-- Installing: /home/marlar/movelt_success/firmware/mcu_ws/install/include/example_interfaces/srv/set_bool.h
-- Installing: /home/marlar/movelt_success/firmware/mcu_ws/install/share/example_interfaces/environment/library_path.sh
-- Installing: /home/marlar/movelt_success/firmware/mcu_ws/install/share/example_interfaces/environment/library_path.dsv
-- Installing: /home/marlar/movelt_success/firmware/mcu_ws/install/lib/libexample_interfaces__rosidl_generator_c.a
-- Up-to-date: /home/marlar/movelt_success/firmware/mcu_ws/install/include/example_interfaces
-- Up-to-date: /home/marlar/movelt_success/firmware/mcu_ws/install/include/example_interfaces/msg
-- Installing: /home/marlar/movelt_success/firmware/mcu_ws/install/include/example_interfaces/msg/rosidl_typesupport_microxrcedds_c__visibility_control.h
-- Up-to-date: /home/marlar/movelt_success/firmware/mcu_ws/install/include/example_interfaces/msg/detail
-- Installing: /home/marlar/movelt_success/firmware/mcu_ws/install/include/example_interfaces/msg/detail/int64_multi_array__rosidl_typesupport_microxrcedds_c.h
-- Installing: /home/marlar/movelt_success/firmware/mcu_ws/install/include/example_interfaces/msg/detail/int8__rosidl_typesupport_microxrcedds_c.h
-- Installing: /home/marlar/movelt_success/firmware/mcu_ws/install/include/example_interfaces/msg/detail/float64__rosidl_typesupport_microxrcedds_c.h
-- Installing: /home/marlar/movelt_success/firmware/mcu_ws/install/include/example_interfaces/msg/detail/u_int32__rosidl_typesupport_microxrcedds_c.h
-- Installing: /home/marlar/movelt_success/firmware/mcu_ws/install/include/example_interfaces/msg/detail/u_int8_multi_array__rosidl_typesupport_microxrcedds_c.h
-- Installing: /home/marlar/movelt_success/firmware/mcu_ws/install/include/example_interfaces/msg/detail/u_int64__rosidl_typesupport_microxrcedds_c.h
-- Installing: /home/marlar/movelt_success/firmware/mcu_ws/install/include/example_interfaces/msg/detail/u_int16__rosidl_typesupport_microxrcedds_c.h
-- Installing: /home/marlar/movelt_success/firmware/mcu_ws/install/include/example_interfaces/msg/detail/u_int8__rosidl_typesupport_microxrcedds_c.h
-- Installing: /home/marlar/movelt_success/firmware/mcu_ws/install/include/example_interfaces/msg/detail/int64__rosidl_typesupport_microxrcedds_c.h
-- Installing: /home/marlar/movelt_success/firmware/mcu_ws/install/include/example_interfaces/msg/detail/byte_multi_array__rosidl_typesupport_microxrcedds_c.h
-- Installing: /home/marlar/movelt_success/firmware/mcu_ws/install/include/example_interfaces/msg/detail/int16_multi_array__rosidl_typesupport_microxrcedds_c.h
-- Installing: /home/marlar/movelt_success/firmware/mcu_ws/install/include/example_interfaces/msg/detail/char__rosidl_typesupport_microxrcedds_c.h
-- Installing: /home/marlar/movelt_success/firmware/mcu_ws/install/include/example_interfaces/msg/detail/int32__rosidl_typesupport_microxrcedds_c.h
-- Installing: /home/marlar/movelt_success/firmware/mcu_ws/install/include/example_interfaces/msg/detail/float32__rosidl_typesupport_microxrcedds_c.h
-- Installing: /home/marlar/movelt_success/firmware/mcu_ws/install/include/example_interfaces/msg/detail/float32_multi_array__rosidl_typesupport_microxrcedds_c.h
-- Installing: /home/marlar/movelt_success/firmware/mcu_ws/install/include/example_interfaces/msg/detail/multi_array_layout__rosidl_typesupport_microxrcedds_c.h
-- Installing: /home/marlar/movelt_success/firmware/mcu_ws/install/include/example_interfaces/msg/detail/float64_multi_array__rosidl_typesupport_microxrcedds_c.h
-- Installing: /home/marlar/movelt_success/firmware/mcu_ws/install/include/example_interfaces/msg/detail/int16__rosidl_typesupport_microxrcedds_c.h
-- Installing: /home/marlar/movelt_success/firmware/mcu_ws/install/include/example_interfaces/msg/detail/int8_multi_array__rosidl_typesupport_microxrcedds_c.h
-- Installing: /home/marlar/movelt_success/firmware/mcu_ws/install/include/example_interfaces/msg/detail/microxrcedds
-- Installing: /home/marlar/movelt_success/firmware/mcu_ws/install/include/example_interfaces/msg/detail/u_int32_multi_array__rosidl_typesupport_microxrcedds_c.h
-- Installing: /home/marlar/movelt_success/firmware/mcu_ws/install/include/example_interfaces/msg/detail/bool__rosidl_typesupport_microxrcedds_c.h
-- Installing: /home/marlar/movelt_success/firmware/mcu_ws/install/include/example_interfaces/msg/detail/w_string__rosidl_typesupport_microxrcedds_c.h
-- Installing: /home/marlar/movelt_success/firmware/mcu_ws/install/include/example_interfaces/msg/detail/multi_array_dimension__rosidl_typesupport_microxrcedds_c.h
-- Installing: /home/marlar/movelt_success/firmware/mcu_ws/install/include/example_interfaces/msg/detail/u_int16_multi_array__rosidl_typesupport_microxrcedds_c.h
-- Installing: /home/marlar/movelt_success/firmware/mcu_ws/install/include/example_interfaces/msg/detail/string__rosidl_typesupport_microxrcedds_c.h
-- Installing: /home/marlar/movelt_success/firmware/mcu_ws/install/include/example_interfaces/msg/detail/int32_multi_array__rosidl_typesupport_microxrcedds_c.h
-- Installing: /home/marlar/movelt_success/firmware/mcu_ws/install/include/example_interfaces/msg/detail/u_int64_multi_array__rosidl_typesupport_microxrcedds_c.h
-- Installing: /home/marlar/movelt_success/firmware/mcu_ws/install/include/example_interfaces/msg/detail/byte__rosidl_typesupport_microxrcedds_c.h
-- Installing: /home/marlar/movelt_success/firmware/mcu_ws/install/include/example_interfaces/msg/detail/empty__rosidl_typesupport_microxrcedds_c.h
-- Up-to-date: /home/marlar/movelt_success/firmware/mcu_ws/install/include/example_interfaces/action
-- Up-to-date: /home/marlar/movelt_success/firmware/mcu_ws/install/include/example_interfaces/action/detail
-- Installing: /home/marlar/movelt_success/firmware/mcu_ws/install/include/example_interfaces/action/detail/microxrcedds
-- Installing: /home/marlar/movelt_success/firmware/mcu_ws/install/include/example_interfaces/action/detail/fibonacci__rosidl_typesupport_microxrcedds_c.h
-- Up-to-date: /home/marlar/movelt_success/firmware/mcu_ws/install/include/example_interfaces/srv
-- Up-to-date: /home/marlar/movelt_success/firmware/mcu_ws/install/include/example_interfaces/srv/detail
-- Installing: /home/marlar/movelt_success/firmware/mcu_ws/install/include/example_interfaces/srv/detail/set_bool__rosidl_typesupport_microxrcedds_c.h
-- Installing: /home/marlar/movelt_success/firmware/mcu_ws/install/include/example_interfaces/srv/detail/microxrcedds
-- Installing: /home/marlar/movelt_success/firmware/mcu_ws/install/include/example_interfaces/srv/detail/add_two_ints__rosidl_typesupport_microxrcedds_c.h
-- Installing: /home/marlar/movelt_success/firmware/mcu_ws/install/include/example_interfaces/srv/detail/trigger__rosidl_typesupport_microxrcedds_c.h
-- Installing: /home/marlar/movelt_success/firmware/mcu_ws/install/lib/libexample_interfaces__rosidl_typesupport_microxrcedds_c.a
-- Installing: /home/marlar/movelt_success/firmware/mcu_ws/install/lib/libexample_interfaces__rosidl_typesupport_c.a
-- Up-to-date: /home/marlar/movelt_success/firmware/mcu_ws/install/lib/libexample_interfaces__rosidl_typesupport_microxrcedds_c.a
-- Installing: /home/marlar/movelt_success/firmware/mcu_ws/install/share/example_interfaces/action/Fibonacci.idl
-- Installing: /home/marlar/movelt_success/firmware/mcu_ws/install/share/example_interfaces/msg/Bool.idl
-- Installing: /home/marlar/movelt_success/firmware/mcu_ws/install/share/example_interfaces/msg/Byte.idl
-- Installing: /home/marlar/movelt_success/firmware/mcu_ws/install/share/example_interfaces/msg/ByteMultiArray.idl
-- Installing: /home/marlar/movelt_success/firmware/mcu_ws/install/share/example_interfaces/msg/Char.idl
-- Installing: /home/marlar/movelt_success/firmware/mcu_ws/install/share/example_interfaces/msg/Empty.idl
-- Installing: /home/marlar/movelt_success/firmware/mcu_ws/install/share/example_interfaces/msg/Float32.idl
-- Installing: /home/marlar/movelt_success/firmware/mcu_ws/install/share/example_interfaces/msg/Float32MultiArray.idl
-- Installing: /home/marlar/movelt_success/firmware/mcu_ws/install/share/example_interfaces/msg/Float64.idl
-- Installing: /home/marlar/movelt_success/firmware/mcu_ws/install/share/example_interfaces/msg/Float64MultiArray.idl
-- Installing: /home/marlar/movelt_success/firmware/mcu_ws/install/share/example_interfaces/msg/Int16.idl
-- Installing: /home/marlar/movelt_success/firmware/mcu_ws/install/share/example_interfaces/msg/Int16MultiArray.idl
-- Installing: /home/marlar/movelt_success/firmware/mcu_ws/install/share/example_interfaces/msg/Int32.idl
-- Installing: /home/marlar/movelt_success/firmware/mcu_ws/install/share/example_interfaces/msg/Int32MultiArray.idl
-- Installing: /home/marlar/movelt_success/firmware/mcu_ws/install/share/example_interfaces/msg/Int64.idl
-- Installing: /home/marlar/movelt_success/firmware/mcu_ws/install/share/example_interfaces/msg/Int64MultiArray.idl
-- Installing: /home/marlar/movelt_success/firmware/mcu_ws/install/share/example_interfaces/msg/Int8.idl
-- Installing: /home/marlar/movelt_success/firmware/mcu_ws/install/share/example_interfaces/msg/Int8MultiArray.idl
-- Installing: /home/marlar/movelt_success/firmware/mcu_ws/install/share/example_interfaces/msg/MultiArrayDimension.idl
-- Installing: /home/marlar/movelt_success/firmware/mcu_ws/install/share/example_interfaces/msg/MultiArrayLayout.idl
-- Installing: /home/marlar/movelt_success/firmware/mcu_ws/install/share/example_interfaces/msg/String.idl
-- Installing: /home/marlar/movelt_success/firmware/mcu_ws/install/share/example_interfaces/msg/UInt16.idl
-- Installing: /home/marlar/movelt_success/firmware/mcu_ws/install/share/example_interfaces/msg/UInt16MultiArray.idl
-- Installing: /home/marlar/movelt_success/firmware/mcu_ws/install/share/example_interfaces/msg/UInt32.idl
-- Installing: /home/marlar/movelt_success/firmware/mcu_ws/install/share/example_interfaces/msg/UInt32MultiArray.idl
-- Installing: /home/marlar/movelt_success/firmware/mcu_ws/install/share/example_interfaces/msg/UInt64.idl
-- Installing: /home/marlar/movelt_success/firmware/mcu_ws/install/share/example_interfaces/msg/UInt64MultiArray.idl
-- Installing: /home/marlar/movelt_success/firmware/mcu_ws/install/share/example_interfaces/msg/UInt8.idl
-- Installing: /home/marlar/movelt_success/firmware/mcu_ws/install/share/example_interfaces/msg/UInt8MultiArray.idl
-- Installing: /home/marlar/movelt_success/firmware/mcu_ws/install/share/example_interfaces/msg/WString.idl
-- Installing: /home/marlar/movelt_success/firmware/mcu_ws/install/share/example_interfaces/srv/AddTwoInts.idl
-- Installing: /home/marlar/movelt_success/firmware/mcu_ws/install/share/example_interfaces/srv/SetBool.idl
-- Installing: /home/marlar/movelt_success/firmware/mcu_ws/install/share/example_interfaces/srv/Trigger.idl
-- Installing: /home/marlar/movelt_success/firmware/mcu_ws/install/share/example_interfaces/action/Fibonacci.action
-- Installing: /home/marlar/movelt_success/firmware/mcu_ws/install/share/example_interfaces/msg/Bool.msg
-- Installing: /home/marlar/movelt_success/firmware/mcu_ws/install/share/example_interfaces/msg/Byte.msg
-- Installing: /home/marlar/movelt_success/firmware/mcu_ws/install/share/example_interfaces/msg/ByteMultiArray.msg
-- Installing: /home/marlar/movelt_success/firmware/mcu_ws/install/share/example_interfaces/msg/Char.msg
-- Installing: /home/marlar/movelt_success/firmware/mcu_ws/install/share/example_interfaces/msg/Empty.msg
-- Installing: /home/marlar/movelt_success/firmware/mcu_ws/install/share/example_interfaces/msg/Float32.msg
-- Installing: /home/marlar/movelt_success/firmware/mcu_ws/install/share/example_interfaces/msg/Float32MultiArray.msg
-- Installing: /home/marlar/movelt_success/firmware/mcu_ws/install/share/example_interfaces/msg/Float64.msg
-- Installing: /home/marlar/movelt_success/firmware/mcu_ws/install/share/example_interfaces/msg/Float64MultiArray.msg
-- Installing: /home/marlar/movelt_success/firmware/mcu_ws/install/share/example_interfaces/msg/Int16.msg
-- Installing: /home/marlar/movelt_success/firmware/mcu_ws/install/share/example_interfaces/msg/Int16MultiArray.msg
-- Installing: /home/marlar/movelt_success/firmware/mcu_ws/install/share/example_interfaces/msg/Int32.msg
-- Installing: /home/marlar/movelt_success/firmware/mcu_ws/install/share/example_interfaces/msg/Int32MultiArray.msg
-- Installing: /home/marlar/movelt_success/firmware/mcu_ws/install/share/example_interfaces/msg/Int64.msg
-- Installing: /home/marlar/movelt_success/firmware/mcu_ws/install/share/example_interfaces/msg/Int64MultiArray.msg
-- Installing: /home/marlar/movelt_success/firmware/mcu_ws/install/share/example_interfaces/msg/Int8.msg
-- Installing: /home/marlar/movelt_success/firmware/mcu_ws/install/share/example_interfaces/msg/Int8MultiArray.msg
-- Installing: /home/marlar/movelt_success/firmware/mcu_ws/install/share/example_interfaces/msg/MultiArrayDimension.msg
-- Installing: /home/marlar/movelt_success/firmware/mcu_ws/install/share/example_interfaces/msg/MultiArrayLayout.msg
-- Installing: /home/marlar/movelt_success/firmware/mcu_ws/install/share/example_interfaces/msg/String.msg
-- Installing: /home/marlar/movelt_success/firmware/mcu_ws/install/share/example_interfaces/msg/UInt16.msg
-- Installing: /home/marlar/movelt_success/firmware/mcu_ws/install/share/example_interfaces/msg/UInt16MultiArray.msg
-- Installing: /home/marlar/movelt_success/firmware/mcu_ws/install/share/example_interfaces/msg/UInt32.msg
-- Installing: /home/marlar/movelt_success/firmware/mcu_ws/install/share/example_interfaces/msg/UInt32MultiArray.msg
-- Installing: /home/marlar/movelt_success/firmware/mcu_ws/install/share/example_interfaces/msg/UInt64.msg
-- Installing: /home/marlar/movelt_success/firmware/mcu_ws/install/share/example_interfaces/msg/UInt64MultiArray.msg
-- Installing: /home/marlar/movelt_success/firmware/mcu_ws/install/share/example_interfaces/msg/UInt8.msg
-- Installing: /home/marlar/movelt_success/firmware/mcu_ws/install/share/example_interfaces/msg/UInt8MultiArray.msg
-- Installing: /home/marlar/movelt_success/firmware/mcu_ws/install/share/example_interfaces/msg/WString.msg
-- Installing: /home/marlar/movelt_success/firmware/mcu_ws/install/share/example_interfaces/srv/AddTwoInts.srv
-- Installing: /home/marlar/movelt_success/firmware/mcu_ws/install/share/example_interfaces/srv/AddTwoInts_Request.msg
-- Installing: /home/marlar/movelt_success/firmware/mcu_ws/install/share/example_interfaces/srv/AddTwoInts_Response.msg
-- Installing: /home/marlar/movelt_success/firmware/mcu_ws/install/share/example_interfaces/srv/SetBool.srv
-- Installing: /home/marlar/movelt_success/firmware/mcu_ws/install/share/example_interfaces/srv/SetBool_Request.msg
-- Installing: /home/marlar/movelt_success/firmware/mcu_ws/install/share/example_interfaces/srv/SetBool_Response.msg
-- Installing: /home/marlar/movelt_success/firmware/mcu_ws/install/share/example_interfaces/srv/Trigger.srv
-- Installing: /home/marlar/movelt_success/firmware/mcu_ws/install/share/example_interfaces/srv/Trigger_Request.msg
-- Installing: /home/marlar/movelt_success/firmware/mcu_ws/install/share/example_interfaces/srv/Trigger_Response.msg
-- Installing: /home/marlar/movelt_success/firmware/mcu_ws/install/share/example_interfaces/mapping_rules.yaml
-- Installing: /home/marlar/movelt_success/firmware/mcu_ws/install/share/ament_index/resource_index/package_run_dependencies/example_interfaces
-- Installing: /home/marlar/movelt_success/firmware/mcu_ws/install/share/ament_index/resource_index/parent_prefix_path/example_interfaces
-- Installing: /home/marlar/movelt_success/firmware/mcu_ws/install/share/example_interfaces/environment/ament_prefix_path.sh
-- Installing: /home/marlar/movelt_success/firmware/mcu_ws/install/share/example_interfaces/environment/ament_prefix_path.dsv
-- Installing: /home/marlar/movelt_success/firmware/mcu_ws/install/share/example_interfaces/environment/path.sh
-- Installing: /home/marlar/movelt_success/firmware/mcu_ws/install/share/example_interfaces/environment/path.dsv
-- Installing: /home/marlar/movelt_success/firmware/mcu_ws/install/share/example_interfaces/local_setup.bash
-- Installing: /home/marlar/movelt_success/firmware/mcu_ws/install/share/example_interfaces/local_setup.sh
-- Installing: /home/marlar/movelt_success/firmware/mcu_ws/install/share/example_interfaces/local_setup.zsh
-- Installing: /home/marlar/movelt_success/firmware/mcu_ws/install/share/example_interfaces/local_setup.dsv
-- Installing: /home/marlar/movelt_success/firmware/mcu_ws/install/share/example_interfaces/package.dsv
-- Installing: /home/marlar/movelt_success/firmware/mcu_ws/install/share/ament_index/resource_index/packages/example_interfaces
-- Installing: /home/marlar/movelt_success/firmware/mcu_ws/install/share/example_interfaces/cmake/example_interfaces__rosidl_generator_cExport.cmake
-- Installing: /home/marlar/movelt_success/firmware/mcu_ws/install/share/example_interfaces/cmake/example_interfaces__rosidl_generator_cExport-debug.cmake
-- Installing: /home/marlar/movelt_success/firmware/mcu_ws/install/share/example_interfaces/cmake/example_interfaces__rosidl_typesupport_cExport.cmake
-- Installing: /home/marlar/movelt_success/firmware/mcu_ws/install/share/example_interfaces/cmake/example_interfaces__rosidl_typesupport_cExport-debug.cmake
-- Installing: /home/marlar/movelt_success/firmware/mcu_ws/install/share/example_interfaces/cmake/rosidl_cmake-extras.cmake
-- Installing: /home/marlar/movelt_success/firmware/mcu_ws/install/share/example_interfaces/cmake/ament_cmake_export_dependencies-extras.cmake
-- Installing: /home/marlar/movelt_success/firmware/mcu_ws/install/share/example_interfaces/cmake/ament_cmake_export_libraries-extras.cmake
-- Installing: /home/marlar/movelt_success/firmware/mcu_ws/install/share/example_interfaces/cmake/ament_cmake_export_targets-extras.cmake
-- Installing: /home/marlar/movelt_success/firmware/mcu_ws/install/share/example_interfaces/cmake/ament_cmake_export_include_directories-extras.cmake
-- Installing: /home/marlar/movelt_success/firmware/mcu_ws/install/share/example_interfaces/cmake/rosidl_cmake_export_typesupport_libraries-extras.cmake
-- Installing: /home/marlar/movelt_success/firmware/mcu_ws/install/share/example_interfaces/cmake/example_interfacesConfig.cmake
-- Installing: /home/marlar/movelt_success/firmware/mcu_ws/install/share/example_interfaces/cmake/example_interfacesConfig-version.cmake
-- Installing: /home/marlar/movelt_success/firmware/mcu_ws/install/share/example_interfaces/package.xml
