[0.088s] Invoking command in '/home/marlar/movelt_success/build/warehouse_ros': CMAKE_PREFIX_PATH=${CMAKE_PREFIX_PATH}:/opt/ros/foxy /usr/bin/cmake /home/marlar/movelt_success/warehouse_ros -DCMAKE_BUILD_TYPE=Release -DCMAKE_INSTALL_PREFIX=/home/marlar/movelt_success/install/warehouse_ros
[0.157s] -- The C compiler identification is GNU 9.3.0
[0.231s] -- The CXX compiler identification is GNU 9.3.0
[0.241s] -- Detecting C compiler ABI info
[0.308s] -- Detecting C compiler ABI info - done
[0.320s] -- Check for working C compiler: /usr/bin/cc - skipped
[0.320s] -- Detecting C compile features
[0.320s] -- Detecting C compile features - done
[0.325s] -- Detecting CXX compiler ABI info
[0.409s] -- Detecting CXX compiler ABI info - done
[0.422s] -- Check for working CXX compiler: /usr/bin/c++ - skipped
[0.422s] -- Detecting CXX compile features
[0.423s] -- Detecting CXX compile features - done
[0.427s] -- Found ament_cmake: 0.9.8 (/opt/ros/foxy/share/ament_cmake/cmake)
[0.460s] -- Found PythonInterp: /usr/bin/python3 (found suitable version "3.8.5", minimum required is "3") 
[0.460s] -- Using PYTHON_EXECUTABLE: /usr/bin/python3
[0.721s] -- Found rclcpp: 2.3.0 (/opt/ros/foxy/share/rclcpp/cmake)
[0.783s] -- Using all available rosidl_typesupport_c: rosidl_typesupport_microxrcedds_c;rosidl_typesupport_fastrtps_c;rosidl_typesupport_introspection_c
[0.793s] -- Found rosidl_adapter: 1.2.0 (/opt/ros/foxy/share/rosidl_adapter/cmake)
[0.896s] -- Found OpenSSL: /usr/lib/x86_64-linux-gnu/libcrypto.so (found version "1.1.1f")  
[0.936s] -- Found FastRTPS: /home/marlar/movelt_success/install/microxrcedds_agent/include  
[1.032s] -- Using all available rosidl_typesupport_cpp: rosidl_typesupport_fastrtps_cpp;rosidl_typesupport_introspection_cpp
[1.085s] -- Found rmw_implementation_cmake: 1.0.2 (/opt/ros/foxy/share/rmw_implementation_cmake/cmake)
[1.086s] -- Using RMW implementation 'rmw_fastrtps_cpp' as default
[1.087s] -- Looking for pthread.h
[1.140s] -- Looking for pthread.h - found
[1.140s] -- Performing Test CMAKE_HAVE_LIBC_PTHREAD
[1.209s] -- Performing Test CMAKE_HAVE_LIBC_PTHREAD - Failed
[1.210s] -- Looking for pthread_create in pthreads
[1.274s] -- Looking for pthread_create in pthreads - not found
[1.274s] -- Looking for pthread_create in pthread
[1.369s] -- Looking for pthread_create in pthread - found
[1.370s] -- Found Threads: TRUE  
[1.481s] -- Found geometry_msgs: 2.0.3 (/opt/ros/foxy/share/geometry_msgs/cmake)
[1.506s] -- Found pluginlib: 2.5.3 (/opt/ros/foxy/share/pluginlib/cmake)
[1.532s] -- Found tf2: 0.13.9 (/opt/ros/foxy/share/tf2/cmake)
[1.540s] -- Found tf2_ros: 0.13.9 (/opt/ros/foxy/share/tf2_ros/cmake)
[1.788s] -- Found tf2_geometry_msgs: 0.13.9 (/opt/ros/foxy/share/tf2_geometry_msgs/cmake)
[1.795s] -- Found eigen3_cmake_module: 0.1.1 (/opt/ros/foxy/share/eigen3_cmake_module/cmake)
[1.798s] -- Found Eigen3: TRUE (found version "3.3.7") 
[1.833s] -- Found Boost: /usr/lib/x86_64-linux-gnu/cmake/Boost-1.71.0/BoostConfig.cmake (found version "1.71.0") found components: system filesystem thread 
[1.908s] -- Configuring done
[1.934s] -- Generating done
[1.936s] -- Build files have been written to: /home/marlar/movelt_success/build/warehouse_ros
