[3.208s] DEBUG:colcon:Command line arguments: ['/usr/bin/colcon', 'build']
[3.208s] DEBUG:colcon:Parsed command line arguments: Namespace(ament_cmake_args=None, base_paths=['.'], build_base='build', catkin_cmake_args=None, catkin_skip_building_tests=False, cmake_args=None, cmake_clean_cache=False, cmake_clean_first=False, cmake_force_configure=False, cmake_target=None, cmake_target_skip_unavailable=False, continue_on_error=False, event_handlers=None, executor='parallel', ignore_user_meta=False, install_base='install', log_base=None, log_level=None, main=<bound method BuildVerb.main of <colcon_core.verb.build.BuildVerb object at 0x7f15380b00a0>>, merge_install=False, metas=['./colcon.meta'], packages_above=None, packages_above_and_dependencies=None, packages_above_depth=None, packages_end=None, packages_ignore=None, packages_ignore_regex=None, packages_select=None, packages_select_build_failed=False, packages_select_by_dep=None, packages_select_regex=None, packages_select_test_failures=False, packages_skip=None, packages_skip_build_finished=False, packages_skip_by_dep=None, packages_skip_regex=None, packages_skip_test_passed=False, packages_skip_up_to=None, packages_start=None, packages_up_to=None, packages_up_to_regex=None, parallel_workers=4, paths=None, symlink_install=False, test_result_base=None, verb_extension=<colcon_core.verb.build.BuildVerb object at 0x7f15380b00a0>, verb_name='build', verb_parser=<colcon_defaults.argument_parser.defaults.DefaultArgumentsDecorator object at 0x7f15380b0550>)
[3.361s] Level 1:colcon.colcon_core.package_discovery:discover_packages(colcon_meta) check parameters
[3.362s] Level 1:colcon.colcon_core.package_discovery:discover_packages(recursive) check parameters
[3.362s] Level 1:colcon.colcon_core.package_discovery:discover_packages(ignore) check parameters
[3.362s] Level 1:colcon.colcon_core.package_discovery:discover_packages(path) check parameters
[3.363s] Level 1:colcon.colcon_core.package_discovery:discover_packages(colcon_meta) discover
[3.363s] Level 1:colcon.colcon_core.package_discovery:discover_packages(recursive) discover
[3.363s] INFO:colcon.colcon_core.package_discovery:Crawling recursively for packages in '/home/nuc01/zephyr_microros_pingpong'
[3.364s] Level 1:colcon.colcon_core.package_identification:_identify(.) by extensions ['ignore', 'ignore_ament_install']
[3.364s] Level 1:colcon.colcon_core.package_identification:_identify(.) by extension 'ignore'
[3.365s] Level 1:colcon.colcon_core.package_identification:_identify(.) by extension 'ignore_ament_install'
[3.365s] Level 1:colcon.colcon_core.package_identification:_identify(.) by extensions ['colcon_pkg']
[3.365s] Level 1:colcon.colcon_core.package_identification:_identify(.) by extension 'colcon_pkg'
[3.366s] Level 1:colcon.colcon_core.package_identification:_identify(.) by extensions ['colcon_meta']
[3.366s] Level 1:colcon.colcon_core.package_identification:_identify(.) by extension 'colcon_meta'
[3.366s] Level 1:colcon.colcon_core.package_identification:_identify(.) by extensions ['ros']
[3.367s] Level 1:colcon.colcon_core.package_identification:_identify(.) by extension 'ros'
[3.390s] Level 1:colcon.colcon_core.package_identification:_identify(.) by extensions ['cmake', 'python']
[3.391s] Level 1:colcon.colcon_core.package_identification:_identify(.) by extension 'cmake'
[3.391s] Level 1:colcon.colcon_core.package_identification:_identify(.) by extension 'python'
[3.391s] Level 1:colcon.colcon_core.package_identification:_identify(.) by extensions ['python_setup_py']
[3.391s] Level 1:colcon.colcon_core.package_identification:_identify(.) by extension 'python_setup_py'
[3.391s] Level 1:colcon.colcon_core.package_identification:_identify(build) by extensions ['ignore', 'ignore_ament_install']
[3.391s] Level 1:colcon.colcon_core.package_identification:_identify(build) by extension 'ignore'
[3.391s] Level 1:colcon.colcon_core.package_identification:_identify(build) ignored
[3.402s] Level 1:colcon.colcon_core.package_identification:_identify(firmware) by extensions ['ignore', 'ignore_ament_install']
[3.402s] Level 1:colcon.colcon_core.package_identification:_identify(firmware) by extension 'ignore'
[3.402s] Level 1:colcon.colcon_core.package_identification:_identify(firmware) ignored
[3.402s] Level 1:colcon.colcon_core.package_identification:_identify(install) by extensions ['ignore', 'ignore_ament_install']
[3.402s] Level 1:colcon.colcon_core.package_identification:_identify(install) by extension 'ignore'
[3.402s] Level 1:colcon.colcon_core.package_identification:_identify(install) ignored
[3.402s] Level 1:colcon.colcon_core.package_identification:_identify(log) by extensions ['ignore', 'ignore_ament_install']
[3.402s] Level 1:colcon.colcon_core.package_identification:_identify(log) by extension 'ignore'
[3.403s] Level 1:colcon.colcon_core.package_identification:_identify(log) ignored
[3.403s] Level 1:colcon.colcon_core.package_identification:_identify(src) by extensions ['ignore', 'ignore_ament_install']
[3.403s] Level 1:colcon.colcon_core.package_identification:_identify(src) by extension 'ignore'
[3.403s] Level 1:colcon.colcon_core.package_identification:_identify(src) by extension 'ignore_ament_install'
[3.403s] Level 1:colcon.colcon_core.package_identification:_identify(src) by extensions ['colcon_pkg']
[3.403s] Level 1:colcon.colcon_core.package_identification:_identify(src) by extension 'colcon_pkg'
[3.403s] Level 1:colcon.colcon_core.package_identification:_identify(src) by extensions ['colcon_meta']
[3.403s] Level 1:colcon.colcon_core.package_identification:_identify(src) by extension 'colcon_meta'
[3.403s] Level 1:colcon.colcon_core.package_identification:_identify(src) by extensions ['ros']
[3.403s] Level 1:colcon.colcon_core.package_identification:_identify(src) by extension 'ros'
[3.403s] Level 1:colcon.colcon_core.package_identification:_identify(src) by extensions ['cmake', 'python']
[3.403s] Level 1:colcon.colcon_core.package_identification:_identify(src) by extension 'cmake'
[3.403s] Level 1:colcon.colcon_core.package_identification:_identify(src) by extension 'python'
[3.403s] Level 1:colcon.colcon_core.package_identification:_identify(src) by extensions ['python_setup_py']
[3.403s] Level 1:colcon.colcon_core.package_identification:_identify(src) by extension 'python_setup_py'
[3.403s] Level 1:colcon.colcon_core.package_identification:_identify(src/micro_ros_setup) by extensions ['ignore', 'ignore_ament_install']
[3.403s] Level 1:colcon.colcon_core.package_identification:_identify(src/micro_ros_setup) by extension 'ignore'
[3.403s] Level 1:colcon.colcon_core.package_identification:_identify(src/micro_ros_setup) by extension 'ignore_ament_install'
[3.404s] Level 1:colcon.colcon_core.package_identification:_identify(src/micro_ros_setup) by extensions ['colcon_pkg']
[3.404s] Level 1:colcon.colcon_core.package_identification:_identify(src/micro_ros_setup) by extension 'colcon_pkg'
[3.404s] Level 1:colcon.colcon_core.package_identification:_identify(src/micro_ros_setup) by extensions ['colcon_meta']
[3.404s] Level 1:colcon.colcon_core.package_identification:_identify(src/micro_ros_setup) by extension 'colcon_meta'
[3.404s] Level 1:colcon.colcon_core.package_identification:_identify(src/micro_ros_setup) by extensions ['ros']
[3.404s] Level 1:colcon.colcon_core.package_identification:_identify(src/micro_ros_setup) by extension 'ros'
[3.406s] DEBUG:colcon.colcon_core.package_identification:Package 'src/micro_ros_setup' with type 'ros.ament_cmake' and name 'micro_ros_setup'
[3.406s] Level 1:colcon.colcon_core.package_discovery:discover_packages(recursive) using defaults
[3.406s] Level 1:colcon.colcon_core.package_discovery:discover_packages(ignore) discover
[3.407s] Level 1:colcon.colcon_core.package_discovery:discover_packages(ignore) using defaults
[3.407s] Level 1:colcon.colcon_core.package_discovery:discover_packages(path) discover
[3.407s] Level 1:colcon.colcon_core.package_discovery:discover_packages(path) using defaults
[3.609s] Level 5:colcon.colcon_core.verb:set package 'micro_ros_setup' build argument 'cmake_args' from command line to 'None'
[3.609s] Level 5:colcon.colcon_core.verb:set package 'micro_ros_setup' build argument 'cmake_target' from command line to 'None'
[3.609s] Level 5:colcon.colcon_core.verb:set package 'micro_ros_setup' build argument 'cmake_target_skip_unavailable' from command line to 'False'
[3.610s] Level 5:colcon.colcon_core.verb:set package 'micro_ros_setup' build argument 'cmake_clean_cache' from command line to 'False'
[3.610s] Level 5:colcon.colcon_core.verb:set package 'micro_ros_setup' build argument 'cmake_clean_first' from command line to 'False'
[3.610s] Level 5:colcon.colcon_core.verb:set package 'micro_ros_setup' build argument 'cmake_force_configure' from command line to 'False'
[3.610s] Level 5:colcon.colcon_core.verb:set package 'micro_ros_setup' build argument 'ament_cmake_args' from command line to 'None'
[3.610s] Level 5:colcon.colcon_core.verb:set package 'micro_ros_setup' build argument 'catkin_cmake_args' from command line to 'None'
[3.610s] Level 5:colcon.colcon_core.verb:set package 'micro_ros_setup' build argument 'catkin_skip_building_tests' from command line to 'False'
[3.610s] DEBUG:colcon.colcon_core.verb:Building package 'micro_ros_setup' with the following arguments: {'ament_cmake_args': None, 'build_base': '/home/nuc01/zephyr_microros_pingpong/build/micro_ros_setup', 'catkin_cmake_args': None, 'catkin_skip_building_tests': False, 'cmake_args': None, 'cmake_clean_cache': False, 'cmake_clean_first': False, 'cmake_force_configure': False, 'cmake_target': None, 'cmake_target_skip_unavailable': False, 'install_base': '/home/nuc01/zephyr_microros_pingpong/install/micro_ros_setup', 'merge_install': False, 'path': '/home/nuc01/zephyr_microros_pingpong/src/micro_ros_setup', 'symlink_install': False, 'test_result_base': None}
[3.610s] INFO:colcon.colcon_core.executor:Executing jobs using 'parallel' executor
[3.613s] DEBUG:colcon.colcon_parallel_executor.executor.parallel:run_until_complete
[3.613s] INFO:colcon.colcon_ros.task.ament_cmake.build:Building ROS package in '/home/nuc01/zephyr_microros_pingpong/src/micro_ros_setup' with build type 'ament_cmake'
[3.613s] INFO:colcon.colcon_cmake.task.cmake.build:Building CMake package in '/home/nuc01/zephyr_microros_pingpong/src/micro_ros_setup'
[3.674s] INFO:colcon.colcon_core.plugin_system:Skipping extension 'colcon_core.shell.bat': Not used on non-Windows systems
[3.675s] INFO:colcon.colcon_core.shell:Skip shell extension 'powershell' for command environment: Not usable outside of PowerShell
[3.675s] DEBUG:colcon.colcon_core.shell:Skip shell extension 'dsv' for command environment
[3.703s] DEBUG:colcon.colcon_core.shell:Ignoring prefix path '/opt/ros/foxy'
[3.779s] DEBUG:colcon.colcon_core.event_handler.log_command:Invoking command in '/home/nuc01/zephyr_microros_pingpong/build/micro_ros_setup': CMAKE_PREFIX_PATH=/opt/ros/foxy /usr/bin/cmake --build /home/nuc01/zephyr_microros_pingpong/build/micro_ros_setup -- -j4 -l4
[4.241s] DEBUG:colcon.colcon_core.event_handler.log_command:Invoked command in '/home/nuc01/zephyr_microros_pingpong/build/micro_ros_setup' returned '0': CMAKE_PREFIX_PATH=/opt/ros/foxy /usr/bin/cmake --build /home/nuc01/zephyr_microros_pingpong/build/micro_ros_setup -- -j4 -l4
[4.268s] DEBUG:colcon.colcon_core.event_handler.log_command:Invoking command in '/home/nuc01/zephyr_microros_pingpong/build/micro_ros_setup': CMAKE_PREFIX_PATH=/opt/ros/foxy /usr/bin/cmake --install /home/nuc01/zephyr_microros_pingpong/build/micro_ros_setup
[4.311s] Level 1:colcon.colcon_core.environment:create_environment_scripts_only(micro_ros_setup)
[4.315s] DEBUG:colcon.colcon_core.event_handler.log_command:Invoked command in '/home/nuc01/zephyr_microros_pingpong/build/micro_ros_setup' returned '0': CMAKE_PREFIX_PATH=/opt/ros/foxy /usr/bin/cmake --install /home/nuc01/zephyr_microros_pingpong/build/micro_ros_setup
[4.418s] Level 1:colcon.colcon_core.environment:checking '/home/nuc01/zephyr_microros_pingpong/install/micro_ros_setup' for CMake module files
[4.420s] Level 1:colcon.colcon_core.environment:checking '/home/nuc01/zephyr_microros_pingpong/install/micro_ros_setup' for CMake config files
[4.425s] Level 1:colcon.colcon_core.shell:create_environment_hook('micro_ros_setup', 'cmake_prefix_path')
[4.429s] INFO:colcon.colcon_core.shell:Creating environment hook '/home/nuc01/zephyr_microros_pingpong/install/micro_ros_setup/share/micro_ros_setup/hook/cmake_prefix_path.ps1'
[4.469s] INFO:colcon.colcon_core.shell:Creating environment descriptor '/home/nuc01/zephyr_microros_pingpong/install/micro_ros_setup/share/micro_ros_setup/hook/cmake_prefix_path.dsv'
[4.478s] INFO:colcon.colcon_core.shell:Creating environment hook '/home/nuc01/zephyr_microros_pingpong/install/micro_ros_setup/share/micro_ros_setup/hook/cmake_prefix_path.sh'
[4.485s] Level 1:colcon.colcon_core.environment:checking '/home/nuc01/zephyr_microros_pingpong/install/micro_ros_setup/lib'
[4.486s] Level 1:colcon.colcon_core.environment:checking '/home/nuc01/zephyr_microros_pingpong/install/micro_ros_setup/bin'
[4.486s] Level 1:colcon.colcon_core.environment:checking '/home/nuc01/zephyr_microros_pingpong/install/micro_ros_setup/lib/pkgconfig/micro_ros_setup.pc'
[4.487s] Level 1:colcon.colcon_core.environment:checking '/home/nuc01/zephyr_microros_pingpong/install/micro_ros_setup/lib/python3.8/site-packages'
[4.490s] INFO:colcon.colcon_core.shell:Creating package script '/home/nuc01/zephyr_microros_pingpong/install/micro_ros_setup/share/micro_ros_setup/package.ps1'
[4.495s] INFO:colcon.colcon_core.shell:Creating package descriptor '/home/nuc01/zephyr_microros_pingpong/install/micro_ros_setup/share/micro_ros_setup/package.dsv'
[4.498s] INFO:colcon.colcon_core.shell:Creating package script '/home/nuc01/zephyr_microros_pingpong/install/micro_ros_setup/share/micro_ros_setup/package.sh'
[4.501s] INFO:colcon.colcon_core.shell:Creating package script '/home/nuc01/zephyr_microros_pingpong/install/micro_ros_setup/share/micro_ros_setup/package.bash'
[4.525s] INFO:colcon.colcon_core.shell:Creating package script '/home/nuc01/zephyr_microros_pingpong/install/micro_ros_setup/share/micro_ros_setup/package.zsh'
[4.553s] Level 1:colcon.colcon_core.environment:create_file_with_runtime_dependencies(/home/nuc01/zephyr_microros_pingpong/install/micro_ros_setup/share/colcon-core/packages/micro_ros_setup)
[4.610s] Level 1:colcon.colcon_core.environment:create_environment_scripts_only(micro_ros_setup)
[4.612s] Level 1:colcon.colcon_core.environment:checking '/home/nuc01/zephyr_microros_pingpong/install/micro_ros_setup' for CMake module files
[4.613s] Level 1:colcon.colcon_core.environment:checking '/home/nuc01/zephyr_microros_pingpong/install/micro_ros_setup' for CMake config files
[4.614s] Level 1:colcon.colcon_core.shell:create_environment_hook('micro_ros_setup', 'cmake_prefix_path')
[4.615s] INFO:colcon.colcon_core.shell:Creating environment hook '/home/nuc01/zephyr_microros_pingpong/install/micro_ros_setup/share/micro_ros_setup/hook/cmake_prefix_path.ps1'
[4.616s] INFO:colcon.colcon_core.shell:Creating environment descriptor '/home/nuc01/zephyr_microros_pingpong/install/micro_ros_setup/share/micro_ros_setup/hook/cmake_prefix_path.dsv'
[4.616s] INFO:colcon.colcon_core.shell:Creating environment hook '/home/nuc01/zephyr_microros_pingpong/install/micro_ros_setup/share/micro_ros_setup/hook/cmake_prefix_path.sh'
[4.617s] Level 1:colcon.colcon_core.environment:checking '/home/nuc01/zephyr_microros_pingpong/install/micro_ros_setup/lib'
[4.617s] Level 1:colcon.colcon_core.environment:checking '/home/nuc01/zephyr_microros_pingpong/install/micro_ros_setup/bin'
[4.617s] Level 1:colcon.colcon_core.environment:checking '/home/nuc01/zephyr_microros_pingpong/install/micro_ros_setup/lib/pkgconfig/micro_ros_setup.pc'
[4.617s] Level 1:colcon.colcon_core.environment:checking '/home/nuc01/zephyr_microros_pingpong/install/micro_ros_setup/lib/python3.8/site-packages'
[4.618s] INFO:colcon.colcon_core.shell:Creating package script '/home/nuc01/zephyr_microros_pingpong/install/micro_ros_setup/share/micro_ros_setup/package.ps1'
[4.619s] INFO:colcon.colcon_core.shell:Creating package descriptor '/home/nuc01/zephyr_microros_pingpong/install/micro_ros_setup/share/micro_ros_setup/package.dsv'
[4.620s] INFO:colcon.colcon_core.shell:Creating package script '/home/nuc01/zephyr_microros_pingpong/install/micro_ros_setup/share/micro_ros_setup/package.sh'
[4.621s] INFO:colcon.colcon_core.shell:Creating package script '/home/nuc01/zephyr_microros_pingpong/install/micro_ros_setup/share/micro_ros_setup/package.bash'
[4.621s] INFO:colcon.colcon_core.shell:Creating package script '/home/nuc01/zephyr_microros_pingpong/install/micro_ros_setup/share/micro_ros_setup/package.zsh'
[4.622s] Level 1:colcon.colcon_core.environment:create_file_with_runtime_dependencies(/home/nuc01/zephyr_microros_pingpong/install/micro_ros_setup/share/colcon-core/packages/micro_ros_setup)
[4.622s] DEBUG:colcon.colcon_parallel_executor.executor.parallel:closing loop
[4.623s] DEBUG:colcon.colcon_parallel_executor.executor.parallel:loop closed
[4.623s] DEBUG:colcon.colcon_parallel_executor.executor.parallel:run_until_complete finished with '0'
[4.624s] DEBUG:colcon.colcon_core.event_reactor:joining thread
[4.665s] INFO:colcon.colcon_core.plugin_system:Skipping extension 'colcon_notification.desktop_notification.terminal_notifier': Not used on non-Darwin systems
[4.665s] INFO:colcon.colcon_core.plugin_system:Skipping extension 'colcon_notification.desktop_notification.win32': Not used on non-Windows systems
[4.665s] INFO:colcon.colcon_notification.desktop_notification:Sending desktop notification using 'notify2'
[4.688s] DEBUG:colcon.colcon_core.event_reactor:joined thread
[4.689s] INFO:colcon.colcon_core.shell:Creating prefix script '/home/nuc01/zephyr_microros_pingpong/install/local_setup.ps1'
[4.691s] INFO:colcon.colcon_core.shell:Creating prefix util module '/home/nuc01/zephyr_microros_pingpong/install/_local_setup_util_ps1.py'
[4.693s] INFO:colcon.colcon_core.shell:Creating prefix chain script '/home/nuc01/zephyr_microros_pingpong/install/setup.ps1'
[4.697s] INFO:colcon.colcon_core.shell:Creating prefix script '/home/nuc01/zephyr_microros_pingpong/install/local_setup.sh'
[4.698s] INFO:colcon.colcon_core.shell:Creating prefix util module '/home/nuc01/zephyr_microros_pingpong/install/_local_setup_util_sh.py'
[4.698s] INFO:colcon.colcon_core.shell:Creating prefix chain script '/home/nuc01/zephyr_microros_pingpong/install/setup.sh'
[4.701s] INFO:colcon.colcon_core.shell:Creating prefix script '/home/nuc01/zephyr_microros_pingpong/install/local_setup.bash'
[4.702s] INFO:colcon.colcon_core.shell:Creating prefix chain script '/home/nuc01/zephyr_microros_pingpong/install/setup.bash'
[4.705s] INFO:colcon.colcon_core.shell:Creating prefix script '/home/nuc01/zephyr_microros_pingpong/install/local_setup.zsh'
[4.706s] INFO:colcon.colcon_core.shell:Creating prefix chain script '/home/nuc01/zephyr_microros_pingpong/install/setup.zsh'
