-- The C compiler identification is GNU 9.2.0
-- The CXX compiler identification is GNU 9.2.0
-- Detecting C compiler ABI info
-- Detecting C compiler ABI info - done
-- Check for working C compiler: /home/nuc01/zephyr_microros_pingpong/firmware/zephyr-sdk/arm-zephyr-eabi/bin/arm-zephyr-eabi-gcc - skipped
-- Detecting C compile features
-- Detecting C compile features - done
-- Detecting CXX compiler ABI info
-- Detecting CXX compiler ABI info - done
-- Check for working CXX compiler: /home/nuc01/zephyr_microros_pingpong/firmware/zephyr-sdk/arm-zephyr-eabi/bin/arm-zephyr-eabi-g++ - skipped
-- Detecting CXX compile features
-- Detecting CXX compile features - done
-- Found ament_cmake_ros: 0.9.1 (/home/nuc01/zephyr_microros_pingpong/firmware/dev_ws/install/ament_cmake_ros/share/ament_cmake_ros/cmake)
-- Found PythonInterp: /usr/bin/python3 (found suitable version "3.8.5", minimum required is "3") 
-- Using PYTHON_EXECUTABLE: /usr/bin/python3
-- Found rcutils: 1.1.2 (/home/nuc01/zephyr_microros_pingpong/firmware/mcu_ws/install/share/rcutils/cmake)
CMake Warning at /home/nuc01/zephyr_microros_pingpong/firmware/mcu_ws/install/share/rcutils/cmake/ament_cmake_export_libraries-extras.cmake:116 (message):
  Package 'rcutils' exports library 'dl' which couldn't be found
Call Stack (most recent call first):
  /home/nuc01/zephyr_microros_pingpong/firmware/mcu_ws/install/share/rcutils/cmake/rcutilsConfig.cmake:41 (include)
  CMakeLists.txt:15 (find_package)


-- Configuring done
-- Generating done
CMake Warning:
  Manually-specified variables were not used by the project:

    THIRDPARTY


-- Build files have been written to: /home/nuc01/zephyr_microros_pingpong/firmware/mcu_ws/build/rcl_logging_noop
Dependee "/home/nuc01/zephyr_microros_pingpong/firmware/mcu_ws/build/rcl_logging_noop/CMakeFiles/rcl_logging_noop.dir/DependInfo.cmake" is newer than depender "/home/nuc01/zephyr_microros_pingpong/firmware/mcu_ws/build/rcl_logging_noop/CMakeFiles/rcl_logging_noop.dir/depend.internal".
Dependee "/home/nuc01/zephyr_microros_pingpong/firmware/mcu_ws/build/rcl_logging_noop/CMakeFiles/CMakeDirectoryInformation.cmake" is newer than depender "/home/nuc01/zephyr_microros_pingpong/firmware/mcu_ws/build/rcl_logging_noop/CMakeFiles/rcl_logging_noop.dir/depend.internal".
[35m[1mScanning dependencies of target rcl_logging_noop[0m
[ 50%] [32mBuilding CXX object CMakeFiles/rcl_logging_noop.dir/src/rcl_logging_noop/rcl_logging_noop.cpp.obj[0m
[100%] [32m[1mLinking CXX static library librcl_logging_noop.a[0m
/home/nuc01/zephyr_microros_pingpong/firmware/zephyr-sdk/arm-zephyr-eabi/bin/arm-zephyr-eabi-ar qc librcl_logging_noop.a CMakeFiles/rcl_logging_noop.dir/src/rcl_logging_noop/rcl_logging_noop.cpp.obj
/home/nuc01/zephyr_microros_pingpong/firmware/zephyr-sdk/arm-zephyr-eabi/bin/arm-zephyr-eabi-ranlib librcl_logging_noop.a
[100%] Built target rcl_logging_noop
-- Install configuration: "Debug"
-- Installing: /home/nuc01/zephyr_microros_pingpong/firmware/mcu_ws/install/lib/librcl_logging_noop.a
-- Installing: /home/nuc01/zephyr_microros_pingpong/firmware/mcu_ws/install/share/rcl_logging_noop/environment/library_path.sh
-- Installing: /home/nuc01/zephyr_microros_pingpong/firmware/mcu_ws/install/share/rcl_logging_noop/environment/library_path.dsv
-- Installing: /home/nuc01/zephyr_microros_pingpong/firmware/mcu_ws/install/share/ament_index/resource_index/package_run_dependencies/rcl_logging_noop
-- Installing: /home/nuc01/zephyr_microros_pingpong/firmware/mcu_ws/install/share/ament_index/resource_index/parent_prefix_path/rcl_logging_noop
-- Installing: /home/nuc01/zephyr_microros_pingpong/firmware/mcu_ws/install/share/rcl_logging_noop/environment/ament_prefix_path.sh
-- Installing: /home/nuc01/zephyr_microros_pingpong/firmware/mcu_ws/install/share/rcl_logging_noop/environment/ament_prefix_path.dsv
-- Installing: /home/nuc01/zephyr_microros_pingpong/firmware/mcu_ws/install/share/rcl_logging_noop/environment/path.sh
-- Installing: /home/nuc01/zephyr_microros_pingpong/firmware/mcu_ws/install/share/rcl_logging_noop/environment/path.dsv
-- Installing: /home/nuc01/zephyr_microros_pingpong/firmware/mcu_ws/install/share/rcl_logging_noop/local_setup.bash
-- Installing: /home/nuc01/zephyr_microros_pingpong/firmware/mcu_ws/install/share/rcl_logging_noop/local_setup.sh
-- Installing: /home/nuc01/zephyr_microros_pingpong/firmware/mcu_ws/install/share/rcl_logging_noop/local_setup.zsh
-- Installing: /home/nuc01/zephyr_microros_pingpong/firmware/mcu_ws/install/share/rcl_logging_noop/local_setup.dsv
-- Installing: /home/nuc01/zephyr_microros_pingpong/firmware/mcu_ws/install/share/rcl_logging_noop/package.dsv
-- Installing: /home/nuc01/zephyr_microros_pingpong/firmware/mcu_ws/install/share/ament_index/resource_index/packages/rcl_logging_noop
-- Installing: /home/nuc01/zephyr_microros_pingpong/firmware/mcu_ws/install/share/rcl_logging_noop/cmake/ament_cmake_export_dependencies-extras.cmake
-- Installing: /home/nuc01/zephyr_microros_pingpong/firmware/mcu_ws/install/share/rcl_logging_noop/cmake/ament_cmake_export_libraries-extras.cmake
-- Installing: /home/nuc01/zephyr_microros_pingpong/firmware/mcu_ws/install/share/rcl_logging_noop/cmake/rcl_logging_noopConfig.cmake
-- Installing: /home/nuc01/zephyr_microros_pingpong/firmware/mcu_ws/install/share/rcl_logging_noop/cmake/rcl_logging_noopConfig-version.cmake
-- Installing: /home/nuc01/zephyr_microros_pingpong/firmware/mcu_ws/install/share/rcl_logging_noop/package.xml
