CMake Warning at /home/marlar/movelt_success/firmware/mcu_ws/install/share/rcutils/cmake/ament_cmake_export_libraries-extras.cmake:116 (message):
  Package 'rcutils' exports library 'dl' which couldn't be found
Call Stack (most recent call first):
  /home/marlar/movelt_success/firmware/mcu_ws/install/share/rcutils/cmake/rcutilsConfig.cmake:41 (include)
  /home/marlar/movelt_success/firmware/mcu_ws/install/share/rmw/cmake/ament_cmake_export_dependencies-extras.cmake:21 (find_package)
  /home/marlar/movelt_success/firmware/mcu_ws/install/share/rmw/cmake/rmwConfig.cmake:41 (include)
  /home/marlar/movelt_success/firmware/mcu_ws/install/share/rosidl_typesupport_microxrcedds_c/cmake/ament_cmake_export_dependencies-extras.cmake:21 (find_package)
  /home/marlar/movelt_success/firmware/mcu_ws/install/share/rosidl_typesupport_microxrcedds_c/cmake/rosidl_typesupport_microxrcedds_cConfig.cmake:41 (include)
  /home/marlar/movelt_success/firmware/mcu_ws/install/share/rosidl_typesupport_c/cmake/rosidl_typesupport_c-extras.cmake:13 (find_package)
  /home/marlar/movelt_success/firmware/mcu_ws/install/share/rosidl_typesupport_c/cmake/rosidl_typesupport_cConfig.cmake:41 (include)
  /home/marlar/movelt_success/firmware/mcu_ws/install/share/rosidl_default_generators/cmake/rosidl_default_generators-extras.cmake:21 (find_package)
  /home/marlar/movelt_success/firmware/mcu_ws/install/share/rosidl_default_generators/cmake/rosidl_default_generatorsConfig.cmake:41 (include)
  CMakeLists.txt:20 (find_package)


CMake Warning:
  Manually-specified variables were not used by the project:

    THIRDPARTY


In file included from [01m[K/home/marlar/movelt_success/firmware/mcu_ws/build/micro_ros_msgs/rosidl_typesupport_microxrcedds_c/micro_ros_msgs/msg/detail/graph__rosidl_typesupport_microxrcedds_c.h:10[m[K,
                 from [01m[K/home/marlar/movelt_success/firmware/mcu_ws/build/micro_ros_msgs/rosidl_typesupport_microxrcedds_c/micro_ros_msgs/msg/detail/microxrcedds/graph__type_support_c.c:4[m[K:
[01m[K/home/marlar/movelt_success/firmware/zephyrproject/zephyr/lib/libc/newlib/include/stdint.h:28:2:[m[K [01;35m[Kwarning: [m[K#include_next is a GCC extension
   28 | #[01;35m[Kinclude_next[m[K <stdint.h>
      |  [01;35m[K^~~~~~~~~~~~[m[K
In file included from [01m[K/home/marlar/movelt_success/firmware/mcu_ws/build/micro_ros_msgs/rosidl_typesupport_microxrcedds_c/micro_ros_msgs/msg/detail/node__rosidl_typesupport_microxrcedds_c.h:10[m[K,
                 from [01m[K/home/marlar/movelt_success/firmware/mcu_ws/build/micro_ros_msgs/rosidl_typesupport_microxrcedds_c/micro_ros_msgs/msg/detail/microxrcedds/node__type_support_c.c:4[m[K:
[01m[K/home/marlar/movelt_success/firmware/zephyrproject/zephyr/lib/libc/newlib/include/stdint.h:28:2:[m[K [01;35m[Kwarning: [m[K#include_next is a GCC extension
   28 | #[01;35m[Kinclude_next[m[K <stdint.h>
      |  [01;35m[K^~~~~~~~~~~~[m[K
In file included from [01m[K/home/marlar/movelt_success/firmware/mcu_ws/build/micro_ros_msgs/rosidl_typesupport_microxrcedds_c/micro_ros_msgs/msg/detail/entity__rosidl_typesupport_microxrcedds_c.h:10[m[K,
                 from [01m[K/home/marlar/movelt_success/firmware/mcu_ws/build/micro_ros_msgs/rosidl_typesupport_microxrcedds_c/micro_ros_msgs/msg/detail/microxrcedds/entity__type_support_c.c:4[m[K:
[01m[K/home/marlar/movelt_success/firmware/zephyrproject/zephyr/lib/libc/newlib/include/stdint.h:28:2:[m[K [01;35m[Kwarning: [m[K#include_next is a GCC extension
   28 | #[01;35m[Kinclude_next[m[K <stdint.h>
      |  [01;35m[K^~~~~~~~~~~~[m[K
