CMake Warning at /home/nuc01/zephyr_microros_pingpong/firmware/mcu_ws/install/share/rcutils/cmake/ament_cmake_export_libraries-extras.cmake:116 (message):
  Package 'rcutils' exports library 'dl' which couldn't be found
Call Stack (most recent call first):
  /home/nuc01/zephyr_microros_pingpong/firmware/mcu_ws/install/share/rcutils/cmake/rcutilsConfig.cmake:41 (include)
  /home/nuc01/zephyr_microros_pingpong/firmware/mcu_ws/install/share/rosidl_runtime_c/cmake/ament_cmake_export_dependencies-extras.cmake:21 (find_package)
  /home/nuc01/zephyr_microros_pingpong/firmware/mcu_ws/install/share/rosidl_runtime_c/cmake/rosidl_runtime_cConfig.cmake:41 (include)
  /home/nuc01/zephyr_microros_pingpong/firmware/mcu_ws/install/share/builtin_interfaces/cmake/ament_cmake_export_dependencies-extras.cmake:21 (find_package)
  /home/nuc01/zephyr_microros_pingpong/firmware/mcu_ws/install/share/builtin_interfaces/cmake/builtin_interfacesConfig.cmake:41 (include)
  CMakeLists.txt:15 (find_package)


CMake Warning:
  Manually-specified variables were not used by the project:

    THIRDPARTY


In file included from [01m[K/home/nuc01/zephyr_microros_pingpong/firmware/mcu_ws/build/statistics_msgs/rosidl_typesupport_microxrcedds_c/statistics_msgs/msg/detail/statistic_data_type__rosidl_typesupport_microxrcedds_c.h:10[m[K,
                 from [01m[K/home/nuc01/zephyr_microros_pingpong/firmware/mcu_ws/build/statistics_msgs/rosidl_typesupport_microxrcedds_c/statistics_msgs/msg/detail/microxrcedds/statistic_data_type__type_support_c.c:4[m[K:
[01m[K/home/nuc01/zephyr_microros_pingpong/firmware/zephyrproject/zephyr/lib/libc/newlib/include/stdint.h:28:2:[m[K [01;35m[Kwarning: [m[K#include_next is a GCC extension
   28 | #[01;35m[Kinclude_next[m[K <stdint.h>
      |  [01;35m[K^~~~~~~~~~~~[m[K
In file included from [01m[K/home/nuc01/zephyr_microros_pingpong/firmware/mcu_ws/build/statistics_msgs/rosidl_typesupport_microxrcedds_c/statistics_msgs/msg/detail/metrics_message__rosidl_typesupport_microxrcedds_c.h:10[m[K,
                 from [01m[K/home/nuc01/zephyr_microros_pingpong/firmware/mcu_ws/build/statistics_msgs/rosidl_typesupport_microxrcedds_c/statistics_msgs/msg/detail/microxrcedds/metrics_message__type_support_c.c:4[m[K:
[01m[K/home/nuc01/zephyr_microros_pingpong/firmware/zephyrproject/zephyr/lib/libc/newlib/include/stdint.h:28:2:[m[K [01;35m[Kwarning: [m[K#include_next is a GCC extension
   28 | #[01;35m[Kinclude_next[m[K <stdint.h>
      |  [01;35m[K^~~~~~~~~~~~[m[K
In file included from [01m[K/home/nuc01/zephyr_microros_pingpong/firmware/mcu_ws/build/statistics_msgs/rosidl_typesupport_microxrcedds_c/statistics_msgs/msg/detail/statistic_data_point__rosidl_typesupport_microxrcedds_c.h:10[m[K,
                 from [01m[K/home/nuc01/zephyr_microros_pingpong/firmware/mcu_ws/build/statistics_msgs/rosidl_typesupport_microxrcedds_c/statistics_msgs/msg/detail/microxrcedds/statistic_data_point__type_support_c.c:4[m[K:
[01m[K/home/nuc01/zephyr_microros_pingpong/firmware/zephyrproject/zephyr/lib/libc/newlib/include/stdint.h:28:2:[m[K [01;35m[Kwarning: [m[K#include_next is a GCC extension
   28 | #[01;35m[Kinclude_next[m[K <stdint.h>
      |  [01;35m[K^~~~~~~~~~~~[m[K
