-- The C compiler identification is GNU 9.2.0
-- The CXX compiler identification is GNU 9.2.0
-- Detecting C compiler ABI info
-- Detecting C compiler ABI info - done
-- Check for working C compiler: /home/marlar/movelt_success/firmware/zephyr-sdk/arm-zephyr-eabi/bin/arm-zephyr-eabi-gcc - skipped
-- Detecting C compile features
-- Detecting C compile features - done
-- Detecting CXX compiler ABI info
-- Detecting CXX compiler ABI info - done
-- Check for working CXX compiler: /home/marlar/movelt_success/firmware/zephyr-sdk/arm-zephyr-eabi/bin/arm-zephyr-eabi-g++ - skipped
-- Detecting CXX compile features
-- Detecting CXX compile features - done
-- Found ament_cmake: 0.9.8 (/home/marlar/movelt_success/firmware/dev_ws/install/ament_cmake/share/ament_cmake/cmake)
-- Found PythonInterp: /usr/bin/python3 (found suitable version "3.8.5", minimum required is "3") 
-- Using PYTHON_EXECUTABLE: /usr/bin/python3
-- Found rosidl_default_generators: 1.0.0 (/home/marlar/movelt_success/firmware/mcu_ws/install/share/rosidl_default_generators/cmake)
-- Using single rosidl_typesupport_c: rosidl_typesupport_microxrcedds_c
-- Found rosidl_adapter: 1.2.0 (/home/marlar/movelt_success/firmware/mcu_ws/install/share/rosidl_adapter/cmake)
-- Found PythonInterp: /usr/bin/python3 (found version "3.8.5") 
-- Found ament_cmake_ros: 0.9.1 (/home/marlar/movelt_success/firmware/dev_ws/install/ament_cmake_ros/share/ament_cmake_ros/cmake)
-- Using single rosidl_typesupport_c: rosidl_typesupport_microxrcedds_c
-- Configuring done
-- Generating done
-- Build files have been written to: /home/marlar/movelt_success/firmware/mcu_ws/build/lifecycle_msgs
[  3%] [34m[1mGenerating C code for ROS interfaces[0m
[ 10%] [32mBuilding C object CMakeFiles/lifecycle_msgs__rosidl_generator_c.dir/rosidl_generator_c/lifecycle_msgs/msg/detail/state__functions.c.obj[0m
[ 10%] [32mBuilding C object CMakeFiles/lifecycle_msgs__rosidl_generator_c.dir/rosidl_generator_c/lifecycle_msgs/msg/detail/transition__functions.c.obj[0m
[ 16%] [32mBuilding C object CMakeFiles/lifecycle_msgs__rosidl_generator_c.dir/rosidl_generator_c/lifecycle_msgs/msg/detail/transition_event__functions.c.obj[0m
[ 16%] [32mBuilding C object CMakeFiles/lifecycle_msgs__rosidl_generator_c.dir/rosidl_generator_c/lifecycle_msgs/msg/detail/transition_description__functions.c.obj[0m
[ 20%] [32mBuilding C object CMakeFiles/lifecycle_msgs__rosidl_generator_c.dir/rosidl_generator_c/lifecycle_msgs/srv/detail/change_state__functions.c.obj[0m
[ 23%] [32mBuilding C object CMakeFiles/lifecycle_msgs__rosidl_generator_c.dir/rosidl_generator_c/lifecycle_msgs/srv/detail/get_available_states__functions.c.obj[0m
[ 26%] [32mBuilding C object CMakeFiles/lifecycle_msgs__rosidl_generator_c.dir/rosidl_generator_c/lifecycle_msgs/srv/detail/get_available_transitions__functions.c.obj[0m
[ 30%] [32mBuilding C object CMakeFiles/lifecycle_msgs__rosidl_generator_c.dir/rosidl_generator_c/lifecycle_msgs/srv/detail/get_state__functions.c.obj[0m
[ 33%] [32m[1mLinking C static library liblifecycle_msgs__rosidl_generator_c.a[0m
/home/marlar/movelt_success/firmware/zephyr-sdk/arm-zephyr-eabi/bin/arm-zephyr-eabi-ar qc liblifecycle_msgs__rosidl_generator_c.a CMakeFiles/lifecycle_msgs__rosidl_generator_c.dir/rosidl_generator_c/lifecycle_msgs/msg/detail/state__functions.c.obj CMakeFiles/lifecycle_msgs__rosidl_generator_c.dir/rosidl_generator_c/lifecycle_msgs/msg/detail/transition__functions.c.obj CMakeFiles/lifecycle_msgs__rosidl_generator_c.dir/rosidl_generator_c/lifecycle_msgs/msg/detail/transition_description__functions.c.obj CMakeFiles/lifecycle_msgs__rosidl_generator_c.dir/rosidl_generator_c/lifecycle_msgs/msg/detail/transition_event__functions.c.obj CMakeFiles/lifecycle_msgs__rosidl_generator_c.dir/rosidl_generator_c/lifecycle_msgs/srv/detail/change_state__functions.c.obj CMakeFiles/lifecycle_msgs__rosidl_generator_c.dir/rosidl_generator_c/lifecycle_msgs/srv/detail/get_available_states__functions.c.obj CMakeFiles/lifecycle_msgs__rosidl_generator_c.dir/rosidl_generator_c/lifecycle_msgs/srv/detail/get_available_transitions__functions.c.obj CMakeFiles/lifecycle_msgs__rosidl_generator_c.dir/rosidl_generator_c/lifecycle_msgs/srv/detail/get_state__functions.c.obj
/home/marlar/movelt_success/firmware/zephyr-sdk/arm-zephyr-eabi/bin/arm-zephyr-eabi-ranlib liblifecycle_msgs__rosidl_generator_c.a
[ 33%] Built target lifecycle_msgs__rosidl_generator_c
[ 36%] [34m[1mGenerating C type support for eProsima Micro XRCE-DDS[0m
[ 40%] [32mBuilding C object CMakeFiles/lifecycle_msgs__rosidl_typesupport_microxrcedds_c.dir/rosidl_typesupport_microxrcedds_c/lifecycle_msgs/msg/detail/microxrcedds/transition__type_support_c.c.obj[0m
[ 43%] [32mBuilding C object CMakeFiles/lifecycle_msgs__rosidl_typesupport_microxrcedds_c.dir/rosidl_typesupport_microxrcedds_c/lifecycle_msgs/msg/detail/microxrcedds/state__type_support_c.c.obj[0m
[ 46%] [32mBuilding C object CMakeFiles/lifecycle_msgs__rosidl_typesupport_microxrcedds_c.dir/rosidl_typesupport_microxrcedds_c/lifecycle_msgs/msg/detail/microxrcedds/transition_description__type_support_c.c.obj[0m
[ 50%] [32mBuilding C object CMakeFiles/lifecycle_msgs__rosidl_typesupport_microxrcedds_c.dir/rosidl_typesupport_microxrcedds_c/lifecycle_msgs/msg/detail/microxrcedds/transition_event__type_support_c.c.obj[0m
[ 53%] [32mBuilding C object CMakeFiles/lifecycle_msgs__rosidl_typesupport_microxrcedds_c.dir/rosidl_typesupport_microxrcedds_c/lifecycle_msgs/srv/detail/microxrcedds/change_state__type_support_c.c.obj[0m
[ 56%] [32mBuilding C object CMakeFiles/lifecycle_msgs__rosidl_typesupport_microxrcedds_c.dir/rosidl_typesupport_microxrcedds_c/lifecycle_msgs/srv/detail/microxrcedds/get_available_states__type_support_c.c.obj[0m
[ 60%] [32mBuilding C object CMakeFiles/lifecycle_msgs__rosidl_typesupport_microxrcedds_c.dir/rosidl_typesupport_microxrcedds_c/lifecycle_msgs/srv/detail/microxrcedds/get_available_transitions__type_support_c.c.obj[0m
[ 63%] [32mBuilding C object CMakeFiles/lifecycle_msgs__rosidl_typesupport_microxrcedds_c.dir/rosidl_typesupport_microxrcedds_c/lifecycle_msgs/srv/detail/microxrcedds/get_state__type_support_c.c.obj[0m
[ 66%] [32m[1mLinking C static library liblifecycle_msgs__rosidl_typesupport_microxrcedds_c.a[0m
/home/marlar/movelt_success/firmware/zephyr-sdk/arm-zephyr-eabi/bin/arm-zephyr-eabi-ar qc liblifecycle_msgs__rosidl_typesupport_microxrcedds_c.a CMakeFiles/lifecycle_msgs__rosidl_typesupport_microxrcedds_c.dir/rosidl_typesupport_microxrcedds_c/lifecycle_msgs/msg/detail/microxrcedds/state__type_support_c.c.obj CMakeFiles/lifecycle_msgs__rosidl_typesupport_microxrcedds_c.dir/rosidl_typesupport_microxrcedds_c/lifecycle_msgs/msg/detail/microxrcedds/transition__type_support_c.c.obj CMakeFiles/lifecycle_msgs__rosidl_typesupport_microxrcedds_c.dir/rosidl_typesupport_microxrcedds_c/lifecycle_msgs/msg/detail/microxrcedds/transition_description__type_support_c.c.obj CMakeFiles/lifecycle_msgs__rosidl_typesupport_microxrcedds_c.dir/rosidl_typesupport_microxrcedds_c/lifecycle_msgs/msg/detail/microxrcedds/transition_event__type_support_c.c.obj CMakeFiles/lifecycle_msgs__rosidl_typesupport_microxrcedds_c.dir/rosidl_typesupport_microxrcedds_c/lifecycle_msgs/srv/detail/microxrcedds/change_state__type_support_c.c.obj CMakeFiles/lifecycle_msgs__rosidl_typesupport_microxrcedds_c.dir/rosidl_typesupport_microxrcedds_c/lifecycle_msgs/srv/detail/microxrcedds/get_available_states__type_support_c.c.obj CMakeFiles/lifecycle_msgs__rosidl_typesupport_microxrcedds_c.dir/rosidl_typesupport_microxrcedds_c/lifecycle_msgs/srv/detail/microxrcedds/get_available_transitions__type_support_c.c.obj CMakeFiles/lifecycle_msgs__rosidl_typesupport_microxrcedds_c.dir/rosidl_typesupport_microxrcedds_c/lifecycle_msgs/srv/detail/microxrcedds/get_state__type_support_c.c.obj
/home/marlar/movelt_success/firmware/zephyr-sdk/arm-zephyr-eabi/bin/arm-zephyr-eabi-ranlib liblifecycle_msgs__rosidl_typesupport_microxrcedds_c.a
[ 66%] Built target lifecycle_msgs__rosidl_typesupport_microxrcedds_c
[ 70%] [34m[1mGenerating C type support dispatch for ROS interfaces[0m
[ 76%] [32mBuilding CXX object CMakeFiles/lifecycle_msgs__rosidl_typesupport_c.dir/rosidl_typesupport_c/lifecycle_msgs/msg/transition__type_support.cpp.obj[0m
[ 76%] [32mBuilding CXX object CMakeFiles/lifecycle_msgs__rosidl_typesupport_c.dir/rosidl_typesupport_c/lifecycle_msgs/msg/state__type_support.cpp.obj[0m
[ 80%] [32mBuilding CXX object CMakeFiles/lifecycle_msgs__rosidl_typesupport_c.dir/rosidl_typesupport_c/lifecycle_msgs/msg/transition_description__type_support.cpp.obj[0m
[ 83%] [32mBuilding CXX object CMakeFiles/lifecycle_msgs__rosidl_typesupport_c.dir/rosidl_typesupport_c/lifecycle_msgs/msg/transition_event__type_support.cpp.obj[0m
[ 86%] [32mBuilding CXX object CMakeFiles/lifecycle_msgs__rosidl_typesupport_c.dir/rosidl_typesupport_c/lifecycle_msgs/srv/change_state__type_support.cpp.obj[0m
[ 90%] [32mBuilding CXX object CMakeFiles/lifecycle_msgs__rosidl_typesupport_c.dir/rosidl_typesupport_c/lifecycle_msgs/srv/get_available_states__type_support.cpp.obj[0m
[ 93%] [32mBuilding CXX object CMakeFiles/lifecycle_msgs__rosidl_typesupport_c.dir/rosidl_typesupport_c/lifecycle_msgs/srv/get_available_transitions__type_support.cpp.obj[0m
[ 96%] [32mBuilding CXX object CMakeFiles/lifecycle_msgs__rosidl_typesupport_c.dir/rosidl_typesupport_c/lifecycle_msgs/srv/get_state__type_support.cpp.obj[0m
[100%] [32m[1mLinking CXX static library liblifecycle_msgs__rosidl_typesupport_c.a[0m
/home/marlar/movelt_success/firmware/zephyr-sdk/arm-zephyr-eabi/bin/arm-zephyr-eabi-ar qc liblifecycle_msgs__rosidl_typesupport_c.a CMakeFiles/lifecycle_msgs__rosidl_typesupport_c.dir/rosidl_typesupport_c/lifecycle_msgs/msg/state__type_support.cpp.obj CMakeFiles/lifecycle_msgs__rosidl_typesupport_c.dir/rosidl_typesupport_c/lifecycle_msgs/msg/transition__type_support.cpp.obj CMakeFiles/lifecycle_msgs__rosidl_typesupport_c.dir/rosidl_typesupport_c/lifecycle_msgs/msg/transition_description__type_support.cpp.obj CMakeFiles/lifecycle_msgs__rosidl_typesupport_c.dir/rosidl_typesupport_c/lifecycle_msgs/msg/transition_event__type_support.cpp.obj CMakeFiles/lifecycle_msgs__rosidl_typesupport_c.dir/rosidl_typesupport_c/lifecycle_msgs/srv/change_state__type_support.cpp.obj CMakeFiles/lifecycle_msgs__rosidl_typesupport_c.dir/rosidl_typesupport_c/lifecycle_msgs/srv/get_available_states__type_support.cpp.obj CMakeFiles/lifecycle_msgs__rosidl_typesupport_c.dir/rosidl_typesupport_c/lifecycle_msgs/srv/get_available_transitions__type_support.cpp.obj CMakeFiles/lifecycle_msgs__rosidl_typesupport_c.dir/rosidl_typesupport_c/lifecycle_msgs/srv/get_state__type_support.cpp.obj
/home/marlar/movelt_success/firmware/zephyr-sdk/arm-zephyr-eabi/bin/arm-zephyr-eabi-ranlib liblifecycle_msgs__rosidl_typesupport_c.a
[100%] Built target lifecycle_msgs__rosidl_typesupport_c
[100%] Built target lifecycle_msgs
-- Install configuration: "Debug"
-- Installing: /home/marlar/movelt_success/firmware/mcu_ws/install/share/ament_index/resource_index/rosidl_interfaces/lifecycle_msgs
-- Installing: /home/marlar/movelt_success/firmware/mcu_ws/install/include/lifecycle_msgs
-- Installing: /home/marlar/movelt_success/firmware/mcu_ws/install/include/lifecycle_msgs/msg
-- Installing: /home/marlar/movelt_success/firmware/mcu_ws/install/include/lifecycle_msgs/msg/transition.h
-- Installing: /home/marlar/movelt_success/firmware/mcu_ws/install/include/lifecycle_msgs/msg/detail
-- Installing: /home/marlar/movelt_success/firmware/mcu_ws/install/include/lifecycle_msgs/msg/detail/transition__struct.h
-- Installing: /home/marlar/movelt_success/firmware/mcu_ws/install/include/lifecycle_msgs/msg/detail/state__struct.h
-- Installing: /home/marlar/movelt_success/firmware/mcu_ws/install/include/lifecycle_msgs/msg/detail/transition__functions.c
-- Installing: /home/marlar/movelt_success/firmware/mcu_ws/install/include/lifecycle_msgs/msg/detail/transition_description__struct.h
-- Installing: /home/marlar/movelt_success/firmware/mcu_ws/install/include/lifecycle_msgs/msg/detail/transition_event__functions.h
-- Installing: /home/marlar/movelt_success/firmware/mcu_ws/install/include/lifecycle_msgs/msg/detail/transition_event__struct.h
-- Installing: /home/marlar/movelt_success/firmware/mcu_ws/install/include/lifecycle_msgs/msg/detail/state__functions.h
-- Installing: /home/marlar/movelt_success/firmware/mcu_ws/install/include/lifecycle_msgs/msg/detail/transition_description__type_support.h
-- Installing: /home/marlar/movelt_success/firmware/mcu_ws/install/include/lifecycle_msgs/msg/detail/transition__type_support.h
-- Installing: /home/marlar/movelt_success/firmware/mcu_ws/install/include/lifecycle_msgs/msg/detail/transition__functions.h
-- Installing: /home/marlar/movelt_success/firmware/mcu_ws/install/include/lifecycle_msgs/msg/detail/transition_description__functions.c
-- Installing: /home/marlar/movelt_success/firmware/mcu_ws/install/include/lifecycle_msgs/msg/detail/transition_event__functions.c
-- Installing: /home/marlar/movelt_success/firmware/mcu_ws/install/include/lifecycle_msgs/msg/detail/state__functions.c
-- Installing: /home/marlar/movelt_success/firmware/mcu_ws/install/include/lifecycle_msgs/msg/detail/transition_event__type_support.h
-- Installing: /home/marlar/movelt_success/firmware/mcu_ws/install/include/lifecycle_msgs/msg/detail/state__type_support.h
-- Installing: /home/marlar/movelt_success/firmware/mcu_ws/install/include/lifecycle_msgs/msg/detail/transition_description__functions.h
-- Installing: /home/marlar/movelt_success/firmware/mcu_ws/install/include/lifecycle_msgs/msg/state.h
-- Installing: /home/marlar/movelt_success/firmware/mcu_ws/install/include/lifecycle_msgs/msg/transition_event.h
-- Installing: /home/marlar/movelt_success/firmware/mcu_ws/install/include/lifecycle_msgs/msg/transition_description.h
-- Installing: /home/marlar/movelt_success/firmware/mcu_ws/install/include/lifecycle_msgs/msg/rosidl_generator_c__visibility_control.h
-- Installing: /home/marlar/movelt_success/firmware/mcu_ws/install/include/lifecycle_msgs/srv
-- Installing: /home/marlar/movelt_success/firmware/mcu_ws/install/include/lifecycle_msgs/srv/get_available_states.h
-- Installing: /home/marlar/movelt_success/firmware/mcu_ws/install/include/lifecycle_msgs/srv/detail
-- Installing: /home/marlar/movelt_success/firmware/mcu_ws/install/include/lifecycle_msgs/srv/detail/get_available_states__functions.h
-- Installing: /home/marlar/movelt_success/firmware/mcu_ws/install/include/lifecycle_msgs/srv/detail/get_state__functions.h
-- Installing: /home/marlar/movelt_success/firmware/mcu_ws/install/include/lifecycle_msgs/srv/detail/change_state__struct.h
-- Installing: /home/marlar/movelt_success/firmware/mcu_ws/install/include/lifecycle_msgs/srv/detail/get_available_transitions__type_support.h
-- Installing: /home/marlar/movelt_success/firmware/mcu_ws/install/include/lifecycle_msgs/srv/detail/get_state__type_support.h
-- Installing: /home/marlar/movelt_success/firmware/mcu_ws/install/include/lifecycle_msgs/srv/detail/get_available_states__struct.h
-- Installing: /home/marlar/movelt_success/firmware/mcu_ws/install/include/lifecycle_msgs/srv/detail/get_available_states__functions.c
-- Installing: /home/marlar/movelt_success/firmware/mcu_ws/install/include/lifecycle_msgs/srv/detail/get_available_transitions__functions.h
-- Installing: /home/marlar/movelt_success/firmware/mcu_ws/install/include/lifecycle_msgs/srv/detail/get_state__functions.c
-- Installing: /home/marlar/movelt_success/firmware/mcu_ws/install/include/lifecycle_msgs/srv/detail/change_state__functions.h
-- Installing: /home/marlar/movelt_success/firmware/mcu_ws/install/include/lifecycle_msgs/srv/detail/change_state__functions.c
-- Installing: /home/marlar/movelt_success/firmware/mcu_ws/install/include/lifecycle_msgs/srv/detail/get_available_transitions__functions.c
-- Installing: /home/marlar/movelt_success/firmware/mcu_ws/install/include/lifecycle_msgs/srv/detail/get_state__struct.h
-- Installing: /home/marlar/movelt_success/firmware/mcu_ws/install/include/lifecycle_msgs/srv/detail/change_state__type_support.h
-- Installing: /home/marlar/movelt_success/firmware/mcu_ws/install/include/lifecycle_msgs/srv/detail/get_available_states__type_support.h
-- Installing: /home/marlar/movelt_success/firmware/mcu_ws/install/include/lifecycle_msgs/srv/detail/get_available_transitions__struct.h
-- Installing: /home/marlar/movelt_success/firmware/mcu_ws/install/include/lifecycle_msgs/srv/change_state.h
-- Installing: /home/marlar/movelt_success/firmware/mcu_ws/install/include/lifecycle_msgs/srv/get_available_transitions.h
-- Installing: /home/marlar/movelt_success/firmware/mcu_ws/install/include/lifecycle_msgs/srv/get_state.h
-- Installing: /home/marlar/movelt_success/firmware/mcu_ws/install/share/lifecycle_msgs/environment/library_path.sh
-- Installing: /home/marlar/movelt_success/firmware/mcu_ws/install/share/lifecycle_msgs/environment/library_path.dsv
-- Installing: /home/marlar/movelt_success/firmware/mcu_ws/install/lib/liblifecycle_msgs__rosidl_generator_c.a
-- Up-to-date: /home/marlar/movelt_success/firmware/mcu_ws/install/include/lifecycle_msgs
-- Up-to-date: /home/marlar/movelt_success/firmware/mcu_ws/install/include/lifecycle_msgs/msg
-- Installing: /home/marlar/movelt_success/firmware/mcu_ws/install/include/lifecycle_msgs/msg/rosidl_typesupport_microxrcedds_c__visibility_control.h
-- Up-to-date: /home/marlar/movelt_success/firmware/mcu_ws/install/include/lifecycle_msgs/msg/detail
-- Installing: /home/marlar/movelt_success/firmware/mcu_ws/install/include/lifecycle_msgs/msg/detail/microxrcedds
-- Installing: /home/marlar/movelt_success/firmware/mcu_ws/install/include/lifecycle_msgs/msg/detail/state__rosidl_typesupport_microxrcedds_c.h
-- Installing: /home/marlar/movelt_success/firmware/mcu_ws/install/include/lifecycle_msgs/msg/detail/transition_event__rosidl_typesupport_microxrcedds_c.h
-- Installing: /home/marlar/movelt_success/firmware/mcu_ws/install/include/lifecycle_msgs/msg/detail/transition_description__rosidl_typesupport_microxrcedds_c.h
-- Installing: /home/marlar/movelt_success/firmware/mcu_ws/install/include/lifecycle_msgs/msg/detail/transition__rosidl_typesupport_microxrcedds_c.h
-- Up-to-date: /home/marlar/movelt_success/firmware/mcu_ws/install/include/lifecycle_msgs/srv
-- Up-to-date: /home/marlar/movelt_success/firmware/mcu_ws/install/include/lifecycle_msgs/srv/detail
-- Installing: /home/marlar/movelt_success/firmware/mcu_ws/install/include/lifecycle_msgs/srv/detail/change_state__rosidl_typesupport_microxrcedds_c.h
-- Installing: /home/marlar/movelt_success/firmware/mcu_ws/install/include/lifecycle_msgs/srv/detail/get_available_transitions__rosidl_typesupport_microxrcedds_c.h
-- Installing: /home/marlar/movelt_success/firmware/mcu_ws/install/include/lifecycle_msgs/srv/detail/get_available_states__rosidl_typesupport_microxrcedds_c.h
-- Installing: /home/marlar/movelt_success/firmware/mcu_ws/install/include/lifecycle_msgs/srv/detail/get_state__rosidl_typesupport_microxrcedds_c.h
-- Installing: /home/marlar/movelt_success/firmware/mcu_ws/install/include/lifecycle_msgs/srv/detail/microxrcedds
-- Installing: /home/marlar/movelt_success/firmware/mcu_ws/install/lib/liblifecycle_msgs__rosidl_typesupport_microxrcedds_c.a
-- Installing: /home/marlar/movelt_success/firmware/mcu_ws/install/lib/liblifecycle_msgs__rosidl_typesupport_c.a
-- Up-to-date: /home/marlar/movelt_success/firmware/mcu_ws/install/lib/liblifecycle_msgs__rosidl_typesupport_microxrcedds_c.a
-- Installing: /home/marlar/movelt_success/firmware/mcu_ws/install/share/lifecycle_msgs/msg/State.idl
-- Installing: /home/marlar/movelt_success/firmware/mcu_ws/install/share/lifecycle_msgs/msg/Transition.idl
-- Installing: /home/marlar/movelt_success/firmware/mcu_ws/install/share/lifecycle_msgs/msg/TransitionDescription.idl
-- Installing: /home/marlar/movelt_success/firmware/mcu_ws/install/share/lifecycle_msgs/msg/TransitionEvent.idl
-- Installing: /home/marlar/movelt_success/firmware/mcu_ws/install/share/lifecycle_msgs/srv/ChangeState.idl
-- Installing: /home/marlar/movelt_success/firmware/mcu_ws/install/share/lifecycle_msgs/srv/GetAvailableStates.idl
-- Installing: /home/marlar/movelt_success/firmware/mcu_ws/install/share/lifecycle_msgs/srv/GetAvailableTransitions.idl
-- Installing: /home/marlar/movelt_success/firmware/mcu_ws/install/share/lifecycle_msgs/srv/GetState.idl
-- Installing: /home/marlar/movelt_success/firmware/mcu_ws/install/share/lifecycle_msgs/msg/State.msg
-- Installing: /home/marlar/movelt_success/firmware/mcu_ws/install/share/lifecycle_msgs/msg/Transition.msg
-- Installing: /home/marlar/movelt_success/firmware/mcu_ws/install/share/lifecycle_msgs/msg/TransitionDescription.msg
-- Installing: /home/marlar/movelt_success/firmware/mcu_ws/install/share/lifecycle_msgs/msg/TransitionEvent.msg
-- Installing: /home/marlar/movelt_success/firmware/mcu_ws/install/share/lifecycle_msgs/srv/ChangeState.srv
-- Installing: /home/marlar/movelt_success/firmware/mcu_ws/install/share/lifecycle_msgs/srv/ChangeState_Request.msg
-- Installing: /home/marlar/movelt_success/firmware/mcu_ws/install/share/lifecycle_msgs/srv/ChangeState_Response.msg
-- Installing: /home/marlar/movelt_success/firmware/mcu_ws/install/share/lifecycle_msgs/srv/GetAvailableStates.srv
-- Installing: /home/marlar/movelt_success/firmware/mcu_ws/install/share/lifecycle_msgs/srv/GetAvailableStates_Request.msg
-- Installing: /home/marlar/movelt_success/firmware/mcu_ws/install/share/lifecycle_msgs/srv/GetAvailableStates_Response.msg
-- Installing: /home/marlar/movelt_success/firmware/mcu_ws/install/share/lifecycle_msgs/srv/GetAvailableTransitions.srv
-- Installing: /home/marlar/movelt_success/firmware/mcu_ws/install/share/lifecycle_msgs/srv/GetAvailableTransitions_Request.msg
-- Installing: /home/marlar/movelt_success/firmware/mcu_ws/install/share/lifecycle_msgs/srv/GetAvailableTransitions_Response.msg
-- Installing: /home/marlar/movelt_success/firmware/mcu_ws/install/share/lifecycle_msgs/srv/GetState.srv
-- Installing: /home/marlar/movelt_success/firmware/mcu_ws/install/share/lifecycle_msgs/srv/GetState_Request.msg
-- Installing: /home/marlar/movelt_success/firmware/mcu_ws/install/share/lifecycle_msgs/srv/GetState_Response.msg
-- Installing: /home/marlar/movelt_success/firmware/mcu_ws/install/share/ament_index/resource_index/package_run_dependencies/lifecycle_msgs
-- Installing: /home/marlar/movelt_success/firmware/mcu_ws/install/share/ament_index/resource_index/parent_prefix_path/lifecycle_msgs
-- Installing: /home/marlar/movelt_success/firmware/mcu_ws/install/share/lifecycle_msgs/environment/ament_prefix_path.sh
-- Installing: /home/marlar/movelt_success/firmware/mcu_ws/install/share/lifecycle_msgs/environment/ament_prefix_path.dsv
-- Installing: /home/marlar/movelt_success/firmware/mcu_ws/install/share/lifecycle_msgs/environment/path.sh
-- Installing: /home/marlar/movelt_success/firmware/mcu_ws/install/share/lifecycle_msgs/environment/path.dsv
-- Installing: /home/marlar/movelt_success/firmware/mcu_ws/install/share/lifecycle_msgs/local_setup.bash
-- Installing: /home/marlar/movelt_success/firmware/mcu_ws/install/share/lifecycle_msgs/local_setup.sh
-- Installing: /home/marlar/movelt_success/firmware/mcu_ws/install/share/lifecycle_msgs/local_setup.zsh
-- Installing: /home/marlar/movelt_success/firmware/mcu_ws/install/share/lifecycle_msgs/local_setup.dsv
-- Installing: /home/marlar/movelt_success/firmware/mcu_ws/install/share/lifecycle_msgs/package.dsv
-- Installing: /home/marlar/movelt_success/firmware/mcu_ws/install/share/ament_index/resource_index/packages/lifecycle_msgs
-- Installing: /home/marlar/movelt_success/firmware/mcu_ws/install/share/lifecycle_msgs/cmake/lifecycle_msgs__rosidl_generator_cExport.cmake
-- Installing: /home/marlar/movelt_success/firmware/mcu_ws/install/share/lifecycle_msgs/cmake/lifecycle_msgs__rosidl_generator_cExport-debug.cmake
-- Installing: /home/marlar/movelt_success/firmware/mcu_ws/install/share/lifecycle_msgs/cmake/lifecycle_msgs__rosidl_typesupport_cExport.cmake
-- Installing: /home/marlar/movelt_success/firmware/mcu_ws/install/share/lifecycle_msgs/cmake/lifecycle_msgs__rosidl_typesupport_cExport-debug.cmake
-- Installing: /home/marlar/movelt_success/firmware/mcu_ws/install/share/lifecycle_msgs/cmake/rosidl_cmake-extras.cmake
-- Installing: /home/marlar/movelt_success/firmware/mcu_ws/install/share/lifecycle_msgs/cmake/ament_cmake_export_dependencies-extras.cmake
-- Installing: /home/marlar/movelt_success/firmware/mcu_ws/install/share/lifecycle_msgs/cmake/ament_cmake_export_libraries-extras.cmake
-- Installing: /home/marlar/movelt_success/firmware/mcu_ws/install/share/lifecycle_msgs/cmake/ament_cmake_export_targets-extras.cmake
-- Installing: /home/marlar/movelt_success/firmware/mcu_ws/install/share/lifecycle_msgs/cmake/ament_cmake_export_include_directories-extras.cmake
-- Installing: /home/marlar/movelt_success/firmware/mcu_ws/install/share/lifecycle_msgs/cmake/rosidl_cmake_export_typesupport_libraries-extras.cmake
-- Installing: /home/marlar/movelt_success/firmware/mcu_ws/install/share/lifecycle_msgs/cmake/lifecycle_msgsConfig.cmake
-- Installing: /home/marlar/movelt_success/firmware/mcu_ws/install/share/lifecycle_msgs/cmake/lifecycle_msgsConfig-version.cmake
-- Installing: /home/marlar/movelt_success/firmware/mcu_ws/install/share/lifecycle_msgs/package.xml
